## 2024-07-26 11:20:23,150 [1] INFO  (null) Default Quartz.NET properties loaded from embedded resource file 
## 2024-07-26 11:20:23,268 [1] INFO  (null) Initialized Scheduler Signaller of type: Quartz.Core.SchedulerSignalerImpl 
## 2024-07-26 11:20:23,269 [1] INFO  (null) Quartz Scheduler created 
## 2024-07-26 11:20:23,274 [1] INFO  (null) RAMJobStore initialized. 
## 2024-07-26 11:20:23,285 [1] INFO  (null) Quartz Scheduler 3.11.0.0 - 'DefaultQuartzScheduler' with instanceId 'NON_CLUSTERED' initialized 
## 2024-07-26 11:20:23,286 [1] INFO  (null) Using thread pool 'Quartz.Simpl.DefaultThreadPool', size: 10 
## 2024-07-26 11:20:23,289 [1] INFO  (null) Using job store 'Quartz.Simpl.RAMJobStore', supports persistence: False, clustered: False 
## 2024-07-26 11:20:23,292 [1] INFO  (null) JobFactory set to: QuartzJobLibrary.SingletonJobFactory 
## 2024-07-26 11:20:23,370 [1] INFO  (null) Scheduler DefaultQuartzScheduler_$_NON_CLUSTERED started. 
## 2024-07-26 11:20:23,789 [1] INFO  (null) Now listening on: http://192.168.123.27:5283 
## 2024-07-26 11:20:23,806 [1] INFO  (null) Application started. Press Ctrl+C to shut down. 
## 2024-07-26 11:20:23,811 [1] INFO  (null) Hosting environment: Development 
## 2024-07-26 11:20:23,815 [1] INFO  (null) Content root path: D:\C#_Project\AestheticsLink\WebAPI\ 
## 2024-07-26 11:22:39,963 [23] INFO  (null) CORS policy execution successful. 
## 2024-07-26 11:22:40,181 [23] INFO  (null) Received QueryCustomers request! 
## 2024-07-26 11:48:13,707 [1] INFO  (null) Default Quartz.NET properties loaded from embedded resource file 
## 2024-07-26 11:48:13,831 [1] INFO  (null) Initialized Scheduler Signaller of type: Quartz.Core.SchedulerSignalerImpl 
## 2024-07-26 11:48:13,843 [1] INFO  (null) Quartz Scheduler created 
## 2024-07-26 11:48:13,847 [1] INFO  (null) RAMJobStore initialized. 
## 2024-07-26 11:48:13,863 [1] INFO  (null) Quartz Scheduler 3.11.0.0 - 'DefaultQuartzScheduler' with instanceId 'NON_CLUSTERED' initialized 
## 2024-07-26 11:48:13,865 [1] INFO  (null) Using thread pool 'Quartz.Simpl.DefaultThreadPool', size: 10 
## 2024-07-26 11:48:13,867 [1] INFO  (null) Using job store 'Quartz.Simpl.RAMJobStore', supports persistence: False, clustered: False 
## 2024-07-26 11:48:13,870 [1] INFO  (null) JobFactory set to: QuartzJobLibrary.SingletonJobFactory 
## 2024-07-26 11:48:13,948 [1] INFO  (null) Scheduler DefaultQuartzScheduler_$_NON_CLUSTERED started. 
## 2024-07-26 11:48:14,371 [1] INFO  (null) Now listening on: http://192.168.123.27:5283 
## 2024-07-26 11:48:14,385 [1] INFO  (null) Application started. Press Ctrl+C to shut down. 
## 2024-07-26 11:48:14,390 [1] INFO  (null) Hosting environment: Development 
## 2024-07-26 11:48:14,395 [1] INFO  (null) Content root path: D:\C#_Project\AestheticsLink\WebAPI\ 
## 2024-07-26 11:50:02,015 [24] INFO  (null) CORS policy execution successful. 
## 2024-07-26 11:50:02,208 [24] INFO  (null) Received DeleteCustomers request! 
## 2024-07-26 11:52:00,422 [1] INFO  (null) Default Quartz.NET properties loaded from embedded resource file 
## 2024-07-26 11:52:00,581 [1] INFO  (null) Initialized Scheduler Signaller of type: Quartz.Core.SchedulerSignalerImpl 
## 2024-07-26 11:52:00,582 [1] INFO  (null) Quartz Scheduler created 
## 2024-07-26 11:52:00,592 [1] INFO  (null) RAMJobStore initialized. 
## 2024-07-26 11:52:00,594 [1] INFO  (null) Quartz Scheduler 3.11.0.0 - 'DefaultQuartzScheduler' with instanceId 'NON_CLUSTERED' initialized 
## 2024-07-26 11:52:00,596 [1] INFO  (null) Using thread pool 'Quartz.Simpl.DefaultThreadPool', size: 10 
## 2024-07-26 11:52:00,598 [1] INFO  (null) Using job store 'Quartz.Simpl.RAMJobStore', supports persistence: False, clustered: False 
## 2024-07-26 11:52:00,601 [1] INFO  (null) JobFactory set to: QuartzJobLibrary.SingletonJobFactory 
## 2024-07-26 11:52:00,678 [1] INFO  (null) Scheduler DefaultQuartzScheduler_$_NON_CLUSTERED started. 
## 2024-07-26 11:52:01,069 [1] INFO  (null) Now listening on: http://192.168.123.27:5283 
## 2024-07-26 11:52:01,085 [1] INFO  (null) Application started. Press Ctrl+C to shut down. 
## 2024-07-26 11:52:01,091 [1] INFO  (null) Hosting environment: Development 
## 2024-07-26 11:52:01,098 [1] INFO  (null) Content root path: D:\C#_Project\AestheticsLink\WebAPI\ 
## 2024-07-26 12:02:07,550 [1] INFO  (null) Default Quartz.NET properties loaded from embedded resource file 
## 2024-07-26 12:02:07,674 [1] INFO  (null) Initialized Scheduler Signaller of type: Quartz.Core.SchedulerSignalerImpl 
## 2024-07-26 12:02:07,676 [1] INFO  (null) Quartz Scheduler created 
## 2024-07-26 12:02:07,678 [1] INFO  (null) RAMJobStore initialized. 
## 2024-07-26 12:02:07,679 [1] INFO  (null) Quartz Scheduler 3.11.0.0 - 'DefaultQuartzScheduler' with instanceId 'NON_CLUSTERED' initialized 
## 2024-07-26 12:02:07,689 [1] INFO  (null) Using thread pool 'Quartz.Simpl.DefaultThreadPool', size: 10 
## 2024-07-26 12:02:07,691 [1] INFO  (null) Using job store 'Quartz.Simpl.RAMJobStore', supports persistence: False, clustered: False 
## 2024-07-26 12:02:07,693 [1] INFO  (null) JobFactory set to: QuartzJobLibrary.SingletonJobFactory 
## 2024-07-26 12:02:07,767 [1] INFO  (null) Scheduler DefaultQuartzScheduler_$_NON_CLUSTERED started. 
## 2024-07-26 12:02:08,123 [1] INFO  (null) Now listening on: http://192.168.123.27:5283 
## 2024-07-26 12:02:08,136 [1] INFO  (null) Application started. Press Ctrl+C to shut down. 
## 2024-07-26 12:02:08,145 [1] INFO  (null) Hosting environment: Development 
## 2024-07-26 12:02:08,150 [1] INFO  (null) Content root path: D:\C#_Project\AestheticsLink\WebAPI\ 
## 2024-07-26 12:02:27,168 [5] INFO  (null) CORS policy execution successful. 
## 2024-07-26 12:02:27,391 [5] INFO  (null) Received DeleteCustomers request! 
## 2024-07-26 12:30:36,381 [1] INFO  (null) Default Quartz.NET properties loaded from embedded resource file 
## 2024-07-26 12:30:36,494 [1] INFO  (null) Initialized Scheduler Signaller of type: Quartz.Core.SchedulerSignalerImpl 
## 2024-07-26 12:30:36,495 [1] INFO  (null) Quartz Scheduler created 
## 2024-07-26 12:30:36,503 [1] INFO  (null) RAMJobStore initialized. 
## 2024-07-26 12:30:36,504 [1] INFO  (null) Quartz Scheduler 3.11.0.0 - 'DefaultQuartzScheduler' with instanceId 'NON_CLUSTERED' initialized 
## 2024-07-26 12:30:36,505 [1] INFO  (null) Using thread pool 'Quartz.Simpl.DefaultThreadPool', size: 10 
## 2024-07-26 12:30:36,507 [1] INFO  (null) Using job store 'Quartz.Simpl.RAMJobStore', supports persistence: False, clustered: False 
## 2024-07-26 12:30:36,509 [1] INFO  (null) JobFactory set to: QuartzJobLibrary.SingletonJobFactory 
## 2024-07-26 12:30:36,583 [1] INFO  (null) Scheduler DefaultQuartzScheduler_$_NON_CLUSTERED started. 
## 2024-07-26 12:30:36,904 [1] INFO  (null) Now listening on: http://192.168.123.27:5283 
## 2024-07-26 12:30:36,916 [1] INFO  (null) Application started. Press Ctrl+C to shut down. 
## 2024-07-26 12:30:36,920 [1] INFO  (null) Hosting environment: Development 
## 2024-07-26 12:30:36,922 [1] INFO  (null) Content root path: D:\C#_Project\AestheticsLink\WebAPI\ 
## 2024-07-26 12:41:01,492 [1] INFO  (null) Default Quartz.NET properties loaded from embedded resource file 
## 2024-07-26 12:41:01,906 [1] INFO  (null) Initialized Scheduler Signaller of type: Quartz.Core.SchedulerSignalerImpl 
## 2024-07-26 12:41:01,915 [1] INFO  (null) Quartz Scheduler created 
## 2024-07-26 12:41:01,918 [1] INFO  (null) RAMJobStore initialized. 
## 2024-07-26 12:41:01,920 [1] INFO  (null) Quartz Scheduler 3.11.0.0 - 'DefaultQuartzScheduler' with instanceId 'NON_CLUSTERED' initialized 
## 2024-07-26 12:41:01,922 [1] INFO  (null) Using thread pool 'Quartz.Simpl.DefaultThreadPool', size: 10 
## 2024-07-26 12:41:01,925 [1] INFO  (null) Using job store 'Quartz.Simpl.RAMJobStore', supports persistence: False, clustered: False 
## 2024-07-26 12:41:01,928 [1] INFO  (null) JobFactory set to: QuartzJobLibrary.SingletonJobFactory 
## 2024-07-26 12:41:02,024 [1] INFO  (null) Scheduler DefaultQuartzScheduler_$_NON_CLUSTERED started. 
## 2024-07-26 12:41:02,352 [1] INFO  (null) Now listening on: http://192.168.123.27:5283 
## 2024-07-26 12:41:02,365 [1] INFO  (null) Application started. Press Ctrl+C to shut down. 
## 2024-07-26 12:41:02,370 [1] INFO  (null) Hosting environment: Development 
## 2024-07-26 12:41:02,377 [1] INFO  (null) Content root path: D:\C#_Project\AestheticsLink\WebAPI\ 
## 2024-07-26 12:43:24,239 [34] INFO  (null) CORS policy execution successful. 
## 2024-07-26 12:43:24,454 [34] INFO  (null) Received QueryCustomers request! 
## 2024-07-26 13:10:45,208 [1] INFO  (null) Default Quartz.NET properties loaded from embedded resource file 
## 2024-07-26 13:10:45,280 [1] INFO  (null) Initialized Scheduler Signaller of type: Quartz.Core.SchedulerSignalerImpl 
## 2024-07-26 13:10:45,287 [1] INFO  (null) Quartz Scheduler created 
## 2024-07-26 13:10:45,288 [1] INFO  (null) RAMJobStore initialized. 
## 2024-07-26 13:10:45,290 [1] INFO  (null) Quartz Scheduler 3.11.0.0 - 'DefaultQuartzScheduler' with instanceId 'NON_CLUSTERED' initialized 
## 2024-07-26 13:10:45,291 [1] INFO  (null) Using thread pool 'Quartz.Simpl.DefaultThreadPool', size: 10 
## 2024-07-26 13:10:45,292 [1] INFO  (null) Using job store 'Quartz.Simpl.RAMJobStore', supports persistence: False, clustered: False 
## 2024-07-26 13:10:45,293 [1] INFO  (null) JobFactory set to: QuartzJobLibrary.SingletonJobFactory 
## 2024-07-26 13:10:45,339 [1] INFO  (null) Scheduler DefaultQuartzScheduler_$_NON_CLUSTERED started. 
## 2024-07-26 13:10:45,552 [1] INFO  (null) Now listening on: http://192.168.123.27:5283 
## 2024-07-26 13:10:45,561 [1] INFO  (null) Application started. Press Ctrl+C to shut down. 
## 2024-07-26 13:10:45,564 [1] INFO  (null) Hosting environment: Development 
## 2024-07-26 13:10:45,566 [1] INFO  (null) Content root path: D:\C#_Project\AestheticsLink\WebAPI\ 
## 2024-07-26 13:11:10,866 [22] INFO  (null) CORS policy execution successful. 
## 2024-07-26 13:11:10,946 [22] INFO  (null) Received QueryCustomers request! 
## 2024-07-26 13:37:53,443 [1] INFO  (null) Default Quartz.NET properties loaded from embedded resource file 
## 2024-07-26 13:37:53,539 [1] INFO  (null) Initialized Scheduler Signaller of type: Quartz.Core.SchedulerSignalerImpl 
## 2024-07-26 13:37:53,540 [1] INFO  (null) Quartz Scheduler created 
## 2024-07-26 13:37:53,549 [1] INFO  (null) RAMJobStore initialized. 
## 2024-07-26 13:37:53,550 [1] INFO  (null) Quartz Scheduler 3.11.0.0 - 'DefaultQuartzScheduler' with instanceId 'NON_CLUSTERED' initialized 
## 2024-07-26 13:37:53,551 [1] INFO  (null) Using thread pool 'Quartz.Simpl.DefaultThreadPool', size: 10 
## 2024-07-26 13:37:53,552 [1] INFO  (null) Using job store 'Quartz.Simpl.RAMJobStore', supports persistence: False, clustered: False 
## 2024-07-26 13:37:53,554 [1] INFO  (null) JobFactory set to: QuartzJobLibrary.SingletonJobFactory 
## 2024-07-26 13:37:53,603 [1] INFO  (null) Scheduler DefaultQuartzScheduler_$_NON_CLUSTERED started. 
## 2024-07-26 13:37:53,834 [1] INFO  (null) Now listening on: http://192.168.123.27:5283 
## 2024-07-26 13:37:53,844 [1] INFO  (null) Application started. Press Ctrl+C to shut down. 
## 2024-07-26 13:37:53,847 [1] INFO  (null) Hosting environment: Development 
## 2024-07-26 13:37:53,849 [1] INFO  (null) Content root path: D:\C#_Project\AestheticsLink\WebAPI\ 
## 2024-07-26 13:56:23,863 [1] INFO  (null) Default Quartz.NET properties loaded from embedded resource file 
## 2024-07-26 13:56:23,938 [1] INFO  (null) Initialized Scheduler Signaller of type: Quartz.Core.SchedulerSignalerImpl 
## 2024-07-26 13:56:23,939 [1] INFO  (null) Quartz Scheduler created 
## 2024-07-26 13:56:23,945 [1] INFO  (null) RAMJobStore initialized. 
## 2024-07-26 13:56:23,946 [1] INFO  (null) Quartz Scheduler 3.11.0.0 - 'DefaultQuartzScheduler' with instanceId 'NON_CLUSTERED' initialized 
## 2024-07-26 13:56:23,948 [1] INFO  (null) Using thread pool 'Quartz.Simpl.DefaultThreadPool', size: 10 
## 2024-07-26 13:56:23,948 [1] INFO  (null) Using job store 'Quartz.Simpl.RAMJobStore', supports persistence: False, clustered: False 
## 2024-07-26 13:56:23,950 [1] INFO  (null) JobFactory set to: QuartzJobLibrary.SingletonJobFactory 
## 2024-07-26 13:56:23,994 [1] INFO  (null) Scheduler DefaultQuartzScheduler_$_NON_CLUSTERED started. 
## 2024-07-26 13:56:24,165 [1] INFO  (null) Now listening on: http://192.168.123.27:5283 
## 2024-07-26 13:56:24,172 [1] INFO  (null) Application started. Press Ctrl+C to shut down. 
## 2024-07-26 13:56:24,174 [1] INFO  (null) Hosting environment: Development 
## 2024-07-26 13:56:24,176 [1] INFO  (null) Content root path: D:\C#_Project\AestheticsLink\WebAPI\ 
## 2024-07-26 13:56:34,630 [21] INFO  (null) CORS policy execution successful. 
## 2024-07-26 13:56:34,716 [21] INFO  (null) Received DeleteCustomers request! 
