## 2024-09-07 13:10:26,944 [1] INFO  (null) Default Quartz.NET properties loaded from embedded resource file 
## 2024-09-07 13:10:27,093 [1] INFO  (null) Initialized Scheduler Signaller of type: Quartz.Core.SchedulerSignalerImpl 
## 2024-09-07 13:10:27,095 [1] INFO  (null) Quartz Scheduler created 
## 2024-09-07 13:10:27,097 [1] INFO  (null) RAMJobStore initialized. 
## 2024-09-07 13:10:27,109 [1] INFO  (null) Quartz Scheduler 3.13.0.0 - 'DefaultQuartzScheduler' with instanceId 'NON_CLUSTERED' initialized 
## 2024-09-07 13:10:27,111 [1] INFO  (null) Using thread pool 'Quartz.Simpl.DefaultThreadPool', size: 10 
## 2024-09-07 13:10:27,113 [1] INFO  (null) Using job store 'Quartz.Simpl.RAMJobStore', supports persistence: False, clustered: False 
## 2024-09-07 13:10:27,116 [1] INFO  (null) JobFactory set to: QuartzJobLibrary.SingletonJobFactory 
## 2024-09-07 13:10:27,199 [1] INFO  (null) Scheduler DefaultQuartzScheduler_$_NON_CLUSTERED started. 
## 2024-09-07 13:10:29,206 [1] INFO  (null) Now listening on: http://localhost:5283 
## 2024-09-07 13:10:29,228 [1] INFO  (null) Application started. Press Ctrl+C to shut down. 
## 2024-09-07 13:10:29,234 [1] INFO  (null) Hosting environment: Development 
## 2024-09-07 13:10:29,239 [1] INFO  (null) Content root path: D:\C#_Project\update\AestheticsLink\WebAPI\ 
## 2024-09-07 13:24:33,653 [1] INFO  (null) Default Quartz.NET properties loaded from embedded resource file 
## 2024-09-07 13:24:33,784 [1] INFO  (null) Initialized Scheduler Signaller of type: Quartz.Core.SchedulerSignalerImpl 
## 2024-09-07 13:24:33,791 [1] INFO  (null) Quartz Scheduler created 
## 2024-09-07 13:24:33,793 [1] INFO  (null) RAMJobStore initialized. 
## 2024-09-07 13:24:33,795 [1] INFO  (null) Quartz Scheduler 3.13.0.0 - 'DefaultQuartzScheduler' with instanceId 'NON_CLUSTERED' initialized 
## 2024-09-07 13:24:33,797 [1] INFO  (null) Using thread pool 'Quartz.Simpl.DefaultThreadPool', size: 10 
## 2024-09-07 13:24:33,798 [1] INFO  (null) Using job store 'Quartz.Simpl.RAMJobStore', supports persistence: False, clustered: False 
## 2024-09-07 13:24:33,801 [1] INFO  (null) JobFactory set to: QuartzJobLibrary.SingletonJobFactory 
## 2024-09-07 13:24:33,873 [1] INFO  (null) Scheduler DefaultQuartzScheduler_$_NON_CLUSTERED started. 
## 2024-09-07 13:24:35,693 [1] INFO  (null) Now listening on: http://localhost:5283 
## 2024-09-07 13:24:35,711 [1] INFO  (null) Application started. Press Ctrl+C to shut down. 
## 2024-09-07 13:24:35,717 [1] INFO  (null) Hosting environment: Development 
## 2024-09-07 13:24:35,722 [1] INFO  (null) Content root path: D:\C#_Project\update\AestheticsLink\WebAPI\ 
## 2024-09-07 13:24:54,353 [24] INFO  (null) CORS policy execution successful. 
## 2024-09-07 13:33:21,797 [1] INFO  (null) Default Quartz.NET properties loaded from embedded resource file 
## 2024-09-07 13:33:21,945 [1] INFO  (null) Initialized Scheduler Signaller of type: Quartz.Core.SchedulerSignalerImpl 
## 2024-09-07 13:33:21,947 [1] INFO  (null) Quartz Scheduler created 
## 2024-09-07 13:33:21,956 [1] INFO  (null) RAMJobStore initialized. 
## 2024-09-07 13:33:21,958 [1] INFO  (null) Quartz Scheduler 3.13.0.0 - 'DefaultQuartzScheduler' with instanceId 'NON_CLUSTERED' initialized 
## 2024-09-07 13:33:21,959 [1] INFO  (null) Using thread pool 'Quartz.Simpl.DefaultThreadPool', size: 10 
## 2024-09-07 13:33:21,960 [1] INFO  (null) Using job store 'Quartz.Simpl.RAMJobStore', supports persistence: False, clustered: False 
## 2024-09-07 13:33:21,963 [1] INFO  (null) JobFactory set to: QuartzJobLibrary.SingletonJobFactory 
## 2024-09-07 13:33:22,041 [1] INFO  (null) Scheduler DefaultQuartzScheduler_$_NON_CLUSTERED started. 
## 2024-09-07 13:33:23,750 [1] INFO  (null) Now listening on: http://localhost:5283 
## 2024-09-07 13:33:23,764 [1] INFO  (null) Application started. Press Ctrl+C to shut down. 
## 2024-09-07 13:33:23,770 [1] INFO  (null) Hosting environment: Development 
## 2024-09-07 13:33:23,774 [1] INFO  (null) Content root path: D:\C#_Project\update\AestheticsLink\WebAPI\ 
## 2024-09-07 13:33:35,610 [18] INFO  (null) CORS policy execution successful. 
## 2024-09-07 13:35:39,097 [32] INFO  (null) CORS policy execution successful. 
