## 2024-09-01 16:41:41,779 [1] INFO  (null) Default Quartz.NET properties loaded from embedded resource file 
## 2024-09-01 16:41:41,900 [1] INFO  (null) Initialized Scheduler Signaller of type: Quartz.Core.SchedulerSignalerImpl 
## 2024-09-01 16:41:41,902 [1] INFO  (null) Quartz Scheduler created 
## 2024-09-01 16:41:41,905 [1] INFO  (null) RAMJobStore initialized. 
## 2024-09-01 16:41:41,907 [1] INFO  (null) Quartz Scheduler 3.11.0.0 - 'DefaultQuartzScheduler' with instanceId 'NON_CLUSTERED' initialized 
## 2024-09-01 16:41:41,919 [1] INFO  (null) Using thread pool 'Quartz.Simpl.DefaultThreadPool', size: 10 
## 2024-09-01 16:41:41,921 [1] INFO  (null) Using job store 'Quartz.Simpl.RAMJobStore', supports persistence: False, clustered: False 
## 2024-09-01 16:41:41,924 [1] INFO  (null) JobFactory set to: QuartzJobLibrary.SingletonJobFactory 
## 2024-09-01 16:41:42,002 [1] INFO  (null) Scheduler DefaultQuartzScheduler_$_NON_CLUSTERED started. 
## 2024-09-01 16:41:44,089 [1] INFO  (null) Now listening on: http://localhost:5283 
## 2024-09-01 16:41:44,103 [1] INFO  (null) Application started. Press Ctrl+C to shut down. 
## 2024-09-01 16:41:44,108 [1] INFO  (null) Hosting environment: Development 
## 2024-09-01 16:41:44,112 [1] INFO  (null) Content root path: D:\C#_Project\new\AestheticsLink\WebAPI\ 
## 2024-09-01 16:48:18,521 [1] INFO  (null) Default Quartz.NET properties loaded from embedded resource file 
## 2024-09-01 16:48:18,657 [1] INFO  (null) Initialized Scheduler Signaller of type: Quartz.Core.SchedulerSignalerImpl 
## 2024-09-01 16:48:18,666 [1] INFO  (null) Quartz Scheduler created 
## 2024-09-01 16:48:18,668 [1] INFO  (null) RAMJobStore initialized. 
## 2024-09-01 16:48:18,671 [1] INFO  (null) Quartz Scheduler 3.11.0.0 - 'DefaultQuartzScheduler' with instanceId 'NON_CLUSTERED' initialized 
## 2024-09-01 16:48:18,674 [1] INFO  (null) Using thread pool 'Quartz.Simpl.DefaultThreadPool', size: 10 
## 2024-09-01 16:48:18,678 [1] INFO  (null) Using job store 'Quartz.Simpl.RAMJobStore', supports persistence: False, clustered: False 
## 2024-09-01 16:48:18,681 [1] INFO  (null) JobFactory set to: QuartzJobLibrary.SingletonJobFactory 
## 2024-09-01 16:48:18,756 [1] INFO  (null) Scheduler DefaultQuartzScheduler_$_NON_CLUSTERED started. 
## 2024-09-01 16:48:20,856 [1] INFO  (null) Now listening on: http://localhost:5283 
## 2024-09-01 16:48:20,871 [1] INFO  (null) Application started. Press Ctrl+C to shut down. 
## 2024-09-01 16:48:20,876 [1] INFO  (null) Hosting environment: Development 
## 2024-09-01 16:48:20,880 [1] INFO  (null) Content root path: D:\C#_Project\new\AestheticsLink\WebAPI\ 
## 2024-09-01 17:09:57,709 [1] INFO  (null) Default Quartz.NET properties loaded from embedded resource file 
## 2024-09-01 17:09:57,865 [1] INFO  (null) Initialized Scheduler Signaller of type: Quartz.Core.SchedulerSignalerImpl 
## 2024-09-01 17:09:57,867 [1] INFO  (null) Quartz Scheduler created 
## 2024-09-01 17:09:57,869 [1] INFO  (null) RAMJobStore initialized. 
## 2024-09-01 17:09:57,880 [1] INFO  (null) Quartz Scheduler 3.11.0.0 - 'DefaultQuartzScheduler' with instanceId 'NON_CLUSTERED' initialized 
## 2024-09-01 17:09:57,882 [1] INFO  (null) Using thread pool 'Quartz.Simpl.DefaultThreadPool', size: 10 
## 2024-09-01 17:09:57,885 [1] INFO  (null) Using job store 'Quartz.Simpl.RAMJobStore', supports persistence: False, clustered: False 
## 2024-09-01 17:09:57,888 [1] INFO  (null) JobFactory set to: QuartzJobLibrary.SingletonJobFactory 
## 2024-09-01 17:09:57,980 [1] INFO  (null) Scheduler DefaultQuartzScheduler_$_NON_CLUSTERED started. 
## 2024-09-01 17:10:00,424 [1] INFO  (null) Now listening on: http://localhost:5283 
## 2024-09-01 17:10:00,448 [1] INFO  (null) Application started. Press Ctrl+C to shut down. 
## 2024-09-01 17:10:00,456 [1] INFO  (null) Hosting environment: Development 
## 2024-09-01 17:10:00,463 [1] INFO  (null) Content root path: D:\C#_Project\new\AestheticsLink\WebAPI\ 
## 2024-09-01 17:11:06,389 [1] INFO  (null) Default Quartz.NET properties loaded from embedded resource file 
## 2024-09-01 17:11:06,519 [1] INFO  (null) Initialized Scheduler Signaller of type: Quartz.Core.SchedulerSignalerImpl 
## 2024-09-01 17:11:06,529 [1] INFO  (null) Quartz Scheduler created 
## 2024-09-01 17:11:06,532 [1] INFO  (null) RAMJobStore initialized. 
## 2024-09-01 17:11:06,535 [1] INFO  (null) Quartz Scheduler 3.11.0.0 - 'DefaultQuartzScheduler' with instanceId 'NON_CLUSTERED' initialized 
## 2024-09-01 17:11:06,537 [1] INFO  (null) Using thread pool 'Quartz.Simpl.DefaultThreadPool', size: 10 
## 2024-09-01 17:11:06,540 [1] INFO  (null) Using job store 'Quartz.Simpl.RAMJobStore', supports persistence: False, clustered: False 
## 2024-09-01 17:11:06,543 [1] INFO  (null) JobFactory set to: QuartzJobLibrary.SingletonJobFactory 
## 2024-09-01 17:11:06,626 [1] INFO  (null) Scheduler DefaultQuartzScheduler_$_NON_CLUSTERED started. 
## 2024-09-01 17:11:08,374 [1] INFO  (null) Now listening on: http://localhost:5283 
## 2024-09-01 17:11:08,390 [1] INFO  (null) Application started. Press Ctrl+C to shut down. 
## 2024-09-01 17:11:08,396 [1] INFO  (null) Hosting environment: Development 
## 2024-09-01 17:11:08,400 [1] INFO  (null) Content root path: D:\C#_Project\new\AestheticsLink\WebAPI\ 
