## 2024-08-12 00:01:09,802 [1] INFO  (null) Default Quartz.NET properties loaded from embedded resource file 
## 2024-08-12 00:01:09,886 [1] INFO  (null) Initialized Scheduler Signaller of type: Quartz.Core.SchedulerSignalerImpl 
## 2024-08-12 00:01:09,888 [1] INFO  (null) Quartz Scheduler created 
## 2024-08-12 00:01:09,892 [1] INFO  (null) RAMJobStore initialized. 
## 2024-08-12 00:01:09,893 [1] INFO  (null) Quartz Scheduler 3.11.0.0 - 'DefaultQuartzScheduler' with instanceId 'NON_CLUSTERED' initialized 
## 2024-08-12 00:01:09,894 [1] INFO  (null) Using thread pool 'Quartz.Simpl.DefaultThreadPool', size: 10 
## 2024-08-12 00:01:09,896 [1] INFO  (null) Using job store 'Quartz.Simpl.RAMJobStore', supports persistence: False, clustered: False 
## 2024-08-12 00:01:09,898 [1] INFO  (null) JobFactory set to: QuartzJobLibrary.SingletonJobFactory 
## 2024-08-12 00:01:09,946 [1] INFO  (null) Scheduler DefaultQuartzScheduler_$_NON_CLUSTERED started. 
## 2024-08-12 00:01:10,133 [1] INFO  (null) Now listening on: http://localhost:5283 
## 2024-08-12 00:01:10,142 [1] INFO  (null) Application started. Press Ctrl+C to shut down. 
## 2024-08-12 00:01:10,146 [1] INFO  (null) Hosting environment: Development 
## 2024-08-12 00:01:10,148 [1] INFO  (null) Content root path: D:\C#_Project\AestheticsLink\WebAPI\ 
## 2024-08-12 00:01:47,685 [32] INFO  (null) CORS policy execution successful. 
## 2024-08-12 00:01:47,773 [32] INFO  (null) Received O_RSchedule request! 
## 2024-08-12 00:02:17,334 [1] INFO  (null) Default Quartz.NET properties loaded from embedded resource file 
## 2024-08-12 00:02:17,434 [1] INFO  (null) Initialized Scheduler Signaller of type: Quartz.Core.SchedulerSignalerImpl 
## 2024-08-12 00:02:17,435 [1] INFO  (null) Quartz Scheduler created 
## 2024-08-12 00:02:17,450 [1] INFO  (null) RAMJobStore initialized. 
## 2024-08-12 00:02:17,452 [1] INFO  (null) Quartz Scheduler 3.11.0.0 - 'DefaultQuartzScheduler' with instanceId 'NON_CLUSTERED' initialized 
## 2024-08-12 00:02:17,453 [1] INFO  (null) Using thread pool 'Quartz.Simpl.DefaultThreadPool', size: 10 
## 2024-08-12 00:02:17,454 [1] INFO  (null) Using job store 'Quartz.Simpl.RAMJobStore', supports persistence: False, clustered: False 
## 2024-08-12 00:02:17,455 [1] INFO  (null) JobFactory set to: QuartzJobLibrary.SingletonJobFactory 
## 2024-08-12 00:02:17,499 [1] INFO  (null) Scheduler DefaultQuartzScheduler_$_NON_CLUSTERED started. 
## 2024-08-12 00:02:17,684 [1] INFO  (null) Now listening on: http://localhost:5283 
## 2024-08-12 00:02:17,691 [1] INFO  (null) Application started. Press Ctrl+C to shut down. 
## 2024-08-12 00:02:17,694 [1] INFO  (null) Hosting environment: Development 
## 2024-08-12 00:02:17,696 [1] INFO  (null) Content root path: D:\C#_Project\AestheticsLink\WebAPI\ 
## 2024-08-12 00:02:45,656 [24] INFO  (null) CORS policy execution successful. 
## 2024-08-12 00:02:45,722 [24] INFO  (null) Received O_RSchedule request! 
## 2024-08-12 00:05:17,056 [1] INFO  (null) Default Quartz.NET properties loaded from embedded resource file 
## 2024-08-12 00:05:17,124 [1] INFO  (null) Initialized Scheduler Signaller of type: Quartz.Core.SchedulerSignalerImpl 
## 2024-08-12 00:05:17,125 [1] INFO  (null) Quartz Scheduler created 
## 2024-08-12 00:05:17,132 [1] INFO  (null) RAMJobStore initialized. 
## 2024-08-12 00:05:17,133 [1] INFO  (null) Quartz Scheduler 3.11.0.0 - 'DefaultQuartzScheduler' with instanceId 'NON_CLUSTERED' initialized 
## 2024-08-12 00:05:17,134 [1] INFO  (null) Using thread pool 'Quartz.Simpl.DefaultThreadPool', size: 10 
## 2024-08-12 00:05:17,135 [1] INFO  (null) Using job store 'Quartz.Simpl.RAMJobStore', supports persistence: False, clustered: False 
## 2024-08-12 00:05:17,136 [1] INFO  (null) JobFactory set to: QuartzJobLibrary.SingletonJobFactory 
## 2024-08-12 00:05:17,177 [1] INFO  (null) Scheduler DefaultQuartzScheduler_$_NON_CLUSTERED started. 
## 2024-08-12 00:05:17,350 [1] INFO  (null) Now listening on: http://localhost:5283 
## 2024-08-12 00:05:17,357 [1] INFO  (null) Application started. Press Ctrl+C to shut down. 
## 2024-08-12 00:05:17,360 [1] INFO  (null) Hosting environment: Development 
## 2024-08-12 00:05:17,362 [1] INFO  (null) Content root path: D:\C#_Project\AestheticsLink\WebAPI\ 
## 2024-08-12 00:05:47,928 [22] INFO  (null) CORS policy execution successful. 
## 2024-08-12 00:05:48,021 [22] INFO  (null) Received O_RSchedule request! 
## 2024-08-12 00:10:27,535 [39] INFO  (null) CORS policy execution successful. 
## 2024-08-12 00:10:27,539 [39] INFO  (null) Received O_RSchedule request! 
## 2024-08-12 00:10:36,587 [1] INFO  (null) Default Quartz.NET properties loaded from embedded resource file 
## 2024-08-12 00:10:36,662 [1] INFO  (null) Initialized Scheduler Signaller of type: Quartz.Core.SchedulerSignalerImpl 
## 2024-08-12 00:10:36,668 [1] INFO  (null) Quartz Scheduler created 
## 2024-08-12 00:10:36,670 [1] INFO  (null) RAMJobStore initialized. 
## 2024-08-12 00:10:36,671 [1] INFO  (null) Quartz Scheduler 3.11.0.0 - 'DefaultQuartzScheduler' with instanceId 'NON_CLUSTERED' initialized 
## 2024-08-12 00:10:36,673 [1] INFO  (null) Using thread pool 'Quartz.Simpl.DefaultThreadPool', size: 10 
## 2024-08-12 00:10:36,675 [1] INFO  (null) Using job store 'Quartz.Simpl.RAMJobStore', supports persistence: False, clustered: False 
## 2024-08-12 00:10:36,677 [1] INFO  (null) JobFactory set to: QuartzJobLibrary.SingletonJobFactory 
## 2024-08-12 00:10:36,729 [1] INFO  (null) Scheduler DefaultQuartzScheduler_$_NON_CLUSTERED started. 
## 2024-08-12 00:10:36,931 [1] INFO  (null) Now listening on: http://localhost:5283 
## 2024-08-12 00:10:36,940 [1] INFO  (null) Application started. Press Ctrl+C to shut down. 
## 2024-08-12 00:10:36,943 [1] INFO  (null) Hosting environment: Development 
## 2024-08-12 00:10:36,945 [1] INFO  (null) Content root path: D:\C#_Project\AestheticsLink\WebAPI\ 
## 2024-08-12 00:11:09,860 [25] INFO  (null) CORS policy execution successful. 
## 2024-08-12 00:11:09,945 [25] INFO  (null) Received O_RSchedule request! 
## 2024-08-12 00:14:12,356 [1] INFO  (null) Default Quartz.NET properties loaded from embedded resource file 
## 2024-08-12 00:14:12,434 [1] INFO  (null) Initialized Scheduler Signaller of type: Quartz.Core.SchedulerSignalerImpl 
## 2024-08-12 00:14:12,440 [1] INFO  (null) Quartz Scheduler created 
## 2024-08-12 00:14:12,441 [1] INFO  (null) RAMJobStore initialized. 
## 2024-08-12 00:14:12,443 [1] INFO  (null) Quartz Scheduler 3.11.0.0 - 'DefaultQuartzScheduler' with instanceId 'NON_CLUSTERED' initialized 
## 2024-08-12 00:14:12,444 [1] INFO  (null) Using thread pool 'Quartz.Simpl.DefaultThreadPool', size: 10 
## 2024-08-12 00:14:12,445 [1] INFO  (null) Using job store 'Quartz.Simpl.RAMJobStore', supports persistence: False, clustered: False 
## 2024-08-12 00:14:12,447 [1] INFO  (null) JobFactory set to: QuartzJobLibrary.SingletonJobFactory 
## 2024-08-12 00:14:12,512 [1] INFO  (null) Scheduler DefaultQuartzScheduler_$_NON_CLUSTERED started. 
## 2024-08-12 00:14:12,693 [1] INFO  (null) Now listening on: http://localhost:5283 
## 2024-08-12 00:14:12,700 [1] INFO  (null) Application started. Press Ctrl+C to shut down. 
## 2024-08-12 00:14:12,703 [1] INFO  (null) Hosting environment: Development 
## 2024-08-12 00:14:12,704 [1] INFO  (null) Content root path: D:\C#_Project\AestheticsLink\WebAPI\ 
## 2024-08-12 00:14:25,098 [15] INFO  (null) CORS policy execution successful. 
## 2024-08-12 00:14:25,189 [15] INFO  (null) Received O_RSchedule request! 
## 2024-08-12 00:17:09,278 [1] INFO  (null) Default Quartz.NET properties loaded from embedded resource file 
## 2024-08-12 00:17:09,378 [1] INFO  (null) Initialized Scheduler Signaller of type: Quartz.Core.SchedulerSignalerImpl 
## 2024-08-12 00:17:09,383 [1] INFO  (null) Quartz Scheduler created 
## 2024-08-12 00:17:09,385 [1] INFO  (null) RAMJobStore initialized. 
## 2024-08-12 00:17:09,386 [1] INFO  (null) Quartz Scheduler 3.11.0.0 - 'DefaultQuartzScheduler' with instanceId 'NON_CLUSTERED' initialized 
## 2024-08-12 00:17:09,387 [1] INFO  (null) Using thread pool 'Quartz.Simpl.DefaultThreadPool', size: 10 
## 2024-08-12 00:17:09,389 [1] INFO  (null) Using job store 'Quartz.Simpl.RAMJobStore', supports persistence: False, clustered: False 
## 2024-08-12 00:17:09,391 [1] INFO  (null) JobFactory set to: QuartzJobLibrary.SingletonJobFactory 
## 2024-08-12 00:17:09,445 [1] INFO  (null) Scheduler DefaultQuartzScheduler_$_NON_CLUSTERED started. 
## 2024-08-12 00:17:09,695 [1] INFO  (null) Now listening on: http://localhost:5283 
## 2024-08-12 00:17:09,708 [1] INFO  (null) Application started. Press Ctrl+C to shut down. 
## 2024-08-12 00:17:09,713 [1] INFO  (null) Hosting environment: Development 
## 2024-08-12 00:17:09,717 [1] INFO  (null) Content root path: D:\C#_Project\AestheticsLink\WebAPI\ 
## 2024-08-12 00:17:19,004 [24] INFO  (null) CORS policy execution successful. 
## 2024-08-12 00:17:19,115 [24] INFO  (null) Received O_RSchedule request! 
## 2024-08-12 00:23:05,530 [1] INFO  (null) Default Quartz.NET properties loaded from embedded resource file 
## 2024-08-12 00:23:05,612 [1] INFO  (null) Initialized Scheduler Signaller of type: Quartz.Core.SchedulerSignalerImpl 
## 2024-08-12 00:23:05,618 [1] INFO  (null) Quartz Scheduler created 
## 2024-08-12 00:23:05,619 [1] INFO  (null) RAMJobStore initialized. 
## 2024-08-12 00:23:05,621 [1] INFO  (null) Quartz Scheduler 3.11.0.0 - 'DefaultQuartzScheduler' with instanceId 'NON_CLUSTERED' initialized 
## 2024-08-12 00:23:05,622 [1] INFO  (null) Using thread pool 'Quartz.Simpl.DefaultThreadPool', size: 10 
## 2024-08-12 00:23:05,623 [1] INFO  (null) Using job store 'Quartz.Simpl.RAMJobStore', supports persistence: False, clustered: False 
## 2024-08-12 00:23:05,625 [1] INFO  (null) JobFactory set to: QuartzJobLibrary.SingletonJobFactory 
## 2024-08-12 00:23:05,677 [1] INFO  (null) Scheduler DefaultQuartzScheduler_$_NON_CLUSTERED started. 
## 2024-08-12 00:23:05,879 [1] INFO  (null) Now listening on: http://localhost:5283 
## 2024-08-12 00:23:05,887 [1] INFO  (null) Application started. Press Ctrl+C to shut down. 
## 2024-08-12 00:23:05,890 [1] INFO  (null) Hosting environment: Development 
## 2024-08-12 00:23:05,893 [1] INFO  (null) Content root path: D:\C#_Project\AestheticsLink\WebAPI\ 
## 2024-08-12 00:23:22,710 [27] INFO  (null) CORS policy execution successful. 
## 2024-08-12 00:23:22,811 [27] INFO  (null) Received O_RSchedule request! 
## 2024-08-12 00:24:10,710 [30] INFO  (null) CORS policy execution successful. 
## 2024-08-12 00:24:10,713 [30] INFO  (null) Received O_RSchedule request! 
## 2024-08-12 00:24:32,088 [30] INFO  (null) CORS policy execution successful. 
## 2024-08-12 00:24:32,091 [30] INFO  (null) Received O_RSchedule request! 
## 2024-08-12 00:25:05,292 [1] INFO  (null) Default Quartz.NET properties loaded from embedded resource file 
## 2024-08-12 00:25:05,376 [1] INFO  (null) Initialized Scheduler Signaller of type: Quartz.Core.SchedulerSignalerImpl 
## 2024-08-12 00:25:05,383 [1] INFO  (null) Quartz Scheduler created 
## 2024-08-12 00:25:05,385 [1] INFO  (null) RAMJobStore initialized. 
## 2024-08-12 00:25:05,387 [1] INFO  (null) Quartz Scheduler 3.11.0.0 - 'DefaultQuartzScheduler' with instanceId 'NON_CLUSTERED' initialized 
## 2024-08-12 00:25:05,388 [1] INFO  (null) Using thread pool 'Quartz.Simpl.DefaultThreadPool', size: 10 
## 2024-08-12 00:25:05,389 [1] INFO  (null) Using job store 'Quartz.Simpl.RAMJobStore', supports persistence: False, clustered: False 
## 2024-08-12 00:25:05,392 [1] INFO  (null) JobFactory set to: QuartzJobLibrary.SingletonJobFactory 
## 2024-08-12 00:25:05,449 [1] INFO  (null) Scheduler DefaultQuartzScheduler_$_NON_CLUSTERED started. 
## 2024-08-12 00:25:05,644 [1] INFO  (null) Now listening on: http://localhost:5283 
## 2024-08-12 00:25:05,652 [1] INFO  (null) Application started. Press Ctrl+C to shut down. 
## 2024-08-12 00:25:05,655 [1] INFO  (null) Hosting environment: Development 
## 2024-08-12 00:25:05,657 [1] INFO  (null) Content root path: D:\C#_Project\AestheticsLink\WebAPI\ 
## 2024-08-12 00:25:31,365 [24] INFO  (null) CORS policy execution successful. 
## 2024-08-12 00:25:31,429 [24] INFO  (null) Received O_RSchedule request! 
## 2024-08-12 00:28:44,925 [1] INFO  (null) Default Quartz.NET properties loaded from embedded resource file 
## 2024-08-12 00:28:45,002 [1] INFO  (null) Initialized Scheduler Signaller of type: Quartz.Core.SchedulerSignalerImpl 
## 2024-08-12 00:28:45,007 [1] INFO  (null) Quartz Scheduler created 
## 2024-08-12 00:28:45,009 [1] INFO  (null) RAMJobStore initialized. 
## 2024-08-12 00:28:45,010 [1] INFO  (null) Quartz Scheduler 3.11.0.0 - 'DefaultQuartzScheduler' with instanceId 'NON_CLUSTERED' initialized 
## 2024-08-12 00:28:45,011 [1] INFO  (null) Using thread pool 'Quartz.Simpl.DefaultThreadPool', size: 10 
## 2024-08-12 00:28:45,012 [1] INFO  (null) Using job store 'Quartz.Simpl.RAMJobStore', supports persistence: False, clustered: False 
## 2024-08-12 00:28:45,014 [1] INFO  (null) JobFactory set to: QuartzJobLibrary.SingletonJobFactory 
## 2024-08-12 00:28:45,061 [1] INFO  (null) Scheduler DefaultQuartzScheduler_$_NON_CLUSTERED started. 
## 2024-08-12 00:28:45,238 [1] INFO  (null) Now listening on: http://localhost:5283 
## 2024-08-12 00:28:45,248 [1] INFO  (null) Application started. Press Ctrl+C to shut down. 
## 2024-08-12 00:28:45,251 [1] INFO  (null) Hosting environment: Development 
## 2024-08-12 00:28:45,253 [1] INFO  (null) Content root path: D:\C#_Project\AestheticsLink\WebAPI\ 
## 2024-08-12 00:29:04,539 [25] INFO  (null) CORS policy execution successful. 
## 2024-08-12 00:29:04,605 [25] INFO  (null) Received O_RSchedule request! 
## 2024-08-12 00:29:24,195 [26] INFO  (null) CORS policy execution successful. 
## 2024-08-12 00:29:24,198 [26] INFO  (null) Received O_RSchedule request! 
## 2024-08-12 00:30:48,350 [1] INFO  (null) Default Quartz.NET properties loaded from embedded resource file 
## 2024-08-12 00:30:48,434 [1] INFO  (null) Initialized Scheduler Signaller of type: Quartz.Core.SchedulerSignalerImpl 
## 2024-08-12 00:30:48,466 [1] INFO  (null) Quartz Scheduler created 
## 2024-08-12 00:30:48,468 [1] INFO  (null) RAMJobStore initialized. 
## 2024-08-12 00:30:48,469 [1] INFO  (null) Quartz Scheduler 3.11.0.0 - 'DefaultQuartzScheduler' with instanceId 'NON_CLUSTERED' initialized 
## 2024-08-12 00:30:48,470 [1] INFO  (null) Using thread pool 'Quartz.Simpl.DefaultThreadPool', size: 10 
## 2024-08-12 00:30:48,472 [1] INFO  (null) Using job store 'Quartz.Simpl.RAMJobStore', supports persistence: False, clustered: False 
## 2024-08-12 00:30:48,473 [1] INFO  (null) JobFactory set to: QuartzJobLibrary.SingletonJobFactory 
## 2024-08-12 00:30:48,536 [1] INFO  (null) Scheduler DefaultQuartzScheduler_$_NON_CLUSTERED started. 
## 2024-08-12 00:30:48,723 [1] INFO  (null) Now listening on: http://localhost:5283 
## 2024-08-12 00:30:48,731 [1] INFO  (null) Application started. Press Ctrl+C to shut down. 
## 2024-08-12 00:30:48,734 [1] INFO  (null) Hosting environment: Development 
## 2024-08-12 00:30:48,736 [1] INFO  (null) Content root path: D:\C#_Project\AestheticsLink\WebAPI\ 
## 2024-08-12 00:30:57,310 [24] INFO  (null) CORS policy execution successful. 
## 2024-08-12 00:30:57,388 [24] INFO  (null) Received O_RSchedule request! 
## 2024-08-12 11:55:06,047 [1] INFO  (null) Default Quartz.NET properties loaded from embedded resource file 
## 2024-08-12 11:55:06,128 [1] INFO  (null) Initialized Scheduler Signaller of type: Quartz.Core.SchedulerSignalerImpl 
## 2024-08-12 11:55:06,132 [1] INFO  (null) Quartz Scheduler created 
## 2024-08-12 11:55:06,133 [1] INFO  (null) RAMJobStore initialized. 
## 2024-08-12 11:55:06,134 [1] INFO  (null) Quartz Scheduler 3.11.0.0 - 'DefaultQuartzScheduler' with instanceId 'NON_CLUSTERED' initialized 
## 2024-08-12 11:55:06,135 [1] INFO  (null) Using thread pool 'Quartz.Simpl.DefaultThreadPool', size: 10 
## 2024-08-12 11:55:06,136 [1] INFO  (null) Using job store 'Quartz.Simpl.RAMJobStore', supports persistence: False, clustered: False 
## 2024-08-12 11:55:06,137 [1] INFO  (null) JobFactory set to: QuartzJobLibrary.SingletonJobFactory 
## 2024-08-12 11:55:06,189 [1] INFO  (null) Scheduler DefaultQuartzScheduler_$_NON_CLUSTERED started. 
## 2024-08-12 11:55:06,386 [1] INFO  (null) Now listening on: http://localhost:5283 
## 2024-08-12 11:55:06,395 [1] INFO  (null) Application started. Press Ctrl+C to shut down. 
## 2024-08-12 11:55:06,398 [1] INFO  (null) Hosting environment: Development 
## 2024-08-12 11:55:06,401 [1] INFO  (null) Content root path: D:\C#_Project\AestheticsLink\WebAPI\ 
## 2024-08-12 11:55:16,548 [29] INFO  (null) CORS policy execution successful. 
## 2024-08-12 11:55:16,627 [29] INFO  (null) Received O_RSchedule request! 
## 2024-08-12 11:55:46,626 [31] INFO  (null) CORS policy execution successful. 
## 2024-08-12 11:55:46,629 [31] INFO  (null) Received O_RSchedule request! 
## 2024-08-12 14:01:31,971 [1] INFO  (null) Default Quartz.NET properties loaded from embedded resource file 
## 2024-08-12 14:01:32,045 [1] INFO  (null) Initialized Scheduler Signaller of type: Quartz.Core.SchedulerSignalerImpl 
## 2024-08-12 14:01:32,048 [1] INFO  (null) Quartz Scheduler created 
## 2024-08-12 14:01:32,052 [1] INFO  (null) RAMJobStore initialized. 
## 2024-08-12 14:01:32,053 [1] INFO  (null) Quartz Scheduler 3.11.0.0 - 'DefaultQuartzScheduler' with instanceId 'NON_CLUSTERED' initialized 
## 2024-08-12 14:01:32,055 [1] INFO  (null) Using thread pool 'Quartz.Simpl.DefaultThreadPool', size: 10 
## 2024-08-12 14:01:32,056 [1] INFO  (null) Using job store 'Quartz.Simpl.RAMJobStore', supports persistence: False, clustered: False 
## 2024-08-12 14:01:32,057 [1] INFO  (null) JobFactory set to: QuartzJobLibrary.SingletonJobFactory 
## 2024-08-12 14:01:32,109 [1] INFO  (null) Scheduler DefaultQuartzScheduler_$_NON_CLUSTERED started. 
## 2024-08-12 14:01:32,332 [1] INFO  (null) Now listening on: http://localhost:5283 
## 2024-08-12 14:01:32,341 [1] INFO  (null) Application started. Press Ctrl+C to shut down. 
## 2024-08-12 14:01:32,344 [1] INFO  (null) Hosting environment: Development 
## 2024-08-12 14:01:32,347 [1] INFO  (null) Content root path: D:\C#_Project\AestheticsLink\WebAPI\ 
## 2024-08-12 14:03:01,278 [30] INFO  (null) CORS policy execution successful. 
## 2024-08-12 14:03:01,340 [30] INFO  (null) Received place order request: UID=1 
## 2024-08-12 14:03:02,369 [30] INFO  (null) Received error order request: UID=1 
## 2024-08-12 14:04:39,555 [37] INFO  (null) CORS policy execution successful. 
## 2024-08-12 14:04:39,558 [37] INFO  (null) Received place order request: UID=1 
## 2024-08-12 14:05:06,888 [36] INFO  (null) CORS policy execution successful. 
## 2024-08-12 14:05:06,891 [36] INFO  (null) Received place order request: UID=1 
## 2024-08-12 14:05:11,598 [42] INFO  (null) CORS policy execution successful. 
## 2024-08-12 14:05:11,603 [42] INFO  (null) Received place order request: UID=1 
## 2024-08-12 14:05:19,852 [43] INFO  (null) CORS policy execution successful. 
## 2024-08-12 14:05:19,855 [43] INFO  (null) Received place order request: UID=1 
## 2024-08-12 14:06:20,189 [1] INFO  (null) Default Quartz.NET properties loaded from embedded resource file 
## 2024-08-12 14:06:20,268 [1] INFO  (null) Initialized Scheduler Signaller of type: Quartz.Core.SchedulerSignalerImpl 
## 2024-08-12 14:06:20,273 [1] INFO  (null) Quartz Scheduler created 
## 2024-08-12 14:06:20,275 [1] INFO  (null) RAMJobStore initialized. 
## 2024-08-12 14:06:20,276 [1] INFO  (null) Quartz Scheduler 3.11.0.0 - 'DefaultQuartzScheduler' with instanceId 'NON_CLUSTERED' initialized 
## 2024-08-12 14:06:20,277 [1] INFO  (null) Using thread pool 'Quartz.Simpl.DefaultThreadPool', size: 10 
## 2024-08-12 14:06:20,277 [1] INFO  (null) Using job store 'Quartz.Simpl.RAMJobStore', supports persistence: False, clustered: False 
## 2024-08-12 14:06:20,279 [1] INFO  (null) JobFactory set to: QuartzJobLibrary.SingletonJobFactory 
## 2024-08-12 14:06:20,325 [1] INFO  (null) Scheduler DefaultQuartzScheduler_$_NON_CLUSTERED started. 
## 2024-08-12 14:06:20,533 [1] INFO  (null) Now listening on: http://localhost:5283 
## 2024-08-12 14:06:20,541 [1] INFO  (null) Application started. Press Ctrl+C to shut down. 
## 2024-08-12 14:06:20,544 [1] INFO  (null) Hosting environment: Development 
## 2024-08-12 14:06:20,546 [1] INFO  (null) Content root path: D:\C#_Project\AestheticsLink\WebAPI\ 
## 2024-08-12 14:07:31,134 [31] INFO  (null) CORS policy execution successful. 
## 2024-08-12 14:07:31,198 [31] INFO  (null) Received place order request: UID=1 
## 2024-08-12 14:08:54,481 [31] INFO  (null) Received error order request: UID=1 
## 2024-08-12 14:09:14,706 [31] INFO  (null) CORS policy execution successful. 
## 2024-08-12 14:09:20,734 [31] INFO  (null) Received place order request: UID=1 
## 2024-08-12 14:12:45,446 [1] INFO  (null) Default Quartz.NET properties loaded from embedded resource file 
## 2024-08-12 14:12:45,522 [1] INFO  (null) Initialized Scheduler Signaller of type: Quartz.Core.SchedulerSignalerImpl 
## 2024-08-12 14:12:45,524 [1] INFO  (null) Quartz Scheduler created 
## 2024-08-12 14:12:45,528 [1] INFO  (null) RAMJobStore initialized. 
## 2024-08-12 14:12:45,530 [1] INFO  (null) Quartz Scheduler 3.11.0.0 - 'DefaultQuartzScheduler' with instanceId 'NON_CLUSTERED' initialized 
## 2024-08-12 14:12:45,530 [1] INFO  (null) Using thread pool 'Quartz.Simpl.DefaultThreadPool', size: 10 
## 2024-08-12 14:12:45,531 [1] INFO  (null) Using job store 'Quartz.Simpl.RAMJobStore', supports persistence: False, clustered: False 
## 2024-08-12 14:12:45,532 [1] INFO  (null) JobFactory set to: QuartzJobLibrary.SingletonJobFactory 
## 2024-08-12 14:12:45,585 [1] INFO  (null) Scheduler DefaultQuartzScheduler_$_NON_CLUSTERED started. 
## 2024-08-12 14:12:45,797 [1] INFO  (null) Now listening on: http://localhost:5283 
## 2024-08-12 14:12:45,804 [1] INFO  (null) Application started. Press Ctrl+C to shut down. 
## 2024-08-12 14:12:45,806 [1] INFO  (null) Hosting environment: Development 
## 2024-08-12 14:12:45,808 [1] INFO  (null) Content root path: D:\C#_Project\AestheticsLink\WebAPI\ 
## 2024-08-12 14:13:12,073 [25] INFO  (null) CORS policy execution successful. 
## 2024-08-12 14:13:12,136 [25] INFO  (null) Received place order request: UID=1 
## 2024-08-12 14:13:31,830 [1] INFO  (null) Default Quartz.NET properties loaded from embedded resource file 
## 2024-08-12 14:13:31,909 [1] INFO  (null) Initialized Scheduler Signaller of type: Quartz.Core.SchedulerSignalerImpl 
## 2024-08-12 14:13:31,914 [1] INFO  (null) Quartz Scheduler created 
## 2024-08-12 14:13:31,918 [1] INFO  (null) RAMJobStore initialized. 
## 2024-08-12 14:13:31,919 [1] INFO  (null) Quartz Scheduler 3.11.0.0 - 'DefaultQuartzScheduler' with instanceId 'NON_CLUSTERED' initialized 
## 2024-08-12 14:13:31,920 [1] INFO  (null) Using thread pool 'Quartz.Simpl.DefaultThreadPool', size: 10 
## 2024-08-12 14:13:31,922 [1] INFO  (null) Using job store 'Quartz.Simpl.RAMJobStore', supports persistence: False, clustered: False 
## 2024-08-12 14:13:31,923 [1] INFO  (null) JobFactory set to: QuartzJobLibrary.SingletonJobFactory 
## 2024-08-12 14:13:31,982 [1] INFO  (null) Scheduler DefaultQuartzScheduler_$_NON_CLUSTERED started. 
## 2024-08-12 14:13:32,195 [1] INFO  (null) Now listening on: http://localhost:5283 
## 2024-08-12 14:13:32,203 [1] INFO  (null) Application started. Press Ctrl+C to shut down. 
## 2024-08-12 14:13:32,205 [1] INFO  (null) Hosting environment: Development 
## 2024-08-12 14:13:32,207 [1] INFO  (null) Content root path: D:\C#_Project\AestheticsLink\WebAPI\ 
## 2024-08-12 14:13:52,937 [3] INFO  (null) CORS policy execution successful. 
## 2024-08-12 14:13:53,029 [3] INFO  (null) Received place order request: UID=1 
## 2024-08-12 14:15:44,797 [1] INFO  (null) Default Quartz.NET properties loaded from embedded resource file 
## 2024-08-12 14:15:44,886 [1] INFO  (null) Initialized Scheduler Signaller of type: Quartz.Core.SchedulerSignalerImpl 
## 2024-08-12 14:15:44,894 [1] INFO  (null) Quartz Scheduler created 
## 2024-08-12 14:15:44,895 [1] INFO  (null) RAMJobStore initialized. 
## 2024-08-12 14:15:44,897 [1] INFO  (null) Quartz Scheduler 3.11.0.0 - 'DefaultQuartzScheduler' with instanceId 'NON_CLUSTERED' initialized 
## 2024-08-12 14:15:44,898 [1] INFO  (null) Using thread pool 'Quartz.Simpl.DefaultThreadPool', size: 10 
## 2024-08-12 14:15:44,899 [1] INFO  (null) Using job store 'Quartz.Simpl.RAMJobStore', supports persistence: False, clustered: False 
## 2024-08-12 14:15:44,901 [1] INFO  (null) JobFactory set to: QuartzJobLibrary.SingletonJobFactory 
## 2024-08-12 14:15:44,954 [1] INFO  (null) Scheduler DefaultQuartzScheduler_$_NON_CLUSTERED started. 
## 2024-08-12 14:15:45,180 [1] INFO  (null) Now listening on: http://localhost:5283 
## 2024-08-12 14:15:45,189 [1] INFO  (null) Application started. Press Ctrl+C to shut down. 
## 2024-08-12 14:15:45,192 [1] INFO  (null) Hosting environment: Development 
## 2024-08-12 14:15:45,194 [1] INFO  (null) Content root path: D:\C#_Project\AestheticsLink\WebAPI\ 
## 2024-08-12 14:15:52,119 [18] INFO  (null) CORS policy execution successful. 
## 2024-08-12 14:15:52,201 [18] INFO  (null) Received place order request: UID=1 
## 2024-08-12 14:16:22,017 [1] INFO  (null) Default Quartz.NET properties loaded from embedded resource file 
## 2024-08-12 14:16:22,106 [1] INFO  (null) Initialized Scheduler Signaller of type: Quartz.Core.SchedulerSignalerImpl 
## 2024-08-12 14:16:22,113 [1] INFO  (null) Quartz Scheduler created 
## 2024-08-12 14:16:22,114 [1] INFO  (null) RAMJobStore initialized. 
## 2024-08-12 14:16:22,116 [1] INFO  (null) Quartz Scheduler 3.11.0.0 - 'DefaultQuartzScheduler' with instanceId 'NON_CLUSTERED' initialized 
## 2024-08-12 14:16:22,117 [1] INFO  (null) Using thread pool 'Quartz.Simpl.DefaultThreadPool', size: 10 
## 2024-08-12 14:16:22,117 [1] INFO  (null) Using job store 'Quartz.Simpl.RAMJobStore', supports persistence: False, clustered: False 
## 2024-08-12 14:16:22,119 [1] INFO  (null) JobFactory set to: QuartzJobLibrary.SingletonJobFactory 
## 2024-08-12 14:16:22,167 [1] INFO  (null) Scheduler DefaultQuartzScheduler_$_NON_CLUSTERED started. 
## 2024-08-12 14:16:22,369 [1] INFO  (null) Now listening on: http://localhost:5283 
## 2024-08-12 14:16:22,377 [1] INFO  (null) Application started. Press Ctrl+C to shut down. 
## 2024-08-12 14:16:22,381 [1] INFO  (null) Hosting environment: Development 
## 2024-08-12 14:16:22,383 [1] INFO  (null) Content root path: D:\C#_Project\AestheticsLink\WebAPI\ 
## 2024-08-12 14:16:28,436 [3] INFO  (null) CORS policy execution successful. 
## 2024-08-12 14:16:28,512 [3] INFO  (null) Received place order request: UID=1 
## 2024-08-12 14:19:58,334 [1] INFO  (null) Default Quartz.NET properties loaded from embedded resource file 
## 2024-08-12 14:19:58,411 [1] INFO  (null) Initialized Scheduler Signaller of type: Quartz.Core.SchedulerSignalerImpl 
## 2024-08-12 14:19:58,412 [1] INFO  (null) Quartz Scheduler created 
## 2024-08-12 14:19:58,420 [1] INFO  (null) RAMJobStore initialized. 
## 2024-08-12 14:19:58,422 [1] INFO  (null) Quartz Scheduler 3.11.0.0 - 'DefaultQuartzScheduler' with instanceId 'NON_CLUSTERED' initialized 
## 2024-08-12 14:19:58,423 [1] INFO  (null) Using thread pool 'Quartz.Simpl.DefaultThreadPool', size: 10 
## 2024-08-12 14:19:58,424 [1] INFO  (null) Using job store 'Quartz.Simpl.RAMJobStore', supports persistence: False, clustered: False 
## 2024-08-12 14:19:58,425 [1] INFO  (null) JobFactory set to: QuartzJobLibrary.SingletonJobFactory 
## 2024-08-12 14:19:58,471 [1] INFO  (null) Scheduler DefaultQuartzScheduler_$_NON_CLUSTERED started. 
## 2024-08-12 14:19:58,656 [1] INFO  (null) Now listening on: http://localhost:5283 
## 2024-08-12 14:19:58,664 [1] INFO  (null) Application started. Press Ctrl+C to shut down. 
## 2024-08-12 14:19:58,667 [1] INFO  (null) Hosting environment: Development 
## 2024-08-12 14:19:58,669 [1] INFO  (null) Content root path: D:\C#_Project\AestheticsLink\WebAPI\ 
## 2024-08-12 14:20:22,207 [28] INFO  (null) CORS policy execution successful. 
## 2024-08-12 14:20:22,271 [28] INFO  (null) Received place order request: UID=1 
## 2024-08-12 14:22:50,209 [1] INFO  (null) Default Quartz.NET properties loaded from embedded resource file 
## 2024-08-12 14:22:50,286 [1] INFO  (null) Initialized Scheduler Signaller of type: Quartz.Core.SchedulerSignalerImpl 
## 2024-08-12 14:22:50,291 [1] INFO  (null) Quartz Scheduler created 
## 2024-08-12 14:22:50,293 [1] INFO  (null) RAMJobStore initialized. 
## 2024-08-12 14:22:50,294 [1] INFO  (null) Quartz Scheduler 3.11.0.0 - 'DefaultQuartzScheduler' with instanceId 'NON_CLUSTERED' initialized 
## 2024-08-12 14:22:50,295 [1] INFO  (null) Using thread pool 'Quartz.Simpl.DefaultThreadPool', size: 10 
## 2024-08-12 14:22:50,295 [1] INFO  (null) Using job store 'Quartz.Simpl.RAMJobStore', supports persistence: False, clustered: False 
## 2024-08-12 14:22:50,297 [1] INFO  (null) JobFactory set to: QuartzJobLibrary.SingletonJobFactory 
## 2024-08-12 14:22:50,346 [1] INFO  (null) Scheduler DefaultQuartzScheduler_$_NON_CLUSTERED started. 
## 2024-08-12 14:22:50,546 [1] INFO  (null) Now listening on: http://localhost:5283 
## 2024-08-12 14:22:50,555 [1] INFO  (null) Application started. Press Ctrl+C to shut down. 
## 2024-08-12 14:22:50,558 [1] INFO  (null) Hosting environment: Development 
## 2024-08-12 14:22:50,560 [1] INFO  (null) Content root path: D:\C#_Project\AestheticsLink\WebAPI\ 
## 2024-08-12 14:29:17,111 [1] INFO  (null) Default Quartz.NET properties loaded from embedded resource file 
## 2024-08-12 14:29:17,185 [1] INFO  (null) Initialized Scheduler Signaller of type: Quartz.Core.SchedulerSignalerImpl 
## 2024-08-12 14:29:17,191 [1] INFO  (null) Quartz Scheduler created 
## 2024-08-12 14:29:17,193 [1] INFO  (null) RAMJobStore initialized. 
## 2024-08-12 14:29:17,194 [1] INFO  (null) Quartz Scheduler 3.11.0.0 - 'DefaultQuartzScheduler' with instanceId 'NON_CLUSTERED' initialized 
## 2024-08-12 14:29:17,195 [1] INFO  (null) Using thread pool 'Quartz.Simpl.DefaultThreadPool', size: 10 
## 2024-08-12 14:29:17,196 [1] INFO  (null) Using job store 'Quartz.Simpl.RAMJobStore', supports persistence: False, clustered: False 
## 2024-08-12 14:29:17,197 [1] INFO  (null) JobFactory set to: QuartzJobLibrary.SingletonJobFactory 
## 2024-08-12 14:29:17,252 [1] INFO  (null) Scheduler DefaultQuartzScheduler_$_NON_CLUSTERED started. 
## 2024-08-12 14:29:17,446 [1] INFO  (null) Now listening on: http://localhost:5283 
## 2024-08-12 14:29:17,455 [1] INFO  (null) Application started. Press Ctrl+C to shut down. 
## 2024-08-12 14:29:17,459 [1] INFO  (null) Hosting environment: Development 
## 2024-08-12 14:29:17,461 [1] INFO  (null) Content root path: D:\C#_Project\AestheticsLink\WebAPI\ 
## 2024-08-12 14:29:34,908 [19] INFO  (null) CORS policy execution successful. 
## 2024-08-12 14:29:35,015 [19] INFO  (null) Received place order request: UID=1 
