## 2024-09-06 13:47:27,104 [1] INFO  (null) Default Quartz.NET properties loaded from embedded resource file 
## 2024-09-06 13:47:27,150 [1] INFO  (null) Initialized Scheduler Signaller of type: Quartz.Core.SchedulerSignalerImpl 
## 2024-09-06 13:47:27,150 [1] INFO  (null) Quartz Scheduler created 
## 2024-09-06 13:47:27,151 [1] INFO  (null) RAMJobStore initialized. 
## 2024-09-06 13:47:27,152 [1] INFO  (null) Quartz Scheduler 3.13.0.0 - 'DefaultQuartzScheduler' with instanceId 'NON_CLUSTERED' initialized 
## 2024-09-06 13:47:27,152 [1] INFO  (null) Using thread pool 'Quartz.Simpl.DefaultThreadPool', size: 10 
## 2024-09-06 13:47:27,153 [1] INFO  (null) Using job store 'Quartz.Simpl.RAMJobStore', supports persistence: False, clustered: False 
## 2024-09-06 13:47:27,154 [1] INFO  (null) JobFactory set to: QuartzJobLibrary.SingletonJobFactory 
## 2024-09-06 13:47:27,182 [1] INFO  (null) Scheduler DefaultQuartzScheduler_$_NON_CLUSTERED started. 
## 2024-09-06 13:47:29,152 [1] INFO  (null) Now listening on: http://localhost:5283 
## 2024-09-06 13:47:29,156 [1] INFO  (null) Application started. Press Ctrl+C to shut down. 
## 2024-09-06 13:47:29,157 [1] INFO  (null) Hosting environment: Development 
## 2024-09-06 13:47:29,157 [1] INFO  (null) Content root path: D:\database\AestheticsLink (2)\AestheticsLink\WebAPI\ 
## 2024-09-06 13:49:02,290 [25] INFO  (null) CORS policy execution successful. 
## 2024-09-06 13:50:20,368 [22] INFO  (null) CORS policy execution successful. 
## 2024-09-06 13:51:46,534 [1] INFO  (null) Default Quartz.NET properties loaded from embedded resource file 
## 2024-09-06 13:51:46,582 [1] INFO  (null) Initialized Scheduler Signaller of type: Quartz.Core.SchedulerSignalerImpl 
## 2024-09-06 13:51:46,583 [1] INFO  (null) Quartz Scheduler created 
## 2024-09-06 13:51:46,585 [1] INFO  (null) RAMJobStore initialized. 
## 2024-09-06 13:51:46,585 [1] INFO  (null) Quartz Scheduler 3.13.0.0 - 'DefaultQuartzScheduler' with instanceId 'NON_CLUSTERED' initialized 
## 2024-09-06 13:51:46,586 [1] INFO  (null) Using thread pool 'Quartz.Simpl.DefaultThreadPool', size: 10 
## 2024-09-06 13:51:46,586 [1] INFO  (null) Using job store 'Quartz.Simpl.RAMJobStore', supports persistence: False, clustered: False 
## 2024-09-06 13:51:46,587 [1] INFO  (null) JobFactory set to: QuartzJobLibrary.SingletonJobFactory 
## 2024-09-06 13:51:46,615 [1] INFO  (null) Scheduler DefaultQuartzScheduler_$_NON_CLUSTERED started. 
## 2024-09-06 13:51:47,311 [1] INFO  (null) Now listening on: http://localhost:5283 
## 2024-09-06 13:51:47,314 [1] INFO  (null) Application started. Press Ctrl+C to shut down. 
## 2024-09-06 13:51:47,316 [1] INFO  (null) Hosting environment: Development 
## 2024-09-06 13:51:47,317 [1] INFO  (null) Content root path: D:\database\AestheticsLink (2)\AestheticsLink\WebAPI\ 
## 2024-09-06 13:52:02,344 [7] INFO  (null) CORS policy execution successful. 
## 2024-09-06 13:52:34,504 [22] INFO  (null) CORS policy execution successful. 
## 2024-09-06 13:55:39,575 [1] INFO  (null) Default Quartz.NET properties loaded from embedded resource file 
## 2024-09-06 13:55:39,624 [1] INFO  (null) Initialized Scheduler Signaller of type: Quartz.Core.SchedulerSignalerImpl 
## 2024-09-06 13:55:39,624 [1] INFO  (null) Quartz Scheduler created 
## 2024-09-06 13:55:39,625 [1] INFO  (null) RAMJobStore initialized. 
## 2024-09-06 13:55:39,626 [1] INFO  (null) Quartz Scheduler 3.13.0.0 - 'DefaultQuartzScheduler' with instanceId 'NON_CLUSTERED' initialized 
## 2024-09-06 13:55:39,627 [1] INFO  (null) Using thread pool 'Quartz.Simpl.DefaultThreadPool', size: 10 
## 2024-09-06 13:55:39,627 [1] INFO  (null) Using job store 'Quartz.Simpl.RAMJobStore', supports persistence: False, clustered: False 
## 2024-09-06 13:55:39,628 [1] INFO  (null) JobFactory set to: QuartzJobLibrary.SingletonJobFactory 
## 2024-09-06 13:55:39,657 [1] INFO  (null) Scheduler DefaultQuartzScheduler_$_NON_CLUSTERED started. 
## 2024-09-06 13:55:40,359 [1] INFO  (null) Now listening on: http://localhost:5283 
## 2024-09-06 13:55:40,362 [1] INFO  (null) Application started. Press Ctrl+C to shut down. 
## 2024-09-06 13:55:40,363 [1] INFO  (null) Hosting environment: Development 
## 2024-09-06 13:55:40,363 [1] INFO  (null) Content root path: D:\database\AestheticsLink (2)\AestheticsLink\WebAPI\ 
## 2024-09-06 13:55:52,771 [17] INFO  (null) CORS policy execution successful. 
## 2024-09-06 13:56:07,865 [7] INFO  (null) CORS policy execution successful. 
## 2024-09-06 13:56:28,700 [1] INFO  (null) Default Quartz.NET properties loaded from embedded resource file 
## 2024-09-06 13:56:28,784 [1] INFO  (null) Initialized Scheduler Signaller of type: Quartz.Core.SchedulerSignalerImpl 
## 2024-09-06 13:56:28,785 [1] INFO  (null) Quartz Scheduler created 
## 2024-09-06 13:56:28,793 [1] INFO  (null) RAMJobStore initialized. 
## 2024-09-06 13:56:28,793 [1] INFO  (null) Quartz Scheduler 3.13.0.0 - 'DefaultQuartzScheduler' with instanceId 'NON_CLUSTERED' initialized 
## 2024-09-06 13:56:28,794 [1] INFO  (null) Using thread pool 'Quartz.Simpl.DefaultThreadPool', size: 10 
## 2024-09-06 13:56:28,795 [1] INFO  (null) Using job store 'Quartz.Simpl.RAMJobStore', supports persistence: False, clustered: False 
## 2024-09-06 13:56:28,796 [1] INFO  (null) JobFactory set to: QuartzJobLibrary.SingletonJobFactory 
## 2024-09-06 13:56:28,861 [1] INFO  (null) Scheduler DefaultQuartzScheduler_$_NON_CLUSTERED started. 
## 2024-09-06 13:56:30,068 [1] INFO  (null) Now listening on: http://localhost:5283 
## 2024-09-06 13:56:30,076 [1] INFO  (null) Application started. Press Ctrl+C to shut down. 
## 2024-09-06 13:56:30,079 [1] INFO  (null) Hosting environment: Development 
## 2024-09-06 13:56:30,081 [1] INFO  (null) Content root path: D:\database\AestheticsLink (2)\AestheticsLink\WebAPI\ 
## 2024-09-06 13:56:37,168 [21] INFO  (null) CORS policy execution successful. 
## 2024-09-06 13:57:14,964 [1] INFO  (null) Default Quartz.NET properties loaded from embedded resource file 
## 2024-09-06 13:57:15,009 [1] INFO  (null) Initialized Scheduler Signaller of type: Quartz.Core.SchedulerSignalerImpl 
## 2024-09-06 13:57:15,010 [1] INFO  (null) Quartz Scheduler created 
## 2024-09-06 13:57:15,011 [1] INFO  (null) RAMJobStore initialized. 
## 2024-09-06 13:57:15,012 [1] INFO  (null) Quartz Scheduler 3.13.0.0 - 'DefaultQuartzScheduler' with instanceId 'NON_CLUSTERED' initialized 
## 2024-09-06 13:57:15,013 [1] INFO  (null) Using thread pool 'Quartz.Simpl.DefaultThreadPool', size: 10 
## 2024-09-06 13:57:15,014 [1] INFO  (null) Using job store 'Quartz.Simpl.RAMJobStore', supports persistence: False, clustered: False 
## 2024-09-06 13:57:15,016 [1] INFO  (null) JobFactory set to: QuartzJobLibrary.SingletonJobFactory 
## 2024-09-06 13:57:15,043 [1] INFO  (null) Scheduler DefaultQuartzScheduler_$_NON_CLUSTERED started. 
## 2024-09-06 13:57:15,699 [1] INFO  (null) Now listening on: http://localhost:5283 
## 2024-09-06 13:57:15,702 [1] INFO  (null) Application started. Press Ctrl+C to shut down. 
## 2024-09-06 13:57:15,704 [1] INFO  (null) Hosting environment: Development 
## 2024-09-06 13:57:15,704 [1] INFO  (null) Content root path: D:\database\AestheticsLink (2)\AestheticsLink\WebAPI\ 
## 2024-09-06 13:57:33,559 [17] INFO  (null) CORS policy execution successful. 
## 2024-09-06 13:57:40,446 [1] INFO  (null) Default Quartz.NET properties loaded from embedded resource file 
## 2024-09-06 13:57:40,548 [1] INFO  (null) Initialized Scheduler Signaller of type: Quartz.Core.SchedulerSignalerImpl 
## 2024-09-06 13:57:40,550 [1] INFO  (null) Quartz Scheduler created 
## 2024-09-06 13:57:40,554 [1] INFO  (null) RAMJobStore initialized. 
## 2024-09-06 13:57:40,555 [1] INFO  (null) Quartz Scheduler 3.13.0.0 - 'DefaultQuartzScheduler' with instanceId 'NON_CLUSTERED' initialized 
## 2024-09-06 13:57:40,556 [1] INFO  (null) Using thread pool 'Quartz.Simpl.DefaultThreadPool', size: 10 
## 2024-09-06 13:57:40,556 [1] INFO  (null) Using job store 'Quartz.Simpl.RAMJobStore', supports persistence: False, clustered: False 
## 2024-09-06 13:57:40,558 [1] INFO  (null) JobFactory set to: QuartzJobLibrary.SingletonJobFactory 
## 2024-09-06 13:57:40,612 [1] INFO  (null) Scheduler DefaultQuartzScheduler_$_NON_CLUSTERED started. 
## 2024-09-06 13:57:41,738 [1] INFO  (null) Now listening on: http://localhost:5283 
## 2024-09-06 13:57:41,746 [1] INFO  (null) Application started. Press Ctrl+C to shut down. 
## 2024-09-06 13:57:41,749 [1] INFO  (null) Hosting environment: Development 
## 2024-09-06 13:57:41,752 [1] INFO  (null) Content root path: D:\database\AestheticsLink (2)\AestheticsLink\WebAPI\ 
## 2024-09-06 13:57:49,912 [5] INFO  (null) CORS policy execution successful. 
## 2024-09-06 13:58:04,087 [1] INFO  (null) Default Quartz.NET properties loaded from embedded resource file 
## 2024-09-06 13:58:04,178 [1] INFO  (null) Initialized Scheduler Signaller of type: Quartz.Core.SchedulerSignalerImpl 
## 2024-09-06 13:58:04,183 [1] INFO  (null) Quartz Scheduler created 
## 2024-09-06 13:58:04,184 [1] INFO  (null) RAMJobStore initialized. 
## 2024-09-06 13:58:04,185 [1] INFO  (null) Quartz Scheduler 3.13.0.0 - 'DefaultQuartzScheduler' with instanceId 'NON_CLUSTERED' initialized 
## 2024-09-06 13:58:04,186 [1] INFO  (null) Using thread pool 'Quartz.Simpl.DefaultThreadPool', size: 10 
## 2024-09-06 13:58:04,188 [1] INFO  (null) Using job store 'Quartz.Simpl.RAMJobStore', supports persistence: False, clustered: False 
## 2024-09-06 13:58:04,190 [1] INFO  (null) JobFactory set to: QuartzJobLibrary.SingletonJobFactory 
## 2024-09-06 13:58:04,238 [1] INFO  (null) Scheduler DefaultQuartzScheduler_$_NON_CLUSTERED started. 
## 2024-09-06 13:58:05,432 [1] INFO  (null) Now listening on: http://localhost:5283 
## 2024-09-06 13:58:05,440 [1] INFO  (null) Application started. Press Ctrl+C to shut down. 
## 2024-09-06 13:58:05,443 [1] INFO  (null) Hosting environment: Development 
## 2024-09-06 13:58:05,445 [1] INFO  (null) Content root path: D:\database\AestheticsLink (2)\AestheticsLink\WebAPI\ 
## 2024-09-06 13:58:12,981 [5] INFO  (null) CORS policy execution successful. 
## 2024-09-06 13:58:22,531 [1] INFO  (null) Default Quartz.NET properties loaded from embedded resource file 
## 2024-09-06 13:58:22,603 [1] INFO  (null) Initialized Scheduler Signaller of type: Quartz.Core.SchedulerSignalerImpl 
## 2024-09-06 13:58:22,604 [1] INFO  (null) Quartz Scheduler created 
## 2024-09-06 13:58:22,653 [1] INFO  (null) RAMJobStore initialized. 
## 2024-09-06 13:58:22,655 [1] INFO  (null) Quartz Scheduler 3.13.0.0 - 'DefaultQuartzScheduler' with instanceId 'NON_CLUSTERED' initialized 
## 2024-09-06 13:58:22,656 [1] INFO  (null) Using thread pool 'Quartz.Simpl.DefaultThreadPool', size: 10 
## 2024-09-06 13:58:22,657 [1] INFO  (null) Using job store 'Quartz.Simpl.RAMJobStore', supports persistence: False, clustered: False 
## 2024-09-06 13:58:22,659 [1] INFO  (null) JobFactory set to: QuartzJobLibrary.SingletonJobFactory 
## 2024-09-06 13:58:22,722 [1] INFO  (null) Scheduler DefaultQuartzScheduler_$_NON_CLUSTERED started. 
## 2024-09-06 13:58:23,847 [1] INFO  (null) Now listening on: http://localhost:5283 
## 2024-09-06 13:58:23,855 [1] INFO  (null) Application started. Press Ctrl+C to shut down. 
## 2024-09-06 13:58:23,858 [1] INFO  (null) Hosting environment: Development 
## 2024-09-06 13:58:23,860 [1] INFO  (null) Content root path: D:\database\AestheticsLink (2)\AestheticsLink\WebAPI\ 
## 2024-09-06 13:58:31,534 [17] INFO  (null) CORS policy execution successful. 
## 2024-09-06 14:07:16,147 [31] INFO  (null) CORS policy execution successful. 
## 2024-09-06 14:07:16,177 [31] INFO  (null) Received place order request: UID=2 
## 2024-09-06 14:07:59,984 [45] INFO  (null) CORS policy execution successful. 
## 2024-09-06 14:09:11,798 [1] INFO  (null) Default Quartz.NET properties loaded from embedded resource file 
## 2024-09-06 14:09:11,903 [1] INFO  (null) Initialized Scheduler Signaller of type: Quartz.Core.SchedulerSignalerImpl 
## 2024-09-06 14:09:11,903 [1] INFO  (null) Quartz Scheduler created 
## 2024-09-06 14:09:11,910 [1] INFO  (null) RAMJobStore initialized. 
## 2024-09-06 14:09:11,912 [1] INFO  (null) Quartz Scheduler 3.13.0.0 - 'DefaultQuartzScheduler' with instanceId 'NON_CLUSTERED' initialized 
## 2024-09-06 14:09:11,913 [1] INFO  (null) Using thread pool 'Quartz.Simpl.DefaultThreadPool', size: 10 
## 2024-09-06 14:09:11,914 [1] INFO  (null) Using job store 'Quartz.Simpl.RAMJobStore', supports persistence: False, clustered: False 
## 2024-09-06 14:09:11,916 [1] INFO  (null) JobFactory set to: QuartzJobLibrary.SingletonJobFactory 
## 2024-09-06 14:09:11,966 [1] INFO  (null) Scheduler DefaultQuartzScheduler_$_NON_CLUSTERED started. 
## 2024-09-06 14:09:12,999 [1] INFO  (null) Now listening on: http://localhost:5283 
## 2024-09-06 14:09:13,006 [1] INFO  (null) Application started. Press Ctrl+C to shut down. 
## 2024-09-06 14:09:13,010 [1] INFO  (null) Hosting environment: Development 
## 2024-09-06 14:09:13,012 [1] INFO  (null) Content root path: D:\database\AestheticsLink (2)\AestheticsLink\WebAPI\ 
## 2024-09-06 14:09:19,421 [19] INFO  (null) CORS policy execution successful. 
## 2024-09-06 14:10:30,825 [21] INFO  (null) CORS policy execution successful. 
## 2024-09-06 14:10:39,395 [1] INFO  (null) Default Quartz.NET properties loaded from embedded resource file 
## 2024-09-06 14:10:39,473 [1] INFO  (null) Initialized Scheduler Signaller of type: Quartz.Core.SchedulerSignalerImpl 
## 2024-09-06 14:10:39,473 [1] INFO  (null) Quartz Scheduler created 
## 2024-09-06 14:10:39,479 [1] INFO  (null) RAMJobStore initialized. 
## 2024-09-06 14:10:39,480 [1] INFO  (null) Quartz Scheduler 3.13.0.0 - 'DefaultQuartzScheduler' with instanceId 'NON_CLUSTERED' initialized 
## 2024-09-06 14:10:39,481 [1] INFO  (null) Using thread pool 'Quartz.Simpl.DefaultThreadPool', size: 10 
## 2024-09-06 14:10:39,481 [1] INFO  (null) Using job store 'Quartz.Simpl.RAMJobStore', supports persistence: False, clustered: False 
## 2024-09-06 14:10:39,483 [1] INFO  (null) JobFactory set to: QuartzJobLibrary.SingletonJobFactory 
## 2024-09-06 14:10:39,528 [1] INFO  (null) Scheduler DefaultQuartzScheduler_$_NON_CLUSTERED started. 
## 2024-09-06 14:10:40,621 [1] INFO  (null) Now listening on: http://localhost:5283 
## 2024-09-06 14:10:40,630 [1] INFO  (null) Application started. Press Ctrl+C to shut down. 
## 2024-09-06 14:10:40,633 [1] INFO  (null) Hosting environment: Development 
## 2024-09-06 14:10:40,635 [1] INFO  (null) Content root path: D:\database\AestheticsLink (2)\AestheticsLink\WebAPI\ 
## 2024-09-06 14:11:04,261 [22] INFO  (null) CORS policy execution successful. 
## 2024-09-06 14:11:38,180 [1] INFO  (null) Default Quartz.NET properties loaded from embedded resource file 
## 2024-09-06 14:11:38,256 [1] INFO  (null) Initialized Scheduler Signaller of type: Quartz.Core.SchedulerSignalerImpl 
## 2024-09-06 14:11:38,258 [1] INFO  (null) Quartz Scheduler created 
## 2024-09-06 14:11:38,262 [1] INFO  (null) RAMJobStore initialized. 
## 2024-09-06 14:11:38,263 [1] INFO  (null) Quartz Scheduler 3.13.0.0 - 'DefaultQuartzScheduler' with instanceId 'NON_CLUSTERED' initialized 
## 2024-09-06 14:11:38,264 [1] INFO  (null) Using thread pool 'Quartz.Simpl.DefaultThreadPool', size: 10 
## 2024-09-06 14:11:38,266 [1] INFO  (null) Using job store 'Quartz.Simpl.RAMJobStore', supports persistence: False, clustered: False 
## 2024-09-06 14:11:38,268 [1] INFO  (null) JobFactory set to: QuartzJobLibrary.SingletonJobFactory 
## 2024-09-06 14:11:38,329 [1] INFO  (null) Scheduler DefaultQuartzScheduler_$_NON_CLUSTERED started. 
## 2024-09-06 14:11:39,420 [1] INFO  (null) Now listening on: http://localhost:5283 
## 2024-09-06 14:11:39,427 [1] INFO  (null) Application started. Press Ctrl+C to shut down. 
## 2024-09-06 14:11:39,430 [1] INFO  (null) Hosting environment: Development 
## 2024-09-06 14:11:39,432 [1] INFO  (null) Content root path: D:\database\AestheticsLink (2)\AestheticsLink\WebAPI\ 
## 2024-09-06 14:11:58,642 [16] INFO  (null) CORS policy execution successful. 
## 2024-09-06 14:12:12,066 [16] INFO  (null) CORS policy execution successful. 
## 2024-09-06 14:12:26,954 [1] INFO  (null) Default Quartz.NET properties loaded from embedded resource file 
## 2024-09-06 14:12:27,028 [1] INFO  (null) Initialized Scheduler Signaller of type: Quartz.Core.SchedulerSignalerImpl 
## 2024-09-06 14:12:27,028 [1] INFO  (null) Quartz Scheduler created 
## 2024-09-06 14:12:27,033 [1] INFO  (null) RAMJobStore initialized. 
## 2024-09-06 14:12:27,034 [1] INFO  (null) Quartz Scheduler 3.13.0.0 - 'DefaultQuartzScheduler' with instanceId 'NON_CLUSTERED' initialized 
## 2024-09-06 14:12:27,035 [1] INFO  (null) Using thread pool 'Quartz.Simpl.DefaultThreadPool', size: 10 
## 2024-09-06 14:12:27,035 [1] INFO  (null) Using job store 'Quartz.Simpl.RAMJobStore', supports persistence: False, clustered: False 
## 2024-09-06 14:12:27,037 [1] INFO  (null) JobFactory set to: QuartzJobLibrary.SingletonJobFactory 
## 2024-09-06 14:12:27,084 [1] INFO  (null) Scheduler DefaultQuartzScheduler_$_NON_CLUSTERED started. 
## 2024-09-06 14:12:28,147 [1] INFO  (null) Now listening on: http://localhost:5283 
## 2024-09-06 14:12:28,155 [1] INFO  (null) Application started. Press Ctrl+C to shut down. 
## 2024-09-06 14:12:28,159 [1] INFO  (null) Hosting environment: Development 
## 2024-09-06 14:12:28,161 [1] INFO  (null) Content root path: D:\database\AestheticsLink (2)\AestheticsLink\WebAPI\ 
## 2024-09-06 14:12:42,231 [5] INFO  (null) CORS policy execution successful. 
## 2024-09-06 14:13:50,297 [1] INFO  (null) Default Quartz.NET properties loaded from embedded resource file 
## 2024-09-06 14:13:50,373 [1] INFO  (null) Initialized Scheduler Signaller of type: Quartz.Core.SchedulerSignalerImpl 
## 2024-09-06 14:13:50,374 [1] INFO  (null) Quartz Scheduler created 
## 2024-09-06 14:13:50,380 [1] INFO  (null) RAMJobStore initialized. 
## 2024-09-06 14:13:50,382 [1] INFO  (null) Quartz Scheduler 3.13.0.0 - 'DefaultQuartzScheduler' with instanceId 'NON_CLUSTERED' initialized 
## 2024-09-06 14:13:50,383 [1] INFO  (null) Using thread pool 'Quartz.Simpl.DefaultThreadPool', size: 10 
## 2024-09-06 14:13:50,385 [1] INFO  (null) Using job store 'Quartz.Simpl.RAMJobStore', supports persistence: False, clustered: False 
## 2024-09-06 14:13:50,388 [1] INFO  (null) JobFactory set to: QuartzJobLibrary.SingletonJobFactory 
## 2024-09-06 14:13:50,437 [1] INFO  (null) Scheduler DefaultQuartzScheduler_$_NON_CLUSTERED started. 
## 2024-09-06 14:13:51,555 [1] INFO  (null) Now listening on: http://localhost:5283 
## 2024-09-06 14:13:51,564 [1] INFO  (null) Application started. Press Ctrl+C to shut down. 
## 2024-09-06 14:13:51,567 [1] INFO  (null) Hosting environment: Development 
## 2024-09-06 14:13:51,569 [1] INFO  (null) Content root path: D:\database\AestheticsLink (2)\AestheticsLink\WebAPI\ 
## 2024-09-06 14:14:05,924 [13] INFO  (null) CORS policy execution successful. 
## 2024-09-06 14:16:32,306 [1] INFO  (null) Default Quartz.NET properties loaded from embedded resource file 
## 2024-09-06 14:16:32,408 [1] INFO  (null) Initialized Scheduler Signaller of type: Quartz.Core.SchedulerSignalerImpl 
## 2024-09-06 14:16:32,409 [1] INFO  (null) Quartz Scheduler created 
## 2024-09-06 14:16:32,415 [1] INFO  (null) RAMJobStore initialized. 
## 2024-09-06 14:16:32,417 [1] INFO  (null) Quartz Scheduler 3.13.0.0 - 'DefaultQuartzScheduler' with instanceId 'NON_CLUSTERED' initialized 
## 2024-09-06 14:16:32,418 [1] INFO  (null) Using thread pool 'Quartz.Simpl.DefaultThreadPool', size: 10 
## 2024-09-06 14:16:32,419 [1] INFO  (null) Using job store 'Quartz.Simpl.RAMJobStore', supports persistence: False, clustered: False 
## 2024-09-06 14:16:32,421 [1] INFO  (null) JobFactory set to: QuartzJobLibrary.SingletonJobFactory 
## 2024-09-06 14:16:32,472 [1] INFO  (null) Scheduler DefaultQuartzScheduler_$_NON_CLUSTERED started. 
## 2024-09-06 14:16:33,600 [1] INFO  (null) Now listening on: http://localhost:5283 
## 2024-09-06 14:16:33,608 [1] INFO  (null) Application started. Press Ctrl+C to shut down. 
## 2024-09-06 14:16:33,612 [1] INFO  (null) Hosting environment: Development 
## 2024-09-06 14:16:33,614 [1] INFO  (null) Content root path: D:\database\AestheticsLink (2)\AestheticsLink\WebAPI\ 
## 2024-09-06 14:16:39,863 [20] INFO  (null) CORS policy execution successful. 
## 2024-09-06 14:17:00,334 [1] INFO  (null) Default Quartz.NET properties loaded from embedded resource file 
## 2024-09-06 14:17:00,416 [1] INFO  (null) Initialized Scheduler Signaller of type: Quartz.Core.SchedulerSignalerImpl 
## 2024-09-06 14:17:00,418 [1] INFO  (null) Quartz Scheduler created 
## 2024-09-06 14:17:00,422 [1] INFO  (null) RAMJobStore initialized. 
## 2024-09-06 14:17:00,424 [1] INFO  (null) Quartz Scheduler 3.13.0.0 - 'DefaultQuartzScheduler' with instanceId 'NON_CLUSTERED' initialized 
## 2024-09-06 14:17:00,425 [1] INFO  (null) Using thread pool 'Quartz.Simpl.DefaultThreadPool', size: 10 
## 2024-09-06 14:17:00,426 [1] INFO  (null) Using job store 'Quartz.Simpl.RAMJobStore', supports persistence: False, clustered: False 
## 2024-09-06 14:17:00,429 [1] INFO  (null) JobFactory set to: QuartzJobLibrary.SingletonJobFactory 
## 2024-09-06 14:17:00,476 [1] INFO  (null) Scheduler DefaultQuartzScheduler_$_NON_CLUSTERED started. 
## 2024-09-06 14:17:01,554 [1] INFO  (null) Now listening on: http://localhost:5283 
## 2024-09-06 14:17:01,561 [1] INFO  (null) Application started. Press Ctrl+C to shut down. 
## 2024-09-06 14:17:01,564 [1] INFO  (null) Hosting environment: Development 
## 2024-09-06 14:17:01,566 [1] INFO  (null) Content root path: D:\database\AestheticsLink (2)\AestheticsLink\WebAPI\ 
## 2024-09-06 14:17:09,441 [3] INFO  (null) CORS policy execution successful. 
## 2024-09-06 14:24:41,040 [23] INFO  (null) CORS policy execution successful. 
## 2024-09-06 14:24:47,618 [27] INFO  (null) CORS policy execution successful. 
## 2024-09-06 14:25:22,267 [35] INFO  (null) CORS policy execution successful. 
## 2024-09-06 14:25:34,323 [38] INFO  (null) CORS policy execution successful. 
## 2024-09-06 14:26:07,613 [40] INFO  (null) CORS policy execution successful. 
## 2024-09-06 14:26:11,809 [40] INFO  (null) CORS policy execution successful. 
## 2024-09-06 14:39:14,885 [1] INFO  (null) Default Quartz.NET properties loaded from embedded resource file 
## 2024-09-06 14:39:14,927 [1] INFO  (null) Initialized Scheduler Signaller of type: Quartz.Core.SchedulerSignalerImpl 
## 2024-09-06 14:39:14,928 [1] INFO  (null) Quartz Scheduler created 
## 2024-09-06 14:39:14,929 [1] INFO  (null) RAMJobStore initialized. 
## 2024-09-06 14:39:14,932 [1] INFO  (null) Quartz Scheduler 3.13.0.0 - 'DefaultQuartzScheduler' with instanceId 'NON_CLUSTERED' initialized 
## 2024-09-06 14:39:14,933 [1] INFO  (null) Using thread pool 'Quartz.Simpl.DefaultThreadPool', size: 10 
## 2024-09-06 14:39:14,934 [1] INFO  (null) Using job store 'Quartz.Simpl.RAMJobStore', supports persistence: False, clustered: False 
## 2024-09-06 14:39:14,935 [1] INFO  (null) JobFactory set to: QuartzJobLibrary.SingletonJobFactory 
## 2024-09-06 14:39:14,963 [1] INFO  (null) Scheduler DefaultQuartzScheduler_$_NON_CLUSTERED started. 
## 2024-09-06 14:39:16,885 [1] INFO  (null) Now listening on: http://localhost:5283 
## 2024-09-06 14:39:16,888 [1] INFO  (null) Application started. Press Ctrl+C to shut down. 
## 2024-09-06 14:39:16,890 [1] INFO  (null) Hosting environment: Development 
## 2024-09-06 14:39:16,891 [1] INFO  (null) Content root path: D:\database\AestheticsLink (2)\AestheticsLink\WebAPI\ 
## 2024-09-06 14:39:33,134 [15] INFO  (null) CORS policy execution successful. 
## 2024-09-06 14:40:31,062 [1] INFO  (null) Default Quartz.NET properties loaded from embedded resource file 
## 2024-09-06 14:40:31,105 [1] INFO  (null) Initialized Scheduler Signaller of type: Quartz.Core.SchedulerSignalerImpl 
## 2024-09-06 14:40:31,106 [1] INFO  (null) Quartz Scheduler created 
## 2024-09-06 14:40:31,115 [1] INFO  (null) RAMJobStore initialized. 
## 2024-09-06 14:40:31,116 [1] INFO  (null) Quartz Scheduler 3.13.0.0 - 'DefaultQuartzScheduler' with instanceId 'NON_CLUSTERED' initialized 
## 2024-09-06 14:40:31,119 [1] INFO  (null) Using thread pool 'Quartz.Simpl.DefaultThreadPool', size: 10 
## 2024-09-06 14:40:31,125 [1] INFO  (null) Using job store 'Quartz.Simpl.RAMJobStore', supports persistence: False, clustered: False 
## 2024-09-06 14:40:31,126 [1] INFO  (null) JobFactory set to: QuartzJobLibrary.SingletonJobFactory 
## 2024-09-06 14:40:31,154 [1] INFO  (null) Scheduler DefaultQuartzScheduler_$_NON_CLUSTERED started. 
## 2024-09-06 14:40:31,792 [1] INFO  (null) Now listening on: http://localhost:5283 
## 2024-09-06 14:40:31,795 [1] INFO  (null) Application started. Press Ctrl+C to shut down. 
## 2024-09-06 14:40:31,801 [1] INFO  (null) Hosting environment: Development 
## 2024-09-06 14:40:31,803 [1] INFO  (null) Content root path: D:\database\AestheticsLink (2)\AestheticsLink\WebAPI\ 
## 2024-09-06 14:41:12,720 [26] INFO  (null) CORS policy execution successful. 
## 2024-09-06 14:41:16,727 [25] INFO  (null) CORS policy execution successful. 
## 2024-09-06 14:51:34,086 [1] INFO  (null) Default Quartz.NET properties loaded from embedded resource file 
## 2024-09-06 14:51:34,130 [1] INFO  (null) Initialized Scheduler Signaller of type: Quartz.Core.SchedulerSignalerImpl 
## 2024-09-06 14:51:34,131 [1] INFO  (null) Quartz Scheduler created 
## 2024-09-06 14:51:34,132 [1] INFO  (null) RAMJobStore initialized. 
## 2024-09-06 14:51:34,133 [1] INFO  (null) Quartz Scheduler 3.13.0.0 - 'DefaultQuartzScheduler' with instanceId 'NON_CLUSTERED' initialized 
## 2024-09-06 14:51:34,134 [1] INFO  (null) Using thread pool 'Quartz.Simpl.DefaultThreadPool', size: 10 
## 2024-09-06 14:51:34,135 [1] INFO  (null) Using job store 'Quartz.Simpl.RAMJobStore', supports persistence: False, clustered: False 
## 2024-09-06 14:51:34,136 [1] INFO  (null) JobFactory set to: QuartzJobLibrary.SingletonJobFactory 
## 2024-09-06 14:51:34,163 [1] INFO  (null) Scheduler DefaultQuartzScheduler_$_NON_CLUSTERED started. 
## 2024-09-06 14:51:34,793 [1] INFO  (null) Now listening on: http://localhost:5283 
## 2024-09-06 14:51:34,796 [1] INFO  (null) Application started. Press Ctrl+C to shut down. 
## 2024-09-06 14:51:34,801 [1] INFO  (null) Hosting environment: Development 
## 2024-09-06 14:51:34,803 [1] INFO  (null) Content root path: D:\database\AestheticsLink (2)\AestheticsLink\WebAPI\ 
## 2024-09-06 14:52:04,174 [8] INFO  (null) CORS policy execution successful. 
## 2024-09-06 14:52:07,849 [9] INFO  (null) CORS policy execution successful. 
## 2024-09-06 14:52:13,106 [1] INFO  (null) Default Quartz.NET properties loaded from embedded resource file 
## 2024-09-06 14:52:13,185 [1] INFO  (null) Initialized Scheduler Signaller of type: Quartz.Core.SchedulerSignalerImpl 
## 2024-09-06 14:52:13,185 [1] INFO  (null) Quartz Scheduler created 
## 2024-09-06 14:52:13,193 [1] INFO  (null) RAMJobStore initialized. 
## 2024-09-06 14:52:13,194 [1] INFO  (null) Quartz Scheduler 3.13.0.0 - 'DefaultQuartzScheduler' with instanceId 'NON_CLUSTERED' initialized 
## 2024-09-06 14:52:13,195 [1] INFO  (null) Using thread pool 'Quartz.Simpl.DefaultThreadPool', size: 10 
## 2024-09-06 14:52:13,196 [1] INFO  (null) Using job store 'Quartz.Simpl.RAMJobStore', supports persistence: False, clustered: False 
## 2024-09-06 14:52:13,198 [1] INFO  (null) JobFactory set to: QuartzJobLibrary.SingletonJobFactory 
## 2024-09-06 14:52:13,251 [1] INFO  (null) Scheduler DefaultQuartzScheduler_$_NON_CLUSTERED started. 
## 2024-09-06 14:52:14,301 [1] INFO  (null) Now listening on: http://localhost:5283 
## 2024-09-06 14:52:14,308 [1] INFO  (null) Application started. Press Ctrl+C to shut down. 
## 2024-09-06 14:52:14,311 [1] INFO  (null) Hosting environment: Development 
## 2024-09-06 14:52:14,313 [1] INFO  (null) Content root path: D:\database\AestheticsLink (2)\AestheticsLink\WebAPI\ 
## 2024-09-06 14:52:20,097 [3] INFO  (null) CORS policy execution successful. 
## 2024-09-06 14:52:29,484 [20] INFO  (null) CORS policy execution successful. 
## 2024-09-06 14:53:04,766 [25] INFO  (null) CORS policy execution successful. 
## 2024-09-06 14:53:11,963 [1] INFO  (null) Default Quartz.NET properties loaded from embedded resource file 
## 2024-09-06 14:53:12,039 [1] INFO  (null) Initialized Scheduler Signaller of type: Quartz.Core.SchedulerSignalerImpl 
## 2024-09-06 14:53:12,040 [1] INFO  (null) Quartz Scheduler created 
## 2024-09-06 14:53:12,045 [1] INFO  (null) RAMJobStore initialized. 
## 2024-09-06 14:53:12,047 [1] INFO  (null) Quartz Scheduler 3.13.0.0 - 'DefaultQuartzScheduler' with instanceId 'NON_CLUSTERED' initialized 
## 2024-09-06 14:53:12,047 [1] INFO  (null) Using thread pool 'Quartz.Simpl.DefaultThreadPool', size: 10 
## 2024-09-06 14:53:12,048 [1] INFO  (null) Using job store 'Quartz.Simpl.RAMJobStore', supports persistence: False, clustered: False 
## 2024-09-06 14:53:12,049 [1] INFO  (null) JobFactory set to: QuartzJobLibrary.SingletonJobFactory 
## 2024-09-06 14:53:12,099 [1] INFO  (null) Scheduler DefaultQuartzScheduler_$_NON_CLUSTERED started. 
## 2024-09-06 14:53:13,212 [1] INFO  (null) Now listening on: http://localhost:5283 
## 2024-09-06 14:53:13,222 [1] INFO  (null) Application started. Press Ctrl+C to shut down. 
## 2024-09-06 14:53:13,226 [1] INFO  (null) Hosting environment: Development 
## 2024-09-06 14:53:13,229 [1] INFO  (null) Content root path: D:\database\AestheticsLink (2)\AestheticsLink\WebAPI\ 
## 2024-09-06 14:53:24,346 [16] INFO  (null) CORS policy execution successful. 
## 2024-09-06 14:53:46,508 [20] INFO  (null) CORS policy execution successful. 
## 2024-09-06 14:53:51,955 [21] INFO  (null) CORS policy execution successful. 
## 2024-09-06 14:54:21,849 [25] INFO  (null) CORS policy execution successful. 
## 2024-09-06 14:57:04,334 [1] INFO  (null) Default Quartz.NET properties loaded from embedded resource file 
## 2024-09-06 14:57:04,407 [1] INFO  (null) Initialized Scheduler Signaller of type: Quartz.Core.SchedulerSignalerImpl 
## 2024-09-06 14:57:04,411 [1] INFO  (null) Quartz Scheduler created 
## 2024-09-06 14:57:04,412 [1] INFO  (null) RAMJobStore initialized. 
## 2024-09-06 14:57:04,414 [1] INFO  (null) Quartz Scheduler 3.13.0.0 - 'DefaultQuartzScheduler' with instanceId 'NON_CLUSTERED' initialized 
## 2024-09-06 14:57:04,415 [1] INFO  (null) Using thread pool 'Quartz.Simpl.DefaultThreadPool', size: 10 
## 2024-09-06 14:57:04,416 [1] INFO  (null) Using job store 'Quartz.Simpl.RAMJobStore', supports persistence: False, clustered: False 
## 2024-09-06 14:57:04,418 [1] INFO  (null) JobFactory set to: QuartzJobLibrary.SingletonJobFactory 
## 2024-09-06 14:57:04,467 [1] INFO  (null) Scheduler DefaultQuartzScheduler_$_NON_CLUSTERED started. 
## 2024-09-06 14:57:05,500 [1] INFO  (null) Now listening on: http://localhost:5283 
## 2024-09-06 14:57:05,508 [1] INFO  (null) Application started. Press Ctrl+C to shut down. 
## 2024-09-06 14:57:05,515 [1] INFO  (null) Hosting environment: Development 
## 2024-09-06 14:57:05,517 [1] INFO  (null) Content root path: D:\database\AestheticsLink (2)\AestheticsLink\WebAPI\ 
## 2024-09-06 14:57:40,452 [25] INFO  (null) CORS policy execution successful. 
## 2024-09-06 14:57:44,872 [25] INFO  (null) CORS policy execution successful. 
## 2024-09-06 16:30:55,946 [1] INFO  (null) Default Quartz.NET properties loaded from embedded resource file 
## 2024-09-06 16:30:56,040 [1] INFO  (null) Initialized Scheduler Signaller of type: Quartz.Core.SchedulerSignalerImpl 
## 2024-09-06 16:30:56,044 [1] INFO  (null) Quartz Scheduler created 
## 2024-09-06 16:30:56,045 [1] INFO  (null) RAMJobStore initialized. 
## 2024-09-06 16:30:56,054 [1] INFO  (null) Quartz Scheduler 3.13.0.0 - 'DefaultQuartzScheduler' with instanceId 'NON_CLUSTERED' initialized 
## 2024-09-06 16:30:56,062 [1] INFO  (null) Using thread pool 'Quartz.Simpl.DefaultThreadPool', size: 10 
## 2024-09-06 16:30:56,063 [1] INFO  (null) Using job store 'Quartz.Simpl.RAMJobStore', supports persistence: False, clustered: False 
## 2024-09-06 16:30:56,064 [1] INFO  (null) JobFactory set to: QuartzJobLibrary.SingletonJobFactory 
## 2024-09-06 16:30:56,126 [1] INFO  (null) Scheduler DefaultQuartzScheduler_$_NON_CLUSTERED started. 
## 2024-09-06 16:30:58,100 [1] INFO  (null) Now listening on: http://localhost:5283 
## 2024-09-06 16:30:58,110 [1] INFO  (null) Application started. Press Ctrl+C to shut down. 
## 2024-09-06 16:30:58,114 [1] INFO  (null) Hosting environment: Development 
## 2024-09-06 16:30:58,117 [1] INFO  (null) Content root path: D:\database\AestheticsLink (2)\AestheticsLink\WebAPI\ 
## 2024-09-06 16:39:20,231 [1] INFO  (null) Default Quartz.NET properties loaded from embedded resource file 
## 2024-09-06 16:39:20,284 [1] INFO  (null) Initialized Scheduler Signaller of type: Quartz.Core.SchedulerSignalerImpl 
## 2024-09-06 16:39:20,285 [1] INFO  (null) Quartz Scheduler created 
## 2024-09-06 16:39:20,287 [1] INFO  (null) RAMJobStore initialized. 
## 2024-09-06 16:39:20,288 [1] INFO  (null) Quartz Scheduler 3.13.0.0 - 'DefaultQuartzScheduler' with instanceId 'NON_CLUSTERED' initialized 
## 2024-09-06 16:39:20,289 [1] INFO  (null) Using thread pool 'Quartz.Simpl.DefaultThreadPool', size: 10 
## 2024-09-06 16:39:20,289 [1] INFO  (null) Using job store 'Quartz.Simpl.RAMJobStore', supports persistence: False, clustered: False 
## 2024-09-06 16:39:20,290 [1] INFO  (null) JobFactory set to: QuartzJobLibrary.SingletonJobFactory 
## 2024-09-06 16:39:20,316 [1] INFO  (null) Scheduler DefaultQuartzScheduler_$_NON_CLUSTERED started. 
## 2024-09-06 16:39:21,037 [1] INFO  (null) Now listening on: http://localhost:5283 
## 2024-09-06 16:39:21,039 [1] INFO  (null) Application started. Press Ctrl+C to shut down. 
## 2024-09-06 16:39:21,040 [1] INFO  (null) Hosting environment: Development 
## 2024-09-06 16:39:21,041 [1] INFO  (null) Content root path: D:\database\AestheticsLink (2)\AestheticsLink\WebAPI\ 
## 2024-09-06 16:44:22,838 [1] INFO  (null) Default Quartz.NET properties loaded from embedded resource file 
## 2024-09-06 16:44:22,912 [1] INFO  (null) Initialized Scheduler Signaller of type: Quartz.Core.SchedulerSignalerImpl 
## 2024-09-06 16:44:22,916 [1] INFO  (null) Quartz Scheduler created 
## 2024-09-06 16:44:22,917 [1] INFO  (null) RAMJobStore initialized. 
## 2024-09-06 16:44:22,918 [1] INFO  (null) Quartz Scheduler 3.13.0.0 - 'DefaultQuartzScheduler' with instanceId 'NON_CLUSTERED' initialized 
## 2024-09-06 16:44:22,918 [1] INFO  (null) Using thread pool 'Quartz.Simpl.DefaultThreadPool', size: 10 
## 2024-09-06 16:44:22,919 [1] INFO  (null) Using job store 'Quartz.Simpl.RAMJobStore', supports persistence: False, clustered: False 
## 2024-09-06 16:44:22,920 [1] INFO  (null) JobFactory set to: QuartzJobLibrary.SingletonJobFactory 
## 2024-09-06 16:44:22,963 [1] INFO  (null) Scheduler DefaultQuartzScheduler_$_NON_CLUSTERED started. 
## 2024-09-06 16:44:24,480 [1] INFO  (null) Now listening on: http://localhost:5283 
## 2024-09-06 16:44:24,488 [1] INFO  (null) Application started. Press Ctrl+C to shut down. 
## 2024-09-06 16:44:24,490 [1] INFO  (null) Hosting environment: Development 
## 2024-09-06 16:44:24,493 [1] INFO  (null) Content root path: D:\database\AestheticsLink (2)\AestheticsLink\WebAPI\ 
## 2024-09-06 16:44:41,885 [3] INFO  (null) CORS policy execution successful. 
## 2024-09-06 17:07:15,552 [1] INFO  (null) Default Quartz.NET properties loaded from embedded resource file 
## 2024-09-06 17:07:15,597 [1] INFO  (null) Initialized Scheduler Signaller of type: Quartz.Core.SchedulerSignalerImpl 
## 2024-09-06 17:07:15,598 [1] INFO  (null) Quartz Scheduler created 
## 2024-09-06 17:07:15,599 [1] INFO  (null) RAMJobStore initialized. 
## 2024-09-06 17:07:15,600 [1] INFO  (null) Quartz Scheduler 3.13.0.0 - 'DefaultQuartzScheduler' with instanceId 'NON_CLUSTERED' initialized 
## 2024-09-06 17:07:15,600 [1] INFO  (null) Using thread pool 'Quartz.Simpl.DefaultThreadPool', size: 10 
## 2024-09-06 17:07:15,601 [1] INFO  (null) Using job store 'Quartz.Simpl.RAMJobStore', supports persistence: False, clustered: False 
## 2024-09-06 17:07:15,602 [1] INFO  (null) JobFactory set to: QuartzJobLibrary.SingletonJobFactory 
## 2024-09-06 17:07:15,632 [1] INFO  (null) Scheduler DefaultQuartzScheduler_$_NON_CLUSTERED started. 
## 2024-09-06 17:07:16,255 [1] INFO  (null) Now listening on: http://localhost:5283 
## 2024-09-06 17:07:16,262 [1] INFO  (null) Application started. Press Ctrl+C to shut down. 
## 2024-09-06 17:07:16,268 [1] INFO  (null) Hosting environment: Development 
## 2024-09-06 17:07:16,269 [1] INFO  (null) Content root path: D:\database\AestheticsLink (2)\AestheticsLink\WebAPI\ 
## 2024-09-06 17:09:18,104 [1] INFO  (null) Default Quartz.NET properties loaded from embedded resource file 
## 2024-09-06 17:09:18,200 [1] INFO  (null) Initialized Scheduler Signaller of type: Quartz.Core.SchedulerSignalerImpl 
## 2024-09-06 17:09:18,200 [1] INFO  (null) Quartz Scheduler created 
## 2024-09-06 17:09:18,210 [1] INFO  (null) RAMJobStore initialized. 
## 2024-09-06 17:09:18,211 [1] INFO  (null) Quartz Scheduler 3.13.0.0 - 'DefaultQuartzScheduler' with instanceId 'NON_CLUSTERED' initialized 
## 2024-09-06 17:09:18,212 [1] INFO  (null) Using thread pool 'Quartz.Simpl.DefaultThreadPool', size: 10 
## 2024-09-06 17:09:18,213 [1] INFO  (null) Using job store 'Quartz.Simpl.RAMJobStore', supports persistence: False, clustered: False 
## 2024-09-06 17:09:18,214 [1] INFO  (null) JobFactory set to: QuartzJobLibrary.SingletonJobFactory 
## 2024-09-06 17:09:18,258 [1] INFO  (null) Scheduler DefaultQuartzScheduler_$_NON_CLUSTERED started. 
## 2024-09-06 17:09:19,864 [1] INFO  (null) Now listening on: http://localhost:5283 
## 2024-09-06 17:09:19,880 [1] INFO  (null) Application started. Press Ctrl+C to shut down. 
## 2024-09-06 17:09:19,885 [1] INFO  (null) Hosting environment: Development 
## 2024-09-06 17:09:19,888 [1] INFO  (null) Content root path: D:\database\AestheticsLink (2)\AestheticsLink\WebAPI\ 
## 2024-09-06 17:10:45,310 [1] INFO  (null) Default Quartz.NET properties loaded from embedded resource file 
## 2024-09-06 17:10:45,433 [1] INFO  (null) Initialized Scheduler Signaller of type: Quartz.Core.SchedulerSignalerImpl 
## 2024-09-06 17:10:45,434 [1] INFO  (null) Quartz Scheduler created 
## 2024-09-06 17:10:45,442 [1] INFO  (null) RAMJobStore initialized. 
## 2024-09-06 17:10:45,444 [1] INFO  (null) Quartz Scheduler 3.13.0.0 - 'DefaultQuartzScheduler' with instanceId 'NON_CLUSTERED' initialized 
## 2024-09-06 17:10:45,445 [1] INFO  (null) Using thread pool 'Quartz.Simpl.DefaultThreadPool', size: 10 
## 2024-09-06 17:10:45,445 [1] INFO  (null) Using job store 'Quartz.Simpl.RAMJobStore', supports persistence: False, clustered: False 
## 2024-09-06 17:10:45,447 [1] INFO  (null) JobFactory set to: QuartzJobLibrary.SingletonJobFactory 
## 2024-09-06 17:10:45,513 [1] INFO  (null) Scheduler DefaultQuartzScheduler_$_NON_CLUSTERED started. 
## 2024-09-06 17:10:46,506 [1] INFO  (null) Now listening on: http://localhost:5283 
## 2024-09-06 17:10:46,518 [1] INFO  (null) Application started. Press Ctrl+C to shut down. 
## 2024-09-06 17:10:46,520 [1] INFO  (null) Hosting environment: Development 
## 2024-09-06 17:10:46,523 [1] INFO  (null) Content root path: D:\database\AestheticsLink (2)\AestheticsLink\WebAPI\ 
## 2024-09-06 17:11:19,310 [1] INFO  (null) Default Quartz.NET properties loaded from embedded resource file 
## 2024-09-06 17:11:19,402 [1] INFO  (null) Initialized Scheduler Signaller of type: Quartz.Core.SchedulerSignalerImpl 
## 2024-09-06 17:11:19,405 [1] INFO  (null) Quartz Scheduler created 
## 2024-09-06 17:11:19,410 [1] INFO  (null) RAMJobStore initialized. 
## 2024-09-06 17:11:19,411 [1] INFO  (null) Quartz Scheduler 3.13.0.0 - 'DefaultQuartzScheduler' with instanceId 'NON_CLUSTERED' initialized 
## 2024-09-06 17:11:19,411 [1] INFO  (null) Using thread pool 'Quartz.Simpl.DefaultThreadPool', size: 10 
## 2024-09-06 17:11:19,412 [1] INFO  (null) Using job store 'Quartz.Simpl.RAMJobStore', supports persistence: False, clustered: False 
## 2024-09-06 17:11:19,413 [1] INFO  (null) JobFactory set to: QuartzJobLibrary.SingletonJobFactory 
## 2024-09-06 17:11:19,465 [1] INFO  (null) Scheduler DefaultQuartzScheduler_$_NON_CLUSTERED started. 
## 2024-09-06 17:11:20,351 [1] INFO  (null) Now listening on: http://localhost:5283 
## 2024-09-06 17:11:20,362 [1] INFO  (null) Application started. Press Ctrl+C to shut down. 
## 2024-09-06 17:11:20,365 [1] INFO  (null) Hosting environment: Development 
## 2024-09-06 17:11:20,367 [1] INFO  (null) Content root path: D:\database\AestheticsLink (2)\AestheticsLink\WebAPI\ 
## 2024-09-06 17:11:58,462 [1] INFO  (null) Default Quartz.NET properties loaded from embedded resource file 
## 2024-09-06 17:11:58,576 [1] INFO  (null) Initialized Scheduler Signaller of type: Quartz.Core.SchedulerSignalerImpl 
## 2024-09-06 17:11:58,598 [1] INFO  (null) Quartz Scheduler created 
## 2024-09-06 17:11:58,603 [1] INFO  (null) RAMJobStore initialized. 
## 2024-09-06 17:11:58,604 [1] INFO  (null) Quartz Scheduler 3.13.0.0 - 'DefaultQuartzScheduler' with instanceId 'NON_CLUSTERED' initialized 
## 2024-09-06 17:11:58,604 [1] INFO  (null) Using thread pool 'Quartz.Simpl.DefaultThreadPool', size: 10 
## 2024-09-06 17:11:58,605 [1] INFO  (null) Using job store 'Quartz.Simpl.RAMJobStore', supports persistence: False, clustered: False 
## 2024-09-06 17:11:58,607 [1] INFO  (null) JobFactory set to: QuartzJobLibrary.SingletonJobFactory 
## 2024-09-06 17:11:58,655 [1] INFO  (null) Scheduler DefaultQuartzScheduler_$_NON_CLUSTERED started. 
## 2024-09-06 17:11:59,643 [1] INFO  (null) Now listening on: http://localhost:5283 
## 2024-09-06 17:11:59,654 [1] INFO  (null) Application started. Press Ctrl+C to shut down. 
## 2024-09-06 17:11:59,656 [1] INFO  (null) Hosting environment: Development 
## 2024-09-06 17:11:59,658 [1] INFO  (null) Content root path: D:\database\AestheticsLink (2)\AestheticsLink\WebAPI\ 
## 2024-09-06 17:12:25,383 [1] INFO  (null) Default Quartz.NET properties loaded from embedded resource file 
## 2024-09-06 17:12:25,481 [1] INFO  (null) Initialized Scheduler Signaller of type: Quartz.Core.SchedulerSignalerImpl 
## 2024-09-06 17:12:25,482 [1] INFO  (null) Quartz Scheduler created 
## 2024-09-06 17:12:25,489 [1] INFO  (null) RAMJobStore initialized. 
## 2024-09-06 17:12:25,491 [1] INFO  (null) Quartz Scheduler 3.13.0.0 - 'DefaultQuartzScheduler' with instanceId 'NON_CLUSTERED' initialized 
## 2024-09-06 17:12:25,492 [1] INFO  (null) Using thread pool 'Quartz.Simpl.DefaultThreadPool', size: 10 
## 2024-09-06 17:12:25,493 [1] INFO  (null) Using job store 'Quartz.Simpl.RAMJobStore', supports persistence: False, clustered: False 
## 2024-09-06 17:12:25,495 [1] INFO  (null) JobFactory set to: QuartzJobLibrary.SingletonJobFactory 
## 2024-09-06 17:12:25,566 [1] INFO  (null) Scheduler DefaultQuartzScheduler_$_NON_CLUSTERED started. 
## 2024-09-06 17:12:26,549 [1] INFO  (null) Now listening on: http://localhost:5283 
## 2024-09-06 17:12:26,559 [1] INFO  (null) Application started. Press Ctrl+C to shut down. 
## 2024-09-06 17:12:26,587 [1] INFO  (null) Hosting environment: Development 
## 2024-09-06 17:12:26,637 [1] INFO  (null) Content root path: D:\database\AestheticsLink (2)\AestheticsLink\WebAPI\ 
## 2024-09-06 17:12:52,431 [1] INFO  (null) Default Quartz.NET properties loaded from embedded resource file 
## 2024-09-06 17:12:52,475 [1] INFO  (null) Initialized Scheduler Signaller of type: Quartz.Core.SchedulerSignalerImpl 
## 2024-09-06 17:12:52,477 [1] INFO  (null) Quartz Scheduler created 
## 2024-09-06 17:12:52,478 [1] INFO  (null) RAMJobStore initialized. 
## 2024-09-06 17:12:52,480 [1] INFO  (null) Quartz Scheduler 3.13.0.0 - 'DefaultQuartzScheduler' with instanceId 'NON_CLUSTERED' initialized 
## 2024-09-06 17:12:52,480 [1] INFO  (null) Using thread pool 'Quartz.Simpl.DefaultThreadPool', size: 10 
## 2024-09-06 17:12:52,481 [1] INFO  (null) Using job store 'Quartz.Simpl.RAMJobStore', supports persistence: False, clustered: False 
## 2024-09-06 17:12:52,485 [1] INFO  (null) JobFactory set to: QuartzJobLibrary.SingletonJobFactory 
## 2024-09-06 17:12:52,521 [1] INFO  (null) Scheduler DefaultQuartzScheduler_$_NON_CLUSTERED started. 
## 2024-09-06 17:12:53,088 [1] INFO  (null) Now listening on: http://localhost:5283 
## 2024-09-06 17:12:53,091 [1] INFO  (null) Application started. Press Ctrl+C to shut down. 
## 2024-09-06 17:12:53,092 [1] INFO  (null) Hosting environment: Development 
## 2024-09-06 17:12:53,094 [1] INFO  (null) Content root path: D:\database\AestheticsLink (2)\AestheticsLink\WebAPI\ 
## 2024-09-06 17:13:18,176 [1] INFO  (null) Default Quartz.NET properties loaded from embedded resource file 
## 2024-09-06 17:13:18,256 [1] INFO  (null) Initialized Scheduler Signaller of type: Quartz.Core.SchedulerSignalerImpl 
## 2024-09-06 17:13:18,259 [1] INFO  (null) Quartz Scheduler created 
## 2024-09-06 17:13:18,264 [1] INFO  (null) RAMJobStore initialized. 
## 2024-09-06 17:13:18,266 [1] INFO  (null) Quartz Scheduler 3.13.0.0 - 'DefaultQuartzScheduler' with instanceId 'NON_CLUSTERED' initialized 
## 2024-09-06 17:13:18,266 [1] INFO  (null) Using thread pool 'Quartz.Simpl.DefaultThreadPool', size: 10 
## 2024-09-06 17:13:18,267 [1] INFO  (null) Using job store 'Quartz.Simpl.RAMJobStore', supports persistence: False, clustered: False 
## 2024-09-06 17:13:18,269 [1] INFO  (null) JobFactory set to: QuartzJobLibrary.SingletonJobFactory 
## 2024-09-06 17:13:18,318 [1] INFO  (null) Scheduler DefaultQuartzScheduler_$_NON_CLUSTERED started. 
## 2024-09-06 17:13:19,287 [1] INFO  (null) Now listening on: http://localhost:5283 
## 2024-09-06 17:13:19,298 [1] INFO  (null) Application started. Press Ctrl+C to shut down. 
## 2024-09-06 17:13:19,301 [1] INFO  (null) Hosting environment: Development 
## 2024-09-06 17:13:19,304 [1] INFO  (null) Content root path: D:\database\AestheticsLink (2)\AestheticsLink\WebAPI\ 
## 2024-09-06 17:13:51,479 [1] INFO  (null) Default Quartz.NET properties loaded from embedded resource file 
## 2024-09-06 17:13:51,560 [1] INFO  (null) Initialized Scheduler Signaller of type: Quartz.Core.SchedulerSignalerImpl 
## 2024-09-06 17:13:51,583 [1] INFO  (null) Quartz Scheduler created 
## 2024-09-06 17:13:51,584 [1] INFO  (null) RAMJobStore initialized. 
## 2024-09-06 17:13:51,586 [1] INFO  (null) Quartz Scheduler 3.13.0.0 - 'DefaultQuartzScheduler' with instanceId 'NON_CLUSTERED' initialized 
## 2024-09-06 17:13:51,587 [1] INFO  (null) Using thread pool 'Quartz.Simpl.DefaultThreadPool', size: 10 
## 2024-09-06 17:13:51,588 [1] INFO  (null) Using job store 'Quartz.Simpl.RAMJobStore', supports persistence: False, clustered: False 
## 2024-09-06 17:13:51,591 [1] INFO  (null) JobFactory set to: QuartzJobLibrary.SingletonJobFactory 
## 2024-09-06 17:13:51,665 [1] INFO  (null) Scheduler DefaultQuartzScheduler_$_NON_CLUSTERED started. 
## 2024-09-06 17:13:52,544 [1] INFO  (null) Now listening on: http://localhost:5283 
## 2024-09-06 17:13:52,552 [1] INFO  (null) Application started. Press Ctrl+C to shut down. 
## 2024-09-06 17:13:52,557 [1] INFO  (null) Hosting environment: Development 
## 2024-09-06 17:13:52,570 [1] INFO  (null) Content root path: D:\database\AestheticsLink (2)\AestheticsLink\WebAPI\ 
## 2024-09-06 17:14:30,101 [1] INFO  (null) Default Quartz.NET properties loaded from embedded resource file 
## 2024-09-06 17:14:30,173 [1] INFO  (null) Initialized Scheduler Signaller of type: Quartz.Core.SchedulerSignalerImpl 
## 2024-09-06 17:14:30,174 [1] INFO  (null) Quartz Scheduler created 
## 2024-09-06 17:14:30,179 [1] INFO  (null) RAMJobStore initialized. 
## 2024-09-06 17:14:30,180 [1] INFO  (null) Quartz Scheduler 3.13.0.0 - 'DefaultQuartzScheduler' with instanceId 'NON_CLUSTERED' initialized 
## 2024-09-06 17:14:30,180 [1] INFO  (null) Using thread pool 'Quartz.Simpl.DefaultThreadPool', size: 10 
## 2024-09-06 17:14:30,181 [1] INFO  (null) Using job store 'Quartz.Simpl.RAMJobStore', supports persistence: False, clustered: False 
## 2024-09-06 17:14:30,182 [1] INFO  (null) JobFactory set to: QuartzJobLibrary.SingletonJobFactory 
## 2024-09-06 17:14:30,232 [1] INFO  (null) Scheduler DefaultQuartzScheduler_$_NON_CLUSTERED started. 
## 2024-09-06 17:14:31,081 [1] INFO  (null) Now listening on: http://localhost:5283 
## 2024-09-06 17:14:31,131 [1] INFO  (null) Application started. Press Ctrl+C to shut down. 
## 2024-09-06 17:14:31,152 [1] INFO  (null) Hosting environment: Development 
## 2024-09-06 17:14:31,189 [1] INFO  (null) Content root path: D:\database\AestheticsLink (2)\AestheticsLink\WebAPI\ 
## 2024-09-06 17:15:21,319 [1] INFO  (null) Default Quartz.NET properties loaded from embedded resource file 
## 2024-09-06 17:15:21,435 [1] INFO  (null) Initialized Scheduler Signaller of type: Quartz.Core.SchedulerSignalerImpl 
## 2024-09-06 17:15:21,437 [1] INFO  (null) Quartz Scheduler created 
## 2024-09-06 17:15:21,444 [1] INFO  (null) RAMJobStore initialized. 
## 2024-09-06 17:15:21,446 [1] INFO  (null) Quartz Scheduler 3.13.0.0 - 'DefaultQuartzScheduler' with instanceId 'NON_CLUSTERED' initialized 
## 2024-09-06 17:15:21,447 [1] INFO  (null) Using thread pool 'Quartz.Simpl.DefaultThreadPool', size: 10 
## 2024-09-06 17:15:21,448 [1] INFO  (null) Using job store 'Quartz.Simpl.RAMJobStore', supports persistence: False, clustered: False 
## 2024-09-06 17:15:21,450 [1] INFO  (null) JobFactory set to: QuartzJobLibrary.SingletonJobFactory 
## 2024-09-06 17:15:21,508 [1] INFO  (null) Scheduler DefaultQuartzScheduler_$_NON_CLUSTERED started. 
## 2024-09-06 17:15:22,400 [1] INFO  (null) Now listening on: http://localhost:5283 
## 2024-09-06 17:15:22,410 [1] INFO  (null) Application started. Press Ctrl+C to shut down. 
## 2024-09-06 17:15:22,414 [1] INFO  (null) Hosting environment: Development 
## 2024-09-06 17:15:22,449 [1] INFO  (null) Content root path: D:\database\AestheticsLink (2)\AestheticsLink\WebAPI\ 
## 2024-09-06 17:15:33,484 [1] INFO  (null) Default Quartz.NET properties loaded from embedded resource file 
## 2024-09-06 17:15:33,569 [1] INFO  (null) Initialized Scheduler Signaller of type: Quartz.Core.SchedulerSignalerImpl 
## 2024-09-06 17:15:33,574 [1] INFO  (null) Quartz Scheduler created 
## 2024-09-06 17:15:33,575 [1] INFO  (null) RAMJobStore initialized. 
## 2024-09-06 17:15:33,576 [1] INFO  (null) Quartz Scheduler 3.13.0.0 - 'DefaultQuartzScheduler' with instanceId 'NON_CLUSTERED' initialized 
## 2024-09-06 17:15:33,576 [1] INFO  (null) Using thread pool 'Quartz.Simpl.DefaultThreadPool', size: 10 
## 2024-09-06 17:15:33,577 [1] INFO  (null) Using job store 'Quartz.Simpl.RAMJobStore', supports persistence: False, clustered: False 
## 2024-09-06 17:15:33,578 [1] INFO  (null) JobFactory set to: QuartzJobLibrary.SingletonJobFactory 
## 2024-09-06 17:15:33,623 [1] INFO  (null) Scheduler DefaultQuartzScheduler_$_NON_CLUSTERED started. 
## 2024-09-06 17:15:34,484 [1] INFO  (null) Now listening on: http://localhost:5283 
## 2024-09-06 17:15:34,492 [1] INFO  (null) Application started. Press Ctrl+C to shut down. 
## 2024-09-06 17:15:34,497 [1] INFO  (null) Hosting environment: Development 
## 2024-09-06 17:15:34,498 [1] INFO  (null) Content root path: D:\database\AestheticsLink (2)\AestheticsLink\WebAPI\ 
## 2024-09-06 17:15:47,275 [1] INFO  (null) Default Quartz.NET properties loaded from embedded resource file 
## 2024-09-06 17:15:47,329 [1] INFO  (null) Initialized Scheduler Signaller of type: Quartz.Core.SchedulerSignalerImpl 
## 2024-09-06 17:15:47,330 [1] INFO  (null) Quartz Scheduler created 
## 2024-09-06 17:15:47,332 [1] INFO  (null) RAMJobStore initialized. 
## 2024-09-06 17:15:47,332 [1] INFO  (null) Quartz Scheduler 3.13.0.0 - 'DefaultQuartzScheduler' with instanceId 'NON_CLUSTERED' initialized 
## 2024-09-06 17:15:47,333 [1] INFO  (null) Using thread pool 'Quartz.Simpl.DefaultThreadPool', size: 10 
## 2024-09-06 17:15:47,334 [1] INFO  (null) Using job store 'Quartz.Simpl.RAMJobStore', supports persistence: False, clustered: False 
## 2024-09-06 17:15:47,335 [1] INFO  (null) JobFactory set to: QuartzJobLibrary.SingletonJobFactory 
## 2024-09-06 17:15:47,360 [1] INFO  (null) Scheduler DefaultQuartzScheduler_$_NON_CLUSTERED started. 
## 2024-09-06 17:15:47,887 [1] INFO  (null) Now listening on: http://localhost:5283 
## 2024-09-06 17:15:47,891 [1] INFO  (null) Application started. Press Ctrl+C to shut down. 
## 2024-09-06 17:15:47,892 [1] INFO  (null) Hosting environment: Development 
## 2024-09-06 17:15:47,893 [1] INFO  (null) Content root path: D:\database\AestheticsLink (2)\AestheticsLink\WebAPI\ 
## 2024-09-06 17:15:54,307 [1] INFO  (null) Default Quartz.NET properties loaded from embedded resource file 
## 2024-09-06 17:15:54,403 [1] INFO  (null) Initialized Scheduler Signaller of type: Quartz.Core.SchedulerSignalerImpl 
## 2024-09-06 17:15:54,404 [1] INFO  (null) Quartz Scheduler created 
## 2024-09-06 17:15:54,411 [1] INFO  (null) RAMJobStore initialized. 
## 2024-09-06 17:15:54,412 [1] INFO  (null) Quartz Scheduler 3.13.0.0 - 'DefaultQuartzScheduler' with instanceId 'NON_CLUSTERED' initialized 
## 2024-09-06 17:15:54,413 [1] INFO  (null) Using thread pool 'Quartz.Simpl.DefaultThreadPool', size: 10 
## 2024-09-06 17:15:54,415 [1] INFO  (null) Using job store 'Quartz.Simpl.RAMJobStore', supports persistence: False, clustered: False 
## 2024-09-06 17:15:54,417 [1] INFO  (null) JobFactory set to: QuartzJobLibrary.SingletonJobFactory 
## 2024-09-06 17:15:54,472 [1] INFO  (null) Scheduler DefaultQuartzScheduler_$_NON_CLUSTERED started. 
## 2024-09-06 17:15:55,385 [1] INFO  (null) Now listening on: http://localhost:5283 
## 2024-09-06 17:15:55,441 [1] INFO  (null) Application started. Press Ctrl+C to shut down. 
## 2024-09-06 17:15:55,449 [1] INFO  (null) Hosting environment: Development 
## 2024-09-06 17:15:55,452 [1] INFO  (null) Content root path: D:\database\AestheticsLink (2)\AestheticsLink\WebAPI\ 
## 2024-09-06 17:20:25,210 [1] INFO  (null) Default Quartz.NET properties loaded from embedded resource file 
## 2024-09-06 17:20:25,302 [1] INFO  (null) Initialized Scheduler Signaller of type: Quartz.Core.SchedulerSignalerImpl 
## 2024-09-06 17:20:25,303 [1] INFO  (null) Quartz Scheduler created 
## 2024-09-06 17:20:25,308 [1] INFO  (null) RAMJobStore initialized. 
## 2024-09-06 17:20:25,309 [1] INFO  (null) Quartz Scheduler 3.13.0.0 - 'DefaultQuartzScheduler' with instanceId 'NON_CLUSTERED' initialized 
## 2024-09-06 17:20:25,310 [1] INFO  (null) Using thread pool 'Quartz.Simpl.DefaultThreadPool', size: 10 
## 2024-09-06 17:20:25,311 [1] INFO  (null) Using job store 'Quartz.Simpl.RAMJobStore', supports persistence: False, clustered: False 
## 2024-09-06 17:20:25,314 [1] INFO  (null) JobFactory set to: QuartzJobLibrary.SingletonJobFactory 
## 2024-09-06 17:20:25,367 [1] INFO  (null) Scheduler DefaultQuartzScheduler_$_NON_CLUSTERED started. 
## 2024-09-06 17:20:26,325 [1] INFO  (null) Now listening on: http://localhost:5283 
## 2024-09-06 17:20:26,334 [1] INFO  (null) Application started. Press Ctrl+C to shut down. 
## 2024-09-06 17:20:26,337 [1] INFO  (null) Hosting environment: Development 
## 2024-09-06 17:20:26,339 [1] INFO  (null) Content root path: D:\database\AestheticsLink (2)\AestheticsLink\WebAPI\ 
## 2024-09-06 17:20:51,534 [1] INFO  (null) Default Quartz.NET properties loaded from embedded resource file 
## 2024-09-06 17:20:51,650 [1] INFO  (null) Initialized Scheduler Signaller of type: Quartz.Core.SchedulerSignalerImpl 
## 2024-09-06 17:20:51,651 [1] INFO  (null) Quartz Scheduler created 
## 2024-09-06 17:20:51,657 [1] INFO  (null) RAMJobStore initialized. 
## 2024-09-06 17:20:51,660 [1] INFO  (null) Quartz Scheduler 3.13.0.0 - 'DefaultQuartzScheduler' with instanceId 'NON_CLUSTERED' initialized 
## 2024-09-06 17:20:51,662 [1] INFO  (null) Using thread pool 'Quartz.Simpl.DefaultThreadPool', size: 10 
## 2024-09-06 17:20:51,672 [1] INFO  (null) Using job store 'Quartz.Simpl.RAMJobStore', supports persistence: False, clustered: False 
## 2024-09-06 17:20:51,675 [1] INFO  (null) JobFactory set to: QuartzJobLibrary.SingletonJobFactory 
## 2024-09-06 17:20:51,744 [1] INFO  (null) Scheduler DefaultQuartzScheduler_$_NON_CLUSTERED started. 
## 2024-09-06 17:20:52,565 [1] INFO  (null) Now listening on: http://localhost:5283 
## 2024-09-06 17:20:52,614 [1] INFO  (null) Application started. Press Ctrl+C to shut down. 
## 2024-09-06 17:20:52,626 [1] INFO  (null) Hosting environment: Development 
## 2024-09-06 17:20:52,630 [1] INFO  (null) Content root path: D:\database\AestheticsLink (2)\AestheticsLink\WebAPI\ 
## 2024-09-06 17:21:07,076 [1] INFO  (null) Default Quartz.NET properties loaded from embedded resource file 
## 2024-09-06 17:21:07,170 [1] INFO  (null) Initialized Scheduler Signaller of type: Quartz.Core.SchedulerSignalerImpl 
## 2024-09-06 17:21:07,171 [1] INFO  (null) Quartz Scheduler created 
## 2024-09-06 17:21:07,178 [1] INFO  (null) RAMJobStore initialized. 
## 2024-09-06 17:21:07,179 [1] INFO  (null) Quartz Scheduler 3.13.0.0 - 'DefaultQuartzScheduler' with instanceId 'NON_CLUSTERED' initialized 
## 2024-09-06 17:21:07,180 [1] INFO  (null) Using thread pool 'Quartz.Simpl.DefaultThreadPool', size: 10 
## 2024-09-06 17:21:07,180 [1] INFO  (null) Using job store 'Quartz.Simpl.RAMJobStore', supports persistence: False, clustered: False 
## 2024-09-06 17:21:07,182 [1] INFO  (null) JobFactory set to: QuartzJobLibrary.SingletonJobFactory 
## 2024-09-06 17:21:07,227 [1] INFO  (null) Scheduler DefaultQuartzScheduler_$_NON_CLUSTERED started. 
## 2024-09-06 17:21:08,120 [1] INFO  (null) Now listening on: http://localhost:5283 
## 2024-09-06 17:21:08,132 [1] INFO  (null) Application started. Press Ctrl+C to shut down. 
## 2024-09-06 17:21:08,138 [1] INFO  (null) Hosting environment: Development 
## 2024-09-06 17:21:08,148 [1] INFO  (null) Content root path: D:\database\AestheticsLink (2)\AestheticsLink\WebAPI\ 
## 2024-09-06 17:23:14,512 [1] INFO  (null) Default Quartz.NET properties loaded from embedded resource file 
## 2024-09-06 17:23:14,602 [1] INFO  (null) Initialized Scheduler Signaller of type: Quartz.Core.SchedulerSignalerImpl 
## 2024-09-06 17:23:14,603 [1] INFO  (null) Quartz Scheduler created 
## 2024-09-06 17:23:14,608 [1] INFO  (null) RAMJobStore initialized. 
## 2024-09-06 17:23:14,611 [1] INFO  (null) Quartz Scheduler 3.13.0.0 - 'DefaultQuartzScheduler' with instanceId 'NON_CLUSTERED' initialized 
## 2024-09-06 17:23:14,614 [1] INFO  (null) Using thread pool 'Quartz.Simpl.DefaultThreadPool', size: 10 
## 2024-09-06 17:23:14,615 [1] INFO  (null) Using job store 'Quartz.Simpl.RAMJobStore', supports persistence: False, clustered: False 
## 2024-09-06 17:23:14,616 [1] INFO  (null) JobFactory set to: QuartzJobLibrary.SingletonJobFactory 
## 2024-09-06 17:23:14,670 [1] INFO  (null) Scheduler DefaultQuartzScheduler_$_NON_CLUSTERED started. 
## 2024-09-06 17:23:15,550 [1] INFO  (null) Now listening on: http://localhost:5283 
## 2024-09-06 17:23:15,563 [1] INFO  (null) Application started. Press Ctrl+C to shut down. 
## 2024-09-06 17:23:15,567 [1] INFO  (null) Hosting environment: Development 
## 2024-09-06 17:23:15,571 [1] INFO  (null) Content root path: D:\database\AestheticsLink (2)\AestheticsLink\WebAPI\ 
## 2024-09-06 17:25:26,794 [1] INFO  (null) Default Quartz.NET properties loaded from embedded resource file 
## 2024-09-06 17:25:26,923 [1] INFO  (null) Initialized Scheduler Signaller of type: Quartz.Core.SchedulerSignalerImpl 
## 2024-09-06 17:25:26,924 [1] INFO  (null) Quartz Scheduler created 
## 2024-09-06 17:25:26,934 [1] INFO  (null) RAMJobStore initialized. 
## 2024-09-06 17:25:26,935 [1] INFO  (null) Quartz Scheduler 3.13.0.0 - 'DefaultQuartzScheduler' with instanceId 'NON_CLUSTERED' initialized 
## 2024-09-06 17:25:26,936 [1] INFO  (null) Using thread pool 'Quartz.Simpl.DefaultThreadPool', size: 10 
## 2024-09-06 17:25:26,936 [1] INFO  (null) Using job store 'Quartz.Simpl.RAMJobStore', supports persistence: False, clustered: False 
## 2024-09-06 17:25:26,938 [1] INFO  (null) JobFactory set to: QuartzJobLibrary.SingletonJobFactory 
## 2024-09-06 17:25:26,990 [1] INFO  (null) Scheduler DefaultQuartzScheduler_$_NON_CLUSTERED started. 
## 2024-09-06 17:25:27,863 [1] INFO  (null) Now listening on: http://localhost:5283 
## 2024-09-06 17:25:27,871 [1] INFO  (null) Application started. Press Ctrl+C to shut down. 
## 2024-09-06 17:25:27,875 [1] INFO  (null) Hosting environment: Development 
## 2024-09-06 17:25:27,879 [1] INFO  (null) Content root path: D:\database\AestheticsLink (2)\AestheticsLink\WebAPI\ 
## 2024-09-06 17:27:06,238 [1] INFO  (null) Default Quartz.NET properties loaded from embedded resource file 
## 2024-09-06 17:27:06,310 [1] INFO  (null) Initialized Scheduler Signaller of type: Quartz.Core.SchedulerSignalerImpl 
## 2024-09-06 17:27:06,318 [1] INFO  (null) Quartz Scheduler created 
## 2024-09-06 17:27:06,323 [1] INFO  (null) RAMJobStore initialized. 
## 2024-09-06 17:27:06,327 [1] INFO  (null) Quartz Scheduler 3.13.0.0 - 'DefaultQuartzScheduler' with instanceId 'NON_CLUSTERED' initialized 
## 2024-09-06 17:27:06,333 [1] INFO  (null) Using thread pool 'Quartz.Simpl.DefaultThreadPool', size: 10 
## 2024-09-06 17:27:06,336 [1] INFO  (null) Using job store 'Quartz.Simpl.RAMJobStore', supports persistence: False, clustered: False 
## 2024-09-06 17:27:06,337 [1] INFO  (null) JobFactory set to: QuartzJobLibrary.SingletonJobFactory 
## 2024-09-06 17:27:06,385 [1] INFO  (null) Scheduler DefaultQuartzScheduler_$_NON_CLUSTERED started. 
## 2024-09-06 17:27:07,408 [1] INFO  (null) Now listening on: http://localhost:5283 
## 2024-09-06 17:27:07,417 [1] INFO  (null) Application started. Press Ctrl+C to shut down. 
## 2024-09-06 17:27:07,420 [1] INFO  (null) Hosting environment: Development 
## 2024-09-06 17:27:07,422 [1] INFO  (null) Content root path: D:\database\AestheticsLink (2)\AestheticsLink\WebAPI\ 
## 2024-09-06 17:27:55,882 [1] INFO  (null) Default Quartz.NET properties loaded from embedded resource file 
## 2024-09-06 17:27:55,953 [1] INFO  (null) Initialized Scheduler Signaller of type: Quartz.Core.SchedulerSignalerImpl 
## 2024-09-06 17:27:55,959 [1] INFO  (null) Quartz Scheduler created 
## 2024-09-06 17:27:55,960 [1] INFO  (null) RAMJobStore initialized. 
## 2024-09-06 17:27:55,961 [1] INFO  (null) Quartz Scheduler 3.13.0.0 - 'DefaultQuartzScheduler' with instanceId 'NON_CLUSTERED' initialized 
## 2024-09-06 17:27:55,961 [1] INFO  (null) Using thread pool 'Quartz.Simpl.DefaultThreadPool', size: 10 
## 2024-09-06 17:27:55,962 [1] INFO  (null) Using job store 'Quartz.Simpl.RAMJobStore', supports persistence: False, clustered: False 
## 2024-09-06 17:27:55,963 [1] INFO  (null) JobFactory set to: QuartzJobLibrary.SingletonJobFactory 
## 2024-09-06 17:27:56,005 [1] INFO  (null) Scheduler DefaultQuartzScheduler_$_NON_CLUSTERED started. 
## 2024-09-06 17:28:20,910 [1] INFO  (null) Now listening on: http://localhost:5283 
## 2024-09-06 17:28:30,710 [1] INFO  (null) Application started. Press Ctrl+C to shut down. 
## 2024-09-06 17:28:31,139 [1] INFO  (null) Hosting environment: Development 
## 2024-09-06 17:28:31,568 [1] INFO  (null) Content root path: D:\database\AestheticsLink (2)\AestheticsLink\WebAPI\ 
## 2024-09-06 17:32:49,970 [1] INFO  (null) Default Quartz.NET properties loaded from embedded resource file 
## 2024-09-06 17:32:50,057 [1] INFO  (null) Initialized Scheduler Signaller of type: Quartz.Core.SchedulerSignalerImpl 
## 2024-09-06 17:32:50,058 [1] INFO  (null) Quartz Scheduler created 
## 2024-09-06 17:32:50,064 [1] INFO  (null) RAMJobStore initialized. 
## 2024-09-06 17:32:50,065 [1] INFO  (null) Quartz Scheduler 3.13.0.0 - 'DefaultQuartzScheduler' with instanceId 'NON_CLUSTERED' initialized 
## 2024-09-06 17:32:50,069 [1] INFO  (null) Using thread pool 'Quartz.Simpl.DefaultThreadPool', size: 10 
## 2024-09-06 17:32:50,070 [1] INFO  (null) Using job store 'Quartz.Simpl.RAMJobStore', supports persistence: False, clustered: False 
## 2024-09-06 17:32:50,072 [1] INFO  (null) JobFactory set to: QuartzJobLibrary.SingletonJobFactory 
## 2024-09-06 17:32:50,127 [1] INFO  (null) Scheduler DefaultQuartzScheduler_$_NON_CLUSTERED started. 
## 2024-09-06 17:32:51,003 [1] INFO  (null) Now listening on: http://localhost:5283 
## 2024-09-06 17:32:51,014 [1] INFO  (null) Application started. Press Ctrl+C to shut down. 
## 2024-09-06 17:32:51,016 [1] INFO  (null) Hosting environment: Development 
## 2024-09-06 17:32:51,018 [1] INFO  (null) Content root path: D:\database\AestheticsLink (2)\AestheticsLink\WebAPI\ 
## 2024-09-06 17:34:26,420 [1] INFO  (null) Default Quartz.NET properties loaded from embedded resource file 
## 2024-09-06 17:34:26,565 [1] INFO  (null) Initialized Scheduler Signaller of type: Quartz.Core.SchedulerSignalerImpl 
## 2024-09-06 17:34:26,568 [1] INFO  (null) Quartz Scheduler created 
## 2024-09-06 17:34:26,577 [1] INFO  (null) RAMJobStore initialized. 
## 2024-09-06 17:34:26,578 [1] INFO  (null) Quartz Scheduler 3.13.0.0 - 'DefaultQuartzScheduler' with instanceId 'NON_CLUSTERED' initialized 
## 2024-09-06 17:34:26,579 [1] INFO  (null) Using thread pool 'Quartz.Simpl.DefaultThreadPool', size: 10 
## 2024-09-06 17:34:26,581 [1] INFO  (null) Using job store 'Quartz.Simpl.RAMJobStore', supports persistence: False, clustered: False 
## 2024-09-06 17:34:26,583 [1] INFO  (null) JobFactory set to: QuartzJobLibrary.SingletonJobFactory 
## 2024-09-06 17:34:26,664 [1] INFO  (null) Scheduler DefaultQuartzScheduler_$_NON_CLUSTERED started. 
## 2024-09-06 17:34:27,492 [1] INFO  (null) Now listening on: http://localhost:5283 
## 2024-09-06 17:34:27,503 [1] INFO  (null) Application started. Press Ctrl+C to shut down. 
## 2024-09-06 17:34:27,506 [1] INFO  (null) Hosting environment: Development 
## 2024-09-06 17:34:27,509 [1] INFO  (null) Content root path: D:\database\AestheticsLink (2)\AestheticsLink\WebAPI\ 
## 2024-09-06 17:37:08,891 [1] INFO  (null) Default Quartz.NET properties loaded from embedded resource file 
## 2024-09-06 17:37:08,980 [1] INFO  (null) Initialized Scheduler Signaller of type: Quartz.Core.SchedulerSignalerImpl 
## 2024-09-06 17:37:08,981 [1] INFO  (null) Quartz Scheduler created 
## 2024-09-06 17:37:08,988 [1] INFO  (null) RAMJobStore initialized. 
## 2024-09-06 17:37:08,989 [1] INFO  (null) Quartz Scheduler 3.13.0.0 - 'DefaultQuartzScheduler' with instanceId 'NON_CLUSTERED' initialized 
## 2024-09-06 17:37:08,990 [1] INFO  (null) Using thread pool 'Quartz.Simpl.DefaultThreadPool', size: 10 
## 2024-09-06 17:37:08,992 [1] INFO  (null) Using job store 'Quartz.Simpl.RAMJobStore', supports persistence: False, clustered: False 
## 2024-09-06 17:37:08,993 [1] INFO  (null) JobFactory set to: QuartzJobLibrary.SingletonJobFactory 
## 2024-09-06 17:37:09,068 [1] INFO  (null) Scheduler DefaultQuartzScheduler_$_NON_CLUSTERED started. 
## 2024-09-06 17:37:10,008 [1] INFO  (null) Now listening on: http://localhost:5283 
## 2024-09-06 17:37:10,015 [1] INFO  (null) Application started. Press Ctrl+C to shut down. 
## 2024-09-06 17:37:10,018 [1] INFO  (null) Hosting environment: Development 
## 2024-09-06 17:37:10,020 [1] INFO  (null) Content root path: D:\database\AestheticsLink (2)\AestheticsLink\WebAPI\ 
## 2024-09-06 17:39:14,599 [1] INFO  (null) Default Quartz.NET properties loaded from embedded resource file 
## 2024-09-06 17:39:14,761 [1] INFO  (null) Initialized Scheduler Signaller of type: Quartz.Core.SchedulerSignalerImpl 
## 2024-09-06 17:39:14,763 [1] INFO  (null) Quartz Scheduler created 
## 2024-09-06 17:39:14,769 [1] INFO  (null) RAMJobStore initialized. 
## 2024-09-06 17:39:14,771 [1] INFO  (null) Quartz Scheduler 3.13.0.0 - 'DefaultQuartzScheduler' with instanceId 'NON_CLUSTERED' initialized 
## 2024-09-06 17:39:14,772 [1] INFO  (null) Using thread pool 'Quartz.Simpl.DefaultThreadPool', size: 10 
## 2024-09-06 17:39:14,773 [1] INFO  (null) Using job store 'Quartz.Simpl.RAMJobStore', supports persistence: False, clustered: False 
## 2024-09-06 17:39:14,776 [1] INFO  (null) JobFactory set to: QuartzJobLibrary.SingletonJobFactory 
## 2024-09-06 17:39:14,843 [1] INFO  (null) Scheduler DefaultQuartzScheduler_$_NON_CLUSTERED started. 
## 2024-09-06 17:39:15,913 [1] INFO  (null) Now listening on: http://localhost:5283 
## 2024-09-06 17:39:15,920 [1] INFO  (null) Application started. Press Ctrl+C to shut down. 
## 2024-09-06 17:39:15,924 [1] INFO  (null) Hosting environment: Development 
## 2024-09-06 17:39:15,930 [1] INFO  (null) Content root path: D:\database\AestheticsLink (2)\AestheticsLink\WebAPI\ 
## 2024-09-06 17:40:07,932 [1] INFO  (null) Default Quartz.NET properties loaded from embedded resource file 
## 2024-09-06 17:40:08,012 [1] INFO  (null) Initialized Scheduler Signaller of type: Quartz.Core.SchedulerSignalerImpl 
## 2024-09-06 17:40:08,012 [1] INFO  (null) Quartz Scheduler created 
## 2024-09-06 17:40:08,021 [1] INFO  (null) RAMJobStore initialized. 
## 2024-09-06 17:40:08,022 [1] INFO  (null) Quartz Scheduler 3.13.0.0 - 'DefaultQuartzScheduler' with instanceId 'NON_CLUSTERED' initialized 
## 2024-09-06 17:40:08,023 [1] INFO  (null) Using thread pool 'Quartz.Simpl.DefaultThreadPool', size: 10 
## 2024-09-06 17:40:08,024 [1] INFO  (null) Using job store 'Quartz.Simpl.RAMJobStore', supports persistence: False, clustered: False 
## 2024-09-06 17:40:08,025 [1] INFO  (null) JobFactory set to: QuartzJobLibrary.SingletonJobFactory 
## 2024-09-06 17:40:08,073 [1] INFO  (null) Scheduler DefaultQuartzScheduler_$_NON_CLUSTERED started. 
## 2024-09-06 17:40:08,947 [1] INFO  (null) Now listening on: http://localhost:5283 
## 2024-09-06 17:40:08,958 [1] INFO  (null) Application started. Press Ctrl+C to shut down. 
## 2024-09-06 17:40:08,960 [1] INFO  (null) Hosting environment: Development 
## 2024-09-06 17:40:08,964 [1] INFO  (null) Content root path: D:\database\AestheticsLink (2)\AestheticsLink\WebAPI\ 
## 2024-09-06 17:46:20,333 [1] INFO  (null) Default Quartz.NET properties loaded from embedded resource file 
## 2024-09-06 17:46:20,434 [1] INFO  (null) Initialized Scheduler Signaller of type: Quartz.Core.SchedulerSignalerImpl 
## 2024-09-06 17:46:20,436 [1] INFO  (null) Quartz Scheduler created 
## 2024-09-06 17:46:20,445 [1] INFO  (null) RAMJobStore initialized. 
## 2024-09-06 17:46:20,446 [1] INFO  (null) Quartz Scheduler 3.13.0.0 - 'DefaultQuartzScheduler' with instanceId 'NON_CLUSTERED' initialized 
## 2024-09-06 17:46:20,446 [1] INFO  (null) Using thread pool 'Quartz.Simpl.DefaultThreadPool', size: 10 
## 2024-09-06 17:46:20,447 [1] INFO  (null) Using job store 'Quartz.Simpl.RAMJobStore', supports persistence: False, clustered: False 
## 2024-09-06 17:46:20,448 [1] INFO  (null) JobFactory set to: QuartzJobLibrary.SingletonJobFactory 
## 2024-09-06 17:46:20,495 [1] INFO  (null) Scheduler DefaultQuartzScheduler_$_NON_CLUSTERED started. 
## 2024-09-06 17:46:22,962 [1] INFO  (null) Now listening on: http://localhost:5283 
## 2024-09-06 17:46:22,971 [1] INFO  (null) Application started. Press Ctrl+C to shut down. 
## 2024-09-06 17:46:22,973 [1] INFO  (null) Hosting environment: Development 
## 2024-09-06 17:46:22,975 [1] INFO  (null) Content root path: D:\database\AestheticsLink (2)\AestheticsLink\WebAPI\ 
## 2024-09-06 17:47:04,629 [1] INFO  (null) Default Quartz.NET properties loaded from embedded resource file 
## 2024-09-06 17:47:04,735 [1] INFO  (null) Initialized Scheduler Signaller of type: Quartz.Core.SchedulerSignalerImpl 
## 2024-09-06 17:47:04,736 [1] INFO  (null) Quartz Scheduler created 
## 2024-09-06 17:47:04,742 [1] INFO  (null) RAMJobStore initialized. 
## 2024-09-06 17:47:04,743 [1] INFO  (null) Quartz Scheduler 3.13.0.0 - 'DefaultQuartzScheduler' with instanceId 'NON_CLUSTERED' initialized 
## 2024-09-06 17:47:04,743 [1] INFO  (null) Using thread pool 'Quartz.Simpl.DefaultThreadPool', size: 10 
## 2024-09-06 17:47:04,744 [1] INFO  (null) Using job store 'Quartz.Simpl.RAMJobStore', supports persistence: False, clustered: False 
## 2024-09-06 17:47:04,745 [1] INFO  (null) JobFactory set to: QuartzJobLibrary.SingletonJobFactory 
## 2024-09-06 17:47:04,790 [1] INFO  (null) Scheduler DefaultQuartzScheduler_$_NON_CLUSTERED started. 
## 2024-09-06 17:47:05,592 [1] INFO  (null) Now listening on: http://localhost:5283 
## 2024-09-06 17:47:05,603 [1] INFO  (null) Application started. Press Ctrl+C to shut down. 
## 2024-09-06 17:47:05,606 [1] INFO  (null) Hosting environment: Development 
## 2024-09-06 17:47:05,608 [1] INFO  (null) Content root path: D:\database\AestheticsLink (2)\AestheticsLink\WebAPI\ 
## 2024-09-06 18:13:14,552 [1] INFO  (null) Default Quartz.NET properties loaded from embedded resource file 
## 2024-09-06 18:13:14,688 [1] INFO  (null) Initialized Scheduler Signaller of type: Quartz.Core.SchedulerSignalerImpl 
## 2024-09-06 18:13:14,698 [1] INFO  (null) Quartz Scheduler created 
## 2024-09-06 18:13:14,700 [1] INFO  (null) RAMJobStore initialized. 
## 2024-09-06 18:13:14,701 [1] INFO  (null) Quartz Scheduler 3.13.0.0 - 'DefaultQuartzScheduler' with instanceId 'NON_CLUSTERED' initialized 
## 2024-09-06 18:13:14,703 [1] INFO  (null) Using thread pool 'Quartz.Simpl.DefaultThreadPool', size: 10 
## 2024-09-06 18:13:14,705 [1] INFO  (null) Using job store 'Quartz.Simpl.RAMJobStore', supports persistence: False, clustered: False 
## 2024-09-06 18:13:14,708 [1] INFO  (null) JobFactory set to: QuartzJobLibrary.SingletonJobFactory 
## 2024-09-06 18:13:14,783 [1] INFO  (null) Scheduler DefaultQuartzScheduler_$_NON_CLUSTERED started. 
## 2024-09-06 18:13:16,518 [1] INFO  (null) Now listening on: http://localhost:5283 
## 2024-09-06 18:13:16,531 [1] INFO  (null) Application started. Press Ctrl+C to shut down. 
## 2024-09-06 18:13:16,535 [1] INFO  (null) Hosting environment: Development 
## 2024-09-06 18:13:16,540 [1] INFO  (null) Content root path: D:\C#_Project\update\AestheticsLink\WebAPI\ 
## 2024-09-06 18:15:39,239 [1] INFO  (null) Default Quartz.NET properties loaded from embedded resource file 
## 2024-09-06 18:15:39,391 [1] INFO  (null) Initialized Scheduler Signaller of type: Quartz.Core.SchedulerSignalerImpl 
## 2024-09-06 18:15:39,403 [1] INFO  (null) Quartz Scheduler created 
## 2024-09-06 18:15:39,406 [1] INFO  (null) RAMJobStore initialized. 
## 2024-09-06 18:15:39,410 [1] INFO  (null) Quartz Scheduler 3.13.0.0 - 'DefaultQuartzScheduler' with instanceId 'NON_CLUSTERED' initialized 
## 2024-09-06 18:15:39,412 [1] INFO  (null) Using thread pool 'Quartz.Simpl.DefaultThreadPool', size: 10 
## 2024-09-06 18:15:39,414 [1] INFO  (null) Using job store 'Quartz.Simpl.RAMJobStore', supports persistence: False, clustered: False 
## 2024-09-06 18:15:39,417 [1] INFO  (null) JobFactory set to: QuartzJobLibrary.SingletonJobFactory 
## 2024-09-06 18:15:39,509 [1] INFO  (null) Scheduler DefaultQuartzScheduler_$_NON_CLUSTERED started. 
## 2024-09-06 18:15:41,830 [1] INFO  (null) Now listening on: http://localhost:5283 
## 2024-09-06 18:15:41,861 [1] INFO  (null) Application started. Press Ctrl+C to shut down. 
## 2024-09-06 18:15:41,874 [1] INFO  (null) Hosting environment: Development 
## 2024-09-06 18:15:41,882 [1] INFO  (null) Content root path: D:\C#_Project\update\AestheticsLink\WebAPI\ 
## 2024-09-06 18:20:58,830 [1] INFO  (null) Default Quartz.NET properties loaded from embedded resource file 
## 2024-09-06 18:20:58,935 [1] INFO  (null) Initialized Scheduler Signaller of type: Quartz.Core.SchedulerSignalerImpl 
## 2024-09-06 18:20:58,937 [1] INFO  (null) Quartz Scheduler created 
## 2024-09-06 18:20:58,939 [1] INFO  (null) RAMJobStore initialized. 
## 2024-09-06 18:20:58,940 [1] INFO  (null) Quartz Scheduler 3.13.0.0 - 'DefaultQuartzScheduler' with instanceId 'NON_CLUSTERED' initialized 
## 2024-09-06 18:20:58,941 [1] INFO  (null) Using thread pool 'Quartz.Simpl.DefaultThreadPool', size: 10 
## 2024-09-06 18:20:58,943 [1] INFO  (null) Using job store 'Quartz.Simpl.RAMJobStore', supports persistence: False, clustered: False 
## 2024-09-06 18:20:58,945 [1] INFO  (null) JobFactory set to: QuartzJobLibrary.SingletonJobFactory 
## 2024-09-06 18:20:58,991 [1] INFO  (null) Scheduler DefaultQuartzScheduler_$_NON_CLUSTERED started. 
## 2024-09-06 18:21:00,101 [1] INFO  (null) Now listening on: http://localhost:5283 
## 2024-09-06 18:21:00,107 [1] INFO  (null) Application started. Press Ctrl+C to shut down. 
## 2024-09-06 18:21:00,109 [1] INFO  (null) Hosting environment: Development 
## 2024-09-06 18:21:00,110 [1] INFO  (null) Content root path: D:\C#_Project\update\AestheticsLink\WebAPI\ 
## 2024-09-06 18:21:18,850 [18] INFO  (null) CORS policy execution successful. 
## 2024-09-06 18:21:18,933 [18] INFO  (null) Received login request: UID=1 
## 2024-09-06 18:21:27,317 [17] INFO  (null) CORS policy execution successful. 
## 2024-09-06 18:21:27,321 [17] INFO  (null) Received login request: UID=1 
