## 2024-07-25 11:36:13,090 [1] INFO  (null) Default Quartz.NET properties loaded from embedded resource file 
## 2024-07-25 11:36:13,211 [1] INFO  (null) Initialized Scheduler Signaller of type: Quartz.Core.SchedulerSignalerImpl 
## 2024-07-25 11:36:13,213 [1] INFO  (null) Quartz Scheduler created 
## 2024-07-25 11:36:13,216 [1] INFO  (null) RAMJobStore initialized. 
## 2024-07-25 11:36:13,226 [1] INFO  (null) Quartz Scheduler 3.11.0.0 - 'DefaultQuartzScheduler' with instanceId 'NON_CLUSTERED' initialized 
## 2024-07-25 11:36:13,227 [1] INFO  (null) Using thread pool 'Quartz.Simpl.DefaultThreadPool', size: 10 
## 2024-07-25 11:36:13,229 [1] INFO  (null) Using job store 'Quartz.Simpl.RAMJobStore', supports persistence: False, clustered: False 
## 2024-07-25 11:36:13,231 [1] INFO  (null) JobFactory set to: QuartzJobLibrary.SingletonJobFactory 
## 2024-07-25 11:36:13,305 [1] INFO  (null) Scheduler DefaultQuartzScheduler_$_NON_CLUSTERED started. 
## 2024-07-25 11:36:13,607 [1] INFO  (null) Now listening on: http://192.168.123.27:5283 
## 2024-07-25 11:36:13,620 [1] INFO  (null) Application started. Press Ctrl+C to shut down. 
## 2024-07-25 11:36:13,623 [1] INFO  (null) Hosting environment: Development 
## 2024-07-25 11:36:13,627 [1] INFO  (null) Content root path: D:\C#_Project\AestheticsLink\WebAPI\ 
## 2024-07-25 11:36:49,421 [37] INFO  (null) CORS policy execution successful. 
## 2024-07-25 11:57:32,024 [1] INFO  (null) Default Quartz.NET properties loaded from embedded resource file 
## 2024-07-25 11:57:32,153 [1] INFO  (null) Initialized Scheduler Signaller of type: Quartz.Core.SchedulerSignalerImpl 
## 2024-07-25 11:57:32,164 [1] INFO  (null) Quartz Scheduler created 
## 2024-07-25 11:57:32,166 [1] INFO  (null) RAMJobStore initialized. 
## 2024-07-25 11:57:32,168 [1] INFO  (null) Quartz Scheduler 3.11.0.0 - 'DefaultQuartzScheduler' with instanceId 'NON_CLUSTERED' initialized 
## 2024-07-25 11:57:32,169 [1] INFO  (null) Using thread pool 'Quartz.Simpl.DefaultThreadPool', size: 10 
## 2024-07-25 11:57:32,170 [1] INFO  (null) Using job store 'Quartz.Simpl.RAMJobStore', supports persistence: False, clustered: False 
## 2024-07-25 11:57:32,173 [1] INFO  (null) JobFactory set to: QuartzJobLibrary.SingletonJobFactory 
## 2024-07-25 11:57:32,254 [1] INFO  (null) Scheduler DefaultQuartzScheduler_$_NON_CLUSTERED started. 
## 2024-07-25 11:57:32,560 [1] INFO  (null) Now listening on: http://192.168.123.27:5283 
## 2024-07-25 11:57:32,573 [1] INFO  (null) Application started. Press Ctrl+C to shut down. 
## 2024-07-25 11:57:32,578 [1] INFO  (null) Hosting environment: Development 
## 2024-07-25 11:57:32,582 [1] INFO  (null) Content root path: D:\C#_Project\AestheticsLink\WebAPI\ 
## 2024-07-25 11:59:53,961 [1] INFO  (null) Default Quartz.NET properties loaded from embedded resource file 
## 2024-07-25 11:59:54,105 [1] INFO  (null) Initialized Scheduler Signaller of type: Quartz.Core.SchedulerSignalerImpl 
## 2024-07-25 11:59:54,112 [1] INFO  (null) Quartz Scheduler created 
## 2024-07-25 11:59:54,114 [1] INFO  (null) RAMJobStore initialized. 
## 2024-07-25 11:59:54,116 [1] INFO  (null) Quartz Scheduler 3.11.0.0 - 'DefaultQuartzScheduler' with instanceId 'NON_CLUSTERED' initialized 
## 2024-07-25 11:59:54,117 [1] INFO  (null) Using thread pool 'Quartz.Simpl.DefaultThreadPool', size: 10 
## 2024-07-25 11:59:54,118 [1] INFO  (null) Using job store 'Quartz.Simpl.RAMJobStore', supports persistence: False, clustered: False 
## 2024-07-25 11:59:54,121 [1] INFO  (null) JobFactory set to: QuartzJobLibrary.SingletonJobFactory 
## 2024-07-25 11:59:54,210 [1] INFO  (null) Scheduler DefaultQuartzScheduler_$_NON_CLUSTERED started. 
## 2024-07-25 11:59:54,548 [1] INFO  (null) Now listening on: http://192.168.123.27:5283 
## 2024-07-25 11:59:54,564 [1] INFO  (null) Application started. Press Ctrl+C to shut down. 
## 2024-07-25 11:59:54,570 [1] INFO  (null) Hosting environment: Development 
## 2024-07-25 11:59:54,575 [1] INFO  (null) Content root path: D:\C#_Project\AestheticsLink\WebAPI\ 
## 2024-07-25 12:02:22,253 [1] INFO  (null) Default Quartz.NET properties loaded from embedded resource file 
## 2024-07-25 12:02:22,395 [1] INFO  (null) Initialized Scheduler Signaller of type: Quartz.Core.SchedulerSignalerImpl 
## 2024-07-25 12:02:22,399 [1] INFO  (null) Quartz Scheduler created 
## 2024-07-25 12:02:22,408 [1] INFO  (null) RAMJobStore initialized. 
## 2024-07-25 12:02:22,410 [1] INFO  (null) Quartz Scheduler 3.11.0.0 - 'DefaultQuartzScheduler' with instanceId 'NON_CLUSTERED' initialized 
## 2024-07-25 12:02:22,412 [1] INFO  (null) Using thread pool 'Quartz.Simpl.DefaultThreadPool', size: 10 
## 2024-07-25 12:02:22,413 [1] INFO  (null) Using job store 'Quartz.Simpl.RAMJobStore', supports persistence: False, clustered: False 
## 2024-07-25 12:02:22,416 [1] INFO  (null) JobFactory set to: QuartzJobLibrary.SingletonJobFactory 
## 2024-07-25 12:02:22,520 [1] INFO  (null) Scheduler DefaultQuartzScheduler_$_NON_CLUSTERED started. 
## 2024-07-25 12:02:22,948 [1] INFO  (null) Now listening on: http://192.168.123.27:5283 
## 2024-07-25 12:02:22,969 [1] INFO  (null) Application started. Press Ctrl+C to shut down. 
## 2024-07-25 12:02:22,977 [1] INFO  (null) Hosting environment: Development 
## 2024-07-25 12:02:22,986 [1] INFO  (null) Content root path: D:\C#_Project\AestheticsLink\WebAPI\ 
## 2024-07-25 12:03:48,528 [1] INFO  (null) Default Quartz.NET properties loaded from embedded resource file 
## 2024-07-25 12:03:48,669 [1] INFO  (null) Initialized Scheduler Signaller of type: Quartz.Core.SchedulerSignalerImpl 
## 2024-07-25 12:03:48,680 [1] INFO  (null) Quartz Scheduler created 
## 2024-07-25 12:03:48,682 [1] INFO  (null) RAMJobStore initialized. 
## 2024-07-25 12:03:48,684 [1] INFO  (null) Quartz Scheduler 3.11.0.0 - 'DefaultQuartzScheduler' with instanceId 'NON_CLUSTERED' initialized 
## 2024-07-25 12:03:48,686 [1] INFO  (null) Using thread pool 'Quartz.Simpl.DefaultThreadPool', size: 10 
## 2024-07-25 12:03:48,687 [1] INFO  (null) Using job store 'Quartz.Simpl.RAMJobStore', supports persistence: False, clustered: False 
## 2024-07-25 12:03:48,690 [1] INFO  (null) JobFactory set to: QuartzJobLibrary.SingletonJobFactory 
## 2024-07-25 12:04:11,511 [1] INFO  (null) Default Quartz.NET properties loaded from embedded resource file 
## 2024-07-25 12:04:11,629 [1] INFO  (null) Initialized Scheduler Signaller of type: Quartz.Core.SchedulerSignalerImpl 
## 2024-07-25 12:04:11,637 [1] INFO  (null) Quartz Scheduler created 
## 2024-07-25 12:04:11,639 [1] INFO  (null) RAMJobStore initialized. 
## 2024-07-25 12:04:11,641 [1] INFO  (null) Quartz Scheduler 3.11.0.0 - 'DefaultQuartzScheduler' with instanceId 'NON_CLUSTERED' initialized 
## 2024-07-25 12:04:11,643 [1] INFO  (null) Using thread pool 'Quartz.Simpl.DefaultThreadPool', size: 10 
## 2024-07-25 12:04:11,644 [1] INFO  (null) Using job store 'Quartz.Simpl.RAMJobStore', supports persistence: False, clustered: False 
## 2024-07-25 12:04:11,646 [1] INFO  (null) JobFactory set to: QuartzJobLibrary.SingletonJobFactory 
## 2024-07-25 12:04:11,724 [1] INFO  (null) Scheduler DefaultQuartzScheduler_$_NON_CLUSTERED started. 
## 2024-07-25 12:04:12,021 [1] INFO  (null) Now listening on: http://192.168.123.27:5283 
## 2024-07-25 12:04:12,034 [1] INFO  (null) Application started. Press Ctrl+C to shut down. 
## 2024-07-25 12:04:12,040 [1] INFO  (null) Hosting environment: Development 
## 2024-07-25 12:04:12,045 [1] INFO  (null) Content root path: D:\C#_Project\AestheticsLink\WebAPI\ 
## 2024-07-25 12:06:34,823 [1] INFO  (null) Default Quartz.NET properties loaded from embedded resource file 
## 2024-07-25 12:06:34,956 [1] INFO  (null) Initialized Scheduler Signaller of type: Quartz.Core.SchedulerSignalerImpl 
## 2024-07-25 12:06:34,967 [1] INFO  (null) Quartz Scheduler created 
## 2024-07-25 12:06:34,971 [1] INFO  (null) RAMJobStore initialized. 
## 2024-07-25 12:06:34,973 [1] INFO  (null) Quartz Scheduler 3.11.0.0 - 'DefaultQuartzScheduler' with instanceId 'NON_CLUSTERED' initialized 
## 2024-07-25 12:06:34,975 [1] INFO  (null) Using thread pool 'Quartz.Simpl.DefaultThreadPool', size: 10 
## 2024-07-25 12:06:34,976 [1] INFO  (null) Using job store 'Quartz.Simpl.RAMJobStore', supports persistence: False, clustered: False 
## 2024-07-25 12:06:34,980 [1] INFO  (null) JobFactory set to: QuartzJobLibrary.SingletonJobFactory 
## 2024-07-25 12:06:35,062 [1] INFO  (null) Scheduler DefaultQuartzScheduler_$_NON_CLUSTERED started. 
## 2024-07-25 12:06:35,403 [1] INFO  (null) Now listening on: http://192.168.123.27:5283 
## 2024-07-25 12:06:35,418 [1] INFO  (null) Application started. Press Ctrl+C to shut down. 
## 2024-07-25 12:06:35,425 [1] INFO  (null) Hosting environment: Development 
## 2024-07-25 12:06:35,429 [1] INFO  (null) Content root path: D:\C#_Project\AestheticsLink\WebAPI\ 
## 2024-07-25 12:09:42,772 [1] INFO  (null) Default Quartz.NET properties loaded from embedded resource file 
## 2024-07-25 12:09:42,897 [1] INFO  (null) Initialized Scheduler Signaller of type: Quartz.Core.SchedulerSignalerImpl 
## 2024-07-25 12:09:42,905 [1] INFO  (null) Quartz Scheduler created 
## 2024-07-25 12:09:42,907 [1] INFO  (null) RAMJobStore initialized. 
## 2024-07-25 12:09:42,909 [1] INFO  (null) Quartz Scheduler 3.11.0.0 - 'DefaultQuartzScheduler' with instanceId 'NON_CLUSTERED' initialized 
## 2024-07-25 12:09:42,910 [1] INFO  (null) Using thread pool 'Quartz.Simpl.DefaultThreadPool', size: 10 
## 2024-07-25 12:09:42,912 [1] INFO  (null) Using job store 'Quartz.Simpl.RAMJobStore', supports persistence: False, clustered: False 
## 2024-07-25 12:09:42,914 [1] INFO  (null) JobFactory set to: QuartzJobLibrary.SingletonJobFactory 
## 2024-07-25 12:09:42,985 [1] INFO  (null) Scheduler DefaultQuartzScheduler_$_NON_CLUSTERED started. 
## 2024-07-25 12:09:43,279 [1] INFO  (null) Now listening on: http://192.168.123.27:5283 
## 2024-07-25 12:09:43,291 [1] INFO  (null) Application started. Press Ctrl+C to shut down. 
## 2024-07-25 12:09:43,295 [1] INFO  (null) Hosting environment: Development 
## 2024-07-25 12:09:43,299 [1] INFO  (null) Content root path: D:\C#_Project\AestheticsLink\WebAPI\ 
## 2024-07-25 12:11:27,337 [1] INFO  (null) Default Quartz.NET properties loaded from embedded resource file 
## 2024-07-25 12:11:27,463 [1] INFO  (null) Initialized Scheduler Signaller of type: Quartz.Core.SchedulerSignalerImpl 
## 2024-07-25 12:11:27,471 [1] INFO  (null) Quartz Scheduler created 
## 2024-07-25 12:11:27,474 [1] INFO  (null) RAMJobStore initialized. 
## 2024-07-25 12:11:27,476 [1] INFO  (null) Quartz Scheduler 3.11.0.0 - 'DefaultQuartzScheduler' with instanceId 'NON_CLUSTERED' initialized 
## 2024-07-25 12:11:27,479 [1] INFO  (null) Using thread pool 'Quartz.Simpl.DefaultThreadPool', size: 10 
## 2024-07-25 12:11:27,481 [1] INFO  (null) Using job store 'Quartz.Simpl.RAMJobStore', supports persistence: False, clustered: False 
## 2024-07-25 12:11:27,484 [1] INFO  (null) JobFactory set to: QuartzJobLibrary.SingletonJobFactory 
## 2024-07-25 12:11:27,572 [1] INFO  (null) Scheduler DefaultQuartzScheduler_$_NON_CLUSTERED started. 
## 2024-07-25 12:11:27,900 [1] INFO  (null) Now listening on: http://192.168.123.27:5283 
## 2024-07-25 12:11:27,915 [1] INFO  (null) Application started. Press Ctrl+C to shut down. 
## 2024-07-25 12:11:27,920 [1] INFO  (null) Hosting environment: Development 
## 2024-07-25 12:11:27,924 [1] INFO  (null) Content root path: D:\C#_Project\AestheticsLink\WebAPI\ 
## 2024-07-25 12:12:26,292 [1] INFO  (null) Default Quartz.NET properties loaded from embedded resource file 
## 2024-07-25 12:12:26,424 [1] INFO  (null) Initialized Scheduler Signaller of type: Quartz.Core.SchedulerSignalerImpl 
## 2024-07-25 12:12:26,434 [1] INFO  (null) Quartz Scheduler created 
## 2024-07-25 12:12:26,436 [1] INFO  (null) RAMJobStore initialized. 
## 2024-07-25 12:12:26,439 [1] INFO  (null) Quartz Scheduler 3.11.0.0 - 'DefaultQuartzScheduler' with instanceId 'NON_CLUSTERED' initialized 
## 2024-07-25 12:12:26,440 [1] INFO  (null) Using thread pool 'Quartz.Simpl.DefaultThreadPool', size: 10 
## 2024-07-25 12:12:26,442 [1] INFO  (null) Using job store 'Quartz.Simpl.RAMJobStore', supports persistence: False, clustered: False 
## 2024-07-25 12:12:26,446 [1] INFO  (null) JobFactory set to: QuartzJobLibrary.SingletonJobFactory 
## 2024-07-25 12:12:26,533 [1] INFO  (null) Scheduler DefaultQuartzScheduler_$_NON_CLUSTERED started. 
## 2024-07-25 12:12:26,851 [1] INFO  (null) Now listening on: http://192.168.123.27:5283 
## 2024-07-25 12:12:26,864 [1] INFO  (null) Application started. Press Ctrl+C to shut down. 
## 2024-07-25 12:12:26,870 [1] INFO  (null) Hosting environment: Development 
## 2024-07-25 12:12:26,873 [1] INFO  (null) Content root path: D:\C#_Project\AestheticsLink\WebAPI\ 
## 2024-07-25 12:16:08,988 [1] INFO  (null) Default Quartz.NET properties loaded from embedded resource file 
## 2024-07-25 12:16:09,143 [1] INFO  (null) Initialized Scheduler Signaller of type: Quartz.Core.SchedulerSignalerImpl 
## 2024-07-25 12:16:09,152 [1] INFO  (null) Quartz Scheduler created 
## 2024-07-25 12:16:09,154 [1] INFO  (null) RAMJobStore initialized. 
## 2024-07-25 12:16:09,156 [1] INFO  (null) Quartz Scheduler 3.11.0.0 - 'DefaultQuartzScheduler' with instanceId 'NON_CLUSTERED' initialized 
## 2024-07-25 12:16:09,157 [1] INFO  (null) Using thread pool 'Quartz.Simpl.DefaultThreadPool', size: 10 
## 2024-07-25 12:16:09,159 [1] INFO  (null) Using job store 'Quartz.Simpl.RAMJobStore', supports persistence: False, clustered: False 
## 2024-07-25 12:16:09,161 [1] INFO  (null) JobFactory set to: QuartzJobLibrary.SingletonJobFactory 
## 2024-07-25 12:16:09,247 [1] INFO  (null) Scheduler DefaultQuartzScheduler_$_NON_CLUSTERED started. 
## 2024-07-25 12:16:09,641 [1] INFO  (null) Now listening on: http://192.168.123.27:5283 
## 2024-07-25 12:16:09,655 [1] INFO  (null) Application started. Press Ctrl+C to shut down. 
## 2024-07-25 12:16:09,660 [1] INFO  (null) Hosting environment: Development 
## 2024-07-25 12:16:09,664 [1] INFO  (null) Content root path: D:\C#_Project\AestheticsLink\WebAPI\ 
## 2024-07-25 13:36:35,469 [1] INFO  (null) Default Quartz.NET properties loaded from embedded resource file 
## 2024-07-25 13:36:35,593 [1] INFO  (null) Initialized Scheduler Signaller of type: Quartz.Core.SchedulerSignalerImpl 
## 2024-07-25 13:36:35,597 [1] INFO  (null) Quartz Scheduler created 
## 2024-07-25 13:36:35,604 [1] INFO  (null) RAMJobStore initialized. 
## 2024-07-25 13:36:35,606 [1] INFO  (null) Quartz Scheduler 3.11.0.0 - 'DefaultQuartzScheduler' with instanceId 'NON_CLUSTERED' initialized 
## 2024-07-25 13:36:35,607 [1] INFO  (null) Using thread pool 'Quartz.Simpl.DefaultThreadPool', size: 10 
## 2024-07-25 13:36:35,609 [1] INFO  (null) Using job store 'Quartz.Simpl.RAMJobStore', supports persistence: False, clustered: False 
## 2024-07-25 13:36:35,612 [1] INFO  (null) JobFactory set to: QuartzJobLibrary.SingletonJobFactory 
## 2024-07-25 13:36:35,694 [1] INFO  (null) Scheduler DefaultQuartzScheduler_$_NON_CLUSTERED started. 
## 2024-07-25 13:36:36,077 [1] INFO  (null) Now listening on: http://192.168.123.27:5283 
## 2024-07-25 13:36:36,092 [1] INFO  (null) Application started. Press Ctrl+C to shut down. 
## 2024-07-25 13:36:36,098 [1] INFO  (null) Hosting environment: Development 
## 2024-07-25 13:36:36,103 [1] INFO  (null) Content root path: D:\C#_Project\AestheticsLink\WebAPI\ 
## 2024-07-25 13:37:07,297 [1] INFO  (null) Default Quartz.NET properties loaded from embedded resource file 
## 2024-07-25 13:37:07,432 [1] INFO  (null) Initialized Scheduler Signaller of type: Quartz.Core.SchedulerSignalerImpl 
## 2024-07-25 13:37:07,434 [1] INFO  (null) Quartz Scheduler created 
## 2024-07-25 13:37:07,444 [1] INFO  (null) RAMJobStore initialized. 
## 2024-07-25 13:37:07,446 [1] INFO  (null) Quartz Scheduler 3.11.0.0 - 'DefaultQuartzScheduler' with instanceId 'NON_CLUSTERED' initialized 
## 2024-07-25 13:37:07,448 [1] INFO  (null) Using thread pool 'Quartz.Simpl.DefaultThreadPool', size: 10 
## 2024-07-25 13:37:07,450 [1] INFO  (null) Using job store 'Quartz.Simpl.RAMJobStore', supports persistence: False, clustered: False 
## 2024-07-25 13:37:07,452 [1] INFO  (null) JobFactory set to: QuartzJobLibrary.SingletonJobFactory 
## 2024-07-25 13:37:07,530 [1] INFO  (null) Scheduler DefaultQuartzScheduler_$_NON_CLUSTERED started. 
## 2024-07-25 13:37:07,826 [1] INFO  (null) Now listening on: http://192.168.123.27:5283 
## 2024-07-25 13:37:07,840 [1] INFO  (null) Application started. Press Ctrl+C to shut down. 
## 2024-07-25 13:37:07,848 [1] INFO  (null) Hosting environment: Development 
## 2024-07-25 13:37:07,852 [1] INFO  (null) Content root path: D:\C#_Project\AestheticsLink\WebAPI\ 
## 2024-07-25 13:37:27,613 [1] INFO  (null) Default Quartz.NET properties loaded from embedded resource file 
## 2024-07-25 13:37:27,732 [1] INFO  (null) Initialized Scheduler Signaller of type: Quartz.Core.SchedulerSignalerImpl 
## 2024-07-25 13:37:27,740 [1] INFO  (null) Quartz Scheduler created 
## 2024-07-25 13:37:27,743 [1] INFO  (null) RAMJobStore initialized. 
## 2024-07-25 13:37:27,746 [1] INFO  (null) Quartz Scheduler 3.11.0.0 - 'DefaultQuartzScheduler' with instanceId 'NON_CLUSTERED' initialized 
## 2024-07-25 13:37:27,747 [1] INFO  (null) Using thread pool 'Quartz.Simpl.DefaultThreadPool', size: 10 
## 2024-07-25 13:37:27,750 [1] INFO  (null) Using job store 'Quartz.Simpl.RAMJobStore', supports persistence: False, clustered: False 
## 2024-07-25 13:37:27,752 [1] INFO  (null) JobFactory set to: QuartzJobLibrary.SingletonJobFactory 
## 2024-07-25 13:37:27,830 [1] INFO  (null) Scheduler DefaultQuartzScheduler_$_NON_CLUSTERED started. 
## 2024-07-25 13:37:28,130 [1] INFO  (null) Now listening on: http://192.168.123.27:5283 
## 2024-07-25 13:37:28,142 [1] INFO  (null) Application started. Press Ctrl+C to shut down. 
## 2024-07-25 13:37:28,146 [1] INFO  (null) Hosting environment: Development 
## 2024-07-25 13:37:28,149 [1] INFO  (null) Content root path: D:\C#_Project\AestheticsLink\WebAPI\ 
## 2024-07-25 13:37:53,997 [27] INFO  (null) CORS policy execution successful. 
## 2024-07-25 13:37:54,175 [27] INFO  (null) Received QueryCustomers request! 
## 2024-07-25 19:00:45,861 [1] INFO  (null) Default Quartz.NET properties loaded from embedded resource file 
## 2024-07-25 19:00:45,978 [1] INFO  (null) Initialized Scheduler Signaller of type: Quartz.Core.SchedulerSignalerImpl 
## 2024-07-25 19:00:45,985 [1] INFO  (null) Quartz Scheduler created 
## 2024-07-25 19:00:45,987 [1] INFO  (null) RAMJobStore initialized. 
## 2024-07-25 19:00:45,989 [1] INFO  (null) Quartz Scheduler 3.11.0.0 - 'DefaultQuartzScheduler' with instanceId 'NON_CLUSTERED' initialized 
## 2024-07-25 19:00:45,991 [1] INFO  (null) Using thread pool 'Quartz.Simpl.DefaultThreadPool', size: 10 
## 2024-07-25 19:00:45,992 [1] INFO  (null) Using job store 'Quartz.Simpl.RAMJobStore', supports persistence: False, clustered: False 
## 2024-07-25 19:00:45,994 [1] INFO  (null) JobFactory set to: QuartzJobLibrary.SingletonJobFactory 
## 2024-07-25 19:00:46,062 [1] INFO  (null) Scheduler DefaultQuartzScheduler_$_NON_CLUSTERED started. 
## 2024-07-25 19:00:46,333 [1] INFO  (null) Now listening on: http://192.168.123.27:5283 
## 2024-07-25 19:00:46,346 [1] INFO  (null) Application started. Press Ctrl+C to shut down. 
## 2024-07-25 19:00:46,350 [1] INFO  (null) Hosting environment: Development 
## 2024-07-25 19:00:46,353 [1] INFO  (null) Content root path: D:\C#_Project\AestheticsLink\WebAPI\ 
## 2024-07-25 19:01:29,036 [28] INFO  (null) CORS policy execution successful. 
## 2024-07-25 19:01:29,144 [28] INFO  (null) Received QueryCustomers request! 
## 2024-07-25 19:01:47,464 [28] INFO  (null) CORS policy execution successful. 
## 2024-07-25 19:01:47,474 [28] INFO  (null) Received QueryCustomers request! 
## 2024-07-25 19:01:56,216 [27] INFO  (null) CORS policy execution successful. 
## 2024-07-25 19:01:56,228 [27] INFO  (null) Received QueryCustomers request! 
## 2024-07-25 19:02:01,922 [27] INFO  (null) CORS policy execution successful. 
## 2024-07-25 19:02:01,932 [27] INFO  (null) Received QueryCustomers request! 
## 2024-07-25 19:02:19,824 [31] INFO  (null) CORS policy execution successful. 
## 2024-07-25 19:02:28,015 [27] INFO  (null) CORS policy execution successful. 
## 2024-07-25 19:02:28,023 [27] INFO  (null) Received QueryCustomers request! 
## 2024-07-25 19:03:57,914 [1] INFO  (null) Default Quartz.NET properties loaded from embedded resource file 
## 2024-07-25 19:03:58,056 [1] INFO  (null) Initialized Scheduler Signaller of type: Quartz.Core.SchedulerSignalerImpl 
## 2024-07-25 19:03:58,065 [1] INFO  (null) Quartz Scheduler created 
## 2024-07-25 19:03:58,067 [1] INFO  (null) RAMJobStore initialized. 
## 2024-07-25 19:03:58,071 [1] INFO  (null) Quartz Scheduler 3.11.0.0 - 'DefaultQuartzScheduler' with instanceId 'NON_CLUSTERED' initialized 
## 2024-07-25 19:03:58,074 [1] INFO  (null) Using thread pool 'Quartz.Simpl.DefaultThreadPool', size: 10 
## 2024-07-25 19:03:58,077 [1] INFO  (null) Using job store 'Quartz.Simpl.RAMJobStore', supports persistence: False, clustered: False 
## 2024-07-25 19:03:58,082 [1] INFO  (null) JobFactory set to: QuartzJobLibrary.SingletonJobFactory 
## 2024-07-25 19:03:58,182 [1] INFO  (null) Scheduler DefaultQuartzScheduler_$_NON_CLUSTERED started. 
## 2024-07-25 19:03:58,532 [1] INFO  (null) Now listening on: http://192.168.123.27:5283 
## 2024-07-25 19:03:58,546 [1] INFO  (null) Application started. Press Ctrl+C to shut down. 
## 2024-07-25 19:03:58,552 [1] INFO  (null) Hosting environment: Development 
## 2024-07-25 19:03:58,555 [1] INFO  (null) Content root path: D:\C#_Project\AestheticsLink\WebAPI\ 
## 2024-07-25 19:04:22,497 [21] INFO  (null) CORS policy execution successful. 
## 2024-07-25 19:04:22,642 [21] INFO  (null) Received QueryCustomers request! 
## 2024-07-25 19:05:55,850 [1] INFO  (null) Default Quartz.NET properties loaded from embedded resource file 
## 2024-07-25 19:05:55,959 [1] INFO  (null) Initialized Scheduler Signaller of type: Quartz.Core.SchedulerSignalerImpl 
## 2024-07-25 19:05:55,967 [1] INFO  (null) Quartz Scheduler created 
## 2024-07-25 19:05:55,969 [1] INFO  (null) RAMJobStore initialized. 
## 2024-07-25 19:05:55,971 [1] INFO  (null) Quartz Scheduler 3.11.0.0 - 'DefaultQuartzScheduler' with instanceId 'NON_CLUSTERED' initialized 
## 2024-07-25 19:05:55,972 [1] INFO  (null) Using thread pool 'Quartz.Simpl.DefaultThreadPool', size: 10 
## 2024-07-25 19:05:55,973 [1] INFO  (null) Using job store 'Quartz.Simpl.RAMJobStore', supports persistence: False, clustered: False 
## 2024-07-25 19:05:55,975 [1] INFO  (null) JobFactory set to: QuartzJobLibrary.SingletonJobFactory 
## 2024-07-25 19:05:56,070 [1] INFO  (null) Scheduler DefaultQuartzScheduler_$_NON_CLUSTERED started. 
## 2024-07-25 19:05:56,361 [1] INFO  (null) Now listening on: http://192.168.123.27:5283 
## 2024-07-25 19:05:56,382 [1] INFO  (null) Application started. Press Ctrl+C to shut down. 
## 2024-07-25 19:05:56,389 [1] INFO  (null) Hosting environment: Development 
## 2024-07-25 19:05:56,393 [1] INFO  (null) Content root path: D:\C#_Project\AestheticsLink\WebAPI\ 
## 2024-07-25 19:08:06,580 [38] INFO  (null) CORS policy execution successful. 
## 2024-07-25 19:08:45,149 [40] INFO  (null) CORS policy execution successful. 
## 2024-07-25 19:08:45,165 [40] INFO  (null) Received DeleteCustomers request! 
## 2024-07-25 19:08:48,745 [41] INFO  (null) CORS policy execution successful. 
## 2024-07-25 19:08:48,755 [41] INFO  (null) Received DeleteCustomers request! 
## 2024-07-25 19:08:54,177 [40] INFO  (null) CORS policy execution successful. 
## 2024-07-25 19:08:54,183 [40] INFO  (null) Received DeleteCustomers request! 
## 2024-07-25 19:09:06,069 [43] INFO  (null) CORS policy execution successful. 
## 2024-07-25 19:09:08,169 [40] INFO  (null) CORS policy execution successful. 
## 2024-07-25 19:09:20,716 [43] INFO  (null) CORS policy execution successful. 
## 2024-07-25 19:09:24,315 [43] INFO  (null) CORS policy execution successful. 
## 2024-07-25 19:09:33,156 [40] INFO  (null) CORS policy execution successful. 
## 2024-07-25 19:09:33,163 [40] INFO  (null) Received DeleteCustomers request! 
## 2024-07-25 19:09:56,225 [40] INFO  (null) CORS policy execution successful. 
## 2024-07-25 19:10:03,023 [45] INFO  (null) CORS policy execution successful. 
## 2024-07-25 19:10:03,029 [45] INFO  (null) Received DeleteCustomers request! 
## 2024-07-25 19:25:11,831 [1] INFO  (null) Default Quartz.NET properties loaded from embedded resource file 
## 2024-07-25 19:25:11,959 [1] INFO  (null) Initialized Scheduler Signaller of type: Quartz.Core.SchedulerSignalerImpl 
## 2024-07-25 19:25:11,971 [1] INFO  (null) Quartz Scheduler created 
## 2024-07-25 19:25:11,973 [1] INFO  (null) RAMJobStore initialized. 
## 2024-07-25 19:25:11,975 [1] INFO  (null) Quartz Scheduler 3.11.0.0 - 'DefaultQuartzScheduler' with instanceId 'NON_CLUSTERED' initialized 
## 2024-07-25 19:25:11,977 [1] INFO  (null) Using thread pool 'Quartz.Simpl.DefaultThreadPool', size: 10 
## 2024-07-25 19:25:11,979 [1] INFO  (null) Using job store 'Quartz.Simpl.RAMJobStore', supports persistence: False, clustered: False 
## 2024-07-25 19:25:11,981 [1] INFO  (null) JobFactory set to: QuartzJobLibrary.SingletonJobFactory 
## 2024-07-25 19:25:12,065 [1] INFO  (null) Scheduler DefaultQuartzScheduler_$_NON_CLUSTERED started. 
## 2024-07-25 19:25:12,464 [1] INFO  (null) Now listening on: http://192.168.123.27:5283 
## 2024-07-25 19:25:12,481 [1] INFO  (null) Application started. Press Ctrl+C to shut down. 
## 2024-07-25 19:25:12,489 [1] INFO  (null) Hosting environment: Development 
## 2024-07-25 19:25:12,496 [1] INFO  (null) Content root path: D:\C#_Project\AestheticsLink\WebAPI\ 
## 2024-07-25 19:25:42,110 [32] INFO  (null) CORS policy execution successful. 
## 2024-07-25 19:25:56,272 [33] INFO  (null) CORS policy execution successful. 
## 2024-07-25 19:25:56,351 [33] INFO  (null) Received DeleteCustomers request! 
## 2024-07-25 19:26:12,651 [32] INFO  (null) CORS policy execution successful. 
## 2024-07-25 19:26:12,658 [32] INFO  (null) Received DeleteCustomers request! 
## 2024-07-25 19:30:52,321 [1] INFO  (null) Default Quartz.NET properties loaded from embedded resource file 
## 2024-07-25 19:30:52,468 [1] INFO  (null) Initialized Scheduler Signaller of type: Quartz.Core.SchedulerSignalerImpl 
## 2024-07-25 19:30:52,481 [1] INFO  (null) Quartz Scheduler created 
## 2024-07-25 19:30:52,485 [1] INFO  (null) RAMJobStore initialized. 
## 2024-07-25 19:30:52,487 [1] INFO  (null) Quartz Scheduler 3.11.0.0 - 'DefaultQuartzScheduler' with instanceId 'NON_CLUSTERED' initialized 
## 2024-07-25 19:30:52,490 [1] INFO  (null) Using thread pool 'Quartz.Simpl.DefaultThreadPool', size: 10 
## 2024-07-25 19:30:52,491 [1] INFO  (null) Using job store 'Quartz.Simpl.RAMJobStore', supports persistence: False, clustered: False 
## 2024-07-25 19:30:52,494 [1] INFO  (null) JobFactory set to: QuartzJobLibrary.SingletonJobFactory 
## 2024-07-25 19:30:52,591 [1] INFO  (null) Scheduler DefaultQuartzScheduler_$_NON_CLUSTERED started. 
## 2024-07-25 19:30:52,938 [1] INFO  (null) Now listening on: http://192.168.123.27:5283 
## 2024-07-25 19:30:52,952 [1] INFO  (null) Application started. Press Ctrl+C to shut down. 
## 2024-07-25 19:30:52,958 [1] INFO  (null) Hosting environment: Development 
## 2024-07-25 19:30:52,961 [1] INFO  (null) Content root path: D:\C#_Project\AestheticsLink\WebAPI\ 
## 2024-07-25 19:31:20,566 [19] INFO  (null) CORS policy execution successful. 
## 2024-07-25 19:31:20,775 [19] INFO  (null) Received DeleteCustomers request! 
## 2024-07-25 19:32:18,164 [26] INFO  (null) CORS policy execution successful. 
## 2024-07-25 19:33:26,794 [27] INFO  (null) CORS policy execution successful. 
## 2024-07-25 19:33:26,802 [27] INFO  (null) Received DeleteCustomers request! 
## 2024-07-25 19:33:42,275 [27] INFO  (null) CORS policy execution successful. 
## 2024-07-25 19:33:42,280 [27] INFO  (null) Received DeleteCustomers request! 
## 2024-07-25 20:55:11,313 [1] INFO  (null) Default Quartz.NET properties loaded from embedded resource file 
## 2024-07-25 20:55:11,477 [1] INFO  (null) Initialized Scheduler Signaller of type: Quartz.Core.SchedulerSignalerImpl 
## 2024-07-25 20:55:11,488 [1] INFO  (null) Quartz Scheduler created 
## 2024-07-25 20:55:11,492 [1] INFO  (null) RAMJobStore initialized. 
## 2024-07-25 20:55:11,495 [1] INFO  (null) Quartz Scheduler 3.11.0.0 - 'DefaultQuartzScheduler' with instanceId 'NON_CLUSTERED' initialized 
## 2024-07-25 20:55:11,496 [1] INFO  (null) Using thread pool 'Quartz.Simpl.DefaultThreadPool', size: 10 
## 2024-07-25 20:55:11,498 [1] INFO  (null) Using job store 'Quartz.Simpl.RAMJobStore', supports persistence: False, clustered: False 
## 2024-07-25 20:55:11,501 [1] INFO  (null) JobFactory set to: QuartzJobLibrary.SingletonJobFactory 
## 2024-07-25 20:55:11,596 [1] INFO  (null) Scheduler DefaultQuartzScheduler_$_NON_CLUSTERED started. 
## 2024-07-25 20:55:11,944 [1] INFO  (null) Now listening on: http://192.168.123.27:5283 
## 2024-07-25 20:55:11,968 [1] INFO  (null) Application started. Press Ctrl+C to shut down. 
## 2024-07-25 20:55:11,978 [1] INFO  (null) Hosting environment: Development 
## 2024-07-25 20:55:11,982 [1] INFO  (null) Content root path: D:\C#_Project\AestheticsLink\WebAPI\ 
## 2024-07-25 20:55:30,109 [26] INFO  (null) CORS policy execution successful. 
## 2024-07-25 20:56:44,310 [1] INFO  (null) Default Quartz.NET properties loaded from embedded resource file 
## 2024-07-25 20:56:44,431 [1] INFO  (null) Initialized Scheduler Signaller of type: Quartz.Core.SchedulerSignalerImpl 
## 2024-07-25 20:56:44,435 [1] INFO  (null) Quartz Scheduler created 
## 2024-07-25 20:56:44,442 [1] INFO  (null) RAMJobStore initialized. 
## 2024-07-25 20:56:44,445 [1] INFO  (null) Quartz Scheduler 3.11.0.0 - 'DefaultQuartzScheduler' with instanceId 'NON_CLUSTERED' initialized 
## 2024-07-25 20:56:44,447 [1] INFO  (null) Using thread pool 'Quartz.Simpl.DefaultThreadPool', size: 10 
## 2024-07-25 20:56:44,449 [1] INFO  (null) Using job store 'Quartz.Simpl.RAMJobStore', supports persistence: False, clustered: False 
## 2024-07-25 20:56:44,453 [1] INFO  (null) JobFactory set to: QuartzJobLibrary.SingletonJobFactory 
## 2024-07-25 20:56:44,536 [1] INFO  (null) Scheduler DefaultQuartzScheduler_$_NON_CLUSTERED started. 
## 2024-07-25 20:56:44,882 [1] INFO  (null) Now listening on: http://192.168.123.27:5283 
## 2024-07-25 20:56:44,896 [1] INFO  (null) Application started. Press Ctrl+C to shut down. 
## 2024-07-25 20:56:44,902 [1] INFO  (null) Hosting environment: Development 
## 2024-07-25 20:56:44,906 [1] INFO  (null) Content root path: D:\C#_Project\AestheticsLink\WebAPI\ 
## 2024-07-25 20:57:06,969 [5] INFO  (null) CORS policy execution successful. 
## 2024-07-25 20:58:13,984 [1] INFO  (null) Default Quartz.NET properties loaded from embedded resource file 
## 2024-07-25 20:58:14,123 [1] INFO  (null) Initialized Scheduler Signaller of type: Quartz.Core.SchedulerSignalerImpl 
## 2024-07-25 20:58:14,133 [1] INFO  (null) Quartz Scheduler created 
## 2024-07-25 20:58:14,141 [1] INFO  (null) RAMJobStore initialized. 
## 2024-07-25 20:58:14,144 [1] INFO  (null) Quartz Scheduler 3.11.0.0 - 'DefaultQuartzScheduler' with instanceId 'NON_CLUSTERED' initialized 
## 2024-07-25 20:58:14,146 [1] INFO  (null) Using thread pool 'Quartz.Simpl.DefaultThreadPool', size: 10 
## 2024-07-25 20:58:14,150 [1] INFO  (null) Using job store 'Quartz.Simpl.RAMJobStore', supports persistence: False, clustered: False 
## 2024-07-25 20:58:14,153 [1] INFO  (null) JobFactory set to: QuartzJobLibrary.SingletonJobFactory 
## 2024-07-25 20:58:14,231 [1] INFO  (null) Scheduler DefaultQuartzScheduler_$_NON_CLUSTERED started. 
## 2024-07-25 20:58:14,543 [1] INFO  (null) Now listening on: http://192.168.123.27:5283 
## 2024-07-25 20:58:14,559 [1] INFO  (null) Application started. Press Ctrl+C to shut down. 
## 2024-07-25 20:58:14,563 [1] INFO  (null) Hosting environment: Development 
## 2024-07-25 20:58:14,567 [1] INFO  (null) Content root path: D:\C#_Project\AestheticsLink\WebAPI\ 
## 2024-07-25 21:00:08,936 [34] INFO  (null) CORS policy execution successful. 
## 2024-07-25 21:00:30,639 [37] INFO  (null) CORS policy execution successful. 
## 2024-07-25 21:00:55,156 [37] INFO  (null) CORS policy execution successful. 
## 2024-07-25 21:01:18,090 [1] INFO  (null) Default Quartz.NET properties loaded from embedded resource file 
## 2024-07-25 21:01:18,220 [1] INFO  (null) Initialized Scheduler Signaller of type: Quartz.Core.SchedulerSignalerImpl 
## 2024-07-25 21:01:18,229 [1] INFO  (null) Quartz Scheduler created 
## 2024-07-25 21:01:18,231 [1] INFO  (null) RAMJobStore initialized. 
## 2024-07-25 21:01:18,234 [1] INFO  (null) Quartz Scheduler 3.11.0.0 - 'DefaultQuartzScheduler' with instanceId 'NON_CLUSTERED' initialized 
## 2024-07-25 21:01:18,236 [1] INFO  (null) Using thread pool 'Quartz.Simpl.DefaultThreadPool', size: 10 
## 2024-07-25 21:01:18,237 [1] INFO  (null) Using job store 'Quartz.Simpl.RAMJobStore', supports persistence: False, clustered: False 
## 2024-07-25 21:01:18,241 [1] INFO  (null) JobFactory set to: QuartzJobLibrary.SingletonJobFactory 
## 2024-07-25 21:01:18,319 [1] INFO  (null) Scheduler DefaultQuartzScheduler_$_NON_CLUSTERED started. 
## 2024-07-25 21:01:18,649 [1] INFO  (null) Now listening on: http://192.168.123.27:5283 
## 2024-07-25 21:01:18,662 [1] INFO  (null) Application started. Press Ctrl+C to shut down. 
## 2024-07-25 21:01:18,667 [1] INFO  (null) Hosting environment: Development 
## 2024-07-25 21:01:18,675 [1] INFO  (null) Content root path: D:\C#_Project\AestheticsLink\WebAPI\ 
## 2024-07-25 21:01:30,178 [3] INFO  (null) CORS policy execution successful. 
## 2024-07-25 21:02:05,838 [1] INFO  (null) Default Quartz.NET properties loaded from embedded resource file 
## 2024-07-25 21:02:05,977 [1] INFO  (null) Initialized Scheduler Signaller of type: Quartz.Core.SchedulerSignalerImpl 
## 2024-07-25 21:02:05,987 [1] INFO  (null) Quartz Scheduler created 
## 2024-07-25 21:02:05,989 [1] INFO  (null) RAMJobStore initialized. 
## 2024-07-25 21:02:05,992 [1] INFO  (null) Quartz Scheduler 3.11.0.0 - 'DefaultQuartzScheduler' with instanceId 'NON_CLUSTERED' initialized 
## 2024-07-25 21:02:05,994 [1] INFO  (null) Using thread pool 'Quartz.Simpl.DefaultThreadPool', size: 10 
## 2024-07-25 21:02:05,996 [1] INFO  (null) Using job store 'Quartz.Simpl.RAMJobStore', supports persistence: False, clustered: False 
## 2024-07-25 21:02:06,000 [1] INFO  (null) JobFactory set to: QuartzJobLibrary.SingletonJobFactory 
## 2024-07-25 21:02:06,082 [1] INFO  (null) Scheduler DefaultQuartzScheduler_$_NON_CLUSTERED started. 
## 2024-07-25 21:02:06,428 [1] INFO  (null) Now listening on: http://192.168.123.27:5283 
## 2024-07-25 21:02:06,443 [1] INFO  (null) Application started. Press Ctrl+C to shut down. 
## 2024-07-25 21:02:06,449 [1] INFO  (null) Hosting environment: Development 
## 2024-07-25 21:02:06,457 [1] INFO  (null) Content root path: D:\C#_Project\AestheticsLink\WebAPI\ 
## 2024-07-25 21:02:18,484 [24] INFO  (null) CORS policy execution successful. 
## 2024-07-25 21:02:51,467 [1] INFO  (null) Default Quartz.NET properties loaded from embedded resource file 
## 2024-07-25 21:02:51,613 [1] INFO  (null) Initialized Scheduler Signaller of type: Quartz.Core.SchedulerSignalerImpl 
## 2024-07-25 21:02:51,623 [1] INFO  (null) Quartz Scheduler created 
## 2024-07-25 21:02:51,625 [1] INFO  (null) RAMJobStore initialized. 
## 2024-07-25 21:02:51,629 [1] INFO  (null) Quartz Scheduler 3.11.0.0 - 'DefaultQuartzScheduler' with instanceId 'NON_CLUSTERED' initialized 
## 2024-07-25 21:02:51,632 [1] INFO  (null) Using thread pool 'Quartz.Simpl.DefaultThreadPool', size: 10 
## 2024-07-25 21:02:51,634 [1] INFO  (null) Using job store 'Quartz.Simpl.RAMJobStore', supports persistence: False, clustered: False 
## 2024-07-25 21:02:51,637 [1] INFO  (null) JobFactory set to: QuartzJobLibrary.SingletonJobFactory 
## 2024-07-25 21:02:51,713 [1] INFO  (null) Scheduler DefaultQuartzScheduler_$_NON_CLUSTERED started. 
## 2024-07-25 21:02:52,042 [1] INFO  (null) Now listening on: http://192.168.123.27:5283 
## 2024-07-25 21:02:52,058 [1] INFO  (null) Application started. Press Ctrl+C to shut down. 
## 2024-07-25 21:02:52,063 [1] INFO  (null) Hosting environment: Development 
## 2024-07-25 21:02:52,066 [1] INFO  (null) Content root path: D:\C#_Project\AestheticsLink\WebAPI\ 
## 2024-07-25 21:03:03,331 [20] INFO  (null) CORS policy execution successful. 
## 2024-07-25 21:12:23,969 [1] INFO  (null) Default Quartz.NET properties loaded from embedded resource file 
## 2024-07-25 21:12:24,116 [1] INFO  (null) Initialized Scheduler Signaller of type: Quartz.Core.SchedulerSignalerImpl 
## 2024-07-25 21:12:24,119 [1] INFO  (null) Quartz Scheduler created 
## 2024-07-25 21:12:24,145 [1] INFO  (null) RAMJobStore initialized. 
## 2024-07-25 21:12:24,162 [1] INFO  (null) Quartz Scheduler 3.11.0.0 - 'DefaultQuartzScheduler' with instanceId 'NON_CLUSTERED' initialized 
## 2024-07-25 21:12:24,165 [1] INFO  (null) Using thread pool 'Quartz.Simpl.DefaultThreadPool', size: 10 
## 2024-07-25 21:12:24,169 [1] INFO  (null) Using job store 'Quartz.Simpl.RAMJobStore', supports persistence: False, clustered: False 
## 2024-07-25 21:12:24,173 [1] INFO  (null) JobFactory set to: QuartzJobLibrary.SingletonJobFactory 
## 2024-07-25 21:12:24,264 [1] INFO  (null) Scheduler DefaultQuartzScheduler_$_NON_CLUSTERED started. 
## 2024-07-25 21:12:24,761 [1] INFO  (null) Now listening on: http://192.168.123.27:5283 
## 2024-07-25 21:12:24,784 [1] INFO  (null) Application started. Press Ctrl+C to shut down. 
## 2024-07-25 21:12:24,790 [1] INFO  (null) Hosting environment: Development 
## 2024-07-25 21:12:24,796 [1] INFO  (null) Content root path: D:\C#_Project\AestheticsLink\WebAPI\ 
## 2024-07-25 21:12:44,739 [32] INFO  (null) CORS policy execution successful. 
## 2024-07-25 21:13:01,252 [29] INFO  (null) CORS policy execution successful. 
## 2024-07-25 21:13:08,076 [29] INFO  (null) CORS policy execution successful. 
## 2024-07-25 21:13:10,736 [29] INFO  (null) CORS policy execution successful. 
## 2024-07-25 21:13:11,504 [29] INFO  (null) CORS policy execution successful. 
## 2024-07-25 21:14:15,720 [1] INFO  (null) Default Quartz.NET properties loaded from embedded resource file 
## 2024-07-25 21:14:15,852 [1] INFO  (null) Initialized Scheduler Signaller of type: Quartz.Core.SchedulerSignalerImpl 
## 2024-07-25 21:14:15,862 [1] INFO  (null) Quartz Scheduler created 
## 2024-07-25 21:14:15,865 [1] INFO  (null) RAMJobStore initialized. 
## 2024-07-25 21:14:15,866 [1] INFO  (null) Quartz Scheduler 3.11.0.0 - 'DefaultQuartzScheduler' with instanceId 'NON_CLUSTERED' initialized 
## 2024-07-25 21:14:15,868 [1] INFO  (null) Using thread pool 'Quartz.Simpl.DefaultThreadPool', size: 10 
## 2024-07-25 21:14:15,869 [1] INFO  (null) Using job store 'Quartz.Simpl.RAMJobStore', supports persistence: False, clustered: False 
## 2024-07-25 21:14:15,872 [1] INFO  (null) JobFactory set to: QuartzJobLibrary.SingletonJobFactory 
## 2024-07-25 21:14:15,959 [1] INFO  (null) Scheduler DefaultQuartzScheduler_$_NON_CLUSTERED started. 
## 2024-07-25 21:14:16,286 [1] INFO  (null) Now listening on: http://192.168.123.27:5283 
## 2024-07-25 21:14:16,300 [1] INFO  (null) Application started. Press Ctrl+C to shut down. 
## 2024-07-25 21:14:16,305 [1] INFO  (null) Hosting environment: Development 
## 2024-07-25 21:14:16,308 [1] INFO  (null) Content root path: D:\C#_Project\AestheticsLink\WebAPI\ 
## 2024-07-25 21:15:01,865 [31] INFO  (null) CORS policy execution successful. 
## 2024-07-25 21:15:12,615 [33] INFO  (null) CORS policy execution successful. 
## 2024-07-25 21:15:33,928 [1] INFO  (null) Default Quartz.NET properties loaded from embedded resource file 
## 2024-07-25 21:15:34,058 [1] INFO  (null) Initialized Scheduler Signaller of type: Quartz.Core.SchedulerSignalerImpl 
## 2024-07-25 21:15:34,067 [1] INFO  (null) Quartz Scheduler created 
## 2024-07-25 21:15:34,070 [1] INFO  (null) RAMJobStore initialized. 
## 2024-07-25 21:15:34,072 [1] INFO  (null) Quartz Scheduler 3.11.0.0 - 'DefaultQuartzScheduler' with instanceId 'NON_CLUSTERED' initialized 
## 2024-07-25 21:15:34,074 [1] INFO  (null) Using thread pool 'Quartz.Simpl.DefaultThreadPool', size: 10 
## 2024-07-25 21:15:34,076 [1] INFO  (null) Using job store 'Quartz.Simpl.RAMJobStore', supports persistence: False, clustered: False 
## 2024-07-25 21:15:34,078 [1] INFO  (null) JobFactory set to: QuartzJobLibrary.SingletonJobFactory 
## 2024-07-25 21:15:34,168 [1] INFO  (null) Scheduler DefaultQuartzScheduler_$_NON_CLUSTERED started. 
## 2024-07-25 21:15:34,495 [1] INFO  (null) Now listening on: http://192.168.123.27:5283 
## 2024-07-25 21:15:34,510 [1] INFO  (null) Application started. Press Ctrl+C to shut down. 
## 2024-07-25 21:15:34,514 [1] INFO  (null) Hosting environment: Development 
## 2024-07-25 21:15:34,517 [1] INFO  (null) Content root path: D:\C#_Project\AestheticsLink\WebAPI\ 
## 2024-07-25 21:15:45,197 [25] INFO  (null) CORS policy execution successful. 
## 2024-07-25 21:17:44,852 [31] INFO  (null) CORS policy execution successful. 
## 2024-07-25 21:19:39,688 [1] INFO  (null) Default Quartz.NET properties loaded from embedded resource file 
## 2024-07-25 21:19:39,812 [1] INFO  (null) Initialized Scheduler Signaller of type: Quartz.Core.SchedulerSignalerImpl 
## 2024-07-25 21:19:39,823 [1] INFO  (null) Quartz Scheduler created 
## 2024-07-25 21:19:39,826 [1] INFO  (null) RAMJobStore initialized. 
## 2024-07-25 21:19:39,828 [1] INFO  (null) Quartz Scheduler 3.11.0.0 - 'DefaultQuartzScheduler' with instanceId 'NON_CLUSTERED' initialized 
## 2024-07-25 21:19:39,830 [1] INFO  (null) Using thread pool 'Quartz.Simpl.DefaultThreadPool', size: 10 
## 2024-07-25 21:19:39,832 [1] INFO  (null) Using job store 'Quartz.Simpl.RAMJobStore', supports persistence: False, clustered: False 
## 2024-07-25 21:19:39,834 [1] INFO  (null) JobFactory set to: QuartzJobLibrary.SingletonJobFactory 
## 2024-07-25 21:19:39,917 [1] INFO  (null) Scheduler DefaultQuartzScheduler_$_NON_CLUSTERED started. 
## 2024-07-25 21:19:40,218 [1] INFO  (null) Now listening on: http://192.168.123.27:5283 
## 2024-07-25 21:19:40,231 [1] INFO  (null) Application started. Press Ctrl+C to shut down. 
## 2024-07-25 21:19:40,236 [1] INFO  (null) Hosting environment: Development 
## 2024-07-25 21:19:40,240 [1] INFO  (null) Content root path: D:\C#_Project\AestheticsLink\WebAPI\ 
## 2024-07-25 21:19:52,189 [19] INFO  (null) CORS policy execution successful. 
## 2024-07-25 21:20:54,531 [32] INFO  (null) CORS policy execution successful. 
## 2024-07-25 21:21:01,807 [34] INFO  (null) CORS policy execution successful. 
## 2024-07-25 21:23:21,105 [1] INFO  (null) Default Quartz.NET properties loaded from embedded resource file 
## 2024-07-25 21:23:21,227 [1] INFO  (null) Initialized Scheduler Signaller of type: Quartz.Core.SchedulerSignalerImpl 
## 2024-07-25 21:23:21,234 [1] INFO  (null) Quartz Scheduler created 
## 2024-07-25 21:23:21,236 [1] INFO  (null) RAMJobStore initialized. 
## 2024-07-25 21:23:21,238 [1] INFO  (null) Quartz Scheduler 3.11.0.0 - 'DefaultQuartzScheduler' with instanceId 'NON_CLUSTERED' initialized 
## 2024-07-25 21:23:21,240 [1] INFO  (null) Using thread pool 'Quartz.Simpl.DefaultThreadPool', size: 10 
## 2024-07-25 21:23:21,242 [1] INFO  (null) Using job store 'Quartz.Simpl.RAMJobStore', supports persistence: False, clustered: False 
## 2024-07-25 21:23:21,245 [1] INFO  (null) JobFactory set to: QuartzJobLibrary.SingletonJobFactory 
## 2024-07-25 21:23:21,321 [1] INFO  (null) Scheduler DefaultQuartzScheduler_$_NON_CLUSTERED started. 
## 2024-07-25 21:23:21,638 [1] INFO  (null) Now listening on: http://192.168.123.27:5283 
## 2024-07-25 21:23:21,654 [1] INFO  (null) Application started. Press Ctrl+C to shut down. 
## 2024-07-25 21:23:21,660 [1] INFO  (null) Hosting environment: Development 
## 2024-07-25 21:23:21,666 [1] INFO  (null) Content root path: D:\C#_Project\AestheticsLink\WebAPI\ 
## 2024-07-25 21:24:22,807 [32] INFO  (null) CORS policy execution successful. 
## 2024-07-25 21:24:52,374 [40] INFO  (null) CORS policy execution successful. 
## 2024-07-25 21:25:40,903 [1] INFO  (null) Default Quartz.NET properties loaded from embedded resource file 
## 2024-07-25 21:25:41,032 [1] INFO  (null) Initialized Scheduler Signaller of type: Quartz.Core.SchedulerSignalerImpl 
## 2024-07-25 21:25:41,041 [1] INFO  (null) Quartz Scheduler created 
## 2024-07-25 21:25:41,043 [1] INFO  (null) RAMJobStore initialized. 
## 2024-07-25 21:25:41,046 [1] INFO  (null) Quartz Scheduler 3.11.0.0 - 'DefaultQuartzScheduler' with instanceId 'NON_CLUSTERED' initialized 
## 2024-07-25 21:25:41,049 [1] INFO  (null) Using thread pool 'Quartz.Simpl.DefaultThreadPool', size: 10 
## 2024-07-25 21:25:41,050 [1] INFO  (null) Using job store 'Quartz.Simpl.RAMJobStore', supports persistence: False, clustered: False 
## 2024-07-25 21:25:41,053 [1] INFO  (null) JobFactory set to: QuartzJobLibrary.SingletonJobFactory 
## 2024-07-25 21:25:41,129 [1] INFO  (null) Scheduler DefaultQuartzScheduler_$_NON_CLUSTERED started. 
## 2024-07-25 21:25:41,433 [1] INFO  (null) Now listening on: http://192.168.123.27:5283 
## 2024-07-25 21:25:41,446 [1] INFO  (null) Application started. Press Ctrl+C to shut down. 
## 2024-07-25 21:25:41,450 [1] INFO  (null) Hosting environment: Development 
## 2024-07-25 21:25:41,453 [1] INFO  (null) Content root path: D:\C#_Project\AestheticsLink\WebAPI\ 
## 2024-07-25 21:29:17,663 [31] INFO  (null) CORS policy execution successful. 
## 2024-07-25 21:29:42,852 [1] INFO  (null) Default Quartz.NET properties loaded from embedded resource file 
## 2024-07-25 21:29:42,998 [1] INFO  (null) Initialized Scheduler Signaller of type: Quartz.Core.SchedulerSignalerImpl 
## 2024-07-25 21:29:43,002 [1] INFO  (null) Quartz Scheduler created 
## 2024-07-25 21:29:43,010 [1] INFO  (null) RAMJobStore initialized. 
## 2024-07-25 21:29:43,013 [1] INFO  (null) Quartz Scheduler 3.11.0.0 - 'DefaultQuartzScheduler' with instanceId 'NON_CLUSTERED' initialized 
## 2024-07-25 21:29:43,016 [1] INFO  (null) Using thread pool 'Quartz.Simpl.DefaultThreadPool', size: 10 
## 2024-07-25 21:29:43,018 [1] INFO  (null) Using job store 'Quartz.Simpl.RAMJobStore', supports persistence: False, clustered: False 
## 2024-07-25 21:29:43,022 [1] INFO  (null) JobFactory set to: QuartzJobLibrary.SingletonJobFactory 
## 2024-07-25 21:29:43,103 [1] INFO  (null) Scheduler DefaultQuartzScheduler_$_NON_CLUSTERED started. 
## 2024-07-25 21:29:43,377 [1] INFO  (null) Now listening on: http://192.168.123.27:5283 
## 2024-07-25 21:29:43,388 [1] INFO  (null) Application started. Press Ctrl+C to shut down. 
## 2024-07-25 21:29:43,392 [1] INFO  (null) Hosting environment: Development 
## 2024-07-25 21:29:43,396 [1] INFO  (null) Content root path: D:\C#_Project\AestheticsLink\WebAPI\ 
## 2024-07-25 21:29:53,867 [17] INFO  (null) CORS policy execution successful. 
## 2024-07-25 21:32:42,876 [1] INFO  (null) Default Quartz.NET properties loaded from embedded resource file 
## 2024-07-25 21:32:42,952 [1] INFO  (null) Initialized Scheduler Signaller of type: Quartz.Core.SchedulerSignalerImpl 
## 2024-07-25 21:32:42,953 [1] INFO  (null) Quartz Scheduler created 
## 2024-07-25 21:32:42,959 [1] INFO  (null) RAMJobStore initialized. 
## 2024-07-25 21:32:42,960 [1] INFO  (null) Quartz Scheduler 3.11.0.0 - 'DefaultQuartzScheduler' with instanceId 'NON_CLUSTERED' initialized 
## 2024-07-25 21:32:42,961 [1] INFO  (null) Using thread pool 'Quartz.Simpl.DefaultThreadPool', size: 10 
## 2024-07-25 21:32:42,962 [1] INFO  (null) Using job store 'Quartz.Simpl.RAMJobStore', supports persistence: False, clustered: False 
## 2024-07-25 21:32:42,963 [1] INFO  (null) JobFactory set to: QuartzJobLibrary.SingletonJobFactory 
## 2024-07-25 21:32:43,006 [1] INFO  (null) Scheduler DefaultQuartzScheduler_$_NON_CLUSTERED started. 
## 2024-07-25 21:32:43,188 [1] INFO  (null) Now listening on: http://192.168.123.27:5283 
## 2024-07-25 21:32:43,198 [1] INFO  (null) Application started. Press Ctrl+C to shut down. 
## 2024-07-25 21:32:43,201 [1] INFO  (null) Hosting environment: Development 
## 2024-07-25 21:32:43,203 [1] INFO  (null) Content root path: D:\C#_Project\AestheticsLink\WebAPI\ 
## 2024-07-25 21:32:52,804 [18] INFO  (null) CORS policy execution successful. 
## 2024-07-25 21:32:53,892 [18] INFO  (null) Received SigninState request:SER_ID=2253729! 
## 2024-07-25 21:33:04,389 [3] INFO  (null) CORS policy execution successful. 
## 2024-07-25 21:33:04,435 [3] INFO  (null) Received Signin request:SER_ID=2253729! 
## 2024-07-25 21:33:17,472 [20] INFO  (null) CORS policy execution successful. 
## 2024-07-25 21:33:17,508 [20] INFO  (null) Received SigninState request:SER_ID=2251328! 
## 2024-07-25 21:33:33,755 [23] INFO  (null) CORS policy execution successful. 
## 2024-07-25 21:33:33,788 [23] INFO  (null) Received Signin request:SER_ID=2251328! 
## 2024-07-25 21:33:38,147 [20] INFO  (null) CORS policy execution successful. 
## 2024-07-25 21:33:38,186 [20] INFO  (null) Received Signin request:SER_ID=2251328! 
## 2024-07-25 21:33:41,853 [20] INFO  (null) CORS policy execution successful. 
## 2024-07-25 21:33:41,894 [20] INFO  (null) Received SigninState request:SER_ID=2251328! 
## 2024-07-25 21:33:43,037 [23] INFO  (null) CORS policy execution successful. 
## 2024-07-25 21:33:43,085 [23] INFO  (null) Received SigninState request:SER_ID=2251328! 
## 2024-07-25 21:37:06,710 [1] INFO  (null) Default Quartz.NET properties loaded from embedded resource file 
## 2024-07-25 21:37:06,779 [1] INFO  (null) Initialized Scheduler Signaller of type: Quartz.Core.SchedulerSignalerImpl 
## 2024-07-25 21:37:06,784 [1] INFO  (null) Quartz Scheduler created 
## 2024-07-25 21:37:06,786 [1] INFO  (null) RAMJobStore initialized. 
## 2024-07-25 21:37:06,788 [1] INFO  (null) Quartz Scheduler 3.11.0.0 - 'DefaultQuartzScheduler' with instanceId 'NON_CLUSTERED' initialized 
## 2024-07-25 21:37:06,789 [1] INFO  (null) Using thread pool 'Quartz.Simpl.DefaultThreadPool', size: 10 
## 2024-07-25 21:37:06,790 [1] INFO  (null) Using job store 'Quartz.Simpl.RAMJobStore', supports persistence: False, clustered: False 
## 2024-07-25 21:37:06,791 [1] INFO  (null) JobFactory set to: QuartzJobLibrary.SingletonJobFactory 
## 2024-07-25 21:37:06,842 [1] INFO  (null) Scheduler DefaultQuartzScheduler_$_NON_CLUSTERED started. 
## 2024-07-25 21:37:07,019 [1] INFO  (null) Now listening on: http://192.168.123.27:5283 
## 2024-07-25 21:37:07,028 [1] INFO  (null) Application started. Press Ctrl+C to shut down. 
## 2024-07-25 21:37:07,031 [1] INFO  (null) Hosting environment: Development 
## 2024-07-25 21:37:07,033 [1] INFO  (null) Content root path: D:\C#_Project\AestheticsLink\WebAPI\ 
## 2024-07-25 21:37:18,852 [27] INFO  (null) CORS policy execution successful. 
## 2024-07-25 21:37:29,423 [30] INFO  (null) CORS policy execution successful. 
## 2024-07-25 21:37:29,511 [30] INFO  (null) Received login request: SER_ID=2251328 
## 2024-07-25 21:37:46,714 [30] INFO  (null) CORS policy execution successful. 
## 2024-07-25 21:37:46,743 [30] INFO  (null) Received login request: SER_ID=2253729 
## 2024-07-25 21:42:35,818 [1] INFO  (null) Default Quartz.NET properties loaded from embedded resource file 
## 2024-07-25 21:42:35,894 [1] INFO  (null) Initialized Scheduler Signaller of type: Quartz.Core.SchedulerSignalerImpl 
## 2024-07-25 21:42:35,903 [1] INFO  (null) Quartz Scheduler created 
## 2024-07-25 21:42:35,904 [1] INFO  (null) RAMJobStore initialized. 
## 2024-07-25 21:42:35,905 [1] INFO  (null) Quartz Scheduler 3.11.0.0 - 'DefaultQuartzScheduler' with instanceId 'NON_CLUSTERED' initialized 
## 2024-07-25 21:42:35,906 [1] INFO  (null) Using thread pool 'Quartz.Simpl.DefaultThreadPool', size: 10 
## 2024-07-25 21:42:35,907 [1] INFO  (null) Using job store 'Quartz.Simpl.RAMJobStore', supports persistence: False, clustered: False 
## 2024-07-25 21:42:35,908 [1] INFO  (null) JobFactory set to: QuartzJobLibrary.SingletonJobFactory 
## 2024-07-25 21:42:35,952 [1] INFO  (null) Scheduler DefaultQuartzScheduler_$_NON_CLUSTERED started. 
## 2024-07-25 21:42:36,133 [1] INFO  (null) Now listening on: http://192.168.123.27:5283 
## 2024-07-25 21:42:36,142 [1] INFO  (null) Application started. Press Ctrl+C to shut down. 
## 2024-07-25 21:42:36,144 [1] INFO  (null) Hosting environment: Development 
## 2024-07-25 21:42:36,146 [1] INFO  (null) Content root path: D:\C#_Project\AestheticsLink\WebAPI\ 
## 2024-07-25 21:44:32,605 [24] INFO  (null) CORS policy execution successful. 
## 2024-07-25 21:44:32,669 [24] INFO  (null) Received DeleteCustomers request! 
