## 2024-07-18 00:00:02,633 [1] INFO  (null) Default Quartz.NET properties loaded from embedded resource file 
## 2024-07-18 00:00:02,670 [1] INFO  (null) Initialized Scheduler Signaller of type: Quartz.Core.SchedulerSignalerImpl 
## 2024-07-18 00:00:02,671 [1] INFO  (null) Quartz Scheduler created 
## 2024-07-18 00:00:02,672 [1] INFO  (null) RAMJobStore initialized. 
## 2024-07-18 00:00:02,672 [1] INFO  (null) Quartz Scheduler 3.11.0.0 - 'DefaultQuartzScheduler' with instanceId 'NON_CLUSTERED' initialized 
## 2024-07-18 00:00:02,673 [1] INFO  (null) Using thread pool 'Quartz.Simpl.DefaultThreadPool', size: 10 
## 2024-07-18 00:00:02,674 [1] INFO  (null) Using job store 'Quartz.Simpl.RAMJobStore', supports persistence: False, clustered: False 
## 2024-07-18 00:00:02,675 [1] INFO  (null) JobFactory set to: SingletonJobFactory 
## 2024-07-18 00:00:02,695 [1] INFO  (null) Scheduler DefaultQuartzScheduler_$_NON_CLUSTERED started. 
## 2024-07-18 00:00:02,770 [1] INFO  (null) Now listening on: http://localhost:5283 
## 2024-07-18 00:00:02,772 [1] INFO  (null) Application started. Press Ctrl+C to shut down. 
## 2024-07-18 00:00:02,773 [1] INFO  (null) Hosting environment: Development 
## 2024-07-18 00:00:02,774 [1] INFO  (null) Content root path: D:\C#_Project\AestheticsLink\WebAPI\ 
## 2024-07-18 10:35:22,565 [1] INFO  (null) Default Quartz.NET properties loaded from embedded resource file 
## 2024-07-18 10:35:22,648 [1] INFO  (null) Initialized Scheduler Signaller of type: Quartz.Core.SchedulerSignalerImpl 
## 2024-07-18 10:35:22,656 [1] INFO  (null) Quartz Scheduler created 
## 2024-07-18 10:35:22,657 [1] INFO  (null) RAMJobStore initialized. 
## 2024-07-18 10:35:22,658 [1] INFO  (null) Quartz Scheduler 3.11.0.0 - 'DefaultQuartzScheduler' with instanceId 'NON_CLUSTERED' initialized 
## 2024-07-18 10:35:22,659 [1] INFO  (null) Using thread pool 'Quartz.Simpl.DefaultThreadPool', size: 10 
## 2024-07-18 10:35:22,660 [1] INFO  (null) Using job store 'Quartz.Simpl.RAMJobStore', supports persistence: False, clustered: False 
## 2024-07-18 10:35:22,662 [1] INFO  (null) JobFactory set to: SingletonJobFactory 
## 2024-07-18 10:35:22,713 [1] INFO  (null) Scheduler DefaultQuartzScheduler_$_NON_CLUSTERED started. 
## 2024-07-18 10:35:22,971 [1] INFO  (null) Now listening on: http://localhost:5283 
## 2024-07-18 10:35:22,978 [1] INFO  (null) Application started. Press Ctrl+C to shut down. 
## 2024-07-18 10:35:22,981 [1] INFO  (null) Hosting environment: Development 
## 2024-07-18 10:35:22,984 [1] INFO  (null) Content root path: D:\C#_Project\AestheticsLink\WebAPI\ 
## 2024-07-18 10:38:59,214 [1] INFO  (null) Default Quartz.NET properties loaded from embedded resource file 
## 2024-07-18 10:38:59,286 [1] INFO  (null) Initialized Scheduler Signaller of type: Quartz.Core.SchedulerSignalerImpl 
## 2024-07-18 10:38:59,287 [1] INFO  (null) Quartz Scheduler created 
## 2024-07-18 10:38:59,292 [1] INFO  (null) RAMJobStore initialized. 
## 2024-07-18 10:38:59,293 [1] INFO  (null) Quartz Scheduler 3.11.0.0 - 'DefaultQuartzScheduler' with instanceId 'NON_CLUSTERED' initialized 
## 2024-07-18 10:38:59,294 [1] INFO  (null) Using thread pool 'Quartz.Simpl.DefaultThreadPool', size: 10 
## 2024-07-18 10:38:59,294 [1] INFO  (null) Using job store 'Quartz.Simpl.RAMJobStore', supports persistence: False, clustered: False 
## 2024-07-18 10:38:59,296 [1] INFO  (null) JobFactory set to: SingletonJobFactory 
## 2024-07-18 10:38:59,335 [1] INFO  (null) Scheduler DefaultQuartzScheduler_$_NON_CLUSTERED started. 
## 2024-07-18 10:38:59,528 [1] INFO  (null) Now listening on: http://localhost:5283 
## 2024-07-18 10:38:59,535 [1] INFO  (null) Application started. Press Ctrl+C to shut down. 
## 2024-07-18 10:38:59,537 [1] INFO  (null) Hosting environment: Development 
## 2024-07-18 10:38:59,539 [1] INFO  (null) Content root path: D:\C#_Project\AestheticsLink\WebAPI\ 
## 2024-07-18 11:04:27,306 [1] INFO  (null) Default Quartz.NET properties loaded from embedded resource file 
## 2024-07-18 11:04:27,379 [1] INFO  (null) Initialized Scheduler Signaller of type: Quartz.Core.SchedulerSignalerImpl 
## 2024-07-18 11:04:27,384 [1] INFO  (null) Quartz Scheduler created 
## 2024-07-18 11:04:27,385 [1] INFO  (null) RAMJobStore initialized. 
## 2024-07-18 11:04:27,386 [1] INFO  (null) Quartz Scheduler 3.11.0.0 - 'DefaultQuartzScheduler' with instanceId 'NON_CLUSTERED' initialized 
## 2024-07-18 11:04:27,387 [1] INFO  (null) Using thread pool 'Quartz.Simpl.DefaultThreadPool', size: 10 
## 2024-07-18 11:04:27,388 [1] INFO  (null) Using job store 'Quartz.Simpl.RAMJobStore', supports persistence: False, clustered: False 
## 2024-07-18 11:04:27,389 [1] INFO  (null) JobFactory set to: SingletonJobFactory 
## 2024-07-18 11:04:27,431 [1] INFO  (null) Scheduler DefaultQuartzScheduler_$_NON_CLUSTERED started. 
## 2024-07-18 11:04:27,632 [1] INFO  (null) Now listening on: http://localhost:5283 
## 2024-07-18 11:04:27,638 [1] INFO  (null) Application started. Press Ctrl+C to shut down. 
## 2024-07-18 11:04:27,641 [1] INFO  (null) Hosting environment: Development 
## 2024-07-18 11:04:27,644 [1] INFO  (null) Content root path: D:\C#_Project\AestheticsLink\WebAPI\ 
## 2024-07-18 11:05:52,968 [1] INFO  (null) Default Quartz.NET properties loaded from embedded resource file 
## 2024-07-18 11:05:53,039 [1] INFO  (null) Initialized Scheduler Signaller of type: Quartz.Core.SchedulerSignalerImpl 
## 2024-07-18 11:05:53,044 [1] INFO  (null) Quartz Scheduler created 
## 2024-07-18 11:05:53,045 [1] INFO  (null) RAMJobStore initialized. 
## 2024-07-18 11:05:53,046 [1] INFO  (null) Quartz Scheduler 3.11.0.0 - 'DefaultQuartzScheduler' with instanceId 'NON_CLUSTERED' initialized 
## 2024-07-18 11:05:53,047 [1] INFO  (null) Using thread pool 'Quartz.Simpl.DefaultThreadPool', size: 10 
## 2024-07-18 11:05:53,048 [1] INFO  (null) Using job store 'Quartz.Simpl.RAMJobStore', supports persistence: False, clustered: False 
## 2024-07-18 11:05:53,050 [1] INFO  (null) JobFactory set to: SingletonJobFactory 
## 2024-07-18 11:05:53,088 [1] INFO  (null) Scheduler DefaultQuartzScheduler_$_NON_CLUSTERED started. 
## 2024-07-18 11:05:53,295 [1] INFO  (null) Now listening on: http://localhost:5283 
## 2024-07-18 11:05:53,302 [1] INFO  (null) Application started. Press Ctrl+C to shut down. 
## 2024-07-18 11:05:53,304 [1] INFO  (null) Hosting environment: Development 
## 2024-07-18 11:05:53,306 [1] INFO  (null) Content root path: D:\C#_Project\AestheticsLink\WebAPI\ 
## 2024-07-18 11:12:18,729 [1] INFO  (null) Default Quartz.NET properties loaded from embedded resource file 
## 2024-07-18 11:12:18,802 [1] INFO  (null) Initialized Scheduler Signaller of type: Quartz.Core.SchedulerSignalerImpl 
## 2024-07-18 11:12:18,807 [1] INFO  (null) Quartz Scheduler created 
## 2024-07-18 11:12:18,808 [1] INFO  (null) RAMJobStore initialized. 
## 2024-07-18 11:12:18,809 [1] INFO  (null) Quartz Scheduler 3.11.0.0 - 'DefaultQuartzScheduler' with instanceId 'NON_CLUSTERED' initialized 
## 2024-07-18 11:12:18,810 [1] INFO  (null) Using thread pool 'Quartz.Simpl.DefaultThreadPool', size: 10 
## 2024-07-18 11:12:18,811 [1] INFO  (null) Using job store 'Quartz.Simpl.RAMJobStore', supports persistence: False, clustered: False 
## 2024-07-18 11:12:18,812 [1] INFO  (null) JobFactory set to: SingletonJobFactory 
## 2024-07-18 11:12:18,852 [1] INFO  (null) Scheduler DefaultQuartzScheduler_$_NON_CLUSTERED started. 
## 2024-07-18 11:12:19,100 [1] INFO  (null) Now listening on: http://localhost:5283 
## 2024-07-18 11:12:19,107 [1] INFO  (null) Application started. Press Ctrl+C to shut down. 
## 2024-07-18 11:12:19,109 [1] INFO  (null) Hosting environment: Development 
## 2024-07-18 11:12:19,111 [1] INFO  (null) Content root path: D:\C#_Project\AestheticsLink\WebAPI\ 
## 2024-07-18 11:14:51,814 [1] INFO  (null) Default Quartz.NET properties loaded from embedded resource file 
## 2024-07-18 11:14:51,882 [1] INFO  (null) Initialized Scheduler Signaller of type: Quartz.Core.SchedulerSignalerImpl 
## 2024-07-18 11:14:51,887 [1] INFO  (null) Quartz Scheduler created 
## 2024-07-18 11:14:51,889 [1] INFO  (null) RAMJobStore initialized. 
## 2024-07-18 11:14:51,890 [1] INFO  (null) Quartz Scheduler 3.11.0.0 - 'DefaultQuartzScheduler' with instanceId 'NON_CLUSTERED' initialized 
## 2024-07-18 11:14:51,890 [1] INFO  (null) Using thread pool 'Quartz.Simpl.DefaultThreadPool', size: 10 
## 2024-07-18 11:14:51,891 [1] INFO  (null) Using job store 'Quartz.Simpl.RAMJobStore', supports persistence: False, clustered: False 
## 2024-07-18 11:14:51,892 [1] INFO  (null) JobFactory set to: SingletonJobFactory 
## 2024-07-18 11:14:51,932 [1] INFO  (null) Scheduler DefaultQuartzScheduler_$_NON_CLUSTERED started. 
## 2024-07-18 11:14:52,139 [1] INFO  (null) Now listening on: http://localhost:5283 
## 2024-07-18 11:14:52,145 [1] INFO  (null) Application started. Press Ctrl+C to shut down. 
## 2024-07-18 11:14:52,147 [1] INFO  (null) Hosting environment: Development 
## 2024-07-18 11:14:52,149 [1] INFO  (null) Content root path: D:\C#_Project\AestheticsLink\WebAPI\ 
## 2024-07-18 11:31:22,916 [1] INFO  (null) Default Quartz.NET properties loaded from embedded resource file 
## 2024-07-18 11:31:23,003 [1] INFO  (null) Initialized Scheduler Signaller of type: Quartz.Core.SchedulerSignalerImpl 
## 2024-07-18 11:31:23,004 [1] INFO  (null) Quartz Scheduler created 
## 2024-07-18 11:31:23,005 [1] INFO  (null) RAMJobStore initialized. 
## 2024-07-18 11:31:23,006 [1] INFO  (null) Quartz Scheduler 3.11.0.0 - 'DefaultQuartzScheduler' with instanceId 'NON_CLUSTERED' initialized 
## 2024-07-18 11:31:23,014 [1] INFO  (null) Using thread pool 'Quartz.Simpl.DefaultThreadPool', size: 10 
## 2024-07-18 11:31:23,015 [1] INFO  (null) Using job store 'Quartz.Simpl.RAMJobStore', supports persistence: False, clustered: False 
## 2024-07-18 11:31:23,016 [1] INFO  (null) JobFactory set to: SingletonJobFactory 
## 2024-07-18 11:31:23,070 [1] INFO  (null) Scheduler DefaultQuartzScheduler_$_NON_CLUSTERED started. 
## 2024-07-18 11:31:23,344 [1] INFO  (null) Now listening on: http://localhost:5283 
## 2024-07-18 11:31:23,351 [1] INFO  (null) Application started. Press Ctrl+C to shut down. 
## 2024-07-18 11:31:23,354 [1] INFO  (null) Hosting environment: Development 
## 2024-07-18 11:31:23,356 [1] INFO  (null) Content root path: D:\C#_Project\AestheticsLink\WebAPI\ 
## 2024-07-18 15:48:51,668 [1] INFO  (null) Default Quartz.NET properties loaded from embedded resource file 
## 2024-07-18 15:48:51,791 [1] INFO  (null) Initialized Scheduler Signaller of type: Quartz.Core.SchedulerSignalerImpl 
## 2024-07-18 15:48:51,793 [1] INFO  (null) Quartz Scheduler created 
## 2024-07-18 15:48:51,795 [1] INFO  (null) RAMJobStore initialized. 
## 2024-07-18 15:48:51,805 [1] INFO  (null) Quartz Scheduler 3.11.0.0 - 'DefaultQuartzScheduler' with instanceId 'NON_CLUSTERED' initialized 
## 2024-07-18 15:48:51,807 [1] INFO  (null) Using thread pool 'Quartz.Simpl.DefaultThreadPool', size: 10 
## 2024-07-18 15:48:51,808 [1] INFO  (null) Using job store 'Quartz.Simpl.RAMJobStore', supports persistence: False, clustered: False 
## 2024-07-18 15:48:51,811 [1] INFO  (null) JobFactory set to: SingletonJobFactory 
## 2024-07-18 15:48:51,878 [1] INFO  (null) Scheduler DefaultQuartzScheduler_$_NON_CLUSTERED started. 
## 2024-07-18 15:48:52,260 [1] INFO  (null) Now listening on: http://192.168.43.146:5283 
## 2024-07-18 15:48:52,272 [1] INFO  (null) Application started. Press Ctrl+C to shut down. 
## 2024-07-18 15:48:52,277 [1] INFO  (null) Hosting environment: Development 
## 2024-07-18 15:48:52,281 [1] INFO  (null) Content root path: D:\C#_Project\AestheticsLink\WebAPI\ 
## 2024-07-18 16:43:59,729 [1] INFO  (null) Default Quartz.NET properties loaded from embedded resource file 
## 2024-07-18 16:43:59,865 [1] INFO  (null) Initialized Scheduler Signaller of type: Quartz.Core.SchedulerSignalerImpl 
## 2024-07-18 16:43:59,866 [1] INFO  (null) Quartz Scheduler created 
## 2024-07-18 16:43:59,868 [1] INFO  (null) RAMJobStore initialized. 
## 2024-07-18 16:43:59,880 [1] INFO  (null) Quartz Scheduler 3.11.0.0 - 'DefaultQuartzScheduler' with instanceId 'NON_CLUSTERED' initialized 
## 2024-07-18 16:43:59,882 [1] INFO  (null) Using thread pool 'Quartz.Simpl.DefaultThreadPool', size: 10 
## 2024-07-18 16:43:59,884 [1] INFO  (null) Using job store 'Quartz.Simpl.RAMJobStore', supports persistence: False, clustered: False 
## 2024-07-18 16:43:59,887 [1] INFO  (null) JobFactory set to: SingletonJobFactory 
## 2024-07-18 16:43:59,962 [1] INFO  (null) Scheduler DefaultQuartzScheduler_$_NON_CLUSTERED started. 
## 2024-07-18 16:44:17,431 [1] INFO  (null) Default Quartz.NET properties loaded from embedded resource file 
## 2024-07-18 16:44:17,581 [1] INFO  (null) Initialized Scheduler Signaller of type: Quartz.Core.SchedulerSignalerImpl 
## 2024-07-18 16:44:17,583 [1] INFO  (null) Quartz Scheduler created 
## 2024-07-18 16:44:17,592 [1] INFO  (null) RAMJobStore initialized. 
## 2024-07-18 16:44:17,595 [1] INFO  (null) Quartz Scheduler 3.11.0.0 - 'DefaultQuartzScheduler' with instanceId 'NON_CLUSTERED' initialized 
## 2024-07-18 16:44:17,597 [1] INFO  (null) Using thread pool 'Quartz.Simpl.DefaultThreadPool', size: 10 
## 2024-07-18 16:44:17,598 [1] INFO  (null) Using job store 'Quartz.Simpl.RAMJobStore', supports persistence: False, clustered: False 
## 2024-07-18 16:44:17,601 [1] INFO  (null) JobFactory set to: SingletonJobFactory 
## 2024-07-18 16:44:17,682 [1] INFO  (null) Scheduler DefaultQuartzScheduler_$_NON_CLUSTERED started. 
## 2024-07-18 16:44:18,068 [1] INFO  (null) Now listening on: http://192.168.43.146:5283 
## 2024-07-18 16:44:18,082 [1] INFO  (null) Application started. Press Ctrl+C to shut down. 
## 2024-07-18 16:44:18,086 [1] INFO  (null) Hosting environment: Development 
## 2024-07-18 16:44:18,090 [1] INFO  (null) Content root path: D:\C#_Project\AestheticsLink\WebAPI\ 
## 2024-07-18 16:48:20,089 [1] INFO  (null) Default Quartz.NET properties loaded from embedded resource file 
## 2024-07-18 16:48:20,218 [1] INFO  (null) Initialized Scheduler Signaller of type: Quartz.Core.SchedulerSignalerImpl 
## 2024-07-18 16:48:20,220 [1] INFO  (null) Quartz Scheduler created 
## 2024-07-18 16:48:20,231 [1] INFO  (null) RAMJobStore initialized. 
## 2024-07-18 16:48:20,234 [1] INFO  (null) Quartz Scheduler 3.11.0.0 - 'DefaultQuartzScheduler' with instanceId 'NON_CLUSTERED' initialized 
## 2024-07-18 16:48:20,235 [1] INFO  (null) Using thread pool 'Quartz.Simpl.DefaultThreadPool', size: 10 
## 2024-07-18 16:48:20,237 [1] INFO  (null) Using job store 'Quartz.Simpl.RAMJobStore', supports persistence: False, clustered: False 
## 2024-07-18 16:48:20,239 [1] INFO  (null) JobFactory set to: SingletonJobFactory 
## 2024-07-18 16:48:20,307 [1] INFO  (null) Scheduler DefaultQuartzScheduler_$_NON_CLUSTERED started. 
## 2024-07-18 16:48:20,844 [1] INFO  (null) Now listening on: http://192.168.43.146:5283 
## 2024-07-18 16:48:20,855 [1] INFO  (null) Application started. Press Ctrl+C to shut down. 
## 2024-07-18 16:48:20,860 [1] INFO  (null) Hosting environment: Development 
## 2024-07-18 16:48:20,867 [1] INFO  (null) Content root path: D:\C#_Project\AestheticsLink\WebAPI\ 
## 2024-07-18 16:59:58,582 [1] INFO  (null) Default Quartz.NET properties loaded from embedded resource file 
## 2024-07-18 16:59:58,767 [1] INFO  (null) Initialized Scheduler Signaller of type: Quartz.Core.SchedulerSignalerImpl 
## 2024-07-18 16:59:58,768 [1] INFO  (null) Quartz Scheduler created 
## 2024-07-18 16:59:58,770 [1] INFO  (null) RAMJobStore initialized. 
## 2024-07-18 16:59:58,772 [1] INFO  (null) Quartz Scheduler 3.11.0.0 - 'DefaultQuartzScheduler' with instanceId 'NON_CLUSTERED' initialized 
## 2024-07-18 16:59:58,773 [1] INFO  (null) Using thread pool 'Quartz.Simpl.DefaultThreadPool', size: 10 
## 2024-07-18 16:59:58,794 [1] INFO  (null) Using job store 'Quartz.Simpl.RAMJobStore', supports persistence: False, clustered: False 
## 2024-07-18 16:59:58,797 [1] INFO  (null) JobFactory set to: SingletonJobFactory 
## 2024-07-18 16:59:58,897 [1] INFO  (null) Scheduler DefaultQuartzScheduler_$_NON_CLUSTERED started. 
## 2024-07-18 16:59:59,431 [1] INFO  (null) Now listening on: http://192.168.43.146:5283 
## 2024-07-18 16:59:59,441 [1] INFO  (null) Application started. Press Ctrl+C to shut down. 
## 2024-07-18 16:59:59,446 [1] INFO  (null) Hosting environment: Development 
## 2024-07-18 16:59:59,449 [1] INFO  (null) Content root path: D:\C#_Project\AestheticsLink\WebAPI\ 
## 2024-07-18 17:02:44,580 [1] INFO  (null) Default Quartz.NET properties loaded from embedded resource file 
## 2024-07-18 17:02:45,117 [1] INFO  (null) Initialized Scheduler Signaller of type: Quartz.Core.SchedulerSignalerImpl 
## 2024-07-18 17:02:45,118 [1] INFO  (null) Quartz Scheduler created 
## 2024-07-18 17:02:45,119 [1] INFO  (null) RAMJobStore initialized. 
## 2024-07-18 17:02:45,120 [1] INFO  (null) Quartz Scheduler 3.11.0.0 - 'DefaultQuartzScheduler' with instanceId 'NON_CLUSTERED' initialized 
## 2024-07-18 17:02:45,121 [1] INFO  (null) Using thread pool 'Quartz.Simpl.DefaultThreadPool', size: 10 
## 2024-07-18 17:02:45,122 [1] INFO  (null) Using job store 'Quartz.Simpl.RAMJobStore', supports persistence: False, clustered: False 
## 2024-07-18 17:02:45,133 [1] INFO  (null) JobFactory set to: SingletonJobFactory 
## 2024-07-18 17:02:45,413 [1] INFO  (null) Scheduler DefaultQuartzScheduler_$_NON_CLUSTERED started. 
## 2024-07-18 17:02:46,023 [1] INFO  (null) Now listening on: http://192.168.43.146:5283 
## 2024-07-18 17:02:46,032 [1] INFO  (null) Application started. Press Ctrl+C to shut down. 
## 2024-07-18 17:02:46,035 [1] INFO  (null) Hosting environment: Development 
## 2024-07-18 17:02:46,040 [1] INFO  (null) Content root path: D:\C#_Project\AestheticsLink\WebAPI\ 
## 2024-07-18 20:23:07,523 [1] INFO  (null) Default Quartz.NET properties loaded from embedded resource file 
## 2024-07-18 20:23:07,654 [1] INFO  (null) Initialized Scheduler Signaller of type: Quartz.Core.SchedulerSignalerImpl 
## 2024-07-18 20:23:07,656 [1] INFO  (null) Quartz Scheduler created 
## 2024-07-18 20:23:07,664 [1] INFO  (null) RAMJobStore initialized. 
## 2024-07-18 20:23:07,667 [1] INFO  (null) Quartz Scheduler 3.11.0.0 - 'DefaultQuartzScheduler' with instanceId 'NON_CLUSTERED' initialized 
## 2024-07-18 20:23:07,669 [1] INFO  (null) Using thread pool 'Quartz.Simpl.DefaultThreadPool', size: 10 
## 2024-07-18 20:23:07,670 [1] INFO  (null) Using job store 'Quartz.Simpl.RAMJobStore', supports persistence: False, clustered: False 
## 2024-07-18 20:23:07,672 [1] INFO  (null) JobFactory set to: SingletonJobFactory 
## 2024-07-18 20:23:07,762 [1] INFO  (null) Scheduler DefaultQuartzScheduler_$_NON_CLUSTERED started. 
## 2024-07-18 20:23:45,185 [1] INFO  (null) Default Quartz.NET properties loaded from embedded resource file 
## 2024-07-18 20:23:45,339 [1] INFO  (null) Initialized Scheduler Signaller of type: Quartz.Core.SchedulerSignalerImpl 
## 2024-07-18 20:23:45,351 [1] INFO  (null) Quartz Scheduler created 
## 2024-07-18 20:23:45,354 [1] INFO  (null) RAMJobStore initialized. 
## 2024-07-18 20:23:45,357 [1] INFO  (null) Quartz Scheduler 3.11.0.0 - 'DefaultQuartzScheduler' with instanceId 'NON_CLUSTERED' initialized 
## 2024-07-18 20:23:45,360 [1] INFO  (null) Using thread pool 'Quartz.Simpl.DefaultThreadPool', size: 10 
## 2024-07-18 20:23:45,363 [1] INFO  (null) Using job store 'Quartz.Simpl.RAMJobStore', supports persistence: False, clustered: False 
## 2024-07-18 20:23:45,367 [1] INFO  (null) JobFactory set to: SingletonJobFactory 
## 2024-07-18 20:23:45,440 [1] INFO  (null) Scheduler DefaultQuartzScheduler_$_NON_CLUSTERED started. 
## 2024-07-18 20:23:45,893 [1] INFO  (null) Now listening on: http://100.80.78.64:5283 
## 2024-07-18 20:23:45,907 [1] INFO  (null) Application started. Press Ctrl+C to shut down. 
## 2024-07-18 20:23:45,912 [1] INFO  (null) Hosting environment: Development 
## 2024-07-18 20:23:45,918 [1] INFO  (null) Content root path: D:\C#_Project\AestheticsLink\WebAPI\ 
## 2024-07-18 20:24:07,771 [1] INFO  (null) Default Quartz.NET properties loaded from embedded resource file 
## 2024-07-18 20:24:07,853 [1] INFO  (null) Initialized Scheduler Signaller of type: Quartz.Core.SchedulerSignalerImpl 
## 2024-07-18 20:24:07,854 [1] INFO  (null) Quartz Scheduler created 
## 2024-07-18 20:24:07,856 [1] INFO  (null) RAMJobStore initialized. 
## 2024-07-18 20:24:07,858 [1] INFO  (null) Quartz Scheduler 3.11.0.0 - 'DefaultQuartzScheduler' with instanceId 'NON_CLUSTERED' initialized 
## 2024-07-18 20:24:07,859 [1] INFO  (null) Using thread pool 'Quartz.Simpl.DefaultThreadPool', size: 10 
## 2024-07-18 20:24:07,861 [1] INFO  (null) Using job store 'Quartz.Simpl.RAMJobStore', supports persistence: False, clustered: False 
## 2024-07-18 20:24:07,863 [1] INFO  (null) JobFactory set to: SingletonJobFactory 
## 2024-07-18 20:24:07,907 [1] INFO  (null) Scheduler DefaultQuartzScheduler_$_NON_CLUSTERED started. 
## 2024-07-18 20:24:08,129 [1] INFO  (null) Now listening on: http://localhost:5000 
## 2024-07-18 20:24:08,131 [1] INFO  (null) Now listening on: https://localhost:5001 
## 2024-07-18 20:24:08,134 [1] INFO  (null) Application started. Press Ctrl+C to shut down. 
## 2024-07-18 20:24:08,136 [1] INFO  (null) Hosting environment: Production 
## 2024-07-18 20:24:08,137 [1] INFO  (null) Content root path: D:\C#_Project\AestheticsLink\WebAPI\bin\Debug\net6.0\ 
## 2024-07-18 21:11:56,421 [1] INFO  (null) Default Quartz.NET properties loaded from embedded resource file 
## 2024-07-18 21:11:56,551 [1] INFO  (null) Initialized Scheduler Signaller of type: Quartz.Core.SchedulerSignalerImpl 
## 2024-07-18 21:11:56,560 [1] INFO  (null) Quartz Scheduler created 
## 2024-07-18 21:11:56,562 [1] INFO  (null) RAMJobStore initialized. 
## 2024-07-18 21:11:56,564 [1] INFO  (null) Quartz Scheduler 3.11.0.0 - 'DefaultQuartzScheduler' with instanceId 'NON_CLUSTERED' initialized 
## 2024-07-18 21:11:56,566 [1] INFO  (null) Using thread pool 'Quartz.Simpl.DefaultThreadPool', size: 10 
## 2024-07-18 21:11:56,567 [1] INFO  (null) Using job store 'Quartz.Simpl.RAMJobStore', supports persistence: False, clustered: False 
## 2024-07-18 21:11:56,570 [1] INFO  (null) JobFactory set to: SingletonJobFactory 
## 2024-07-18 21:11:56,645 [1] INFO  (null) Scheduler DefaultQuartzScheduler_$_NON_CLUSTERED started. 
## 2024-07-18 21:12:07,643 [1] INFO  (null) Now listening on: http://100.80.78.64:5283 
## 2024-07-18 21:12:07,663 [1] INFO  (null) Application started. Press Ctrl+C to shut down. 
## 2024-07-18 21:12:07,671 [1] INFO  (null) Hosting environment: Development 
## 2024-07-18 21:12:07,676 [1] INFO  (null) Content root path: D:\C#_Project\AestheticsLink\WebAPI\ 
## 2024-07-18 21:13:34,109 [1] INFO  (null) Default Quartz.NET properties loaded from embedded resource file 
## 2024-07-18 21:13:34,293 [1] INFO  (null) Initialized Scheduler Signaller of type: Quartz.Core.SchedulerSignalerImpl 
## 2024-07-18 21:13:34,310 [1] INFO  (null) Quartz Scheduler created 
## 2024-07-18 21:13:34,312 [1] INFO  (null) RAMJobStore initialized. 
## 2024-07-18 21:13:34,315 [1] INFO  (null) Quartz Scheduler 3.11.0.0 - 'DefaultQuartzScheduler' with instanceId 'NON_CLUSTERED' initialized 
## 2024-07-18 21:13:34,317 [1] INFO  (null) Using thread pool 'Quartz.Simpl.DefaultThreadPool', size: 10 
## 2024-07-18 21:13:34,319 [1] INFO  (null) Using job store 'Quartz.Simpl.RAMJobStore', supports persistence: False, clustered: False 
## 2024-07-18 21:13:34,322 [1] INFO  (null) JobFactory set to: SingletonJobFactory 
## 2024-07-18 21:13:34,406 [1] INFO  (null) Scheduler DefaultQuartzScheduler_$_NON_CLUSTERED started. 
## 2024-07-18 21:13:34,922 [1] INFO  (null) Now listening on: http://100.80.78.64:5283 
## 2024-07-18 21:13:34,939 [1] INFO  (null) Application started. Press Ctrl+C to shut down. 
## 2024-07-18 21:13:34,944 [1] INFO  (null) Hosting environment: Development 
## 2024-07-18 21:13:34,948 [1] INFO  (null) Content root path: D:\C#_Project\AestheticsLink\WebAPI\ 
## 2024-07-18 22:08:34,682 [1] INFO  (null) Default Quartz.NET properties loaded from embedded resource file 
## 2024-07-18 22:08:34,757 [1] INFO  (null) Initialized Scheduler Signaller of type: Quartz.Core.SchedulerSignalerImpl 
## 2024-07-18 22:08:34,762 [1] INFO  (null) Quartz Scheduler created 
## 2024-07-18 22:08:34,763 [1] INFO  (null) RAMJobStore initialized. 
## 2024-07-18 22:08:34,765 [1] INFO  (null) Quartz Scheduler 3.11.0.0 - 'DefaultQuartzScheduler' with instanceId 'NON_CLUSTERED' initialized 
## 2024-07-18 22:08:34,766 [1] INFO  (null) Using thread pool 'Quartz.Simpl.DefaultThreadPool', size: 10 
## 2024-07-18 22:08:34,767 [1] INFO  (null) Using job store 'Quartz.Simpl.RAMJobStore', supports persistence: False, clustered: False 
## 2024-07-18 22:08:34,769 [1] INFO  (null) JobFactory set to: SingletonJobFactory 
## 2024-07-18 22:08:34,809 [1] INFO  (null) Scheduler DefaultQuartzScheduler_$_NON_CLUSTERED started. 
## 2024-07-18 22:08:35,005 [1] INFO  (null) Now listening on: http://100.80.78.64:5283 
## 2024-07-18 22:08:35,012 [1] INFO  (null) Application started. Press Ctrl+C to shut down. 
## 2024-07-18 22:08:35,015 [1] INFO  (null) Hosting environment: Development 
## 2024-07-18 22:08:35,018 [1] INFO  (null) Content root path: D:\C#_Project\AestheticsLink\WebAPI\ 
## 2024-07-18 22:10:19,016 [20] INFO  (null) CORS policy execution successful. 
## 2024-07-18 22:11:22,690 [31] INFO  (null) CORS policy execution successful. 
## 2024-07-18 22:14:05,762 [1] INFO  (null) Default Quartz.NET properties loaded from embedded resource file 
## 2024-07-18 22:14:05,835 [1] INFO  (null) Initialized Scheduler Signaller of type: Quartz.Core.SchedulerSignalerImpl 
## 2024-07-18 22:14:05,841 [1] INFO  (null) Quartz Scheduler created 
## 2024-07-18 22:14:05,842 [1] INFO  (null) RAMJobStore initialized. 
## 2024-07-18 22:14:05,843 [1] INFO  (null) Quartz Scheduler 3.11.0.0 - 'DefaultQuartzScheduler' with instanceId 'NON_CLUSTERED' initialized 
## 2024-07-18 22:14:05,844 [1] INFO  (null) Using thread pool 'Quartz.Simpl.DefaultThreadPool', size: 10 
## 2024-07-18 22:14:05,845 [1] INFO  (null) Using job store 'Quartz.Simpl.RAMJobStore', supports persistence: False, clustered: False 
## 2024-07-18 22:14:05,846 [1] INFO  (null) JobFactory set to: SingletonJobFactory 
## 2024-07-18 22:14:05,887 [1] INFO  (null) Scheduler DefaultQuartzScheduler_$_NON_CLUSTERED started. 
## 2024-07-18 22:14:06,084 [1] INFO  (null) Now listening on: http://100.80.78.64:5283 
## 2024-07-18 22:14:06,091 [1] INFO  (null) Application started. Press Ctrl+C to shut down. 
## 2024-07-18 22:14:06,093 [1] INFO  (null) Hosting environment: Development 
## 2024-07-18 22:14:06,095 [1] INFO  (null) Content root path: D:\C#_Project\AestheticsLink\WebAPI\ 
## 2024-07-18 22:14:14,566 [5] INFO  (null) CORS policy execution successful. 
## 2024-07-18 22:14:19,942 [1] INFO  (null) Default Quartz.NET properties loaded from embedded resource file 
## 2024-07-18 22:14:20,032 [1] INFO  (null) Initialized Scheduler Signaller of type: Quartz.Core.SchedulerSignalerImpl 
## 2024-07-18 22:14:20,037 [1] INFO  (null) Quartz Scheduler created 
## 2024-07-18 22:14:20,038 [1] INFO  (null) RAMJobStore initialized. 
## 2024-07-18 22:14:20,040 [1] INFO  (null) Quartz Scheduler 3.11.0.0 - 'DefaultQuartzScheduler' with instanceId 'NON_CLUSTERED' initialized 
## 2024-07-18 22:14:20,041 [1] INFO  (null) Using thread pool 'Quartz.Simpl.DefaultThreadPool', size: 10 
## 2024-07-18 22:14:20,042 [1] INFO  (null) Using job store 'Quartz.Simpl.RAMJobStore', supports persistence: False, clustered: False 
## 2024-07-18 22:14:20,044 [1] INFO  (null) JobFactory set to: SingletonJobFactory 
## 2024-07-18 22:14:20,103 [1] INFO  (null) Scheduler DefaultQuartzScheduler_$_NON_CLUSTERED started. 
## 2024-07-18 22:14:20,335 [1] INFO  (null) Now listening on: http://100.80.78.64:5283 
## 2024-07-18 22:14:20,343 [1] INFO  (null) Application started. Press Ctrl+C to shut down. 
## 2024-07-18 22:14:20,346 [1] INFO  (null) Hosting environment: Development 
## 2024-07-18 22:14:20,348 [1] INFO  (null) Content root path: D:\C#_Project\AestheticsLink\WebAPI\ 
## 2024-07-18 22:14:35,495 [13] INFO  (null) CORS policy execution successful. 
## 2024-07-18 22:14:42,515 [1] INFO  (null) Default Quartz.NET properties loaded from embedded resource file 
## 2024-07-18 22:14:42,604 [1] INFO  (null) Initialized Scheduler Signaller of type: Quartz.Core.SchedulerSignalerImpl 
## 2024-07-18 22:14:42,609 [1] INFO  (null) Quartz Scheduler created 
## 2024-07-18 22:14:42,611 [1] INFO  (null) RAMJobStore initialized. 
## 2024-07-18 22:14:42,612 [1] INFO  (null) Quartz Scheduler 3.11.0.0 - 'DefaultQuartzScheduler' with instanceId 'NON_CLUSTERED' initialized 
## 2024-07-18 22:14:42,615 [1] INFO  (null) Using thread pool 'Quartz.Simpl.DefaultThreadPool', size: 10 
## 2024-07-18 22:14:42,616 [1] INFO  (null) Using job store 'Quartz.Simpl.RAMJobStore', supports persistence: False, clustered: False 
## 2024-07-18 22:14:42,618 [1] INFO  (null) JobFactory set to: SingletonJobFactory 
## 2024-07-18 22:14:42,668 [1] INFO  (null) Scheduler DefaultQuartzScheduler_$_NON_CLUSTERED started. 
## 2024-07-18 22:14:42,954 [1] INFO  (null) Now listening on: http://100.80.78.64:5283 
## 2024-07-18 22:14:42,963 [1] INFO  (null) Application started. Press Ctrl+C to shut down. 
## 2024-07-18 22:14:42,966 [1] INFO  (null) Hosting environment: Development 
## 2024-07-18 22:14:42,968 [1] INFO  (null) Content root path: D:\C#_Project\AestheticsLink\WebAPI\ 
## 2024-07-18 22:14:50,828 [14] INFO  (null) CORS policy execution successful. 
## 2024-07-18 22:15:38,189 [1] INFO  (null) Default Quartz.NET properties loaded from embedded resource file 
## 2024-07-18 22:15:38,286 [1] INFO  (null) Initialized Scheduler Signaller of type: Quartz.Core.SchedulerSignalerImpl 
## 2024-07-18 22:15:38,289 [1] INFO  (null) Quartz Scheduler created 
## 2024-07-18 22:15:38,296 [1] INFO  (null) RAMJobStore initialized. 
## 2024-07-18 22:15:38,297 [1] INFO  (null) Quartz Scheduler 3.11.0.0 - 'DefaultQuartzScheduler' with instanceId 'NON_CLUSTERED' initialized 
## 2024-07-18 22:15:38,298 [1] INFO  (null) Using thread pool 'Quartz.Simpl.DefaultThreadPool', size: 10 
## 2024-07-18 22:15:38,300 [1] INFO  (null) Using job store 'Quartz.Simpl.RAMJobStore', supports persistence: False, clustered: False 
## 2024-07-18 22:15:38,302 [1] INFO  (null) JobFactory set to: SingletonJobFactory 
## 2024-07-18 22:15:38,361 [1] INFO  (null) Scheduler DefaultQuartzScheduler_$_NON_CLUSTERED started. 
## 2024-07-18 22:15:38,635 [1] INFO  (null) Now listening on: http://100.80.78.64:5283 
## 2024-07-18 22:15:38,642 [1] INFO  (null) Application started. Press Ctrl+C to shut down. 
## 2024-07-18 22:15:38,645 [1] INFO  (null) Hosting environment: Development 
## 2024-07-18 22:15:38,646 [1] INFO  (null) Content root path: D:\C#_Project\AestheticsLink\WebAPI\ 
## 2024-07-18 22:15:47,528 [13] INFO  (null) CORS policy execution successful. 
## 2024-07-18 22:16:18,291 [1] INFO  (null) Default Quartz.NET properties loaded from embedded resource file 
## 2024-07-18 22:16:18,377 [1] INFO  (null) Initialized Scheduler Signaller of type: Quartz.Core.SchedulerSignalerImpl 
## 2024-07-18 22:16:18,382 [1] INFO  (null) Quartz Scheduler created 
## 2024-07-18 22:16:18,384 [1] INFO  (null) RAMJobStore initialized. 
## 2024-07-18 22:16:18,387 [1] INFO  (null) Quartz Scheduler 3.11.0.0 - 'DefaultQuartzScheduler' with instanceId 'NON_CLUSTERED' initialized 
## 2024-07-18 22:16:18,388 [1] INFO  (null) Using thread pool 'Quartz.Simpl.DefaultThreadPool', size: 10 
## 2024-07-18 22:16:18,389 [1] INFO  (null) Using job store 'Quartz.Simpl.RAMJobStore', supports persistence: False, clustered: False 
## 2024-07-18 22:16:18,392 [1] INFO  (null) JobFactory set to: SingletonJobFactory 
## 2024-07-18 22:16:18,448 [1] INFO  (null) Scheduler DefaultQuartzScheduler_$_NON_CLUSTERED started. 
## 2024-07-18 22:16:18,676 [1] INFO  (null) Now listening on: http://100.80.78.64:5283 
## 2024-07-18 22:16:18,683 [1] INFO  (null) Application started. Press Ctrl+C to shut down. 
## 2024-07-18 22:16:18,686 [1] INFO  (null) Hosting environment: Development 
## 2024-07-18 22:16:18,688 [1] INFO  (null) Content root path: D:\C#_Project\AestheticsLink\WebAPI\ 
## 2024-07-18 22:17:02,589 [1] INFO  (null) Default Quartz.NET properties loaded from embedded resource file 
## 2024-07-18 22:17:02,659 [1] INFO  (null) Initialized Scheduler Signaller of type: Quartz.Core.SchedulerSignalerImpl 
## 2024-07-18 22:17:02,661 [1] INFO  (null) Quartz Scheduler created 
## 2024-07-18 22:17:02,666 [1] INFO  (null) RAMJobStore initialized. 
## 2024-07-18 22:17:02,667 [1] INFO  (null) Quartz Scheduler 3.11.0.0 - 'DefaultQuartzScheduler' with instanceId 'NON_CLUSTERED' initialized 
## 2024-07-18 22:17:02,668 [1] INFO  (null) Using thread pool 'Quartz.Simpl.DefaultThreadPool', size: 10 
## 2024-07-18 22:17:02,669 [1] INFO  (null) Using job store 'Quartz.Simpl.RAMJobStore', supports persistence: False, clustered: False 
## 2024-07-18 22:17:02,671 [1] INFO  (null) JobFactory set to: SingletonJobFactory 
## 2024-07-18 22:17:02,712 [1] INFO  (null) Scheduler DefaultQuartzScheduler_$_NON_CLUSTERED started. 
## 2024-07-18 22:17:02,908 [1] INFO  (null) Now listening on: http://100.80.78.64:5283 
## 2024-07-18 22:17:02,915 [1] INFO  (null) Application started. Press Ctrl+C to shut down. 
## 2024-07-18 22:17:02,920 [1] INFO  (null) Hosting environment: Development 
## 2024-07-18 22:17:02,923 [1] INFO  (null) Content root path: D:\C#_Project\AestheticsLink\WebAPI\ 
## 2024-07-18 22:17:31,858 [1] INFO  (null) Default Quartz.NET properties loaded from embedded resource file 
## 2024-07-18 22:17:31,941 [1] INFO  (null) Initialized Scheduler Signaller of type: Quartz.Core.SchedulerSignalerImpl 
## 2024-07-18 22:17:31,946 [1] INFO  (null) Quartz Scheduler created 
## 2024-07-18 22:17:31,948 [1] INFO  (null) RAMJobStore initialized. 
## 2024-07-18 22:17:31,949 [1] INFO  (null) Quartz Scheduler 3.11.0.0 - 'DefaultQuartzScheduler' with instanceId 'NON_CLUSTERED' initialized 
## 2024-07-18 22:17:31,950 [1] INFO  (null) Using thread pool 'Quartz.Simpl.DefaultThreadPool', size: 10 
## 2024-07-18 22:17:31,951 [1] INFO  (null) Using job store 'Quartz.Simpl.RAMJobStore', supports persistence: False, clustered: False 
## 2024-07-18 22:17:31,952 [1] INFO  (null) JobFactory set to: SingletonJobFactory 
## 2024-07-18 22:17:31,996 [1] INFO  (null) Scheduler DefaultQuartzScheduler_$_NON_CLUSTERED started. 
## 2024-07-18 22:17:32,218 [1] INFO  (null) Now listening on: http://100.80.78.64:5283 
## 2024-07-18 22:17:32,227 [1] INFO  (null) Application started. Press Ctrl+C to shut down. 
## 2024-07-18 22:17:32,232 [1] INFO  (null) Hosting environment: Development 
## 2024-07-18 22:17:32,233 [1] INFO  (null) Content root path: D:\C#_Project\AestheticsLink\WebAPI\ 
## 2024-07-18 22:17:38,544 [20] INFO  (null) CORS policy execution successful. 
## 2024-07-18 22:18:21,998 [1] INFO  (null) Default Quartz.NET properties loaded from embedded resource file 
## 2024-07-18 22:18:22,074 [1] INFO  (null) Initialized Scheduler Signaller of type: Quartz.Core.SchedulerSignalerImpl 
## 2024-07-18 22:18:22,080 [1] INFO  (null) Quartz Scheduler created 
## 2024-07-18 22:18:22,081 [1] INFO  (null) RAMJobStore initialized. 
## 2024-07-18 22:18:22,082 [1] INFO  (null) Quartz Scheduler 3.11.0.0 - 'DefaultQuartzScheduler' with instanceId 'NON_CLUSTERED' initialized 
## 2024-07-18 22:18:22,083 [1] INFO  (null) Using thread pool 'Quartz.Simpl.DefaultThreadPool', size: 10 
## 2024-07-18 22:18:22,084 [1] INFO  (null) Using job store 'Quartz.Simpl.RAMJobStore', supports persistence: False, clustered: False 
## 2024-07-18 22:18:22,086 [1] INFO  (null) JobFactory set to: SingletonJobFactory 
## 2024-07-18 22:18:22,129 [1] INFO  (null) Scheduler DefaultQuartzScheduler_$_NON_CLUSTERED started. 
## 2024-07-18 22:18:22,345 [1] INFO  (null) Now listening on: http://100.80.78.64:5283 
## 2024-07-18 22:18:22,351 [1] INFO  (null) Application started. Press Ctrl+C to shut down. 
## 2024-07-18 22:18:22,354 [1] INFO  (null) Hosting environment: Development 
## 2024-07-18 22:18:22,356 [1] INFO  (null) Content root path: D:\C#_Project\AestheticsLink\WebAPI\ 
## 2024-07-18 22:19:23,957 [1] INFO  (null) Default Quartz.NET properties loaded from embedded resource file 
## 2024-07-18 22:19:24,039 [1] INFO  (null) Initialized Scheduler Signaller of type: Quartz.Core.SchedulerSignalerImpl 
## 2024-07-18 22:19:24,041 [1] INFO  (null) Quartz Scheduler created 
## 2024-07-18 22:19:24,046 [1] INFO  (null) RAMJobStore initialized. 
## 2024-07-18 22:19:24,047 [1] INFO  (null) Quartz Scheduler 3.11.0.0 - 'DefaultQuartzScheduler' with instanceId 'NON_CLUSTERED' initialized 
## 2024-07-18 22:19:24,048 [1] INFO  (null) Using thread pool 'Quartz.Simpl.DefaultThreadPool', size: 10 
## 2024-07-18 22:19:24,049 [1] INFO  (null) Using job store 'Quartz.Simpl.RAMJobStore', supports persistence: False, clustered: False 
## 2024-07-18 22:19:24,051 [1] INFO  (null) JobFactory set to: SingletonJobFactory 
## 2024-07-18 22:19:24,094 [1] INFO  (null) Scheduler DefaultQuartzScheduler_$_NON_CLUSTERED started. 
## 2024-07-18 22:19:24,313 [1] INFO  (null) Now listening on: http://100.80.78.64:5283 
## 2024-07-18 22:19:24,322 [1] INFO  (null) Application started. Press Ctrl+C to shut down. 
## 2024-07-18 22:19:24,326 [1] INFO  (null) Hosting environment: Development 
## 2024-07-18 22:19:24,329 [1] INFO  (null) Content root path: D:\C#_Project\AestheticsLink\WebAPI\ 
## 2024-07-18 22:19:41,645 [1] INFO  (null) Default Quartz.NET properties loaded from embedded resource file 
## 2024-07-18 22:19:41,740 [1] INFO  (null) Initialized Scheduler Signaller of type: Quartz.Core.SchedulerSignalerImpl 
## 2024-07-18 22:19:41,745 [1] INFO  (null) Quartz Scheduler created 
## 2024-07-18 22:19:41,747 [1] INFO  (null) RAMJobStore initialized. 
## 2024-07-18 22:19:41,748 [1] INFO  (null) Quartz Scheduler 3.11.0.0 - 'DefaultQuartzScheduler' with instanceId 'NON_CLUSTERED' initialized 
## 2024-07-18 22:19:41,749 [1] INFO  (null) Using thread pool 'Quartz.Simpl.DefaultThreadPool', size: 10 
## 2024-07-18 22:19:41,751 [1] INFO  (null) Using job store 'Quartz.Simpl.RAMJobStore', supports persistence: False, clustered: False 
## 2024-07-18 22:19:41,754 [1] INFO  (null) JobFactory set to: SingletonJobFactory 
## 2024-07-18 22:19:41,800 [1] INFO  (null) Scheduler DefaultQuartzScheduler_$_NON_CLUSTERED started. 
## 2024-07-18 22:19:42,032 [1] INFO  (null) Now listening on: http://100.80.78.64:5283 
## 2024-07-18 22:19:42,041 [1] INFO  (null) Application started. Press Ctrl+C to shut down. 
## 2024-07-18 22:19:42,045 [1] INFO  (null) Hosting environment: Development 
## 2024-07-18 22:19:42,047 [1] INFO  (null) Content root path: D:\C#_Project\AestheticsLink\WebAPI\ 
## 2024-07-18 22:19:49,412 [13] INFO  (null) CORS policy execution successful. 
## 2024-07-18 22:20:04,972 [1] INFO  (null) Default Quartz.NET properties loaded from embedded resource file 
## 2024-07-18 22:20:05,065 [1] INFO  (null) Initialized Scheduler Signaller of type: Quartz.Core.SchedulerSignalerImpl 
## 2024-07-18 22:20:05,071 [1] INFO  (null) Quartz Scheduler created 
## 2024-07-18 22:20:05,073 [1] INFO  (null) RAMJobStore initialized. 
## 2024-07-18 22:20:05,074 [1] INFO  (null) Quartz Scheduler 3.11.0.0 - 'DefaultQuartzScheduler' with instanceId 'NON_CLUSTERED' initialized 
## 2024-07-18 22:20:05,075 [1] INFO  (null) Using thread pool 'Quartz.Simpl.DefaultThreadPool', size: 10 
## 2024-07-18 22:20:05,076 [1] INFO  (null) Using job store 'Quartz.Simpl.RAMJobStore', supports persistence: False, clustered: False 
## 2024-07-18 22:20:05,078 [1] INFO  (null) JobFactory set to: SingletonJobFactory 
## 2024-07-18 22:20:05,133 [1] INFO  (null) Scheduler DefaultQuartzScheduler_$_NON_CLUSTERED started. 
## 2024-07-18 22:20:05,412 [1] INFO  (null) Now listening on: http://100.80.78.64:5283 
## 2024-07-18 22:20:05,419 [1] INFO  (null) Application started. Press Ctrl+C to shut down. 
## 2024-07-18 22:20:05,422 [1] INFO  (null) Hosting environment: Development 
## 2024-07-18 22:20:05,424 [1] INFO  (null) Content root path: D:\C#_Project\AestheticsLink\WebAPI\ 
## 2024-07-18 22:20:10,962 [12] INFO  (null) CORS policy execution successful. 
## 2024-07-18 22:22:13,275 [1] INFO  (null) Default Quartz.NET properties loaded from embedded resource file 
## 2024-07-18 22:22:13,371 [1] INFO  (null) Initialized Scheduler Signaller of type: Quartz.Core.SchedulerSignalerImpl 
## 2024-07-18 22:22:13,376 [1] INFO  (null) Quartz Scheduler created 
## 2024-07-18 22:22:13,377 [1] INFO  (null) RAMJobStore initialized. 
## 2024-07-18 22:22:13,379 [1] INFO  (null) Quartz Scheduler 3.11.0.0 - 'DefaultQuartzScheduler' with instanceId 'NON_CLUSTERED' initialized 
## 2024-07-18 22:22:13,380 [1] INFO  (null) Using thread pool 'Quartz.Simpl.DefaultThreadPool', size: 10 
## 2024-07-18 22:22:13,381 [1] INFO  (null) Using job store 'Quartz.Simpl.RAMJobStore', supports persistence: False, clustered: False 
## 2024-07-18 22:22:13,383 [1] INFO  (null) JobFactory set to: SingletonJobFactory 
## 2024-07-18 22:22:13,437 [1] INFO  (null) Scheduler DefaultQuartzScheduler_$_NON_CLUSTERED started. 
## 2024-07-18 22:22:13,639 [1] INFO  (null) Now listening on: http://100.80.78.64:5283 
## 2024-07-18 22:22:13,647 [1] INFO  (null) Application started. Press Ctrl+C to shut down. 
## 2024-07-18 22:22:13,650 [1] INFO  (null) Hosting environment: Development 
## 2024-07-18 22:22:13,653 [1] INFO  (null) Content root path: D:\C#_Project\AestheticsLink\WebAPI\ 
## 2024-07-18 22:22:21,698 [11] INFO  (null) CORS policy execution successful. 
## 2024-07-18 22:22:45,974 [1] INFO  (null) Default Quartz.NET properties loaded from embedded resource file 
## 2024-07-18 22:22:46,060 [1] INFO  (null) Initialized Scheduler Signaller of type: Quartz.Core.SchedulerSignalerImpl 
## 2024-07-18 22:22:46,066 [1] INFO  (null) Quartz Scheduler created 
## 2024-07-18 22:22:46,068 [1] INFO  (null) RAMJobStore initialized. 
## 2024-07-18 22:22:46,070 [1] INFO  (null) Quartz Scheduler 3.11.0.0 - 'DefaultQuartzScheduler' with instanceId 'NON_CLUSTERED' initialized 
## 2024-07-18 22:22:46,071 [1] INFO  (null) Using thread pool 'Quartz.Simpl.DefaultThreadPool', size: 10 
## 2024-07-18 22:22:46,072 [1] INFO  (null) Using job store 'Quartz.Simpl.RAMJobStore', supports persistence: False, clustered: False 
## 2024-07-18 22:22:46,074 [1] INFO  (null) JobFactory set to: SingletonJobFactory 
## 2024-07-18 22:22:46,123 [1] INFO  (null) Scheduler DefaultQuartzScheduler_$_NON_CLUSTERED started. 
## 2024-07-18 22:22:46,358 [1] INFO  (null) Now listening on: http://100.80.78.64:5283 
## 2024-07-18 22:22:46,367 [1] INFO  (null) Application started. Press Ctrl+C to shut down. 
## 2024-07-18 22:22:46,370 [1] INFO  (null) Hosting environment: Development 
## 2024-07-18 22:22:46,373 [1] INFO  (null) Content root path: D:\C#_Project\AestheticsLink\WebAPI\ 
## 2024-07-18 22:22:57,049 [12] INFO  (null) CORS policy execution successful. 
## 2024-07-18 22:39:33,230 [1] INFO  (null) Default Quartz.NET properties loaded from embedded resource file 
## 2024-07-18 22:39:33,302 [1] INFO  (null) Initialized Scheduler Signaller of type: Quartz.Core.SchedulerSignalerImpl 
## 2024-07-18 22:39:33,307 [1] INFO  (null) Quartz Scheduler created 
## 2024-07-18 22:39:33,309 [1] INFO  (null) RAMJobStore initialized. 
## 2024-07-18 22:39:33,310 [1] INFO  (null) Quartz Scheduler 3.11.0.0 - 'DefaultQuartzScheduler' with instanceId 'NON_CLUSTERED' initialized 
## 2024-07-18 22:39:33,311 [1] INFO  (null) Using thread pool 'Quartz.Simpl.DefaultThreadPool', size: 10 
## 2024-07-18 22:39:33,312 [1] INFO  (null) Using job store 'Quartz.Simpl.RAMJobStore', supports persistence: False, clustered: False 
## 2024-07-18 22:39:33,314 [1] INFO  (null) JobFactory set to: SingletonJobFactory 
## 2024-07-18 22:39:33,360 [1] INFO  (null) Scheduler DefaultQuartzScheduler_$_NON_CLUSTERED started. 
## 2024-07-18 22:39:33,550 [1] INFO  (null) Now listening on: http://100.80.78.64:5283 
## 2024-07-18 22:39:33,558 [1] INFO  (null) Application started. Press Ctrl+C to shut down. 
## 2024-07-18 22:39:33,562 [1] INFO  (null) Hosting environment: Development 
## 2024-07-18 22:39:33,564 [1] INFO  (null) Content root path: D:\C#_Project\AestheticsLink\WebAPI\ 
## 2024-07-18 22:39:39,950 [8] INFO  (null) CORS policy execution successful. 
## 2024-07-18 22:41:27,974 [1] INFO  (null) Default Quartz.NET properties loaded from embedded resource file 
## 2024-07-18 22:41:28,066 [1] INFO  (null) Initialized Scheduler Signaller of type: Quartz.Core.SchedulerSignalerImpl 
## 2024-07-18 22:41:28,072 [1] INFO  (null) Quartz Scheduler created 
## 2024-07-18 22:41:28,074 [1] INFO  (null) RAMJobStore initialized. 
## 2024-07-18 22:41:28,075 [1] INFO  (null) Quartz Scheduler 3.11.0.0 - 'DefaultQuartzScheduler' with instanceId 'NON_CLUSTERED' initialized 
## 2024-07-18 22:41:28,077 [1] INFO  (null) Using thread pool 'Quartz.Simpl.DefaultThreadPool', size: 10 
## 2024-07-18 22:41:28,078 [1] INFO  (null) Using job store 'Quartz.Simpl.RAMJobStore', supports persistence: False, clustered: False 
## 2024-07-18 22:41:28,080 [1] INFO  (null) JobFactory set to: SingletonJobFactory 
## 2024-07-18 22:41:28,130 [1] INFO  (null) Scheduler DefaultQuartzScheduler_$_NON_CLUSTERED started. 
## 2024-07-18 22:41:28,314 [1] INFO  (null) Now listening on: http://100.80.78.64:5283 
## 2024-07-18 22:41:28,322 [1] INFO  (null) Application started. Press Ctrl+C to shut down. 
## 2024-07-18 22:41:28,324 [1] INFO  (null) Hosting environment: Development 
## 2024-07-18 22:41:28,326 [1] INFO  (null) Content root path: D:\C#_Project\AestheticsLink\WebAPI\ 
## 2024-07-18 22:44:17,172 [1] INFO  (null) Default Quartz.NET properties loaded from embedded resource file 
## 2024-07-18 22:44:17,255 [1] INFO  (null) Initialized Scheduler Signaller of type: Quartz.Core.SchedulerSignalerImpl 
## 2024-07-18 22:44:17,261 [1] INFO  (null) Quartz Scheduler created 
## 2024-07-18 22:44:17,263 [1] INFO  (null) RAMJobStore initialized. 
## 2024-07-18 22:44:17,264 [1] INFO  (null) Quartz Scheduler 3.11.0.0 - 'DefaultQuartzScheduler' with instanceId 'NON_CLUSTERED' initialized 
## 2024-07-18 22:44:17,265 [1] INFO  (null) Using thread pool 'Quartz.Simpl.DefaultThreadPool', size: 10 
## 2024-07-18 22:44:17,266 [1] INFO  (null) Using job store 'Quartz.Simpl.RAMJobStore', supports persistence: False, clustered: False 
## 2024-07-18 22:44:17,268 [1] INFO  (null) JobFactory set to: SingletonJobFactory 
## 2024-07-18 22:44:17,325 [1] INFO  (null) Scheduler DefaultQuartzScheduler_$_NON_CLUSTERED started. 
## 2024-07-18 22:44:17,571 [1] INFO  (null) Now listening on: http://100.80.78.64:5283 
## 2024-07-18 22:44:17,580 [1] INFO  (null) Application started. Press Ctrl+C to shut down. 
## 2024-07-18 22:44:17,584 [1] INFO  (null) Hosting environment: Development 
## 2024-07-18 22:44:17,587 [1] INFO  (null) Content root path: D:\C#_Project\AestheticsLink\WebAPI\ 
## 2024-07-18 23:08:14,443 [1] INFO  (null) Default Quartz.NET properties loaded from embedded resource file 
## 2024-07-18 23:08:14,587 [1] INFO  (null) Initialized Scheduler Signaller of type: Quartz.Core.SchedulerSignalerImpl 
## 2024-07-18 23:08:14,590 [1] INFO  (null) Quartz Scheduler created 
## 2024-07-18 23:08:14,602 [1] INFO  (null) RAMJobStore initialized. 
## 2024-07-18 23:08:14,607 [1] INFO  (null) Quartz Scheduler 3.11.0.0 - 'DefaultQuartzScheduler' with instanceId 'NON_CLUSTERED' initialized 
## 2024-07-18 23:08:14,610 [1] INFO  (null) Using thread pool 'Quartz.Simpl.DefaultThreadPool', size: 10 
## 2024-07-18 23:08:14,613 [1] INFO  (null) Using job store 'Quartz.Simpl.RAMJobStore', supports persistence: False, clustered: False 
## 2024-07-18 23:08:14,617 [1] INFO  (null) JobFactory set to: SingletonJobFactory 
## 2024-07-18 23:08:14,693 [1] INFO  (null) Scheduler DefaultQuartzScheduler_$_NON_CLUSTERED started. 
## 2024-07-18 23:08:15,056 [1] INFO  (null) Now listening on: http://100.80.78.64:5283 
## 2024-07-18 23:08:15,072 [1] INFO  (null) Application started. Press Ctrl+C to shut down. 
## 2024-07-18 23:08:15,077 [1] INFO  (null) Hosting environment: Development 
## 2024-07-18 23:08:15,081 [1] INFO  (null) Content root path: D:\C#_Project\AestheticsLink\WebAPI\ 
## 2024-07-18 23:08:23,714 [19] INFO  (null) CORS policy execution successful. 
