2024-07-18 10:36:06,823 [30] ERROR [Microsoft.AspNetCore.Diagnostics.DeveloperExceptionPageMiddleware] (null) - An unhandled exception has occurred while executing the request.
SqlSugar.SqlSugarException: 中文提示 : 当前表达式value(QueryAllUsersService.QueryAllCustomers.QueryAllCustomersService).CalculateAge(c.BIRTHDAY) 不支持，查看导航是否配置正确等或者缺少Includes() 
English Message : value(QueryAllUsersService.QueryAllCustomers.QueryAllCustomersService).CalculateAge(c.BIRTHDAY)no support Check if the navigation is configured correctly or Includes() is missing
   at SqlSugar.Check.Exception(Boolean isException, String message, String[] args)
   at SqlSugar.MethodCallExpressionResolve.CusMethod(ExpressionParameter parameter, MethodCallExpression express, Nullable`1 isLeft)
   at SqlSugar.MethodCallExpressionResolve.SqlFuncMethod(ExpressionParameter parameter, MethodCallExpression express, Nullable`1 isLeft)
   at SqlSugar.MethodCallExpressionResolve..ctor(ExpressionParameter parameter)
   at SqlSugar.BaseResolve.Start()
   at SqlSugar.BinaryExpressionResolve.Left(BinaryExpression expression, Expression leftExpression)
   at SqlSugar.BinaryExpressionResolve.DefaultBinary(ExpressionParameter parameter, BinaryExpression expression, String operatorValue)
   at SqlSugar.BinaryExpressionResolve.Other(ExpressionParameter parameter)
   at SqlSugar.BinaryExpressionResolve..ctor(ExpressionParameter parameter)
   at SqlSugar.BaseResolve.Start()
   at SqlSugar.LambdaExpressionResolve..ctor(ExpressionParameter parameter)
   at SqlSugar.BaseResolve.Start()
   at SqlSugar.ExpressionContext.Resolve(Expression expression, ResolveExpressType resolveType)
   at SqlSugar.QueryBuilder.GetExpressionValue(Expression expression, ResolveExpressType resolveType)
   at SqlSugar.QueryableProvider`1._Where(Expression expression)
   at SqlSugar.QueryableProvider`1.Where(Expression`1 expression)
   at QueryAllUsersService.QueryAllCustomers.QueryAllCustomersService.GetCustomersByCriteria(Dictionary`2 criteria) in D:\C#_Project\AestheticsLink\QueryAllUsersService\QueryAllCustomers\QueryAllCustomersService.cs:line 37
   at WebAPI.Controllers.QueryAllUsersController.QueryCustomers(Dictionary`2 criteria) in D:\C#_Project\AestheticsLink\WebAPI\Controllers\QueryAllUsersController.cs:line 24
   at lambda_method11(Closure , Object )
   at Microsoft.AspNetCore.Mvc.Infrastructure.ActionMethodExecutor.AwaitableObjectResultExecutor.Execute(IActionResultTypeMapper mapper, ObjectMethodExecutor executor, Object controller, Object[] arguments)
   at Microsoft.AspNetCore.Mvc.Infrastructure.ControllerActionInvoker.<InvokeActionMethodAsync>g__Awaited|12_0(ControllerActionInvoker invoker, ValueTask`1 actionResultValueTask)
   at Microsoft.AspNetCore.Mvc.Infrastructure.ControllerActionInvoker.<InvokeNextActionFilterAsync>g__Awaited|10_0(ControllerActionInvoker invoker, Task lastTask, State next, Scope scope, Object state, Boolean isCompleted)
   at Microsoft.AspNetCore.Mvc.Infrastructure.ControllerActionInvoker.Rethrow(ActionExecutedContextSealed context)
   at Microsoft.AspNetCore.Mvc.Infrastructure.ControllerActionInvoker.Next(State& next, Scope& scope, Object& state, Boolean& isCompleted)
   at Microsoft.AspNetCore.Mvc.Infrastructure.ControllerActionInvoker.InvokeInnerFilterAsync()
--- End of stack trace from previous location ---
   at Microsoft.AspNetCore.Mvc.Infrastructure.ResourceInvoker.<InvokeFilterPipelineAsync>g__Awaited|20_0(ResourceInvoker invoker, Task lastTask, State next, Scope scope, Object state, Boolean isCompleted)
   at Microsoft.AspNetCore.Mvc.Infrastructure.ResourceInvoker.<InvokeAsync>g__Awaited|17_0(ResourceInvoker invoker, Task task, IDisposable scope)
   at Microsoft.AspNetCore.Mvc.Infrastructure.ResourceInvoker.<InvokeAsync>g__Awaited|17_0(ResourceInvoker invoker, Task task, IDisposable scope)
   at Microsoft.AspNetCore.Routing.EndpointMiddleware.<Invoke>g__AwaitRequestTask|6_0(Endpoint endpoint, Task requestTask, ILogger logger)
   at Microsoft.AspNetCore.Authorization.AuthorizationMiddleware.Invoke(HttpContext context)
   at Swashbuckle.AspNetCore.SwaggerUI.SwaggerUIMiddleware.Invoke(HttpContext httpContext)
   at Swashbuckle.AspNetCore.Swagger.SwaggerMiddleware.Invoke(HttpContext httpContext, ISwaggerProvider swaggerProvider)
   at Microsoft.AspNetCore.Diagnostics.DeveloperExceptionPageMiddleware.Invoke(HttpContext context)
2024-07-18 10:39:46,648 [24] ERROR [Microsoft.AspNetCore.Diagnostics.DeveloperExceptionPageMiddleware] (null) - An unhandled exception has occurred while executing the request.
SqlSugar.SqlSugarException: 中文提示 : 当前表达式value(QueryAllUsersService.QueryAllCustomers.QueryAllCustomersService).CalculateAge(c.BIRTHDAY) 不支持，查看导航是否配置正确等或者缺少Includes() 
English Message : value(QueryAllUsersService.QueryAllCustomers.QueryAllCustomersService).CalculateAge(c.BIRTHDAY)no support Check if the navigation is configured correctly or Includes() is missing
   at SqlSugar.Check.Exception(Boolean isException, String message, String[] args)
   at SqlSugar.MethodCallExpressionResolve.CusMethod(ExpressionParameter parameter, MethodCallExpression express, Nullable`1 isLeft)
   at SqlSugar.MethodCallExpressionResolve.SqlFuncMethod(ExpressionParameter parameter, MethodCallExpression express, Nullable`1 isLeft)
   at SqlSugar.MethodCallExpressionResolve..ctor(ExpressionParameter parameter)
   at SqlSugar.BaseResolve.Start()
   at SqlSugar.BinaryExpressionResolve.Left(BinaryExpression expression, Expression leftExpression)
   at SqlSugar.BinaryExpressionResolve.DefaultBinary(ExpressionParameter parameter, BinaryExpression expression, String operatorValue)
   at SqlSugar.BinaryExpressionResolve.Other(ExpressionParameter parameter)
   at SqlSugar.BinaryExpressionResolve..ctor(ExpressionParameter parameter)
   at SqlSugar.BaseResolve.Start()
   at SqlSugar.LambdaExpressionResolve..ctor(ExpressionParameter parameter)
   at SqlSugar.BaseResolve.Start()
   at SqlSugar.ExpressionContext.Resolve(Expression expression, ResolveExpressType resolveType)
   at SqlSugar.QueryBuilder.GetExpressionValue(Expression expression, ResolveExpressType resolveType)
   at SqlSugar.QueryableProvider`1._Where(Expression expression)
   at SqlSugar.QueryableProvider`1.Where(Expression`1 expression)
   at QueryAllUsersService.QueryAllCustomers.QueryAllCustomersService.GetCustomersByCriteria(Dictionary`2 criteria) in D:\C#_Project\AestheticsLink\QueryAllUsersService\QueryAllCustomers\QueryAllCustomersService.cs:line 37
   at WebAPI.Controllers.QueryAllUsersController.QueryCustomers(Dictionary`2 criteria) in D:\C#_Project\AestheticsLink\WebAPI\Controllers\QueryAllUsersController.cs:line 24
   at lambda_method11(Closure , Object )
   at Microsoft.AspNetCore.Mvc.Infrastructure.ActionMethodExecutor.AwaitableObjectResultExecutor.Execute(IActionResultTypeMapper mapper, ObjectMethodExecutor executor, Object controller, Object[] arguments)
   at Microsoft.AspNetCore.Mvc.Infrastructure.ControllerActionInvoker.<InvokeActionMethodAsync>g__Awaited|12_0(ControllerActionInvoker invoker, ValueTask`1 actionResultValueTask)
   at Microsoft.AspNetCore.Mvc.Infrastructure.ControllerActionInvoker.<InvokeNextActionFilterAsync>g__Awaited|10_0(ControllerActionInvoker invoker, Task lastTask, State next, Scope scope, Object state, Boolean isCompleted)
   at Microsoft.AspNetCore.Mvc.Infrastructure.ControllerActionInvoker.Rethrow(ActionExecutedContextSealed context)
   at Microsoft.AspNetCore.Mvc.Infrastructure.ControllerActionInvoker.Next(State& next, Scope& scope, Object& state, Boolean& isCompleted)
   at Microsoft.AspNetCore.Mvc.Infrastructure.ControllerActionInvoker.InvokeInnerFilterAsync()
--- End of stack trace from previous location ---
   at Microsoft.AspNetCore.Mvc.Infrastructure.ResourceInvoker.<InvokeFilterPipelineAsync>g__Awaited|20_0(ResourceInvoker invoker, Task lastTask, State next, Scope scope, Object state, Boolean isCompleted)
   at Microsoft.AspNetCore.Mvc.Infrastructure.ResourceInvoker.<InvokeAsync>g__Awaited|17_0(ResourceInvoker invoker, Task task, IDisposable scope)
   at Microsoft.AspNetCore.Mvc.Infrastructure.ResourceInvoker.<InvokeAsync>g__Awaited|17_0(ResourceInvoker invoker, Task task, IDisposable scope)
   at Microsoft.AspNetCore.Routing.EndpointMiddleware.<Invoke>g__AwaitRequestTask|6_0(Endpoint endpoint, Task requestTask, ILogger logger)
   at Microsoft.AspNetCore.Authorization.AuthorizationMiddleware.Invoke(HttpContext context)
   at Swashbuckle.AspNetCore.SwaggerUI.SwaggerUIMiddleware.Invoke(HttpContext httpContext)
   at Swashbuckle.AspNetCore.Swagger.SwaggerMiddleware.Invoke(HttpContext httpContext, ISwaggerProvider swaggerProvider)
   at Microsoft.AspNetCore.Diagnostics.DeveloperExceptionPageMiddleware.Invoke(HttpContext context)
2024-07-18 11:05:02,278 [28] ERROR [Microsoft.AspNetCore.Diagnostics.DeveloperExceptionPageMiddleware] (null) - An unhandled exception has occurred while executing the request.
SqlSugar.SqlSugarException: 中文提示 : 当前表达式value(QueryAllUsersService.QueryAllCustomers.QueryAllCustomersService).CalculateAge(c.BIRTHDAY) 不支持，查看导航是否配置正确等或者缺少Includes() 
English Message : value(QueryAllUsersService.QueryAllCustomers.QueryAllCustomersService).CalculateAge(c.BIRTHDAY)no support Check if the navigation is configured correctly or Includes() is missing
   at SqlSugar.Check.Exception(Boolean isException, String message, String[] args)
   at SqlSugar.MethodCallExpressionResolve.CusMethod(ExpressionParameter parameter, MethodCallExpression express, Nullable`1 isLeft)
   at SqlSugar.MethodCallExpressionResolve.SqlFuncMethod(ExpressionParameter parameter, MethodCallExpression express, Nullable`1 isLeft)
   at SqlSugar.MethodCallExpressionResolve..ctor(ExpressionParameter parameter)
   at SqlSugar.BaseResolve.Start()
   at SqlSugar.BinaryExpressionResolve.Left(BinaryExpression expression, Expression leftExpression)
   at SqlSugar.BinaryExpressionResolve.DefaultBinary(ExpressionParameter parameter, BinaryExpression expression, String operatorValue)
   at SqlSugar.BinaryExpressionResolve.Other(ExpressionParameter parameter)
   at SqlSugar.BinaryExpressionResolve..ctor(ExpressionParameter parameter)
   at SqlSugar.BaseResolve.Start()
   at SqlSugar.LambdaExpressionResolve..ctor(ExpressionParameter parameter)
   at SqlSugar.BaseResolve.Start()
   at SqlSugar.ExpressionContext.Resolve(Expression expression, ResolveExpressType resolveType)
   at SqlSugar.QueryBuilder.GetExpressionValue(Expression expression, ResolveExpressType resolveType)
   at SqlSugar.QueryableProvider`1._Where(Expression expression)
   at SqlSugar.QueryableProvider`1.Where(Expression`1 expression)
   at QueryAllUsersService.QueryAllCustomers.QueryAllCustomersService.GetCustomersByCriteria(Dictionary`2 criteria) in D:\C#_Project\AestheticsLink\QueryAllUsersService\QueryAllCustomers\QueryAllCustomersService.cs:line 37
   at WebAPI.Controllers.QueryAllUsersController.QueryCustomers(Dictionary`2 criteria) in D:\C#_Project\AestheticsLink\WebAPI\Controllers\QueryAllUsersController.cs:line 24
   at lambda_method11(Closure , Object )
   at Microsoft.AspNetCore.Mvc.Infrastructure.ActionMethodExecutor.AwaitableObjectResultExecutor.Execute(IActionResultTypeMapper mapper, ObjectMethodExecutor executor, Object controller, Object[] arguments)
   at Microsoft.AspNetCore.Mvc.Infrastructure.ControllerActionInvoker.<InvokeActionMethodAsync>g__Awaited|12_0(ControllerActionInvoker invoker, ValueTask`1 actionResultValueTask)
   at Microsoft.AspNetCore.Mvc.Infrastructure.ControllerActionInvoker.<InvokeNextActionFilterAsync>g__Awaited|10_0(ControllerActionInvoker invoker, Task lastTask, State next, Scope scope, Object state, Boolean isCompleted)
   at Microsoft.AspNetCore.Mvc.Infrastructure.ControllerActionInvoker.Rethrow(ActionExecutedContextSealed context)
   at Microsoft.AspNetCore.Mvc.Infrastructure.ControllerActionInvoker.Next(State& next, Scope& scope, Object& state, Boolean& isCompleted)
   at Microsoft.AspNetCore.Mvc.Infrastructure.ControllerActionInvoker.InvokeInnerFilterAsync()
--- End of stack trace from previous location ---
   at Microsoft.AspNetCore.Mvc.Infrastructure.ResourceInvoker.<InvokeFilterPipelineAsync>g__Awaited|20_0(ResourceInvoker invoker, Task lastTask, State next, Scope scope, Object state, Boolean isCompleted)
   at Microsoft.AspNetCore.Mvc.Infrastructure.ResourceInvoker.<InvokeAsync>g__Awaited|17_0(ResourceInvoker invoker, Task task, IDisposable scope)
   at Microsoft.AspNetCore.Mvc.Infrastructure.ResourceInvoker.<InvokeAsync>g__Awaited|17_0(ResourceInvoker invoker, Task task, IDisposable scope)
   at Microsoft.AspNetCore.Routing.EndpointMiddleware.<Invoke>g__AwaitRequestTask|6_0(Endpoint endpoint, Task requestTask, ILogger logger)
   at Microsoft.AspNetCore.Authorization.AuthorizationMiddleware.Invoke(HttpContext context)
   at Swashbuckle.AspNetCore.SwaggerUI.SwaggerUIMiddleware.Invoke(HttpContext httpContext)
   at Swashbuckle.AspNetCore.Swagger.SwaggerMiddleware.Invoke(HttpContext httpContext, ISwaggerProvider swaggerProvider)
   at Microsoft.AspNetCore.Diagnostics.DeveloperExceptionPageMiddleware.Invoke(HttpContext context)
2024-07-18 11:06:02,451 [24] ERROR [Microsoft.AspNetCore.Diagnostics.DeveloperExceptionPageMiddleware] (null) - An unhandled exception has occurred while executing the request.
SqlSugar.SqlSugarException: 中文提示 : 当前表达式value(QueryAllUsersService.QueryAllCustomers.QueryAllCustomersService).CalculateAge(c.BIRTHDAY) 不支持，查看导航是否配置正确等或者缺少Includes() 
English Message : value(QueryAllUsersService.QueryAllCustomers.QueryAllCustomersService).CalculateAge(c.BIRTHDAY)no support Check if the navigation is configured correctly or Includes() is missing
   at SqlSugar.Check.Exception(Boolean isException, String message, String[] args)
   at SqlSugar.MethodCallExpressionResolve.CusMethod(ExpressionParameter parameter, MethodCallExpression express, Nullable`1 isLeft)
   at SqlSugar.MethodCallExpressionResolve.SqlFuncMethod(ExpressionParameter parameter, MethodCallExpression express, Nullable`1 isLeft)
   at SqlSugar.MethodCallExpressionResolve..ctor(ExpressionParameter parameter)
   at SqlSugar.BaseResolve.Start()
   at SqlSugar.BaseResolve.ResloveOtherMUC(ExpressionParameter parameter, Expression item, String asName)
   at SqlSugar.BaseResolve.ResolveNewExpressions(ExpressionParameter parameter, Expression item, String asName)
   at SqlSugar.MemberInitExpressionResolve.Select(MemberInitExpression expression, ExpressionParameter parameter, Boolean isSingle)
   at SqlSugar.MemberInitExpressionResolve..ctor(ExpressionParameter parameter)
   at SqlSugar.BaseResolve.Start()
   at SqlSugar.LambdaExpressionResolve..ctor(ExpressionParameter parameter)
   at SqlSugar.BaseResolve.Start()
   at SqlSugar.ExpressionContext.Resolve(Expression expression, ResolveExpressType resolveType)
   at SqlSugar.QueryBuilder.GetExpressionValue(Expression expression, ResolveExpressType resolveType)
   at SqlSugar.QueryBuilder.GetSelectValueByExpression()
   at SqlSugar.QueryBuilder.get_GetSelectValue()
   at SqlSugar.OracleQueryBuilder._ToSqlString()
   at SqlSugar.OracleQueryBuilder.ToSqlString()
   at SqlSugar.QueryableProvider`1._ToSql()
   at SqlSugar.QueryableProvider`1._ToListAsync[TResult]()
   at QueryAllUsersService.QueryAllCustomers.QueryAllCustomersService.GetCustomersByCriteria(Dictionary`2 criteria) in D:\C#_Project\AestheticsLink\QueryAllUsersService\QueryAllCustomers\QueryAllCustomersService.cs:line 45
   at WebAPI.Controllers.QueryAllUsersController.QueryCustomers(Dictionary`2 criteria) in D:\C#_Project\AestheticsLink\WebAPI\Controllers\QueryAllUsersController.cs:line 24
   at lambda_method11(Closure , Object )
   at Microsoft.AspNetCore.Mvc.Infrastructure.ActionMethodExecutor.AwaitableObjectResultExecutor.Execute(IActionResultTypeMapper mapper, ObjectMethodExecutor executor, Object controller, Object[] arguments)
   at Microsoft.AspNetCore.Mvc.Infrastructure.ControllerActionInvoker.<InvokeActionMethodAsync>g__Awaited|12_0(ControllerActionInvoker invoker, ValueTask`1 actionResultValueTask)
   at Microsoft.AspNetCore.Mvc.Infrastructure.ControllerActionInvoker.<InvokeNextActionFilterAsync>g__Awaited|10_0(ControllerActionInvoker invoker, Task lastTask, State next, Scope scope, Object state, Boolean isCompleted)
   at Microsoft.AspNetCore.Mvc.Infrastructure.ControllerActionInvoker.Rethrow(ActionExecutedContextSealed context)
   at Microsoft.AspNetCore.Mvc.Infrastructure.ControllerActionInvoker.Next(State& next, Scope& scope, Object& state, Boolean& isCompleted)
   at Microsoft.AspNetCore.Mvc.Infrastructure.ControllerActionInvoker.InvokeInnerFilterAsync()
--- End of stack trace from previous location ---
   at Microsoft.AspNetCore.Mvc.Infrastructure.ResourceInvoker.<InvokeFilterPipelineAsync>g__Awaited|20_0(ResourceInvoker invoker, Task lastTask, State next, Scope scope, Object state, Boolean isCompleted)
   at Microsoft.AspNetCore.Mvc.Infrastructure.ResourceInvoker.<InvokeAsync>g__Awaited|17_0(ResourceInvoker invoker, Task task, IDisposable scope)
   at Microsoft.AspNetCore.Mvc.Infrastructure.ResourceInvoker.<InvokeAsync>g__Awaited|17_0(ResourceInvoker invoker, Task task, IDisposable scope)
   at Microsoft.AspNetCore.Routing.EndpointMiddleware.<Invoke>g__AwaitRequestTask|6_0(Endpoint endpoint, Task requestTask, ILogger logger)
   at Microsoft.AspNetCore.Authorization.AuthorizationMiddleware.Invoke(HttpContext context)
   at Swashbuckle.AspNetCore.SwaggerUI.SwaggerUIMiddleware.Invoke(HttpContext httpContext)
   at Swashbuckle.AspNetCore.Swagger.SwaggerMiddleware.Invoke(HttpContext httpContext, ISwaggerProvider swaggerProvider)
   at Microsoft.AspNetCore.Diagnostics.DeveloperExceptionPageMiddleware.Invoke(HttpContext context)
2024-07-18 11:12:55,769 [31] ERROR [Microsoft.AspNetCore.Diagnostics.DeveloperExceptionPageMiddleware] (null) - An unhandled exception has occurred while executing the request.
System.InvalidCastException: Unable to cast object of type 'System.Text.Json.JsonElement' to type 'System.Int32'.
   at QueryAllUsersService.QueryAllCustomers.QueryAllCustomersService.GetCustomersByCriteria(Dictionary`2 criteria) in D:\C#_Project\AestheticsLink\QueryAllUsersService\QueryAllCustomers\QueryAllCustomersService.cs:line 63
   at WebAPI.Controllers.QueryAllUsersController.QueryCustomers(Dictionary`2 criteria) in D:\C#_Project\AestheticsLink\WebAPI\Controllers\QueryAllUsersController.cs:line 24
   at lambda_method11(Closure , Object )
   at Microsoft.AspNetCore.Mvc.Infrastructure.ActionMethodExecutor.AwaitableObjectResultExecutor.Execute(IActionResultTypeMapper mapper, ObjectMethodExecutor executor, Object controller, Object[] arguments)
   at Microsoft.AspNetCore.Mvc.Infrastructure.ControllerActionInvoker.<InvokeActionMethodAsync>g__Awaited|12_0(ControllerActionInvoker invoker, ValueTask`1 actionResultValueTask)
   at Microsoft.AspNetCore.Mvc.Infrastructure.ControllerActionInvoker.<InvokeNextActionFilterAsync>g__Awaited|10_0(ControllerActionInvoker invoker, Task lastTask, State next, Scope scope, Object state, Boolean isCompleted)
   at Microsoft.AspNetCore.Mvc.Infrastructure.ControllerActionInvoker.Rethrow(ActionExecutedContextSealed context)
   at Microsoft.AspNetCore.Mvc.Infrastructure.ControllerActionInvoker.Next(State& next, Scope& scope, Object& state, Boolean& isCompleted)
   at Microsoft.AspNetCore.Mvc.Infrastructure.ControllerActionInvoker.InvokeInnerFilterAsync()
--- End of stack trace from previous location ---
   at Microsoft.AspNetCore.Mvc.Infrastructure.ResourceInvoker.<InvokeFilterPipelineAsync>g__Awaited|20_0(ResourceInvoker invoker, Task lastTask, State next, Scope scope, Object state, Boolean isCompleted)
   at Microsoft.AspNetCore.Mvc.Infrastructure.ResourceInvoker.<InvokeAsync>g__Awaited|17_0(ResourceInvoker invoker, Task task, IDisposable scope)
   at Microsoft.AspNetCore.Mvc.Infrastructure.ResourceInvoker.<InvokeAsync>g__Awaited|17_0(ResourceInvoker invoker, Task task, IDisposable scope)
   at Microsoft.AspNetCore.Routing.EndpointMiddleware.<Invoke>g__AwaitRequestTask|6_0(Endpoint endpoint, Task requestTask, ILogger logger)
   at Microsoft.AspNetCore.Authorization.AuthorizationMiddleware.Invoke(HttpContext context)
   at Swashbuckle.AspNetCore.SwaggerUI.SwaggerUIMiddleware.Invoke(HttpContext httpContext)
   at Swashbuckle.AspNetCore.Swagger.SwaggerMiddleware.Invoke(HttpContext httpContext, ISwaggerProvider swaggerProvider)
   at Microsoft.AspNetCore.Diagnostics.DeveloperExceptionPageMiddleware.Invoke(HttpContext context)
2024-07-18 15:50:26,429 [33] ERROR [Microsoft.AspNetCore.Diagnostics.DeveloperExceptionPageMiddleware] (null) - An unhandled exception has occurred while executing the request.
SqlSugar.SqlSugarException: 中文提示 :  连接数据库过程中发生错误，检查服务器是否正常连接字符串是否正确，错误信息：ORA-28000: 帐户已锁定。
https://docs.oracle.com/error-help/db/ora-28000/DbType="Oracle";ConfigId="".
English Message : Connection open error . ORA-28000: 帐户已锁定。
https://docs.oracle.com/error-help/db/ora-28000/DbType="Oracle";ConfigId="" 
   at SqlSugar.Check.Exception(Boolean isException, String message, String[] args)
   at SqlSugar.AdoProvider.CheckConnection()
   at SqlSugar.OracleProvider.GetCommand(String sql, SugarParameter[] parameters)
   at SqlSugar.AdoProvider.GetDataReaderAsync(String sql, SugarParameter[] parameters)
   at SqlSugar.QueryableProvider`1.GetDataAsync[TResult](KeyValuePair`2 sqlObj)
   at SqlSugar.QueryableProvider`1._ToListAsync[TResult]()
   at QueryAllUsersService.QueryAllCustomers.QueryAllCustomersService.GetCustomersByCriteria(Dictionary`2 criteria) in D:\C#_Project\AestheticsLink\QueryAllUsersService\QueryAllCustomers\QueryAllCustomersService.cs:line 51
   at WebAPI.Controllers.QueryAllUsersController.QueryCustomers(Dictionary`2 criteria) in D:\C#_Project\AestheticsLink\WebAPI\Controllers\QueryAllUsersController.cs:line 24
   at lambda_method11(Closure , Object )
   at Microsoft.AspNetCore.Mvc.Infrastructure.ActionMethodExecutor.AwaitableObjectResultExecutor.Execute(IActionResultTypeMapper mapper, ObjectMethodExecutor executor, Object controller, Object[] arguments)
   at Microsoft.AspNetCore.Mvc.Infrastructure.ControllerActionInvoker.<InvokeActionMethodAsync>g__Awaited|12_0(ControllerActionInvoker invoker, ValueTask`1 actionResultValueTask)
   at Microsoft.AspNetCore.Mvc.Infrastructure.ControllerActionInvoker.<InvokeNextActionFilterAsync>g__Awaited|10_0(ControllerActionInvoker invoker, Task lastTask, State next, Scope scope, Object state, Boolean isCompleted)
   at Microsoft.AspNetCore.Mvc.Infrastructure.ControllerActionInvoker.Rethrow(ActionExecutedContextSealed context)
   at Microsoft.AspNetCore.Mvc.Infrastructure.ControllerActionInvoker.Next(State& next, Scope& scope, Object& state, Boolean& isCompleted)
   at Microsoft.AspNetCore.Mvc.Infrastructure.ControllerActionInvoker.InvokeInnerFilterAsync()
--- End of stack trace from previous location ---
   at Microsoft.AspNetCore.Mvc.Infrastructure.ResourceInvoker.<InvokeFilterPipelineAsync>g__Awaited|20_0(ResourceInvoker invoker, Task lastTask, State next, Scope scope, Object state, Boolean isCompleted)
   at Microsoft.AspNetCore.Mvc.Infrastructure.ResourceInvoker.<InvokeAsync>g__Awaited|17_0(ResourceInvoker invoker, Task task, IDisposable scope)
   at Microsoft.AspNetCore.Mvc.Infrastructure.ResourceInvoker.<InvokeAsync>g__Awaited|17_0(ResourceInvoker invoker, Task task, IDisposable scope)
   at Microsoft.AspNetCore.Routing.EndpointMiddleware.<Invoke>g__AwaitRequestTask|6_0(Endpoint endpoint, Task requestTask, ILogger logger)
   at Microsoft.AspNetCore.Authorization.AuthorizationMiddleware.Invoke(HttpContext context)
   at Swashbuckle.AspNetCore.SwaggerUI.SwaggerUIMiddleware.Invoke(HttpContext httpContext)
   at Swashbuckle.AspNetCore.Swagger.SwaggerMiddleware.Invoke(HttpContext httpContext, ISwaggerProvider swaggerProvider)
   at Microsoft.AspNetCore.Diagnostics.DeveloperExceptionPageMiddleware.Invoke(HttpContext context)
2024-07-18 15:50:36,700 [34] ERROR [Microsoft.AspNetCore.Diagnostics.DeveloperExceptionPageMiddleware] (null) - An unhandled exception has occurred while executing the request.
SqlSugar.SqlSugarException: 中文提示 :  连接数据库过程中发生错误，检查服务器是否正常连接字符串是否正确，错误信息：ORA-28000: 帐户已锁定。
https://docs.oracle.com/error-help/db/ora-28000/DbType="Oracle";ConfigId="".
English Message : Connection open error . ORA-28000: 帐户已锁定。
https://docs.oracle.com/error-help/db/ora-28000/DbType="Oracle";ConfigId="" 
   at SqlSugar.Check.Exception(Boolean isException, String message, String[] args)
   at SqlSugar.AdoProvider.CheckConnection()
   at SqlSugar.OracleProvider.GetCommand(String sql, SugarParameter[] parameters)
   at SqlSugar.AdoProvider.GetDataReaderAsync(String sql, SugarParameter[] parameters)
   at SqlSugar.QueryableProvider`1.GetDataAsync[TResult](KeyValuePair`2 sqlObj)
   at SqlSugar.QueryableProvider`1._ToListAsync[TResult]()
   at QueryAllUsersService.QueryAllCustomers.QueryAllCustomersService.GetCustomersByCriteria(Dictionary`2 criteria) in D:\C#_Project\AestheticsLink\QueryAllUsersService\QueryAllCustomers\QueryAllCustomersService.cs:line 51
   at WebAPI.Controllers.QueryAllUsersController.QueryCustomers(Dictionary`2 criteria) in D:\C#_Project\AestheticsLink\WebAPI\Controllers\QueryAllUsersController.cs:line 24
   at lambda_method11(Closure , Object )
   at Microsoft.AspNetCore.Mvc.Infrastructure.ActionMethodExecutor.AwaitableObjectResultExecutor.Execute(IActionResultTypeMapper mapper, ObjectMethodExecutor executor, Object controller, Object[] arguments)
   at Microsoft.AspNetCore.Mvc.Infrastructure.ControllerActionInvoker.<InvokeActionMethodAsync>g__Awaited|12_0(ControllerActionInvoker invoker, ValueTask`1 actionResultValueTask)
   at Microsoft.AspNetCore.Mvc.Infrastructure.ControllerActionInvoker.<InvokeNextActionFilterAsync>g__Awaited|10_0(ControllerActionInvoker invoker, Task lastTask, State next, Scope scope, Object state, Boolean isCompleted)
   at Microsoft.AspNetCore.Mvc.Infrastructure.ControllerActionInvoker.Rethrow(ActionExecutedContextSealed context)
   at Microsoft.AspNetCore.Mvc.Infrastructure.ControllerActionInvoker.Next(State& next, Scope& scope, Object& state, Boolean& isCompleted)
   at Microsoft.AspNetCore.Mvc.Infrastructure.ControllerActionInvoker.InvokeInnerFilterAsync()
--- End of stack trace from previous location ---
   at Microsoft.AspNetCore.Mvc.Infrastructure.ResourceInvoker.<InvokeFilterPipelineAsync>g__Awaited|20_0(ResourceInvoker invoker, Task lastTask, State next, Scope scope, Object state, Boolean isCompleted)
   at Microsoft.AspNetCore.Mvc.Infrastructure.ResourceInvoker.<InvokeAsync>g__Awaited|17_0(ResourceInvoker invoker, Task task, IDisposable scope)
   at Microsoft.AspNetCore.Mvc.Infrastructure.ResourceInvoker.<InvokeAsync>g__Awaited|17_0(ResourceInvoker invoker, Task task, IDisposable scope)
   at Microsoft.AspNetCore.Routing.EndpointMiddleware.<Invoke>g__AwaitRequestTask|6_0(Endpoint endpoint, Task requestTask, ILogger logger)
   at Microsoft.AspNetCore.Authorization.AuthorizationMiddleware.Invoke(HttpContext context)
   at Swashbuckle.AspNetCore.SwaggerUI.SwaggerUIMiddleware.Invoke(HttpContext httpContext)
   at Swashbuckle.AspNetCore.Swagger.SwaggerMiddleware.Invoke(HttpContext httpContext, ISwaggerProvider swaggerProvider)
   at Microsoft.AspNetCore.Diagnostics.DeveloperExceptionPageMiddleware.Invoke(HttpContext context)
2024-07-18 15:50:43,385 [33] ERROR [Microsoft.AspNetCore.Diagnostics.DeveloperExceptionPageMiddleware] (null) - An unhandled exception has occurred while executing the request.
SqlSugar.SqlSugarException: 中文提示 :  连接数据库过程中发生错误，检查服务器是否正常连接字符串是否正确，错误信息：ORA-28000: 帐户已锁定。
https://docs.oracle.com/error-help/db/ora-28000/DbType="Oracle";ConfigId="".
English Message : Connection open error . ORA-28000: 帐户已锁定。
https://docs.oracle.com/error-help/db/ora-28000/DbType="Oracle";ConfigId="" 
   at SqlSugar.Check.Exception(Boolean isException, String message, String[] args)
   at SqlSugar.AdoProvider.CheckConnection()
   at SqlSugar.OracleProvider.GetCommand(String sql, SugarParameter[] parameters)
   at SqlSugar.AdoProvider.GetDataReaderAsync(String sql, SugarParameter[] parameters)
   at SqlSugar.QueryableProvider`1.GetDataAsync[TResult](KeyValuePair`2 sqlObj)
   at SqlSugar.QueryableProvider`1._ToListAsync[TResult]()
   at QueryAllUsersService.QueryAllCustomers.QueryAllCustomersService.GetCustomersByCriteria(Dictionary`2 criteria) in D:\C#_Project\AestheticsLink\QueryAllUsersService\QueryAllCustomers\QueryAllCustomersService.cs:line 51
   at WebAPI.Controllers.QueryAllUsersController.QueryCustomers(Dictionary`2 criteria) in D:\C#_Project\AestheticsLink\WebAPI\Controllers\QueryAllUsersController.cs:line 24
   at lambda_method11(Closure , Object )
   at Microsoft.AspNetCore.Mvc.Infrastructure.ActionMethodExecutor.AwaitableObjectResultExecutor.Execute(IActionResultTypeMapper mapper, ObjectMethodExecutor executor, Object controller, Object[] arguments)
   at Microsoft.AspNetCore.Mvc.Infrastructure.ControllerActionInvoker.<InvokeActionMethodAsync>g__Awaited|12_0(ControllerActionInvoker invoker, ValueTask`1 actionResultValueTask)
   at Microsoft.AspNetCore.Mvc.Infrastructure.ControllerActionInvoker.<InvokeNextActionFilterAsync>g__Awaited|10_0(ControllerActionInvoker invoker, Task lastTask, State next, Scope scope, Object state, Boolean isCompleted)
   at Microsoft.AspNetCore.Mvc.Infrastructure.ControllerActionInvoker.Rethrow(ActionExecutedContextSealed context)
   at Microsoft.AspNetCore.Mvc.Infrastructure.ControllerActionInvoker.Next(State& next, Scope& scope, Object& state, Boolean& isCompleted)
   at Microsoft.AspNetCore.Mvc.Infrastructure.ControllerActionInvoker.InvokeInnerFilterAsync()
--- End of stack trace from previous location ---
   at Microsoft.AspNetCore.Mvc.Infrastructure.ResourceInvoker.<InvokeFilterPipelineAsync>g__Awaited|20_0(ResourceInvoker invoker, Task lastTask, State next, Scope scope, Object state, Boolean isCompleted)
   at Microsoft.AspNetCore.Mvc.Infrastructure.ResourceInvoker.<InvokeAsync>g__Awaited|17_0(ResourceInvoker invoker, Task task, IDisposable scope)
   at Microsoft.AspNetCore.Mvc.Infrastructure.ResourceInvoker.<InvokeAsync>g__Awaited|17_0(ResourceInvoker invoker, Task task, IDisposable scope)
   at Microsoft.AspNetCore.Routing.EndpointMiddleware.<Invoke>g__AwaitRequestTask|6_0(Endpoint endpoint, Task requestTask, ILogger logger)
   at Microsoft.AspNetCore.Authorization.AuthorizationMiddleware.Invoke(HttpContext context)
   at Swashbuckle.AspNetCore.SwaggerUI.SwaggerUIMiddleware.Invoke(HttpContext httpContext)
   at Swashbuckle.AspNetCore.Swagger.SwaggerMiddleware.Invoke(HttpContext httpContext, ISwaggerProvider swaggerProvider)
   at Microsoft.AspNetCore.Diagnostics.DeveloperExceptionPageMiddleware.Invoke(HttpContext context)
2024-07-18 23:08:23,674 [19] WARN  [Microsoft.AspNetCore.HttpsPolicy.HttpsRedirectionMiddleware] (null) - Failed to determine the https port for redirect.
