## 2024-08-13 20:24:14,828 [1] INFO  (null) Default Quartz.NET properties loaded from embedded resource file 
## 2024-08-13 20:24:14,917 [1] INFO  (null) Initialized Scheduler Signaller of type: Quartz.Core.SchedulerSignalerImpl 
## 2024-08-13 20:24:14,918 [1] INFO  (null) Quartz Scheduler created 
## 2024-08-13 20:24:14,920 [1] INFO  (null) RAMJobStore initialized. 
## 2024-08-13 20:24:14,921 [1] INFO  (null) Quartz Scheduler 3.11.0.0 - 'DefaultQuartzScheduler' with instanceId 'NON_CLUSTERED' initialized 
## 2024-08-13 20:24:14,922 [1] INFO  (null) Using thread pool 'Quartz.Simpl.DefaultThreadPool', size: 10 
## 2024-08-13 20:24:14,933 [1] INFO  (null) Using job store 'Quartz.Simpl.RAMJobStore', supports persistence: False, clustered: False 
## 2024-08-13 20:24:14,936 [1] INFO  (null) JobFactory set to: QuartzJobLibrary.SingletonJobFactory 
## 2024-08-13 20:24:14,993 [1] INFO  (null) Scheduler DefaultQuartzScheduler_$_NON_CLUSTERED started. 
## 2024-08-13 20:24:15,270 [1] INFO  (null) Now listening on: http://localhost:5283 
## 2024-08-13 20:24:15,280 [1] INFO  (null) Application started. Press Ctrl+C to shut down. 
## 2024-08-13 20:24:15,284 [1] INFO  (null) Hosting environment: Development 
## 2024-08-13 20:24:15,287 [1] INFO  (null) Content root path: D:\C#_Project\AestheticsLink\WebAPI\ 
## 2024-08-13 20:24:22,033 [27] INFO  (null) CORS policy execution successful. 
## 2024-08-13 20:24:22,136 [27] INFO  (null) Received place order request: UID=string 
## 2024-08-13 20:24:23,062 [27] INFO  (null) Received error order request: UID=string 
## 2024-08-13 20:34:20,894 [1] INFO  (null) Default Quartz.NET properties loaded from embedded resource file 
## 2024-08-13 20:34:20,981 [1] INFO  (null) Initialized Scheduler Signaller of type: Quartz.Core.SchedulerSignalerImpl 
## 2024-08-13 20:34:20,982 [1] INFO  (null) Quartz Scheduler created 
## 2024-08-13 20:34:20,983 [1] INFO  (null) RAMJobStore initialized. 
## 2024-08-13 20:34:20,984 [1] INFO  (null) Quartz Scheduler 3.11.0.0 - 'DefaultQuartzScheduler' with instanceId 'NON_CLUSTERED' initialized 
## 2024-08-13 20:34:20,985 [1] INFO  (null) Using thread pool 'Quartz.Simpl.DefaultThreadPool', size: 10 
## 2024-08-13 20:34:20,993 [1] INFO  (null) Using job store 'Quartz.Simpl.RAMJobStore', supports persistence: False, clustered: False 
## 2024-08-13 20:34:20,994 [1] INFO  (null) JobFactory set to: QuartzJobLibrary.SingletonJobFactory 
## 2024-08-13 20:34:21,043 [1] INFO  (null) Scheduler DefaultQuartzScheduler_$_NON_CLUSTERED started. 
## 2024-08-13 20:34:21,317 [1] INFO  (null) Now listening on: http://localhost:5283 
## 2024-08-13 20:34:21,327 [1] INFO  (null) Application started. Press Ctrl+C to shut down. 
## 2024-08-13 20:34:21,331 [1] INFO  (null) Hosting environment: Development 
## 2024-08-13 20:34:21,334 [1] INFO  (null) Content root path: D:\C#_Project\AestheticsLink\WebAPI\ 
## 2024-08-13 20:34:27,948 [18] INFO  (null) CORS policy execution successful. 
## 2024-08-13 20:34:28,050 [18] INFO  (null) Received place order request: UID=string 
## 2024-08-13 20:34:29,074 [18] INFO  (null) Received error order request: UID=string 
## 2024-08-13 20:34:44,691 [21] INFO  (null) CORS policy execution successful. 
## 2024-08-13 20:34:44,700 [21] INFO  (null) Received place order request: UID=1 
## 2024-08-13 20:34:44,749 [21] INFO  (null) Received error order request: UID=1 
