## 2024-07-29 00:28:48,597 [1] INFO  (null) Default Quartz.NET properties loaded from embedded resource file 
## 2024-07-29 00:28:48,680 [1] INFO  (null) Initialized Scheduler Signaller of type: Quartz.Core.SchedulerSignalerImpl 
## 2024-07-29 00:28:48,681 [1] INFO  (null) Quartz Scheduler created 
## 2024-07-29 00:28:48,683 [1] INFO  (null) RAMJobStore initialized. 
## 2024-07-29 00:28:48,684 [1] INFO  (null) Quartz Scheduler 3.11.0.0 - 'DefaultQuartzScheduler' with instanceId 'NON_CLUSTERED' initialized 
## 2024-07-29 00:28:48,685 [1] INFO  (null) Using thread pool 'Quartz.Simpl.DefaultThreadPool', size: 10 
## 2024-07-29 00:28:48,692 [1] INFO  (null) Using job store 'Quartz.Simpl.RAMJobStore', supports persistence: False, clustered: False 
## 2024-07-29 00:28:48,693 [1] INFO  (null) JobFactory set to: QuartzJobLibrary.SingletonJobFactory 
## 2024-07-29 00:28:48,747 [1] INFO  (null) Scheduler DefaultQuartzScheduler_$_NON_CLUSTERED started. 
## 2024-07-29 00:28:49,084 [1] INFO  (null) Now listening on: http://192.168.123.27:5283 
## 2024-07-29 00:28:49,096 [1] INFO  (null) Application started. Press Ctrl+C to shut down. 
## 2024-07-29 00:28:49,100 [1] INFO  (null) Hosting environment: Development 
## 2024-07-29 00:28:49,102 [1] INFO  (null) Content root path: D:\C#_Project\AestheticsLink\WebAPI\ 
## 2024-07-29 00:35:27,078 [1] INFO  (null) Default Quartz.NET properties loaded from embedded resource file 
## 2024-07-29 00:35:27,144 [1] INFO  (null) Initialized Scheduler Signaller of type: Quartz.Core.SchedulerSignalerImpl 
## 2024-07-29 00:35:27,145 [1] INFO  (null) Quartz Scheduler created 
## 2024-07-29 00:35:27,150 [1] INFO  (null) RAMJobStore initialized. 
## 2024-07-29 00:35:27,151 [1] INFO  (null) Quartz Scheduler 3.11.0.0 - 'DefaultQuartzScheduler' with instanceId 'NON_CLUSTERED' initialized 
## 2024-07-29 00:35:27,152 [1] INFO  (null) Using thread pool 'Quartz.Simpl.DefaultThreadPool', size: 10 
## 2024-07-29 00:35:27,153 [1] INFO  (null) Using job store 'Quartz.Simpl.RAMJobStore', supports persistence: False, clustered: False 
## 2024-07-29 00:35:27,154 [1] INFO  (null) JobFactory set to: QuartzJobLibrary.SingletonJobFactory 
## 2024-07-29 00:35:27,190 [1] INFO  (null) Scheduler DefaultQuartzScheduler_$_NON_CLUSTERED started. 
## 2024-07-29 00:35:27,352 [1] INFO  (null) Now listening on: http://192.168.123.27:5283 
## 2024-07-29 00:35:27,359 [1] INFO  (null) Application started. Press Ctrl+C to shut down. 
## 2024-07-29 00:35:27,361 [1] INFO  (null) Hosting environment: Development 
## 2024-07-29 00:35:27,363 [1] INFO  (null) Content root path: D:\C#_Project\AestheticsLink\WebAPI\ 
## 2024-07-29 00:48:27,252 [1] INFO  (null) Default Quartz.NET properties loaded from embedded resource file 
## 2024-07-29 00:48:27,317 [1] INFO  (null) Initialized Scheduler Signaller of type: Quartz.Core.SchedulerSignalerImpl 
## 2024-07-29 00:48:27,318 [1] INFO  (null) Quartz Scheduler created 
## 2024-07-29 00:48:27,323 [1] INFO  (null) RAMJobStore initialized. 
## 2024-07-29 00:48:27,324 [1] INFO  (null) Quartz Scheduler 3.11.0.0 - 'DefaultQuartzScheduler' with instanceId 'NON_CLUSTERED' initialized 
## 2024-07-29 00:48:27,324 [1] INFO  (null) Using thread pool 'Quartz.Simpl.DefaultThreadPool', size: 10 
## 2024-07-29 00:48:27,325 [1] INFO  (null) Using job store 'Quartz.Simpl.RAMJobStore', supports persistence: False, clustered: False 
## 2024-07-29 00:48:27,326 [1] INFO  (null) JobFactory set to: QuartzJobLibrary.SingletonJobFactory 
## 2024-07-29 00:48:27,366 [1] INFO  (null) Scheduler DefaultQuartzScheduler_$_NON_CLUSTERED started. 
## 2024-07-29 00:48:27,532 [1] INFO  (null) Now listening on: http://192.168.123.27:5283 
## 2024-07-29 00:48:27,540 [1] INFO  (null) Application started. Press Ctrl+C to shut down. 
## 2024-07-29 00:48:27,542 [1] INFO  (null) Hosting environment: Development 
## 2024-07-29 00:48:27,544 [1] INFO  (null) Content root path: D:\C#_Project\AestheticsLink\WebAPI\ 
## 2024-07-29 00:55:31,624 [1] INFO  (null) Default Quartz.NET properties loaded from embedded resource file 
## 2024-07-29 00:55:31,693 [1] INFO  (null) Initialized Scheduler Signaller of type: Quartz.Core.SchedulerSignalerImpl 
## 2024-07-29 00:55:31,694 [1] INFO  (null) Quartz Scheduler created 
## 2024-07-29 00:55:31,700 [1] INFO  (null) RAMJobStore initialized. 
## 2024-07-29 00:55:31,701 [1] INFO  (null) Quartz Scheduler 3.11.0.0 - 'DefaultQuartzScheduler' with instanceId 'NON_CLUSTERED' initialized 
## 2024-07-29 00:55:31,702 [1] INFO  (null) Using thread pool 'Quartz.Simpl.DefaultThreadPool', size: 10 
## 2024-07-29 00:55:31,702 [1] INFO  (null) Using job store 'Quartz.Simpl.RAMJobStore', supports persistence: False, clustered: False 
## 2024-07-29 00:55:31,704 [1] INFO  (null) JobFactory set to: QuartzJobLibrary.SingletonJobFactory 
## 2024-07-29 00:55:31,745 [1] INFO  (null) Scheduler DefaultQuartzScheduler_$_NON_CLUSTERED started. 
## 2024-07-29 00:55:31,911 [1] INFO  (null) Now listening on: http://192.168.123.27:5283 
## 2024-07-29 00:55:31,920 [1] INFO  (null) Application started. Press Ctrl+C to shut down. 
## 2024-07-29 00:55:31,923 [1] INFO  (null) Hosting environment: Development 
## 2024-07-29 00:55:31,925 [1] INFO  (null) Content root path: D:\C#_Project\AestheticsLink\WebAPI\ 
## 2024-07-29 01:10:33,393 [1] INFO  (null) Default Quartz.NET properties loaded from embedded resource file 
## 2024-07-29 01:10:33,465 [1] INFO  (null) Initialized Scheduler Signaller of type: Quartz.Core.SchedulerSignalerImpl 
## 2024-07-29 01:10:33,471 [1] INFO  (null) Quartz Scheduler created 
## 2024-07-29 01:10:33,472 [1] INFO  (null) RAMJobStore initialized. 
## 2024-07-29 01:10:33,473 [1] INFO  (null) Quartz Scheduler 3.11.0.0 - 'DefaultQuartzScheduler' with instanceId 'NON_CLUSTERED' initialized 
## 2024-07-29 01:10:33,474 [1] INFO  (null) Using thread pool 'Quartz.Simpl.DefaultThreadPool', size: 10 
## 2024-07-29 01:10:33,474 [1] INFO  (null) Using job store 'Quartz.Simpl.RAMJobStore', supports persistence: False, clustered: False 
## 2024-07-29 01:10:33,476 [1] INFO  (null) JobFactory set to: QuartzJobLibrary.SingletonJobFactory 
## 2024-07-29 01:10:33,519 [1] INFO  (null) Scheduler DefaultQuartzScheduler_$_NON_CLUSTERED started. 
## 2024-07-29 01:10:33,700 [1] INFO  (null) Now listening on: http://192.168.123.27:5283 
## 2024-07-29 01:10:33,709 [1] INFO  (null) Application started. Press Ctrl+C to shut down. 
## 2024-07-29 01:10:33,712 [1] INFO  (null) Hosting environment: Development 
## 2024-07-29 01:10:33,715 [1] INFO  (null) Content root path: D:\C#_Project\AestheticsLink\WebAPI\ 
## 2024-07-29 01:18:25,244 [1] INFO  (null) Default Quartz.NET properties loaded from embedded resource file 
## 2024-07-29 01:18:25,311 [1] INFO  (null) Initialized Scheduler Signaller of type: Quartz.Core.SchedulerSignalerImpl 
## 2024-07-29 01:18:25,316 [1] INFO  (null) Quartz Scheduler created 
## 2024-07-29 01:18:25,317 [1] INFO  (null) RAMJobStore initialized. 
## 2024-07-29 01:18:25,318 [1] INFO  (null) Quartz Scheduler 3.11.0.0 - 'DefaultQuartzScheduler' with instanceId 'NON_CLUSTERED' initialized 
## 2024-07-29 01:18:25,319 [1] INFO  (null) Using thread pool 'Quartz.Simpl.DefaultThreadPool', size: 10 
## 2024-07-29 01:18:25,319 [1] INFO  (null) Using job store 'Quartz.Simpl.RAMJobStore', supports persistence: False, clustered: False 
## 2024-07-29 01:18:25,321 [1] INFO  (null) JobFactory set to: QuartzJobLibrary.SingletonJobFactory 
## 2024-07-29 01:18:25,361 [1] INFO  (null) Scheduler DefaultQuartzScheduler_$_NON_CLUSTERED started. 
## 2024-07-29 01:18:25,532 [1] INFO  (null) Now listening on: http://192.168.123.27:5283 
## 2024-07-29 01:18:25,540 [1] INFO  (null) Application started. Press Ctrl+C to shut down. 
## 2024-07-29 01:18:25,543 [1] INFO  (null) Hosting environment: Development 
## 2024-07-29 01:18:25,546 [1] INFO  (null) Content root path: D:\C#_Project\AestheticsLink\WebAPI\ 
## 2024-07-29 01:19:00,040 [29] INFO  (null) UpdateSigninService job started. 
## 2024-07-29 01:19:01,040 [30] INFO  (null) UpdateSigninService job finished. 
## 2024-07-29 01:36:29,362 [1] INFO  (null) Default Quartz.NET properties loaded from embedded resource file 
## 2024-07-29 01:36:29,446 [1] INFO  (null) Initialized Scheduler Signaller of type: Quartz.Core.SchedulerSignalerImpl 
## 2024-07-29 01:36:29,447 [1] INFO  (null) Quartz Scheduler created 
## 2024-07-29 01:36:29,452 [1] INFO  (null) RAMJobStore initialized. 
## 2024-07-29 01:36:29,454 [1] INFO  (null) Quartz Scheduler 3.11.0.0 - 'DefaultQuartzScheduler' with instanceId 'NON_CLUSTERED' initialized 
## 2024-07-29 01:36:29,454 [1] INFO  (null) Using thread pool 'Quartz.Simpl.DefaultThreadPool', size: 10 
## 2024-07-29 01:36:29,455 [1] INFO  (null) Using job store 'Quartz.Simpl.RAMJobStore', supports persistence: False, clustered: False 
## 2024-07-29 01:36:29,456 [1] INFO  (null) JobFactory set to: QuartzJobLibrary.SingletonJobFactory 
## 2024-07-29 01:36:29,508 [1] INFO  (null) Scheduler DefaultQuartzScheduler_$_NON_CLUSTERED started. 
## 2024-07-29 01:36:29,711 [1] INFO  (null) Now listening on: http://192.168.123.27:5283 
## 2024-07-29 01:36:29,721 [1] INFO  (null) Application started. Press Ctrl+C to shut down. 
## 2024-07-29 01:36:29,724 [1] INFO  (null) Hosting environment: Development 
## 2024-07-29 01:36:29,729 [1] INFO  (null) Content root path: D:\C#_Project\AestheticsLink\WebAPI\ 
## 2024-07-29 01:44:30,540 [1] INFO  (null) Default Quartz.NET properties loaded from embedded resource file 
## 2024-07-29 01:44:30,607 [1] INFO  (null) Initialized Scheduler Signaller of type: Quartz.Core.SchedulerSignalerImpl 
## 2024-07-29 01:44:30,608 [1] INFO  (null) Quartz Scheduler created 
## 2024-07-29 01:44:30,613 [1] INFO  (null) RAMJobStore initialized. 
## 2024-07-29 01:44:30,614 [1] INFO  (null) Quartz Scheduler 3.11.0.0 - 'DefaultQuartzScheduler' with instanceId 'NON_CLUSTERED' initialized 
## 2024-07-29 01:44:30,615 [1] INFO  (null) Using thread pool 'Quartz.Simpl.DefaultThreadPool', size: 10 
## 2024-07-29 01:44:30,616 [1] INFO  (null) Using job store 'Quartz.Simpl.RAMJobStore', supports persistence: False, clustered: False 
## 2024-07-29 01:44:30,617 [1] INFO  (null) JobFactory set to: QuartzJobLibrary.SingletonJobFactory 
## 2024-07-29 01:44:30,656 [1] INFO  (null) Scheduler DefaultQuartzScheduler_$_NON_CLUSTERED started. 
## 2024-07-29 01:44:30,818 [1] INFO  (null) Now listening on: http://192.168.123.27:5283 
## 2024-07-29 01:44:30,825 [1] INFO  (null) Application started. Press Ctrl+C to shut down. 
## 2024-07-29 01:44:30,828 [1] INFO  (null) Hosting environment: Development 
## 2024-07-29 01:44:30,830 [1] INFO  (null) Content root path: D:\C#_Project\AestheticsLink\WebAPI\ 
## 2024-07-29 01:45:25,720 [1] INFO  (null) Default Quartz.NET properties loaded from embedded resource file 
## 2024-07-29 01:45:25,796 [1] INFO  (null) Initialized Scheduler Signaller of type: Quartz.Core.SchedulerSignalerImpl 
## 2024-07-29 01:45:25,802 [1] INFO  (null) Quartz Scheduler created 
## 2024-07-29 01:45:25,803 [1] INFO  (null) RAMJobStore initialized. 
## 2024-07-29 01:45:25,805 [1] INFO  (null) Quartz Scheduler 3.11.0.0 - 'DefaultQuartzScheduler' with instanceId 'NON_CLUSTERED' initialized 
## 2024-07-29 01:45:25,806 [1] INFO  (null) Using thread pool 'Quartz.Simpl.DefaultThreadPool', size: 10 
## 2024-07-29 01:45:25,807 [1] INFO  (null) Using job store 'Quartz.Simpl.RAMJobStore', supports persistence: False, clustered: False 
## 2024-07-29 01:45:25,809 [1] INFO  (null) JobFactory set to: QuartzJobLibrary.SingletonJobFactory 
## 2024-07-29 01:45:25,855 [1] INFO  (null) Scheduler DefaultQuartzScheduler_$_NON_CLUSTERED started. 
## 2024-07-29 01:45:26,050 [1] INFO  (null) Now listening on: http://192.168.123.27:5283 
## 2024-07-29 01:45:26,059 [1] INFO  (null) Application started. Press Ctrl+C to shut down. 
## 2024-07-29 01:45:26,062 [1] INFO  (null) Hosting environment: Development 
## 2024-07-29 01:45:26,064 [1] INFO  (null) Content root path: D:\C#_Project\AestheticsLink\WebAPI\ 
## 2024-07-29 01:45:41,549 [1] INFO  (null) Default Quartz.NET properties loaded from embedded resource file 
## 2024-07-29 01:45:41,629 [1] INFO  (null) Initialized Scheduler Signaller of type: Quartz.Core.SchedulerSignalerImpl 
## 2024-07-29 01:45:41,630 [1] INFO  (null) Quartz Scheduler created 
## 2024-07-29 01:45:41,636 [1] INFO  (null) RAMJobStore initialized. 
## 2024-07-29 01:45:41,637 [1] INFO  (null) Quartz Scheduler 3.11.0.0 - 'DefaultQuartzScheduler' with instanceId 'NON_CLUSTERED' initialized 
## 2024-07-29 01:45:41,638 [1] INFO  (null) Using thread pool 'Quartz.Simpl.DefaultThreadPool', size: 10 
## 2024-07-29 01:45:41,639 [1] INFO  (null) Using job store 'Quartz.Simpl.RAMJobStore', supports persistence: False, clustered: False 
## 2024-07-29 01:45:41,641 [1] INFO  (null) JobFactory set to: QuartzJobLibrary.SingletonJobFactory 
## 2024-07-29 01:45:41,699 [1] INFO  (null) Scheduler DefaultQuartzScheduler_$_NON_CLUSTERED started. 
## 2024-07-29 01:45:41,883 [1] INFO  (null) Now listening on: http://192.168.123.27:5283 
## 2024-07-29 01:45:41,893 [1] INFO  (null) Application started. Press Ctrl+C to shut down. 
## 2024-07-29 01:45:41,897 [1] INFO  (null) Hosting environment: Development 
## 2024-07-29 01:45:41,899 [1] INFO  (null) Content root path: D:\C#_Project\AestheticsLink\WebAPI\ 
## 2024-07-29 01:45:50,973 [1] INFO  (null) Default Quartz.NET properties loaded from embedded resource file 
## 2024-07-29 01:45:51,052 [1] INFO  (null) Initialized Scheduler Signaller of type: Quartz.Core.SchedulerSignalerImpl 
## 2024-07-29 01:45:51,053 [1] INFO  (null) Quartz Scheduler created 
## 2024-07-29 01:45:51,059 [1] INFO  (null) RAMJobStore initialized. 
## 2024-07-29 01:45:51,060 [1] INFO  (null) Quartz Scheduler 3.11.0.0 - 'DefaultQuartzScheduler' with instanceId 'NON_CLUSTERED' initialized 
## 2024-07-29 01:45:51,061 [1] INFO  (null) Using thread pool 'Quartz.Simpl.DefaultThreadPool', size: 10 
## 2024-07-29 01:45:51,062 [1] INFO  (null) Using job store 'Quartz.Simpl.RAMJobStore', supports persistence: False, clustered: False 
## 2024-07-29 01:45:51,063 [1] INFO  (null) JobFactory set to: QuartzJobLibrary.SingletonJobFactory 
## 2024-07-29 01:45:51,120 [1] INFO  (null) Scheduler DefaultQuartzScheduler_$_NON_CLUSTERED started. 
## 2024-07-29 01:45:51,333 [1] INFO  (null) Now listening on: http://192.168.123.27:5283 
## 2024-07-29 01:45:51,341 [1] INFO  (null) Application started. Press Ctrl+C to shut down. 
## 2024-07-29 01:45:51,343 [1] INFO  (null) Hosting environment: Development 
## 2024-07-29 01:45:51,345 [1] INFO  (null) Content root path: D:\C#_Project\AestheticsLink\WebAPI\ 
## 2024-07-29 02:00:43,811 [1] INFO  (null) Default Quartz.NET properties loaded from embedded resource file 
## 2024-07-29 02:00:43,882 [1] INFO  (null) Initialized Scheduler Signaller of type: Quartz.Core.SchedulerSignalerImpl 
## 2024-07-29 02:00:43,887 [1] INFO  (null) Quartz Scheduler created 
## 2024-07-29 02:00:43,889 [1] INFO  (null) RAMJobStore initialized. 
## 2024-07-29 02:00:43,891 [1] INFO  (null) Quartz Scheduler 3.11.0.0 - 'DefaultQuartzScheduler' with instanceId 'NON_CLUSTERED' initialized 
## 2024-07-29 02:00:43,892 [1] INFO  (null) Using thread pool 'Quartz.Simpl.DefaultThreadPool', size: 10 
## 2024-07-29 02:00:43,893 [1] INFO  (null) Using job store 'Quartz.Simpl.RAMJobStore', supports persistence: False, clustered: False 
## 2024-07-29 02:00:43,894 [1] INFO  (null) JobFactory set to: QuartzJobLibrary.SingletonJobFactory 
## 2024-07-29 02:00:43,938 [1] INFO  (null) Scheduler DefaultQuartzScheduler_$_NON_CLUSTERED started. 
## 2024-07-29 02:00:44,110 [1] INFO  (null) Now listening on: http://192.168.123.27:5283 
## 2024-07-29 02:00:44,118 [1] INFO  (null) Application started. Press Ctrl+C to shut down. 
## 2024-07-29 02:00:44,120 [1] INFO  (null) Hosting environment: Development 
## 2024-07-29 02:00:44,122 [1] INFO  (null) Content root path: D:\C#_Project\AestheticsLink\WebAPI\ 
