## 2024-07-24 11:08:05,996 [1] INFO  (null) Default Quartz.NET properties loaded from embedded resource file 
## 2024-07-24 11:08:06,153 [1] INFO  (null) Initialized Scheduler Signaller of type: Quartz.Core.SchedulerSignalerImpl 
## 2024-07-24 11:08:06,155 [1] INFO  (null) Quartz Scheduler created 
## 2024-07-24 11:08:06,158 [1] INFO  (null) RAMJobStore initialized. 
## 2024-07-24 11:08:06,160 [1] INFO  (null) Quartz Scheduler 3.11.0.0 - 'DefaultQuartzScheduler' with instanceId 'NON_CLUSTERED' initialized 
## 2024-07-24 11:08:06,174 [1] INFO  (null) Using thread pool 'Quartz.Simpl.DefaultThreadPool', size: 10 
## 2024-07-24 11:08:06,176 [1] INFO  (null) Using job store 'Quartz.Simpl.RAMJobStore', supports persistence: False, clustered: False 
## 2024-07-24 11:08:06,179 [1] INFO  (null) JobFactory set to: QuartzJobLibrary.SingletonJobFactory 
## 2024-07-24 11:08:06,257 [1] INFO  (null) Scheduler DefaultQuartzScheduler_$_NON_CLUSTERED started. 
## 2024-07-24 11:08:06,646 [1] INFO  (null) Now listening on: http://192.168.123.27:5283 
## 2024-07-24 11:08:06,659 [1] INFO  (null) Application started. Press Ctrl+C to shut down. 
## 2024-07-24 11:08:06,663 [1] INFO  (null) Hosting environment: Development 
## 2024-07-24 11:08:06,667 [1] INFO  (null) Content root path: D:\C#_Project\AestheticsLink\WebAPI\ 
## 2024-07-24 11:11:23,621 [1] INFO  (null) Default Quartz.NET properties loaded from embedded resource file 
## 2024-07-24 11:11:23,779 [1] INFO  (null) Initialized Scheduler Signaller of type: Quartz.Core.SchedulerSignalerImpl 
## 2024-07-24 11:11:23,781 [1] INFO  (null) Quartz Scheduler created 
## 2024-07-24 11:11:23,796 [1] INFO  (null) RAMJobStore initialized. 
## 2024-07-24 11:11:23,799 [1] INFO  (null) Quartz Scheduler 3.11.0.0 - 'DefaultQuartzScheduler' with instanceId 'NON_CLUSTERED' initialized 
## 2024-07-24 11:11:23,803 [1] INFO  (null) Using thread pool 'Quartz.Simpl.DefaultThreadPool', size: 10 
## 2024-07-24 11:11:23,805 [1] INFO  (null) Using job store 'Quartz.Simpl.RAMJobStore', supports persistence: False, clustered: False 
## 2024-07-24 11:11:23,808 [1] INFO  (null) JobFactory set to: QuartzJobLibrary.SingletonJobFactory 
## 2024-07-24 11:11:48,575 [1] INFO  (null) Default Quartz.NET properties loaded from embedded resource file 
## 2024-07-24 11:11:48,710 [1] INFO  (null) Initialized Scheduler Signaller of type: Quartz.Core.SchedulerSignalerImpl 
## 2024-07-24 11:11:48,725 [1] INFO  (null) Quartz Scheduler created 
## 2024-07-24 11:11:48,728 [1] INFO  (null) RAMJobStore initialized. 
## 2024-07-24 11:11:48,732 [1] INFO  (null) Quartz Scheduler 3.11.0.0 - 'DefaultQuartzScheduler' with instanceId 'NON_CLUSTERED' initialized 
## 2024-07-24 11:11:48,735 [1] INFO  (null) Using thread pool 'Quartz.Simpl.DefaultThreadPool', size: 10 
## 2024-07-24 11:11:48,737 [1] INFO  (null) Using job store 'Quartz.Simpl.RAMJobStore', supports persistence: False, clustered: False 
## 2024-07-24 11:11:48,740 [1] INFO  (null) JobFactory set to: QuartzJobLibrary.SingletonJobFactory 
## 2024-07-24 11:12:18,745 [1] INFO  (null) Default Quartz.NET properties loaded from embedded resource file 
## 2024-07-24 11:12:18,893 [1] INFO  (null) Initialized Scheduler Signaller of type: Quartz.Core.SchedulerSignalerImpl 
## 2024-07-24 11:12:18,896 [1] INFO  (null) Quartz Scheduler created 
## 2024-07-24 11:12:18,914 [1] INFO  (null) RAMJobStore initialized. 
## 2024-07-24 11:12:18,918 [1] INFO  (null) Quartz Scheduler 3.11.0.0 - 'DefaultQuartzScheduler' with instanceId 'NON_CLUSTERED' initialized 
## 2024-07-24 11:12:18,921 [1] INFO  (null) Using thread pool 'Quartz.Simpl.DefaultThreadPool', size: 10 
## 2024-07-24 11:12:18,923 [1] INFO  (null) Using job store 'Quartz.Simpl.RAMJobStore', supports persistence: False, clustered: False 
## 2024-07-24 11:12:18,926 [1] INFO  (null) JobFactory set to: QuartzJobLibrary.SingletonJobFactory 
## 2024-07-24 11:14:02,760 [1] INFO  (null) Default Quartz.NET properties loaded from embedded resource file 
## 2024-07-24 11:14:02,900 [1] INFO  (null) Initialized Scheduler Signaller of type: Quartz.Core.SchedulerSignalerImpl 
## 2024-07-24 11:14:02,910 [1] INFO  (null) Quartz Scheduler created 
## 2024-07-24 11:14:02,913 [1] INFO  (null) RAMJobStore initialized. 
## 2024-07-24 11:14:02,915 [1] INFO  (null) Quartz Scheduler 3.11.0.0 - 'DefaultQuartzScheduler' with instanceId 'NON_CLUSTERED' initialized 
## 2024-07-24 11:14:02,917 [1] INFO  (null) Using thread pool 'Quartz.Simpl.DefaultThreadPool', size: 10 
## 2024-07-24 11:14:02,920 [1] INFO  (null) Using job store 'Quartz.Simpl.RAMJobStore', supports persistence: False, clustered: False 
## 2024-07-24 11:14:02,925 [1] INFO  (null) JobFactory set to: QuartzJobLibrary.SingletonJobFactory 
## 2024-07-24 11:14:03,018 [1] INFO  (null) Scheduler DefaultQuartzScheduler_$_NON_CLUSTERED started. 
## 2024-07-24 11:14:03,324 [1] INFO  (null) Now listening on: http://192.168.123.27:5283 
## 2024-07-24 11:14:03,337 [1] INFO  (null) Application started. Press Ctrl+C to shut down. 
## 2024-07-24 11:14:03,342 [1] INFO  (null) Hosting environment: Development 
## 2024-07-24 11:14:03,365 [1] INFO  (null) Content root path: D:\C#_Project\AestheticsLink\WebAPI\ 
## 2024-07-24 12:44:31,671 [1] INFO  (null) Default Quartz.NET properties loaded from embedded resource file 
## 2024-07-24 12:44:31,821 [1] INFO  (null) Initialized Scheduler Signaller of type: Quartz.Core.SchedulerSignalerImpl 
## 2024-07-24 12:44:31,823 [1] INFO  (null) Quartz Scheduler created 
## 2024-07-24 12:44:31,843 [1] INFO  (null) RAMJobStore initialized. 
## 2024-07-24 12:44:31,846 [1] INFO  (null) Quartz Scheduler 3.11.0.0 - 'DefaultQuartzScheduler' with instanceId 'NON_CLUSTERED' initialized 
## 2024-07-24 12:44:31,849 [1] INFO  (null) Using thread pool 'Quartz.Simpl.DefaultThreadPool', size: 10 
## 2024-07-24 12:44:31,852 [1] INFO  (null) Using job store 'Quartz.Simpl.RAMJobStore', supports persistence: False, clustered: False 
## 2024-07-24 12:44:31,856 [1] INFO  (null) JobFactory set to: QuartzJobLibrary.SingletonJobFactory 
## 2024-07-24 12:44:31,962 [1] INFO  (null) Scheduler DefaultQuartzScheduler_$_NON_CLUSTERED started. 
## 2024-07-24 12:44:32,367 [1] INFO  (null) Now listening on: http://192.168.123.27:5283 
## 2024-07-24 12:44:32,383 [1] INFO  (null) Application started. Press Ctrl+C to shut down. 
## 2024-07-24 12:44:32,390 [1] INFO  (null) Hosting environment: Development 
## 2024-07-24 12:44:32,394 [1] INFO  (null) Content root path: D:\C#_Project\AestheticsLink\WebAPI\ 
## 2024-07-24 12:47:06,162 [1] INFO  (null) Default Quartz.NET properties loaded from embedded resource file 
## 2024-07-24 12:47:06,303 [1] INFO  (null) Initialized Scheduler Signaller of type: Quartz.Core.SchedulerSignalerImpl 
## 2024-07-24 12:47:06,312 [1] INFO  (null) Quartz Scheduler created 
## 2024-07-24 12:47:06,314 [1] INFO  (null) RAMJobStore initialized. 
## 2024-07-24 12:47:06,316 [1] INFO  (null) Quartz Scheduler 3.11.0.0 - 'DefaultQuartzScheduler' with instanceId 'NON_CLUSTERED' initialized 
## 2024-07-24 12:47:06,317 [1] INFO  (null) Using thread pool 'Quartz.Simpl.DefaultThreadPool', size: 10 
## 2024-07-24 12:47:06,319 [1] INFO  (null) Using job store 'Quartz.Simpl.RAMJobStore', supports persistence: False, clustered: False 
## 2024-07-24 12:47:06,321 [1] INFO  (null) JobFactory set to: QuartzJobLibrary.SingletonJobFactory 
## 2024-07-24 12:47:06,407 [1] INFO  (null) Scheduler DefaultQuartzScheduler_$_NON_CLUSTERED started. 
## 2024-07-24 12:47:06,908 [1] INFO  (null) Now listening on: http://192.168.123.27:5283 
## 2024-07-24 12:47:06,933 [1] INFO  (null) Application started. Press Ctrl+C to shut down. 
## 2024-07-24 12:47:06,943 [1] INFO  (null) Hosting environment: Development 
## 2024-07-24 12:47:06,951 [1] INFO  (null) Content root path: D:\C#_Project\AestheticsLink\WebAPI\ 
## 2024-07-24 12:47:30,473 [1] INFO  (null) Default Quartz.NET properties loaded from embedded resource file 
## 2024-07-24 12:47:30,629 [1] INFO  (null) Initialized Scheduler Signaller of type: Quartz.Core.SchedulerSignalerImpl 
## 2024-07-24 12:47:30,637 [1] INFO  (null) Quartz Scheduler created 
## 2024-07-24 12:47:30,639 [1] INFO  (null) RAMJobStore initialized. 
## 2024-07-24 12:47:30,641 [1] INFO  (null) Quartz Scheduler 3.11.0.0 - 'DefaultQuartzScheduler' with instanceId 'NON_CLUSTERED' initialized 
## 2024-07-24 12:47:30,643 [1] INFO  (null) Using thread pool 'Quartz.Simpl.DefaultThreadPool', size: 10 
## 2024-07-24 12:47:30,644 [1] INFO  (null) Using job store 'Quartz.Simpl.RAMJobStore', supports persistence: False, clustered: False 
## 2024-07-24 12:47:30,647 [1] INFO  (null) JobFactory set to: QuartzJobLibrary.SingletonJobFactory 
## 2024-07-24 12:47:30,721 [1] INFO  (null) Scheduler DefaultQuartzScheduler_$_NON_CLUSTERED started. 
## 2024-07-24 12:47:31,071 [1] INFO  (null) Now listening on: http://192.168.123.27:5283 
## 2024-07-24 12:47:31,085 [1] INFO  (null) Application started. Press Ctrl+C to shut down. 
## 2024-07-24 12:47:31,091 [1] INFO  (null) Hosting environment: Development 
## 2024-07-24 12:47:31,094 [1] INFO  (null) Content root path: D:\C#_Project\AestheticsLink\WebAPI\ 
## 2024-07-24 12:51:39,970 [1] INFO  (null) Default Quartz.NET properties loaded from embedded resource file 
## 2024-07-24 12:51:40,088 [1] INFO  (null) Initialized Scheduler Signaller of type: Quartz.Core.SchedulerSignalerImpl 
## 2024-07-24 12:51:40,097 [1] INFO  (null) Quartz Scheduler created 
## 2024-07-24 12:51:40,099 [1] INFO  (null) RAMJobStore initialized. 
## 2024-07-24 12:51:40,101 [1] INFO  (null) Quartz Scheduler 3.11.0.0 - 'DefaultQuartzScheduler' with instanceId 'NON_CLUSTERED' initialized 
## 2024-07-24 12:51:40,102 [1] INFO  (null) Using thread pool 'Quartz.Simpl.DefaultThreadPool', size: 10 
## 2024-07-24 12:51:40,103 [1] INFO  (null) Using job store 'Quartz.Simpl.RAMJobStore', supports persistence: False, clustered: False 
## 2024-07-24 12:51:40,105 [1] INFO  (null) JobFactory set to: QuartzJobLibrary.SingletonJobFactory 
## 2024-07-24 12:51:40,170 [1] INFO  (null) Scheduler DefaultQuartzScheduler_$_NON_CLUSTERED started. 
## 2024-07-24 12:51:40,447 [1] INFO  (null) Now listening on: http://192.168.123.27:5283 
## 2024-07-24 12:51:40,468 [1] INFO  (null) Application started. Press Ctrl+C to shut down. 
## 2024-07-24 12:51:40,474 [1] INFO  (null) Hosting environment: Development 
## 2024-07-24 12:51:40,477 [1] INFO  (null) Content root path: D:\C#_Project\AestheticsLink\WebAPI\ 
## 2024-07-24 12:51:57,576 [3] INFO  (null) CORS policy execution successful. 
## 2024-07-24 12:51:59,814 [3] INFO  (null) Received login request: SER_ID=2251328 
## 2024-07-24 12:52:49,257 [1] INFO  (null) Default Quartz.NET properties loaded from embedded resource file 
## 2024-07-24 12:52:49,392 [1] INFO  (null) Initialized Scheduler Signaller of type: Quartz.Core.SchedulerSignalerImpl 
## 2024-07-24 12:52:49,396 [1] INFO  (null) Quartz Scheduler created 
## 2024-07-24 12:52:49,406 [1] INFO  (null) RAMJobStore initialized. 
## 2024-07-24 12:52:49,408 [1] INFO  (null) Quartz Scheduler 3.11.0.0 - 'DefaultQuartzScheduler' with instanceId 'NON_CLUSTERED' initialized 
## 2024-07-24 12:52:49,410 [1] INFO  (null) Using thread pool 'Quartz.Simpl.DefaultThreadPool', size: 10 
## 2024-07-24 12:52:49,411 [1] INFO  (null) Using job store 'Quartz.Simpl.RAMJobStore', supports persistence: False, clustered: False 
## 2024-07-24 12:52:49,414 [1] INFO  (null) JobFactory set to: QuartzJobLibrary.SingletonJobFactory 
## 2024-07-24 12:52:49,491 [1] INFO  (null) Scheduler DefaultQuartzScheduler_$_NON_CLUSTERED started. 
## 2024-07-24 12:52:49,804 [1] INFO  (null) Now listening on: http://192.168.123.27:5283 
## 2024-07-24 12:52:49,818 [1] INFO  (null) Application started. Press Ctrl+C to shut down. 
## 2024-07-24 12:52:49,822 [1] INFO  (null) Hosting environment: Development 
## 2024-07-24 12:52:49,826 [1] INFO  (null) Content root path: D:\C#_Project\AestheticsLink\WebAPI\ 
## 2024-07-24 12:53:00,300 [13] INFO  (null) CORS policy execution successful. 
## 2024-07-24 12:53:02,908 [13] INFO  (null) Received login request: SER_ID=2253729 
## 2024-07-24 12:53:18,488 [20] INFO  (null) CORS policy execution successful. 
## 2024-07-24 12:53:18,550 [20] INFO  (null) Received login request: SER_ID=2251328 
## 2024-07-24 18:23:40,580 [1] INFO  (null) Default Quartz.NET properties loaded from embedded resource file 
## 2024-07-24 18:23:40,728 [1] INFO  (null) Initialized Scheduler Signaller of type: Quartz.Core.SchedulerSignalerImpl 
## 2024-07-24 18:23:40,734 [1] INFO  (null) Quartz Scheduler created 
## 2024-07-24 18:23:40,744 [1] INFO  (null) RAMJobStore initialized. 
## 2024-07-24 18:23:40,746 [1] INFO  (null) Quartz Scheduler 3.11.0.0 - 'DefaultQuartzScheduler' with instanceId 'NON_CLUSTERED' initialized 
## 2024-07-24 18:23:40,748 [1] INFO  (null) Using thread pool 'Quartz.Simpl.DefaultThreadPool', size: 10 
## 2024-07-24 18:23:40,749 [1] INFO  (null) Using job store 'Quartz.Simpl.RAMJobStore', supports persistence: False, clustered: False 
## 2024-07-24 18:23:40,752 [1] INFO  (null) JobFactory set to: QuartzJobLibrary.SingletonJobFactory 
## 2024-07-24 18:23:40,847 [1] INFO  (null) Scheduler DefaultQuartzScheduler_$_NON_CLUSTERED started. 
## 2024-07-24 18:23:41,355 [1] INFO  (null) Now listening on: http://192.168.123.27:5283 
## 2024-07-24 18:23:41,373 [1] INFO  (null) Application started. Press Ctrl+C to shut down. 
## 2024-07-24 18:23:41,381 [1] INFO  (null) Hosting environment: Development 
## 2024-07-24 18:23:41,386 [1] INFO  (null) Content root path: D:\C#_Project\AestheticsLink\WebAPI\ 
## 2024-07-24 18:26:44,509 [33] INFO  (null) CORS policy execution successful. 
## 2024-07-24 18:26:44,761 [33] INFO  (null) Received DeleteCustomers request! 
## 2024-07-24 18:29:19,428 [29] INFO  (null) CORS policy execution successful. 
## 2024-07-24 18:29:33,469 [38] INFO  (null) CORS policy execution successful. 
## 2024-07-24 18:29:50,147 [39] INFO  (null) CORS policy execution successful. 
## 2024-07-24 18:29:50,160 [39] INFO  (null) Received DeleteCustomers request! 
## 2024-07-24 18:30:51,722 [41] INFO  (null) CORS policy execution successful. 
## 2024-07-24 18:30:51,726 [41] INFO  (null) Received DeleteCustomers request! 
## 2024-07-24 21:00:25,384 [1] INFO  (null) Default Quartz.NET properties loaded from embedded resource file 
## 2024-07-24 21:00:25,465 [1] INFO  (null) Initialized Scheduler Signaller of type: Quartz.Core.SchedulerSignalerImpl 
## 2024-07-24 21:00:25,466 [1] INFO  (null) Quartz Scheduler created 
## 2024-07-24 21:00:25,467 [1] INFO  (null) RAMJobStore initialized. 
## 2024-07-24 21:00:25,468 [1] INFO  (null) Quartz Scheduler 3.11.0.0 - 'DefaultQuartzScheduler' with instanceId 'NON_CLUSTERED' initialized 
## 2024-07-24 21:00:25,469 [1] INFO  (null) Using thread pool 'Quartz.Simpl.DefaultThreadPool', size: 10 
## 2024-07-24 21:00:25,470 [1] INFO  (null) Using job store 'Quartz.Simpl.RAMJobStore', supports persistence: False, clustered: False 
## 2024-07-24 21:00:25,479 [1] INFO  (null) JobFactory set to: QuartzJobLibrary.SingletonJobFactory 
## 2024-07-24 21:00:25,523 [1] INFO  (null) Scheduler DefaultQuartzScheduler_$_NON_CLUSTERED started. 
## 2024-07-24 21:00:25,763 [1] INFO  (null) Now listening on: http://192.168.123.27:5283 
## 2024-07-24 21:00:25,773 [1] INFO  (null) Application started. Press Ctrl+C to shut down. 
## 2024-07-24 21:00:25,777 [1] INFO  (null) Hosting environment: Development 
## 2024-07-24 21:00:25,779 [1] INFO  (null) Content root path: D:\C#_Project\AestheticsLink\WebAPI\ 
