## 2024-07-19 13:44:09,122 [1] INFO  (null) Default Quartz.NET properties loaded from embedded resource file 
## 2024-07-19 13:44:09,203 [1] INFO  (null) Initialized Scheduler Signaller of type: Quartz.Core.SchedulerSignalerImpl 
## 2024-07-19 13:44:09,204 [1] INFO  (null) Quartz Scheduler created 
## 2024-07-19 13:44:09,205 [1] INFO  (null) RAMJobStore initialized. 
## 2024-07-19 13:44:09,206 [1] INFO  (null) Quartz Scheduler 3.11.0.0 - 'DefaultQuartzScheduler' with instanceId 'NON_CLUSTERED' initialized 
## 2024-07-19 13:44:09,207 [1] INFO  (null) Using thread pool 'Quartz.Simpl.DefaultThreadPool', size: 10 
## 2024-07-19 13:44:09,214 [1] INFO  (null) Using job store 'Quartz.Simpl.RAMJobStore', supports persistence: False, clustered: False 
## 2024-07-19 13:44:09,216 [1] INFO  (null) JobFactory set to: SingletonJobFactory 
## 2024-07-19 13:44:09,257 [1] INFO  (null) Scheduler DefaultQuartzScheduler_$_NON_CLUSTERED started. 
## 2024-07-19 13:44:09,481 [1] INFO  (null) Now listening on: http://100.80.78.64:5283 
## 2024-07-19 13:44:09,490 [1] INFO  (null) Application started. Press Ctrl+C to shut down. 
## 2024-07-19 13:44:09,493 [1] INFO  (null) Hosting environment: Development 
## 2024-07-19 13:44:09,495 [1] INFO  (null) Content root path: D:\C#_Project\AestheticsLink\WebAPI\ 
## 2024-07-19 13:44:44,854 [34] INFO  (null) CORS policy execution successful. 
## 2024-07-19 13:44:44,917 [34] INFO  (null) Received login request! 
## 2024-07-19 14:09:17,944 [1] INFO  (null) Default Quartz.NET properties loaded from embedded resource file 
## 2024-07-19 14:09:18,013 [1] INFO  (null) Initialized Scheduler Signaller of type: Quartz.Core.SchedulerSignalerImpl 
## 2024-07-19 14:09:18,014 [1] INFO  (null) Quartz Scheduler created 
## 2024-07-19 14:09:18,019 [1] INFO  (null) RAMJobStore initialized. 
## 2024-07-19 14:09:18,020 [1] INFO  (null) Quartz Scheduler 3.11.0.0 - 'DefaultQuartzScheduler' with instanceId 'NON_CLUSTERED' initialized 
## 2024-07-19 14:09:18,021 [1] INFO  (null) Using thread pool 'Quartz.Simpl.DefaultThreadPool', size: 10 
## 2024-07-19 14:09:18,022 [1] INFO  (null) Using job store 'Quartz.Simpl.RAMJobStore', supports persistence: False, clustered: False 
## 2024-07-19 14:09:18,023 [1] INFO  (null) JobFactory set to: SingletonJobFactory 
## 2024-07-19 14:09:18,067 [1] INFO  (null) Scheduler DefaultQuartzScheduler_$_NON_CLUSTERED started. 
## 2024-07-19 14:09:18,233 [1] INFO  (null) Now listening on: http://100.80.78.64:5283 
## 2024-07-19 14:09:18,240 [1] INFO  (null) Application started. Press Ctrl+C to shut down. 
## 2024-07-19 14:09:18,243 [1] INFO  (null) Hosting environment: Development 
## 2024-07-19 14:09:18,244 [1] INFO  (null) Content root path: D:\C#_Project\AestheticsLink\WebAPI\ 
## 2024-07-19 14:20:30,912 [1] INFO  (null) Default Quartz.NET properties loaded from embedded resource file 
## 2024-07-19 14:20:30,990 [1] INFO  (null) Initialized Scheduler Signaller of type: Quartz.Core.SchedulerSignalerImpl 
## 2024-07-19 14:20:30,995 [1] INFO  (null) Quartz Scheduler created 
## 2024-07-19 14:20:30,996 [1] INFO  (null) RAMJobStore initialized. 
## 2024-07-19 14:20:30,998 [1] INFO  (null) Quartz Scheduler 3.11.0.0 - 'DefaultQuartzScheduler' with instanceId 'NON_CLUSTERED' initialized 
## 2024-07-19 14:20:30,999 [1] INFO  (null) Using thread pool 'Quartz.Simpl.DefaultThreadPool', size: 10 
## 2024-07-19 14:20:31,000 [1] INFO  (null) Using job store 'Quartz.Simpl.RAMJobStore', supports persistence: False, clustered: False 
## 2024-07-19 14:20:31,002 [1] INFO  (null) JobFactory set to: SingletonJobFactory 
## 2024-07-19 14:20:31,045 [1] INFO  (null) Scheduler DefaultQuartzScheduler_$_NON_CLUSTERED started. 
## 2024-07-19 14:20:31,238 [1] INFO  (null) Now listening on: http://100.80.78.64:5283 
## 2024-07-19 14:20:31,246 [1] INFO  (null) Application started. Press Ctrl+C to shut down. 
## 2024-07-19 14:20:31,249 [1] INFO  (null) Hosting environment: Development 
## 2024-07-19 14:20:31,252 [1] INFO  (null) Content root path: D:\C#_Project\AestheticsLink\WebAPI\ 
## 2024-07-19 14:21:10,041 [1] INFO  (null) Default Quartz.NET properties loaded from embedded resource file 
## 2024-07-19 14:21:10,127 [1] INFO  (null) Initialized Scheduler Signaller of type: Quartz.Core.SchedulerSignalerImpl 
## 2024-07-19 14:21:10,160 [1] INFO  (null) Quartz Scheduler created 
## 2024-07-19 14:21:10,162 [1] INFO  (null) RAMJobStore initialized. 
## 2024-07-19 14:21:10,163 [1] INFO  (null) Quartz Scheduler 3.11.0.0 - 'DefaultQuartzScheduler' with instanceId 'NON_CLUSTERED' initialized 
## 2024-07-19 14:21:10,164 [1] INFO  (null) Using thread pool 'Quartz.Simpl.DefaultThreadPool', size: 10 
## 2024-07-19 14:21:10,165 [1] INFO  (null) Using job store 'Quartz.Simpl.RAMJobStore', supports persistence: False, clustered: False 
## 2024-07-19 14:21:10,167 [1] INFO  (null) JobFactory set to: SingletonJobFactory 
## 2024-07-19 14:21:10,223 [1] INFO  (null) Scheduler DefaultQuartzScheduler_$_NON_CLUSTERED started. 
## 2024-07-19 14:21:10,420 [1] INFO  (null) Now listening on: http://100.80.78.64:5283 
## 2024-07-19 14:21:10,427 [1] INFO  (null) Application started. Press Ctrl+C to shut down. 
## 2024-07-19 14:21:10,429 [1] INFO  (null) Hosting environment: Development 
## 2024-07-19 14:21:10,431 [1] INFO  (null) Content root path: D:\C#_Project\AestheticsLink\WebAPI\ 
