## 2024-09-05 16:26:15,518 [1] INFO  (null) Default Quartz.NET properties loaded from embedded resource file 
## 2024-09-05 16:26:15,567 [1] INFO  (null) Initialized Scheduler Signaller of type: Quartz.Core.SchedulerSignalerImpl 
## 2024-09-05 16:26:15,568 [1] INFO  (null) Quartz Scheduler created 
## 2024-09-05 16:26:15,569 [1] INFO  (null) RAMJobStore initialized. 
## 2024-09-05 16:26:15,570 [1] INFO  (null) Quartz Scheduler 3.11.0.0 - 'DefaultQuartzScheduler' with instanceId 'NON_CLUSTERED' initialized 
## 2024-09-05 16:26:15,571 [1] INFO  (null) Using thread pool 'Quartz.Simpl.DefaultThreadPool', size: 10 
## 2024-09-05 16:26:15,572 [1] INFO  (null) Using job store 'Quartz.Simpl.RAMJobStore', supports persistence: False, clustered: False 
## 2024-09-05 16:26:15,572 [1] INFO  (null) JobFactory set to: QuartzJobLibrary.SingletonJobFactory 
## 2024-09-05 16:26:15,604 [1] INFO  (null) Scheduler DefaultQuartzScheduler_$_NON_CLUSTERED started. 
## 2024-09-05 16:33:22,863 [1] INFO  (null) Default Quartz.NET properties loaded from embedded resource file 
## 2024-09-05 16:33:22,909 [1] INFO  (null) Initialized Scheduler Signaller of type: Quartz.Core.SchedulerSignalerImpl 
## 2024-09-05 16:33:22,910 [1] INFO  (null) Quartz Scheduler created 
## 2024-09-05 16:33:22,911 [1] INFO  (null) RAMJobStore initialized. 
## 2024-09-05 16:33:22,911 [1] INFO  (null) Quartz Scheduler 3.11.0.0 - 'DefaultQuartzScheduler' with instanceId 'NON_CLUSTERED' initialized 
## 2024-09-05 16:33:22,912 [1] INFO  (null) Using thread pool 'Quartz.Simpl.DefaultThreadPool', size: 10 
## 2024-09-05 16:33:22,912 [1] INFO  (null) Using job store 'Quartz.Simpl.RAMJobStore', supports persistence: False, clustered: False 
## 2024-09-05 16:33:22,913 [1] INFO  (null) JobFactory set to: QuartzJobLibrary.SingletonJobFactory 
## 2024-09-05 16:33:22,941 [1] INFO  (null) Scheduler DefaultQuartzScheduler_$_NON_CLUSTERED started. 
## 2024-09-05 16:33:25,132 [1] INFO  (null) Application is shutting down... 
## 2024-09-05 16:59:13,237 [1] INFO  (null) Default Quartz.NET properties loaded from embedded resource file 
## 2024-09-05 16:59:13,289 [1] INFO  (null) Initialized Scheduler Signaller of type: Quartz.Core.SchedulerSignalerImpl 
## 2024-09-05 16:59:13,290 [1] INFO  (null) Quartz Scheduler created 
## 2024-09-05 16:59:13,291 [1] INFO  (null) RAMJobStore initialized. 
## 2024-09-05 16:59:13,292 [1] INFO  (null) Quartz Scheduler 3.11.0.0 - 'DefaultQuartzScheduler' with instanceId 'NON_CLUSTERED' initialized 
## 2024-09-05 16:59:13,293 [1] INFO  (null) Using thread pool 'Quartz.Simpl.DefaultThreadPool', size: 10 
## 2024-09-05 16:59:13,293 [1] INFO  (null) Using job store 'Quartz.Simpl.RAMJobStore', supports persistence: False, clustered: False 
## 2024-09-05 16:59:13,294 [1] INFO  (null) JobFactory set to: QuartzJobLibrary.SingletonJobFactory 
## 2024-09-05 16:59:13,328 [1] INFO  (null) Scheduler DefaultQuartzScheduler_$_NON_CLUSTERED started. 
## 2024-09-05 16:59:14,337 [1] INFO  (null) Application is shutting down... 
## 2024-09-05 16:59:43,575 [1] INFO  (null) Default Quartz.NET properties loaded from embedded resource file 
## 2024-09-05 16:59:43,649 [1] INFO  (null) Initialized Scheduler Signaller of type: Quartz.Core.SchedulerSignalerImpl 
## 2024-09-05 16:59:43,650 [1] INFO  (null) Quartz Scheduler created 
## 2024-09-05 16:59:43,651 [1] INFO  (null) RAMJobStore initialized. 
## 2024-09-05 16:59:43,652 [1] INFO  (null) Quartz Scheduler 3.11.0.0 - 'DefaultQuartzScheduler' with instanceId 'NON_CLUSTERED' initialized 
## 2024-09-05 16:59:43,653 [1] INFO  (null) Using thread pool 'Quartz.Simpl.DefaultThreadPool', size: 10 
## 2024-09-05 16:59:43,653 [1] INFO  (null) Using job store 'Quartz.Simpl.RAMJobStore', supports persistence: False, clustered: False 
## 2024-09-05 16:59:43,654 [1] INFO  (null) JobFactory set to: QuartzJobLibrary.SingletonJobFactory 
## 2024-09-05 16:59:43,702 [1] INFO  (null) Scheduler DefaultQuartzScheduler_$_NON_CLUSTERED started. 
## 2024-09-05 16:59:44,457 [1] INFO  (null) Application is shutting down... 
## 2024-09-05 17:01:29,763 [1] INFO  (null) Default Quartz.NET properties loaded from embedded resource file 
## 2024-09-05 17:01:29,856 [1] INFO  (null) Initialized Scheduler Signaller of type: Quartz.Core.SchedulerSignalerImpl 
## 2024-09-05 17:01:29,857 [1] INFO  (null) Quartz Scheduler created 
## 2024-09-05 17:01:29,858 [1] INFO  (null) RAMJobStore initialized. 
## 2024-09-05 17:01:29,859 [1] INFO  (null) Quartz Scheduler 3.11.0.0 - 'DefaultQuartzScheduler' with instanceId 'NON_CLUSTERED' initialized 
## 2024-09-05 17:01:29,870 [1] INFO  (null) Using thread pool 'Quartz.Simpl.DefaultThreadPool', size: 10 
## 2024-09-05 17:01:29,871 [1] INFO  (null) Using job store 'Quartz.Simpl.RAMJobStore', supports persistence: False, clustered: False 
## 2024-09-05 17:01:29,872 [1] INFO  (null) JobFactory set to: QuartzJobLibrary.SingletonJobFactory 
## 2024-09-05 17:01:29,925 [1] INFO  (null) Scheduler DefaultQuartzScheduler_$_NON_CLUSTERED started. 
## 2024-09-05 17:01:31,490 [1] INFO  (null) Application is shutting down... 
## 2024-09-05 17:02:11,183 [1] INFO  (null) Default Quartz.NET properties loaded from embedded resource file 
## 2024-09-05 17:02:11,257 [1] INFO  (null) Initialized Scheduler Signaller of type: Quartz.Core.SchedulerSignalerImpl 
## 2024-09-05 17:02:11,258 [1] INFO  (null) Quartz Scheduler created 
## 2024-09-05 17:02:11,259 [1] INFO  (null) RAMJobStore initialized. 
## 2024-09-05 17:02:11,260 [1] INFO  (null) Quartz Scheduler 3.11.0.0 - 'DefaultQuartzScheduler' with instanceId 'NON_CLUSTERED' initialized 
## 2024-09-05 17:02:11,260 [1] INFO  (null) Using thread pool 'Quartz.Simpl.DefaultThreadPool', size: 10 
## 2024-09-05 17:02:11,261 [1] INFO  (null) Using job store 'Quartz.Simpl.RAMJobStore', supports persistence: False, clustered: False 
## 2024-09-05 17:02:11,262 [1] INFO  (null) JobFactory set to: QuartzJobLibrary.SingletonJobFactory 
## 2024-09-05 17:02:11,299 [1] INFO  (null) Scheduler DefaultQuartzScheduler_$_NON_CLUSTERED started. 
## 2024-09-05 17:02:12,291 [1] INFO  (null) Now listening on: http://localhost:5283 
## 2024-09-05 17:02:12,295 [1] INFO  (null) Application started. Press Ctrl+C to shut down. 
## 2024-09-05 17:02:12,297 [1] INFO  (null) Hosting environment: Development 
## 2024-09-05 17:02:12,297 [1] INFO  (null) Content root path: D:\database\AestheticsLink (2)\AestheticsLink\WebAPI\ 
## 2024-09-05 17:06:08,948 [1] INFO  (null) Default Quartz.NET properties loaded from embedded resource file 
## 2024-09-05 17:06:08,987 [1] INFO  (null) Initialized Scheduler Signaller of type: Quartz.Core.SchedulerSignalerImpl 
## 2024-09-05 17:06:08,988 [1] INFO  (null) Quartz Scheduler created 
## 2024-09-05 17:06:08,989 [1] INFO  (null) RAMJobStore initialized. 
## 2024-09-05 17:06:08,990 [1] INFO  (null) Quartz Scheduler 3.11.0.0 - 'DefaultQuartzScheduler' with instanceId 'NON_CLUSTERED' initialized 
## 2024-09-05 17:06:08,991 [1] INFO  (null) Using thread pool 'Quartz.Simpl.DefaultThreadPool', size: 10 
## 2024-09-05 17:06:08,992 [1] INFO  (null) Using job store 'Quartz.Simpl.RAMJobStore', supports persistence: False, clustered: False 
## 2024-09-05 17:06:08,993 [1] INFO  (null) JobFactory set to: QuartzJobLibrary.SingletonJobFactory 
## 2024-09-05 17:06:09,018 [1] INFO  (null) Scheduler DefaultQuartzScheduler_$_NON_CLUSTERED started. 
## 2024-09-05 17:06:09,730 [1] INFO  (null) Now listening on: http://localhost:5283 
## 2024-09-05 17:06:09,734 [1] INFO  (null) Application started. Press Ctrl+C to shut down. 
## 2024-09-05 17:06:09,735 [1] INFO  (null) Hosting environment: Development 
## 2024-09-05 17:06:09,736 [1] INFO  (null) Content root path: D:\database\AestheticsLink (2)\AestheticsLink\WebAPI\ 
## 2024-09-05 17:06:19,942 [14] INFO  (null) CORS policy execution successful. 
## 2024-09-05 17:06:30,998 [7] INFO  (null) CORS policy execution successful. 
## 2024-09-05 17:27:29,914 [1] INFO  (null) Default Quartz.NET properties loaded from embedded resource file 
## 2024-09-05 17:27:29,952 [1] INFO  (null) Initialized Scheduler Signaller of type: Quartz.Core.SchedulerSignalerImpl 
## 2024-09-05 17:27:29,953 [1] INFO  (null) Quartz Scheduler created 
## 2024-09-05 17:27:29,954 [1] INFO  (null) RAMJobStore initialized. 
## 2024-09-05 17:27:29,954 [1] INFO  (null) Quartz Scheduler 3.11.0.0 - 'DefaultQuartzScheduler' with instanceId 'NON_CLUSTERED' initialized 
## 2024-09-05 17:27:29,955 [1] INFO  (null) Using thread pool 'Quartz.Simpl.DefaultThreadPool', size: 10 
## 2024-09-05 17:27:29,955 [1] INFO  (null) Using job store 'Quartz.Simpl.RAMJobStore', supports persistence: False, clustered: False 
## 2024-09-05 17:27:29,956 [1] INFO  (null) JobFactory set to: QuartzJobLibrary.SingletonJobFactory 
## 2024-09-05 17:27:29,984 [1] INFO  (null) Scheduler DefaultQuartzScheduler_$_NON_CLUSTERED started. 
## 2024-09-05 17:27:30,634 [1] INFO  (null) Now listening on: http://localhost:5283 
## 2024-09-05 17:27:30,637 [1] INFO  (null) Application started. Press Ctrl+C to shut down. 
## 2024-09-05 17:27:30,638 [1] INFO  (null) Hosting environment: Development 
## 2024-09-05 17:27:30,638 [1] INFO  (null) Content root path: D:\database\AestheticsLink (2)\AestheticsLink\WebAPI\ 
## 2024-09-05 17:27:52,620 [22] INFO  (null) CORS policy execution successful. 
## 2024-09-05 17:28:05,667 [1] INFO  (null) Default Quartz.NET properties loaded from embedded resource file 
## 2024-09-05 17:28:05,737 [1] INFO  (null) Initialized Scheduler Signaller of type: Quartz.Core.SchedulerSignalerImpl 
## 2024-09-05 17:28:05,765 [1] INFO  (null) Quartz Scheduler created 
## 2024-09-05 17:28:05,774 [1] INFO  (null) RAMJobStore initialized. 
## 2024-09-05 17:28:05,774 [1] INFO  (null) Quartz Scheduler 3.11.0.0 - 'DefaultQuartzScheduler' with instanceId 'NON_CLUSTERED' initialized 
## 2024-09-05 17:28:05,775 [1] INFO  (null) Using thread pool 'Quartz.Simpl.DefaultThreadPool', size: 10 
## 2024-09-05 17:28:05,776 [1] INFO  (null) Using job store 'Quartz.Simpl.RAMJobStore', supports persistence: False, clustered: False 
## 2024-09-05 17:28:05,777 [1] INFO  (null) JobFactory set to: QuartzJobLibrary.SingletonJobFactory 
## 2024-09-05 17:28:05,824 [1] INFO  (null) Scheduler DefaultQuartzScheduler_$_NON_CLUSTERED started. 
## 2024-09-05 17:28:06,838 [1] INFO  (null) Now listening on: http://localhost:5283 
## 2024-09-05 17:28:06,846 [1] INFO  (null) Application started. Press Ctrl+C to shut down. 
## 2024-09-05 17:28:06,849 [1] INFO  (null) Hosting environment: Development 
## 2024-09-05 17:28:06,851 [1] INFO  (null) Content root path: D:\database\AestheticsLink (2)\AestheticsLink\WebAPI\ 
## 2024-09-05 17:28:21,970 [15] INFO  (null) CORS policy execution successful. 
## 2024-09-05 17:28:30,203 [10] INFO  (null) CORS policy execution successful. 
## 2024-09-05 17:29:10,442 [1] INFO  (null) Default Quartz.NET properties loaded from embedded resource file 
## 2024-09-05 17:29:10,527 [1] INFO  (null) Initialized Scheduler Signaller of type: Quartz.Core.SchedulerSignalerImpl 
## 2024-09-05 17:29:10,528 [1] INFO  (null) Quartz Scheduler created 
## 2024-09-05 17:29:10,533 [1] INFO  (null) RAMJobStore initialized. 
## 2024-09-05 17:29:10,534 [1] INFO  (null) Quartz Scheduler 3.11.0.0 - 'DefaultQuartzScheduler' with instanceId 'NON_CLUSTERED' initialized 
## 2024-09-05 17:29:10,535 [1] INFO  (null) Using thread pool 'Quartz.Simpl.DefaultThreadPool', size: 10 
## 2024-09-05 17:29:10,536 [1] INFO  (null) Using job store 'Quartz.Simpl.RAMJobStore', supports persistence: False, clustered: False 
## 2024-09-05 17:29:10,537 [1] INFO  (null) JobFactory set to: QuartzJobLibrary.SingletonJobFactory 
## 2024-09-05 17:29:10,582 [1] INFO  (null) Scheduler DefaultQuartzScheduler_$_NON_CLUSTERED started. 
## 2024-09-05 17:29:11,586 [1] INFO  (null) Now listening on: http://localhost:5283 
## 2024-09-05 17:29:11,594 [1] INFO  (null) Application started. Press Ctrl+C to shut down. 
## 2024-09-05 17:29:11,596 [1] INFO  (null) Hosting environment: Development 
## 2024-09-05 17:29:11,598 [1] INFO  (null) Content root path: D:\database\AestheticsLink (2)\AestheticsLink\WebAPI\ 
## 2024-09-05 17:29:27,863 [21] INFO  (null) CORS policy execution successful. 
## 2024-09-05 17:29:36,674 [1] INFO  (null) Default Quartz.NET properties loaded from embedded resource file 
## 2024-09-05 17:29:36,770 [1] INFO  (null) Initialized Scheduler Signaller of type: Quartz.Core.SchedulerSignalerImpl 
## 2024-09-05 17:29:36,771 [1] INFO  (null) Quartz Scheduler created 
## 2024-09-05 17:29:36,777 [1] INFO  (null) RAMJobStore initialized. 
## 2024-09-05 17:29:36,778 [1] INFO  (null) Quartz Scheduler 3.11.0.0 - 'DefaultQuartzScheduler' with instanceId 'NON_CLUSTERED' initialized 
## 2024-09-05 17:29:36,779 [1] INFO  (null) Using thread pool 'Quartz.Simpl.DefaultThreadPool', size: 10 
## 2024-09-05 17:29:36,779 [1] INFO  (null) Using job store 'Quartz.Simpl.RAMJobStore', supports persistence: False, clustered: False 
## 2024-09-05 17:29:36,781 [1] INFO  (null) JobFactory set to: QuartzJobLibrary.SingletonJobFactory 
## 2024-09-05 17:29:36,832 [1] INFO  (null) Scheduler DefaultQuartzScheduler_$_NON_CLUSTERED started. 
## 2024-09-05 17:29:38,015 [1] INFO  (null) Now listening on: http://localhost:5283 
## 2024-09-05 17:29:38,024 [1] INFO  (null) Application started. Press Ctrl+C to shut down. 
## 2024-09-05 17:29:38,027 [1] INFO  (null) Hosting environment: Development 
## 2024-09-05 17:29:38,029 [1] INFO  (null) Content root path: D:\database\AestheticsLink (2)\AestheticsLink\WebAPI\ 
## 2024-09-05 17:29:49,134 [21] INFO  (null) CORS policy execution successful. 
## 2024-09-05 17:30:05,674 [19] INFO  (null) CORS policy execution successful. 
## 2024-09-05 17:30:16,875 [1] INFO  (null) Default Quartz.NET properties loaded from embedded resource file 
## 2024-09-05 17:30:16,957 [1] INFO  (null) Initialized Scheduler Signaller of type: Quartz.Core.SchedulerSignalerImpl 
## 2024-09-05 17:30:16,961 [1] INFO  (null) Quartz Scheduler created 
## 2024-09-05 17:30:16,962 [1] INFO  (null) RAMJobStore initialized. 
## 2024-09-05 17:30:16,963 [1] INFO  (null) Quartz Scheduler 3.11.0.0 - 'DefaultQuartzScheduler' with instanceId 'NON_CLUSTERED' initialized 
## 2024-09-05 17:30:16,964 [1] INFO  (null) Using thread pool 'Quartz.Simpl.DefaultThreadPool', size: 10 
## 2024-09-05 17:30:16,964 [1] INFO  (null) Using job store 'Quartz.Simpl.RAMJobStore', supports persistence: False, clustered: False 
## 2024-09-05 17:30:16,966 [1] INFO  (null) JobFactory set to: QuartzJobLibrary.SingletonJobFactory 
## 2024-09-05 17:30:17,015 [1] INFO  (null) Scheduler DefaultQuartzScheduler_$_NON_CLUSTERED started. 
## 2024-09-05 17:30:18,070 [1] INFO  (null) Now listening on: http://localhost:5283 
## 2024-09-05 17:30:18,078 [1] INFO  (null) Application started. Press Ctrl+C to shut down. 
## 2024-09-05 17:30:18,082 [1] INFO  (null) Hosting environment: Development 
## 2024-09-05 17:30:18,084 [1] INFO  (null) Content root path: D:\database\AestheticsLink (2)\AestheticsLink\WebAPI\ 
## 2024-09-05 17:30:31,969 [5] INFO  (null) CORS policy execution successful. 
## 2024-09-05 17:31:52,694 [1] INFO  (null) Default Quartz.NET properties loaded from embedded resource file 
## 2024-09-05 17:31:52,772 [1] INFO  (null) Initialized Scheduler Signaller of type: Quartz.Core.SchedulerSignalerImpl 
## 2024-09-05 17:31:52,773 [1] INFO  (null) Quartz Scheduler created 
## 2024-09-05 17:31:52,778 [1] INFO  (null) RAMJobStore initialized. 
## 2024-09-05 17:31:52,779 [1] INFO  (null) Quartz Scheduler 3.11.0.0 - 'DefaultQuartzScheduler' with instanceId 'NON_CLUSTERED' initialized 
## 2024-09-05 17:31:52,780 [1] INFO  (null) Using thread pool 'Quartz.Simpl.DefaultThreadPool', size: 10 
## 2024-09-05 17:31:52,780 [1] INFO  (null) Using job store 'Quartz.Simpl.RAMJobStore', supports persistence: False, clustered: False 
## 2024-09-05 17:31:52,781 [1] INFO  (null) JobFactory set to: QuartzJobLibrary.SingletonJobFactory 
## 2024-09-05 17:31:52,829 [1] INFO  (null) Scheduler DefaultQuartzScheduler_$_NON_CLUSTERED started. 
## 2024-09-05 17:31:53,875 [1] INFO  (null) Now listening on: http://localhost:5283 
## 2024-09-05 17:31:53,883 [1] INFO  (null) Application started. Press Ctrl+C to shut down. 
## 2024-09-05 17:31:53,886 [1] INFO  (null) Hosting environment: Development 
## 2024-09-05 17:31:53,887 [1] INFO  (null) Content root path: D:\database\AestheticsLink (2)\AestheticsLink\WebAPI\ 
## 2024-09-05 17:32:06,383 [21] INFO  (null) CORS policy execution successful. 
## 2024-09-05 17:32:12,876 [21] INFO  (null) CORS policy execution successful. 
## 2024-09-05 18:27:05,022 [1] INFO  (null) Default Quartz.NET properties loaded from embedded resource file 
## 2024-09-05 18:27:05,068 [1] INFO  (null) Initialized Scheduler Signaller of type: Quartz.Core.SchedulerSignalerImpl 
## 2024-09-05 18:27:05,068 [1] INFO  (null) Quartz Scheduler created 
## 2024-09-05 18:27:05,069 [1] INFO  (null) RAMJobStore initialized. 
## 2024-09-05 18:27:05,070 [1] INFO  (null) Quartz Scheduler 3.11.0.0 - 'DefaultQuartzScheduler' with instanceId 'NON_CLUSTERED' initialized 
## 2024-09-05 18:27:05,071 [1] INFO  (null) Using thread pool 'Quartz.Simpl.DefaultThreadPool', size: 10 
## 2024-09-05 18:27:05,072 [1] INFO  (null) Using job store 'Quartz.Simpl.RAMJobStore', supports persistence: False, clustered: False 
## 2024-09-05 18:27:05,072 [1] INFO  (null) JobFactory set to: QuartzJobLibrary.SingletonJobFactory 
## 2024-09-05 18:27:05,101 [1] INFO  (null) Scheduler DefaultQuartzScheduler_$_NON_CLUSTERED started. 
## 2024-09-05 18:27:05,969 [1] INFO  (null) Now listening on: http://localhost:5283 
## 2024-09-05 18:27:05,972 [1] INFO  (null) Application started. Press Ctrl+C to shut down. 
## 2024-09-05 18:27:05,973 [1] INFO  (null) Hosting environment: Development 
## 2024-09-05 18:27:05,974 [1] INFO  (null) Content root path: D:\database\AestheticsLink (2)\AestheticsLink\WebAPI\ 
## 2024-09-05 18:27:25,047 [16] INFO  (null) CORS policy execution successful. 
## 2024-09-05 18:27:25,189 [16] INFO  (null) Received place order request: UID=1 
## 2024-09-05 18:29:17,394 [1] INFO  (null) Default Quartz.NET properties loaded from embedded resource file 
## 2024-09-05 18:29:17,439 [1] INFO  (null) Initialized Scheduler Signaller of type: Quartz.Core.SchedulerSignalerImpl 
## 2024-09-05 18:29:17,440 [1] INFO  (null) Quartz Scheduler created 
## 2024-09-05 18:29:17,440 [1] INFO  (null) RAMJobStore initialized. 
## 2024-09-05 18:29:17,441 [1] INFO  (null) Quartz Scheduler 3.11.0.0 - 'DefaultQuartzScheduler' with instanceId 'NON_CLUSTERED' initialized 
## 2024-09-05 18:29:17,442 [1] INFO  (null) Using thread pool 'Quartz.Simpl.DefaultThreadPool', size: 10 
## 2024-09-05 18:29:17,442 [1] INFO  (null) Using job store 'Quartz.Simpl.RAMJobStore', supports persistence: False, clustered: False 
## 2024-09-05 18:29:17,443 [1] INFO  (null) JobFactory set to: QuartzJobLibrary.SingletonJobFactory 
## 2024-09-05 18:29:17,470 [1] INFO  (null) Scheduler DefaultQuartzScheduler_$_NON_CLUSTERED started. 
## 2024-09-05 18:29:18,129 [1] INFO  (null) Now listening on: http://localhost:5283 
## 2024-09-05 18:29:18,132 [1] INFO  (null) Application started. Press Ctrl+C to shut down. 
## 2024-09-05 18:29:18,133 [1] INFO  (null) Hosting environment: Development 
## 2024-09-05 18:29:18,134 [1] INFO  (null) Content root path: D:\database\AestheticsLink (2)\AestheticsLink\WebAPI\ 
## 2024-09-05 18:29:51,837 [26] INFO  (null) CORS policy execution successful. 
## 2024-09-05 18:29:51,952 [26] INFO  (null) Received place order request: UID=1 
## 2024-09-05 18:32:01,044 [1] INFO  (null) Default Quartz.NET properties loaded from embedded resource file 
## 2024-09-05 18:32:01,085 [1] INFO  (null) Initialized Scheduler Signaller of type: Quartz.Core.SchedulerSignalerImpl 
## 2024-09-05 18:32:01,085 [1] INFO  (null) Quartz Scheduler created 
## 2024-09-05 18:32:01,086 [1] INFO  (null) RAMJobStore initialized. 
## 2024-09-05 18:32:01,087 [1] INFO  (null) Quartz Scheduler 3.11.0.0 - 'DefaultQuartzScheduler' with instanceId 'NON_CLUSTERED' initialized 
## 2024-09-05 18:32:01,087 [1] INFO  (null) Using thread pool 'Quartz.Simpl.DefaultThreadPool', size: 10 
## 2024-09-05 18:32:01,088 [1] INFO  (null) Using job store 'Quartz.Simpl.RAMJobStore', supports persistence: False, clustered: False 
## 2024-09-05 18:32:01,089 [1] INFO  (null) JobFactory set to: QuartzJobLibrary.SingletonJobFactory 
## 2024-09-05 18:32:01,115 [1] INFO  (null) Scheduler DefaultQuartzScheduler_$_NON_CLUSTERED started. 
## 2024-09-05 18:32:01,759 [1] INFO  (null) Now listening on: http://localhost:5283 
## 2024-09-05 18:32:01,762 [1] INFO  (null) Application started. Press Ctrl+C to shut down. 
## 2024-09-05 18:32:01,763 [1] INFO  (null) Hosting environment: Development 
## 2024-09-05 18:32:01,763 [1] INFO  (null) Content root path: D:\database\AestheticsLink (2)\AestheticsLink\WebAPI\ 
## 2024-09-05 18:32:38,541 [9] INFO  (null) CORS policy execution successful. 
## 2024-09-05 18:32:38,644 [9] INFO  (null) Received place order request: UID=1 
## 2024-09-05 18:32:38,867 [9] INFO  (null) Received error order request: UID=1 
## 2024-09-05 18:32:55,266 [1] INFO  (null) Default Quartz.NET properties loaded from embedded resource file 
## 2024-09-05 18:32:55,340 [1] INFO  (null) Initialized Scheduler Signaller of type: Quartz.Core.SchedulerSignalerImpl 
## 2024-09-05 18:32:55,341 [1] INFO  (null) Quartz Scheduler created 
## 2024-09-05 18:32:55,348 [1] INFO  (null) RAMJobStore initialized. 
## 2024-09-05 18:32:55,350 [1] INFO  (null) Quartz Scheduler 3.11.0.0 - 'DefaultQuartzScheduler' with instanceId 'NON_CLUSTERED' initialized 
## 2024-09-05 18:32:55,351 [1] INFO  (null) Using thread pool 'Quartz.Simpl.DefaultThreadPool', size: 10 
## 2024-09-05 18:32:55,352 [1] INFO  (null) Using job store 'Quartz.Simpl.RAMJobStore', supports persistence: False, clustered: False 
## 2024-09-05 18:32:55,355 [1] INFO  (null) JobFactory set to: QuartzJobLibrary.SingletonJobFactory 
## 2024-09-05 18:32:55,410 [1] INFO  (null) Scheduler DefaultQuartzScheduler_$_NON_CLUSTERED started. 
## 2024-09-05 18:32:56,519 [1] INFO  (null) Now listening on: http://localhost:5283 
## 2024-09-05 18:32:56,527 [1] INFO  (null) Application started. Press Ctrl+C to shut down. 
## 2024-09-05 18:32:56,530 [1] INFO  (null) Hosting environment: Development 
## 2024-09-05 18:32:56,532 [1] INFO  (null) Content root path: D:\database\AestheticsLink (2)\AestheticsLink\WebAPI\ 
## 2024-09-05 18:33:29,819 [23] INFO  (null) CORS policy execution successful. 
## 2024-09-05 18:33:29,976 [23] INFO  (null) Received place order request: UID=1 
## 2024-09-05 18:33:30,193 [23] INFO  (null) Received error order request: UID=1 
## 2024-09-05 18:33:40,024 [25] INFO  (null) CORS policy execution successful. 
## 2024-09-05 18:33:40,029 [25] INFO  (null) Received place order request: UID=1 
## 2024-09-05 18:33:44,420 [25] INFO  (null) Received error order request: UID=1 
## 2024-09-05 18:33:50,768 [27] INFO  (null) CORS policy execution successful. 
## 2024-09-05 18:33:50,773 [27] INFO  (null) Received place order request: UID=1 
## 2024-09-05 18:39:26,150 [1] INFO  (null) Default Quartz.NET properties loaded from embedded resource file 
## 2024-09-05 18:39:26,193 [1] INFO  (null) Initialized Scheduler Signaller of type: Quartz.Core.SchedulerSignalerImpl 
## 2024-09-05 18:39:26,194 [1] INFO  (null) Quartz Scheduler created 
## 2024-09-05 18:39:26,194 [1] INFO  (null) RAMJobStore initialized. 
## 2024-09-05 18:39:26,195 [1] INFO  (null) Quartz Scheduler 3.11.0.0 - 'DefaultQuartzScheduler' with instanceId 'NON_CLUSTERED' initialized 
## 2024-09-05 18:39:26,196 [1] INFO  (null) Using thread pool 'Quartz.Simpl.DefaultThreadPool', size: 10 
## 2024-09-05 18:39:26,196 [1] INFO  (null) Using job store 'Quartz.Simpl.RAMJobStore', supports persistence: False, clustered: False 
## 2024-09-05 18:39:26,197 [1] INFO  (null) JobFactory set to: QuartzJobLibrary.SingletonJobFactory 
## 2024-09-05 18:39:26,223 [1] INFO  (null) Scheduler DefaultQuartzScheduler_$_NON_CLUSTERED started. 
## 2024-09-05 18:39:26,871 [1] INFO  (null) Now listening on: http://localhost:5283 
## 2024-09-05 18:39:26,873 [1] INFO  (null) Application started. Press Ctrl+C to shut down. 
## 2024-09-05 18:39:26,874 [1] INFO  (null) Hosting environment: Development 
## 2024-09-05 18:39:26,875 [1] INFO  (null) Content root path: D:\database\AestheticsLink (2)\AestheticsLink\WebAPI\ 
## 2024-09-05 18:39:44,214 [16] INFO  (null) CORS policy execution successful. 
## 2024-09-05 18:39:44,274 [16] INFO  (null) Received place order request: UID=1 
## 2024-09-05 19:48:20,055 [1] INFO  (null) Default Quartz.NET properties loaded from embedded resource file 
## 2024-09-05 19:48:20,102 [1] INFO  (null) Initialized Scheduler Signaller of type: Quartz.Core.SchedulerSignalerImpl 
## 2024-09-05 19:48:20,103 [1] INFO  (null) Quartz Scheduler created 
## 2024-09-05 19:48:20,104 [1] INFO  (null) RAMJobStore initialized. 
## 2024-09-05 19:48:20,105 [1] INFO  (null) Quartz Scheduler 3.13.0.0 - 'DefaultQuartzScheduler' with instanceId 'NON_CLUSTERED' initialized 
## 2024-09-05 19:48:20,106 [1] INFO  (null) Using thread pool 'Quartz.Simpl.DefaultThreadPool', size: 10 
## 2024-09-05 19:48:20,106 [1] INFO  (null) Using job store 'Quartz.Simpl.RAMJobStore', supports persistence: False, clustered: False 
## 2024-09-05 19:48:20,107 [1] INFO  (null) JobFactory set to: QuartzJobLibrary.SingletonJobFactory 
## 2024-09-05 19:49:00,398 [1] INFO  (null) Default Quartz.NET properties loaded from embedded resource file 
## 2024-09-05 19:49:00,442 [1] INFO  (null) Initialized Scheduler Signaller of type: Quartz.Core.SchedulerSignalerImpl 
## 2024-09-05 19:49:00,443 [1] INFO  (null) Quartz Scheduler created 
## 2024-09-05 19:49:00,444 [1] INFO  (null) RAMJobStore initialized. 
## 2024-09-05 19:49:00,444 [1] INFO  (null) Quartz Scheduler 3.13.0.0 - 'DefaultQuartzScheduler' with instanceId 'NON_CLUSTERED' initialized 
## 2024-09-05 19:49:00,445 [1] INFO  (null) Using thread pool 'Quartz.Simpl.DefaultThreadPool', size: 10 
## 2024-09-05 19:49:00,446 [1] INFO  (null) Using job store 'Quartz.Simpl.RAMJobStore', supports persistence: False, clustered: False 
## 2024-09-05 19:49:00,446 [1] INFO  (null) JobFactory set to: QuartzJobLibrary.SingletonJobFactory 
## 2024-09-05 19:49:00,472 [1] INFO  (null) Scheduler DefaultQuartzScheduler_$_NON_CLUSTERED started. 
## 2024-09-05 19:49:01,025 [1] INFO  (null) Now listening on: http://localhost:5283 
## 2024-09-05 19:49:01,029 [1] INFO  (null) Application started. Press Ctrl+C to shut down. 
## 2024-09-05 19:49:01,030 [1] INFO  (null) Hosting environment: Development 
## 2024-09-05 19:49:01,030 [1] INFO  (null) Content root path: D:\database\AestheticsLink (2)\AestheticsLink\WebAPI\ 
## 2024-09-05 19:50:57,488 [1] INFO  (null) Default Quartz.NET properties loaded from embedded resource file 
## 2024-09-05 19:50:57,532 [1] INFO  (null) Initialized Scheduler Signaller of type: Quartz.Core.SchedulerSignalerImpl 
## 2024-09-05 19:50:57,533 [1] INFO  (null) Quartz Scheduler created 
## 2024-09-05 19:50:57,534 [1] INFO  (null) RAMJobStore initialized. 
## 2024-09-05 19:50:57,536 [1] INFO  (null) Quartz Scheduler 3.13.0.0 - 'DefaultQuartzScheduler' with instanceId 'NON_CLUSTERED' initialized 
## 2024-09-05 19:50:57,537 [1] INFO  (null) Using thread pool 'Quartz.Simpl.DefaultThreadPool', size: 10 
## 2024-09-05 19:50:57,538 [1] INFO  (null) Using job store 'Quartz.Simpl.RAMJobStore', supports persistence: False, clustered: False 
## 2024-09-05 19:50:57,539 [1] INFO  (null) JobFactory set to: QuartzJobLibrary.SingletonJobFactory 
## 2024-09-05 19:50:57,567 [1] INFO  (null) Scheduler DefaultQuartzScheduler_$_NON_CLUSTERED started. 
## 2024-09-05 19:50:58,040 [1] INFO  (null) Now listening on: http://localhost:5283 
## 2024-09-05 19:50:58,043 [1] INFO  (null) Application started. Press Ctrl+C to shut down. 
## 2024-09-05 19:50:58,044 [1] INFO  (null) Hosting environment: Development 
## 2024-09-05 19:50:58,045 [1] INFO  (null) Content root path: D:\database\AestheticsLink (2)\AestheticsLink\WebAPI\ 
## 2024-09-05 19:51:13,651 [1] INFO  (null) Default Quartz.NET properties loaded from embedded resource file 
## 2024-09-05 19:51:13,728 [1] INFO  (null) Initialized Scheduler Signaller of type: Quartz.Core.SchedulerSignalerImpl 
## 2024-09-05 19:51:13,729 [1] INFO  (null) Quartz Scheduler created 
## 2024-09-05 19:51:13,736 [1] INFO  (null) RAMJobStore initialized. 
## 2024-09-05 19:51:13,737 [1] INFO  (null) Quartz Scheduler 3.13.0.0 - 'DefaultQuartzScheduler' with instanceId 'NON_CLUSTERED' initialized 
## 2024-09-05 19:51:13,738 [1] INFO  (null) Using thread pool 'Quartz.Simpl.DefaultThreadPool', size: 10 
## 2024-09-05 19:51:13,738 [1] INFO  (null) Using job store 'Quartz.Simpl.RAMJobStore', supports persistence: False, clustered: False 
## 2024-09-05 19:51:13,740 [1] INFO  (null) JobFactory set to: QuartzJobLibrary.SingletonJobFactory 
## 2024-09-05 19:51:13,786 [1] INFO  (null) Scheduler DefaultQuartzScheduler_$_NON_CLUSTERED started. 
## 2024-09-05 19:51:14,811 [1] INFO  (null) Now listening on: http://localhost:5283 
## 2024-09-05 19:51:14,825 [1] INFO  (null) Application started. Press Ctrl+C to shut down. 
## 2024-09-05 19:51:14,828 [1] INFO  (null) Hosting environment: Development 
## 2024-09-05 19:51:14,830 [1] INFO  (null) Content root path: D:\database\AestheticsLink (2)\AestheticsLink\WebAPI\ 
## 2024-09-05 19:53:52,555 [1] INFO  (null) Default Quartz.NET properties loaded from embedded resource file 
## 2024-09-05 19:53:52,597 [1] INFO  (null) Initialized Scheduler Signaller of type: Quartz.Core.SchedulerSignalerImpl 
## 2024-09-05 19:53:52,597 [1] INFO  (null) Quartz Scheduler created 
## 2024-09-05 19:53:52,598 [1] INFO  (null) RAMJobStore initialized. 
## 2024-09-05 19:53:52,599 [1] INFO  (null) Quartz Scheduler 3.13.0.0 - 'DefaultQuartzScheduler' with instanceId 'NON_CLUSTERED' initialized 
## 2024-09-05 19:53:52,600 [1] INFO  (null) Using thread pool 'Quartz.Simpl.DefaultThreadPool', size: 10 
## 2024-09-05 19:53:52,600 [1] INFO  (null) Using job store 'Quartz.Simpl.RAMJobStore', supports persistence: False, clustered: False 
## 2024-09-05 19:53:52,602 [1] INFO  (null) JobFactory set to: QuartzJobLibrary.SingletonJobFactory 
## 2024-09-05 19:53:52,628 [1] INFO  (null) Scheduler DefaultQuartzScheduler_$_NON_CLUSTERED started. 
## 2024-09-05 19:53:53,115 [1] INFO  (null) Now listening on: http://localhost:5283 
## 2024-09-05 19:53:53,118 [1] INFO  (null) Application started. Press Ctrl+C to shut down. 
## 2024-09-05 19:53:53,120 [1] INFO  (null) Hosting environment: Development 
## 2024-09-05 19:53:53,120 [1] INFO  (null) Content root path: D:\database\AestheticsLink (2)\AestheticsLink\WebAPI\ 
## 2024-09-05 20:12:02,316 [1] INFO  (null) Default Quartz.NET properties loaded from embedded resource file 
## 2024-09-05 20:12:02,360 [1] INFO  (null) Initialized Scheduler Signaller of type: Quartz.Core.SchedulerSignalerImpl 
## 2024-09-05 20:12:02,360 [1] INFO  (null) Quartz Scheduler created 
## 2024-09-05 20:12:02,361 [1] INFO  (null) RAMJobStore initialized. 
## 2024-09-05 20:12:02,361 [1] INFO  (null) Quartz Scheduler 3.13.0.0 - 'DefaultQuartzScheduler' with instanceId 'NON_CLUSTERED' initialized 
## 2024-09-05 20:12:02,362 [1] INFO  (null) Using thread pool 'Quartz.Simpl.DefaultThreadPool', size: 10 
## 2024-09-05 20:12:02,363 [1] INFO  (null) Using job store 'Quartz.Simpl.RAMJobStore', supports persistence: False, clustered: False 
## 2024-09-05 20:12:02,364 [1] INFO  (null) JobFactory set to: QuartzJobLibrary.SingletonJobFactory 
## 2024-09-05 20:12:02,390 [1] INFO  (null) Scheduler DefaultQuartzScheduler_$_NON_CLUSTERED started. 
## 2024-09-05 20:12:02,861 [1] INFO  (null) Now listening on: http://localhost:5283 
## 2024-09-05 20:12:02,863 [1] INFO  (null) Application started. Press Ctrl+C to shut down. 
## 2024-09-05 20:12:02,865 [1] INFO  (null) Hosting environment: Development 
## 2024-09-05 20:12:02,865 [1] INFO  (null) Content root path: D:\database\AestheticsLink (2)\AestheticsLink\WebAPI\ 
## 2024-09-05 20:12:52,238 [1] INFO  (null) Default Quartz.NET properties loaded from embedded resource file 
## 2024-09-05 20:12:52,323 [1] INFO  (null) Initialized Scheduler Signaller of type: Quartz.Core.SchedulerSignalerImpl 
## 2024-09-05 20:12:52,324 [1] INFO  (null) Quartz Scheduler created 
## 2024-09-05 20:12:52,330 [1] INFO  (null) RAMJobStore initialized. 
## 2024-09-05 20:12:52,331 [1] INFO  (null) Quartz Scheduler 3.13.0.0 - 'DefaultQuartzScheduler' with instanceId 'NON_CLUSTERED' initialized 
## 2024-09-05 20:12:52,332 [1] INFO  (null) Using thread pool 'Quartz.Simpl.DefaultThreadPool', size: 10 
## 2024-09-05 20:12:52,333 [1] INFO  (null) Using job store 'Quartz.Simpl.RAMJobStore', supports persistence: False, clustered: False 
## 2024-09-05 20:12:52,336 [1] INFO  (null) JobFactory set to: QuartzJobLibrary.SingletonJobFactory 
## 2024-09-05 20:12:52,391 [1] INFO  (null) Scheduler DefaultQuartzScheduler_$_NON_CLUSTERED started. 
## 2024-09-05 20:13:30,399 [1] INFO  (null) Default Quartz.NET properties loaded from embedded resource file 
## 2024-09-05 20:13:30,483 [1] INFO  (null) Initialized Scheduler Signaller of type: Quartz.Core.SchedulerSignalerImpl 
## 2024-09-05 20:13:30,483 [1] INFO  (null) Quartz Scheduler created 
## 2024-09-05 20:13:30,489 [1] INFO  (null) RAMJobStore initialized. 
## 2024-09-05 20:13:30,490 [1] INFO  (null) Quartz Scheduler 3.13.0.0 - 'DefaultQuartzScheduler' with instanceId 'NON_CLUSTERED' initialized 
## 2024-09-05 20:13:30,490 [1] INFO  (null) Using thread pool 'Quartz.Simpl.DefaultThreadPool', size: 10 
## 2024-09-05 20:13:30,491 [1] INFO  (null) Using job store 'Quartz.Simpl.RAMJobStore', supports persistence: False, clustered: False 
## 2024-09-05 20:13:30,492 [1] INFO  (null) JobFactory set to: QuartzJobLibrary.SingletonJobFactory 
## 2024-09-05 20:13:30,539 [1] INFO  (null) Scheduler DefaultQuartzScheduler_$_NON_CLUSTERED started. 
## 2024-09-05 20:13:45,535 [1] INFO  (null) Now listening on: http://localhost:5283 
## 2024-09-05 20:13:45,549 [1] INFO  (null) Application started. Press Ctrl+C to shut down. 
## 2024-09-05 20:13:45,553 [1] INFO  (null) Hosting environment: Development 
## 2024-09-05 20:13:45,555 [1] INFO  (null) Content root path: D:\database\AestheticsLink (2)\AestheticsLink\WebAPI\ 
## 2024-09-05 20:15:46,364 [1] INFO  (null) Default Quartz.NET properties loaded from embedded resource file 
## 2024-09-05 20:15:46,407 [1] INFO  (null) Initialized Scheduler Signaller of type: Quartz.Core.SchedulerSignalerImpl 
## 2024-09-05 20:15:46,408 [1] INFO  (null) Quartz Scheduler created 
## 2024-09-05 20:15:46,409 [1] INFO  (null) RAMJobStore initialized. 
## 2024-09-05 20:15:46,410 [1] INFO  (null) Quartz Scheduler 3.13.0.0 - 'DefaultQuartzScheduler' with instanceId 'NON_CLUSTERED' initialized 
## 2024-09-05 20:15:46,411 [1] INFO  (null) Using thread pool 'Quartz.Simpl.DefaultThreadPool', size: 10 
## 2024-09-05 20:15:46,412 [1] INFO  (null) Using job store 'Quartz.Simpl.RAMJobStore', supports persistence: False, clustered: False 
## 2024-09-05 20:15:46,413 [1] INFO  (null) JobFactory set to: QuartzJobLibrary.SingletonJobFactory 
## 2024-09-05 20:15:46,441 [1] INFO  (null) Scheduler DefaultQuartzScheduler_$_NON_CLUSTERED started. 
## 2024-09-05 20:15:47,121 [1] INFO  (null) Now listening on: http://localhost:5283 
## 2024-09-05 20:15:47,124 [1] INFO  (null) Application started. Press Ctrl+C to shut down. 
## 2024-09-05 20:15:47,125 [1] INFO  (null) Hosting environment: Development 
## 2024-09-05 20:15:47,126 [1] INFO  (null) Content root path: D:\database\AestheticsLink (2)\AestheticsLink\WebAPI\ 
## 2024-09-05 20:26:39,626 [1] INFO  (null) Default Quartz.NET properties loaded from embedded resource file 
## 2024-09-05 20:26:39,708 [1] INFO  (null) Initialized Scheduler Signaller of type: Quartz.Core.SchedulerSignalerImpl 
## 2024-09-05 20:26:39,710 [1] INFO  (null) Quartz Scheduler created 
## 2024-09-05 20:26:39,714 [1] INFO  (null) RAMJobStore initialized. 
## 2024-09-05 20:26:39,715 [1] INFO  (null) Quartz Scheduler 3.13.0.0 - 'DefaultQuartzScheduler' with instanceId 'NON_CLUSTERED' initialized 
## 2024-09-05 20:26:39,715 [1] INFO  (null) Using thread pool 'Quartz.Simpl.DefaultThreadPool', size: 10 
## 2024-09-05 20:26:39,716 [1] INFO  (null) Using job store 'Quartz.Simpl.RAMJobStore', supports persistence: False, clustered: False 
## 2024-09-05 20:26:39,718 [1] INFO  (null) JobFactory set to: QuartzJobLibrary.SingletonJobFactory 
## 2024-09-05 20:26:39,770 [1] INFO  (null) Scheduler DefaultQuartzScheduler_$_NON_CLUSTERED started. 
## 2024-09-05 20:27:01,424 [1] INFO  (null) Now listening on: http://localhost:5283 
## 2024-09-05 20:27:01,442 [1] INFO  (null) Application started. Press Ctrl+C to shut down. 
## 2024-09-05 20:27:01,449 [1] INFO  (null) Hosting environment: Development 
## 2024-09-05 20:27:01,452 [1] INFO  (null) Content root path: D:\database\AestheticsLink (2)\AestheticsLink\WebAPI\ 
## 2024-09-05 20:27:52,556 [1] INFO  (null) Default Quartz.NET properties loaded from embedded resource file 
## 2024-09-05 20:27:52,717 [1] INFO  (null) Initialized Scheduler Signaller of type: Quartz.Core.SchedulerSignalerImpl 
## 2024-09-05 20:27:52,720 [1] INFO  (null) Quartz Scheduler created 
## 2024-09-05 20:27:52,725 [1] INFO  (null) RAMJobStore initialized. 
## 2024-09-05 20:27:52,727 [1] INFO  (null) Quartz Scheduler 3.13.0.0 - 'DefaultQuartzScheduler' with instanceId 'NON_CLUSTERED' initialized 
## 2024-09-05 20:27:52,728 [1] INFO  (null) Using thread pool 'Quartz.Simpl.DefaultThreadPool', size: 10 
## 2024-09-05 20:27:52,729 [1] INFO  (null) Using job store 'Quartz.Simpl.RAMJobStore', supports persistence: False, clustered: False 
## 2024-09-05 20:27:54,638 [1] INFO  (null) JobFactory set to: QuartzJobLibrary.SingletonJobFactory 
## 2024-09-05 20:28:00,733 [1] INFO  (null) Scheduler DefaultQuartzScheduler_$_NON_CLUSTERED started. 
## 2024-09-05 20:28:10,040 [1] INFO  (null) Now listening on: http://localhost:5283 
## 2024-09-05 20:28:10,056 [1] INFO  (null) Application started. Press Ctrl+C to shut down. 
## 2024-09-05 20:28:10,062 [1] INFO  (null) Hosting environment: Development 
## 2024-09-05 20:28:10,066 [1] INFO  (null) Content root path: D:\database\AestheticsLink (2)\AestheticsLink\WebAPI\ 
## 2024-09-05 20:28:49,859 [1] INFO  (null) Default Quartz.NET properties loaded from embedded resource file 
## 2024-09-05 20:28:49,947 [1] INFO  (null) Initialized Scheduler Signaller of type: Quartz.Core.SchedulerSignalerImpl 
## 2024-09-05 20:28:49,949 [1] INFO  (null) Quartz Scheduler created 
## 2024-09-05 20:28:49,955 [1] INFO  (null) RAMJobStore initialized. 
## 2024-09-05 20:28:49,956 [1] INFO  (null) Quartz Scheduler 3.13.0.0 - 'DefaultQuartzScheduler' with instanceId 'NON_CLUSTERED' initialized 
## 2024-09-05 20:28:49,956 [1] INFO  (null) Using thread pool 'Quartz.Simpl.DefaultThreadPool', size: 10 
## 2024-09-05 20:28:49,957 [1] INFO  (null) Using job store 'Quartz.Simpl.RAMJobStore', supports persistence: False, clustered: False 
## 2024-09-05 20:28:49,958 [1] INFO  (null) JobFactory set to: QuartzJobLibrary.SingletonJobFactory 
## 2024-09-05 20:28:50,009 [1] INFO  (null) Scheduler DefaultQuartzScheduler_$_NON_CLUSTERED started. 
## 2024-09-05 20:28:54,498 [1] INFO  (null) Now listening on: http://localhost:5283 
## 2024-09-05 20:28:54,515 [1] INFO  (null) Application started. Press Ctrl+C to shut down. 
## 2024-09-05 20:28:54,518 [1] INFO  (null) Hosting environment: Development 
## 2024-09-05 20:28:54,521 [1] INFO  (null) Content root path: D:\database\AestheticsLink (2)\AestheticsLink\WebAPI\ 
## 2024-09-05 20:29:11,222 [1] INFO  (null) Default Quartz.NET properties loaded from embedded resource file 
## 2024-09-05 20:29:11,296 [1] INFO  (null) Initialized Scheduler Signaller of type: Quartz.Core.SchedulerSignalerImpl 
## 2024-09-05 20:29:11,301 [1] INFO  (null) Quartz Scheduler created 
## 2024-09-05 20:29:11,302 [1] INFO  (null) RAMJobStore initialized. 
## 2024-09-05 20:29:11,303 [1] INFO  (null) Quartz Scheduler 3.13.0.0 - 'DefaultQuartzScheduler' with instanceId 'NON_CLUSTERED' initialized 
## 2024-09-05 20:29:11,304 [1] INFO  (null) Using thread pool 'Quartz.Simpl.DefaultThreadPool', size: 10 
## 2024-09-05 20:29:11,304 [1] INFO  (null) Using job store 'Quartz.Simpl.RAMJobStore', supports persistence: False, clustered: False 
## 2024-09-05 20:29:11,306 [1] INFO  (null) JobFactory set to: QuartzJobLibrary.SingletonJobFactory 
## 2024-09-05 20:29:11,351 [1] INFO  (null) Scheduler DefaultQuartzScheduler_$_NON_CLUSTERED started. 
## 2024-09-05 20:29:12,122 [1] INFO  (null) Now listening on: http://localhost:5283 
## 2024-09-05 20:29:12,130 [1] INFO  (null) Application started. Press Ctrl+C to shut down. 
## 2024-09-05 20:29:12,134 [1] INFO  (null) Hosting environment: Development 
## 2024-09-05 20:29:12,139 [1] INFO  (null) Content root path: D:\database\AestheticsLink (2)\AestheticsLink\WebAPI\ 
## 2024-09-05 20:29:28,184 [1] INFO  (null) Default Quartz.NET properties loaded from embedded resource file 
## 2024-09-05 20:29:28,263 [1] INFO  (null) Initialized Scheduler Signaller of type: Quartz.Core.SchedulerSignalerImpl 
## 2024-09-05 20:29:28,264 [1] INFO  (null) Quartz Scheduler created 
## 2024-09-05 20:29:28,269 [1] INFO  (null) RAMJobStore initialized. 
## 2024-09-05 20:29:28,270 [1] INFO  (null) Quartz Scheduler 3.13.0.0 - 'DefaultQuartzScheduler' with instanceId 'NON_CLUSTERED' initialized 
## 2024-09-05 20:29:28,270 [1] INFO  (null) Using thread pool 'Quartz.Simpl.DefaultThreadPool', size: 10 
## 2024-09-05 20:29:28,271 [1] INFO  (null) Using job store 'Quartz.Simpl.RAMJobStore', supports persistence: False, clustered: False 
## 2024-09-05 20:29:28,273 [1] INFO  (null) JobFactory set to: QuartzJobLibrary.SingletonJobFactory 
## 2024-09-05 20:29:28,341 [1] INFO  (null) Scheduler DefaultQuartzScheduler_$_NON_CLUSTERED started. 
## 2024-09-05 20:29:41,059 [1] INFO  (null) Now listening on: http://localhost:5283 
## 2024-09-05 20:29:43,170 [1] INFO  (null) Application started. Press Ctrl+C to shut down. 
## 2024-09-05 20:29:46,886 [1] INFO  (null) Hosting environment: Development 
## 2024-09-05 20:29:46,890 [1] INFO  (null) Content root path: D:\database\AestheticsLink (2)\AestheticsLink\WebAPI\ 
## 2024-09-05 20:30:12,741 [1] INFO  (null) Default Quartz.NET properties loaded from embedded resource file 
## 2024-09-05 20:30:12,822 [1] INFO  (null) Initialized Scheduler Signaller of type: Quartz.Core.SchedulerSignalerImpl 
## 2024-09-05 20:30:12,825 [1] INFO  (null) Quartz Scheduler created 
## 2024-09-05 20:30:12,830 [1] INFO  (null) RAMJobStore initialized. 
## 2024-09-05 20:30:12,834 [1] INFO  (null) Quartz Scheduler 3.13.0.0 - 'DefaultQuartzScheduler' with instanceId 'NON_CLUSTERED' initialized 
## 2024-09-05 20:30:12,836 [1] INFO  (null) Using thread pool 'Quartz.Simpl.DefaultThreadPool', size: 10 
## 2024-09-05 20:30:12,839 [1] INFO  (null) Using job store 'Quartz.Simpl.RAMJobStore', supports persistence: False, clustered: False 
## 2024-09-05 20:30:12,841 [1] INFO  (null) JobFactory set to: QuartzJobLibrary.SingletonJobFactory 
## 2024-09-05 20:30:12,905 [1] INFO  (null) Scheduler DefaultQuartzScheduler_$_NON_CLUSTERED started. 
## 2024-09-05 20:30:19,810 [1] INFO  (null) Now listening on: http://localhost:5283 
## 2024-09-05 20:30:19,989 [1] INFO  (null) Application started. Press Ctrl+C to shut down. 
## 2024-09-05 20:30:20,472 [1] INFO  (null) Hosting environment: Development 
## 2024-09-05 20:30:20,477 [1] INFO  (null) Content root path: D:\database\AestheticsLink (2)\AestheticsLink\WebAPI\ 
## 2024-09-05 20:30:59,066 [1] INFO  (null) Default Quartz.NET properties loaded from embedded resource file 
## 2024-09-05 20:30:59,155 [1] INFO  (null) Initialized Scheduler Signaller of type: Quartz.Core.SchedulerSignalerImpl 
## 2024-09-05 20:30:59,156 [1] INFO  (null) Quartz Scheduler created 
## 2024-09-05 20:30:59,158 [1] INFO  (null) RAMJobStore initialized. 
## 2024-09-05 20:30:59,159 [1] INFO  (null) Quartz Scheduler 3.13.0.0 - 'DefaultQuartzScheduler' with instanceId 'NON_CLUSTERED' initialized 
## 2024-09-05 20:30:59,161 [1] INFO  (null) Using thread pool 'Quartz.Simpl.DefaultThreadPool', size: 10 
## 2024-09-05 20:30:59,162 [1] INFO  (null) Using job store 'Quartz.Simpl.RAMJobStore', supports persistence: False, clustered: False 
## 2024-09-05 20:30:59,164 [1] INFO  (null) JobFactory set to: QuartzJobLibrary.SingletonJobFactory 
## 2024-09-05 20:30:59,209 [1] INFO  (null) Scheduler DefaultQuartzScheduler_$_NON_CLUSTERED started. 
## 2024-09-05 20:31:07,926 [1] INFO  (null) Now listening on: http://localhost:5283 
## 2024-09-05 20:31:07,951 [1] INFO  (null) Application started. Press Ctrl+C to shut down. 
## 2024-09-05 20:31:07,956 [1] INFO  (null) Hosting environment: Development 
## 2024-09-05 20:31:07,959 [1] INFO  (null) Content root path: D:\database\AestheticsLink (2)\AestheticsLink\WebAPI\ 
## 2024-09-05 20:33:39,800 [1] INFO  (null) Default Quartz.NET properties loaded from embedded resource file 
## 2024-09-05 20:33:39,879 [1] INFO  (null) Initialized Scheduler Signaller of type: Quartz.Core.SchedulerSignalerImpl 
## 2024-09-05 20:33:39,879 [1] INFO  (null) Quartz Scheduler created 
## 2024-09-05 20:33:39,885 [1] INFO  (null) RAMJobStore initialized. 
## 2024-09-05 20:33:39,887 [1] INFO  (null) Quartz Scheduler 3.13.0.0 - 'DefaultQuartzScheduler' with instanceId 'NON_CLUSTERED' initialized 
## 2024-09-05 20:33:39,888 [1] INFO  (null) Using thread pool 'Quartz.Simpl.DefaultThreadPool', size: 10 
## 2024-09-05 20:33:39,890 [1] INFO  (null) Using job store 'Quartz.Simpl.RAMJobStore', supports persistence: False, clustered: False 
## 2024-09-05 20:33:39,892 [1] INFO  (null) JobFactory set to: QuartzJobLibrary.SingletonJobFactory 
## 2024-09-05 20:33:39,944 [1] INFO  (null) Scheduler DefaultQuartzScheduler_$_NON_CLUSTERED started. 
## 2024-09-05 20:33:41,185 [1] INFO  (null) Now listening on: http://localhost:5283 
## 2024-09-05 20:33:41,193 [1] INFO  (null) Application started. Press Ctrl+C to shut down. 
## 2024-09-05 20:33:41,196 [1] INFO  (null) Hosting environment: Development 
## 2024-09-05 20:33:41,198 [1] INFO  (null) Content root path: D:\database\AestheticsLink (2)\AestheticsLink\WebAPI\ 
## 2024-09-05 20:34:26,475 [26] INFO  (null) CORS policy execution successful. 
## 2024-09-05 20:34:26,601 [26] INFO  (null) Received place order request: UID=1 
## 2024-09-05 20:34:52,774 [1] INFO  (null) Default Quartz.NET properties loaded from embedded resource file 
## 2024-09-05 20:34:52,883 [1] INFO  (null) Initialized Scheduler Signaller of type: Quartz.Core.SchedulerSignalerImpl 
## 2024-09-05 20:34:52,883 [1] INFO  (null) Quartz Scheduler created 
## 2024-09-05 20:34:52,889 [1] INFO  (null) RAMJobStore initialized. 
## 2024-09-05 20:34:52,890 [1] INFO  (null) Quartz Scheduler 3.13.0.0 - 'DefaultQuartzScheduler' with instanceId 'NON_CLUSTERED' initialized 
## 2024-09-05 20:34:52,891 [1] INFO  (null) Using thread pool 'Quartz.Simpl.DefaultThreadPool', size: 10 
## 2024-09-05 20:34:52,892 [1] INFO  (null) Using job store 'Quartz.Simpl.RAMJobStore', supports persistence: False, clustered: False 
## 2024-09-05 20:34:52,894 [1] INFO  (null) JobFactory set to: QuartzJobLibrary.SingletonJobFactory 
## 2024-09-05 20:34:52,958 [1] INFO  (null) Scheduler DefaultQuartzScheduler_$_NON_CLUSTERED started. 
## 2024-09-05 20:34:54,066 [1] INFO  (null) Now listening on: http://localhost:5283 
## 2024-09-05 20:34:54,074 [1] INFO  (null) Application started. Press Ctrl+C to shut down. 
## 2024-09-05 20:34:54,076 [1] INFO  (null) Hosting environment: Development 
## 2024-09-05 20:34:54,078 [1] INFO  (null) Content root path: D:\database\AestheticsLink (2)\AestheticsLink\WebAPI\ 
## 2024-09-05 20:35:01,425 [20] INFO  (null) CORS policy execution successful. 
## 2024-09-05 20:35:01,516 [20] INFO  (null) Received place order request: UID=1 
## 2024-09-05 20:35:14,247 [5] INFO  (null) CORS policy execution successful. 
## 2024-09-05 20:35:14,251 [5] INFO  (null) Received place order request: UID=1 
## 2024-09-05 20:35:23,190 [21] INFO  (null) CORS policy execution successful. 
## 2024-09-05 20:35:23,196 [21] INFO  (null) Received place order request: UID=1 
## 2024-09-05 20:36:19,627 [21] INFO  (null) CORS policy execution successful. 
## 2024-09-05 20:36:19,631 [21] INFO  (null) Received place order request: UID=1 
## 2024-09-05 20:37:30,210 [1] INFO  (null) Default Quartz.NET properties loaded from embedded resource file 
## 2024-09-05 20:37:30,306 [1] INFO  (null) Initialized Scheduler Signaller of type: Quartz.Core.SchedulerSignalerImpl 
## 2024-09-05 20:37:30,312 [1] INFO  (null) Quartz Scheduler created 
## 2024-09-05 20:37:30,314 [1] INFO  (null) RAMJobStore initialized. 
## 2024-09-05 20:37:30,316 [1] INFO  (null) Quartz Scheduler 3.13.0.0 - 'DefaultQuartzScheduler' with instanceId 'NON_CLUSTERED' initialized 
## 2024-09-05 20:37:30,318 [1] INFO  (null) Using thread pool 'Quartz.Simpl.DefaultThreadPool', size: 10 
## 2024-09-05 20:37:30,319 [1] INFO  (null) Using job store 'Quartz.Simpl.RAMJobStore', supports persistence: False, clustered: False 
## 2024-09-05 20:37:30,322 [1] INFO  (null) JobFactory set to: QuartzJobLibrary.SingletonJobFactory 
## 2024-09-05 20:37:30,382 [1] INFO  (null) Scheduler DefaultQuartzScheduler_$_NON_CLUSTERED started. 
## 2024-09-05 20:37:31,457 [1] INFO  (null) Now listening on: http://localhost:5283 
## 2024-09-05 20:37:31,465 [1] INFO  (null) Application started. Press Ctrl+C to shut down. 
## 2024-09-05 20:37:31,468 [1] INFO  (null) Hosting environment: Development 
## 2024-09-05 20:37:31,470 [1] INFO  (null) Content root path: D:\database\AestheticsLink (2)\AestheticsLink\WebAPI\ 
## 2024-09-05 20:37:38,638 [21] INFO  (null) CORS policy execution successful. 
## 2024-09-05 20:37:38,746 [21] INFO  (null) Received place order request: UID=1 
## 2024-09-05 20:38:28,551 [1] INFO  (null) Default Quartz.NET properties loaded from embedded resource file 
## 2024-09-05 20:38:28,664 [1] INFO  (null) Initialized Scheduler Signaller of type: Quartz.Core.SchedulerSignalerImpl 
## 2024-09-05 20:38:28,665 [1] INFO  (null) Quartz Scheduler created 
## 2024-09-05 20:38:28,666 [1] INFO  (null) RAMJobStore initialized. 
## 2024-09-05 20:38:28,667 [1] INFO  (null) Quartz Scheduler 3.13.0.0 - 'DefaultQuartzScheduler' with instanceId 'NON_CLUSTERED' initialized 
## 2024-09-05 20:38:28,668 [1] INFO  (null) Using thread pool 'Quartz.Simpl.DefaultThreadPool', size: 10 
## 2024-09-05 20:38:28,670 [1] INFO  (null) Using job store 'Quartz.Simpl.RAMJobStore', supports persistence: False, clustered: False 
## 2024-09-05 20:38:28,672 [1] INFO  (null) JobFactory set to: QuartzJobLibrary.SingletonJobFactory 
## 2024-09-05 20:38:28,728 [1] INFO  (null) Scheduler DefaultQuartzScheduler_$_NON_CLUSTERED started. 
## 2024-09-05 20:38:29,816 [1] INFO  (null) Now listening on: http://localhost:5283 
## 2024-09-05 20:38:29,823 [1] INFO  (null) Application started. Press Ctrl+C to shut down. 
## 2024-09-05 20:38:29,826 [1] INFO  (null) Hosting environment: Development 
## 2024-09-05 20:38:29,828 [1] INFO  (null) Content root path: D:\database\AestheticsLink (2)\AestheticsLink\WebAPI\ 
## 2024-09-05 20:38:42,246 [16] INFO  (null) CORS policy execution successful. 
## 2024-09-05 20:38:42,389 [16] INFO  (null) Received place order request: UID=1 
## 2024-09-05 21:10:03,234 [1] INFO  (null) Default Quartz.NET properties loaded from embedded resource file 
## 2024-09-05 21:10:03,281 [1] INFO  (null) Initialized Scheduler Signaller of type: Quartz.Core.SchedulerSignalerImpl 
## 2024-09-05 21:10:03,282 [1] INFO  (null) Quartz Scheduler created 
## 2024-09-05 21:10:03,282 [1] INFO  (null) RAMJobStore initialized. 
## 2024-09-05 21:10:03,283 [1] INFO  (null) Quartz Scheduler 3.13.0.0 - 'DefaultQuartzScheduler' with instanceId 'NON_CLUSTERED' initialized 
## 2024-09-05 21:10:03,284 [1] INFO  (null) Using thread pool 'Quartz.Simpl.DefaultThreadPool', size: 10 
## 2024-09-05 21:10:03,284 [1] INFO  (null) Using job store 'Quartz.Simpl.RAMJobStore', supports persistence: False, clustered: False 
## 2024-09-05 21:10:03,285 [1] INFO  (null) JobFactory set to: QuartzJobLibrary.SingletonJobFactory 
## 2024-09-05 21:10:03,313 [1] INFO  (null) Scheduler DefaultQuartzScheduler_$_NON_CLUSTERED started. 
## 2024-09-05 21:10:05,209 [1] INFO  (null) Now listening on: http://localhost:5283 
## 2024-09-05 21:10:05,212 [1] INFO  (null) Application started. Press Ctrl+C to shut down. 
## 2024-09-05 21:10:05,213 [1] INFO  (null) Hosting environment: Development 
## 2024-09-05 21:10:05,214 [1] INFO  (null) Content root path: D:\database\AestheticsLink (2)\AestheticsLink\WebAPI\ 
## 2024-09-05 21:10:39,450 [19] INFO  (null) CORS policy execution successful. 
## 2024-09-05 21:10:39,584 [19] INFO  (null) Received place order request: UID=1 
## 2024-09-05 21:39:56,309 [1] INFO  (null) Default Quartz.NET properties loaded from embedded resource file 
## 2024-09-05 21:39:56,379 [1] INFO  (null) Initialized Scheduler Signaller of type: Quartz.Core.SchedulerSignalerImpl 
## 2024-09-05 21:39:56,380 [1] INFO  (null) Quartz Scheduler created 
## 2024-09-05 21:39:56,381 [1] INFO  (null) RAMJobStore initialized. 
## 2024-09-05 21:39:56,382 [1] INFO  (null) Quartz Scheduler 3.13.0.0 - 'DefaultQuartzScheduler' with instanceId 'NON_CLUSTERED' initialized 
## 2024-09-05 21:39:56,382 [1] INFO  (null) Using thread pool 'Quartz.Simpl.DefaultThreadPool', size: 10 
## 2024-09-05 21:39:56,383 [1] INFO  (null) Using job store 'Quartz.Simpl.RAMJobStore', supports persistence: False, clustered: False 
## 2024-09-05 21:39:56,385 [1] INFO  (null) JobFactory set to: QuartzJobLibrary.SingletonJobFactory 
## 2024-09-05 21:39:56,413 [1] INFO  (null) Scheduler DefaultQuartzScheduler_$_NON_CLUSTERED started. 
## 2024-09-05 21:39:57,123 [1] INFO  (null) Now listening on: http://localhost:5283 
## 2024-09-05 21:39:57,128 [1] INFO  (null) Application started. Press Ctrl+C to shut down. 
## 2024-09-05 21:39:57,130 [1] INFO  (null) Hosting environment: Development 
## 2024-09-05 21:39:57,132 [1] INFO  (null) Content root path: D:\database\AestheticsLink (2)\AestheticsLink\WebAPI\ 
## 2024-09-05 21:41:17,023 [25] INFO  (null) CORS policy execution successful. 
## 2024-09-05 21:41:17,120 [25] INFO  (null) Received place order request: UID=1 
## 2024-09-05 21:41:48,426 [1] INFO  (null) Default Quartz.NET properties loaded from embedded resource file 
## 2024-09-05 21:41:48,468 [1] INFO  (null) Initialized Scheduler Signaller of type: Quartz.Core.SchedulerSignalerImpl 
## 2024-09-05 21:41:48,468 [1] INFO  (null) Quartz Scheduler created 
## 2024-09-05 21:41:48,469 [1] INFO  (null) RAMJobStore initialized. 
## 2024-09-05 21:41:48,470 [1] INFO  (null) Quartz Scheduler 3.13.0.0 - 'DefaultQuartzScheduler' with instanceId 'NON_CLUSTERED' initialized 
## 2024-09-05 21:41:48,471 [1] INFO  (null) Using thread pool 'Quartz.Simpl.DefaultThreadPool', size: 10 
## 2024-09-05 21:41:48,472 [1] INFO  (null) Using job store 'Quartz.Simpl.RAMJobStore', supports persistence: False, clustered: False 
## 2024-09-05 21:41:48,473 [1] INFO  (null) JobFactory set to: QuartzJobLibrary.SingletonJobFactory 
## 2024-09-05 21:41:48,500 [1] INFO  (null) Scheduler DefaultQuartzScheduler_$_NON_CLUSTERED started. 
## 2024-09-05 21:41:49,207 [1] INFO  (null) Now listening on: http://localhost:5283 
## 2024-09-05 21:41:49,210 [1] INFO  (null) Application started. Press Ctrl+C to shut down. 
## 2024-09-05 21:41:49,211 [1] INFO  (null) Hosting environment: Development 
## 2024-09-05 21:41:49,212 [1] INFO  (null) Content root path: D:\database\AestheticsLink (2)\AestheticsLink\WebAPI\ 
## 2024-09-05 21:41:55,845 [7] INFO  (null) CORS policy execution successful. 
## 2024-09-05 21:41:55,885 [7] INFO  (null) Received place order request: UID=1 
## 2024-09-05 21:42:14,643 [1] INFO  (null) Default Quartz.NET properties loaded from embedded resource file 
## 2024-09-05 21:42:14,828 [1] INFO  (null) Initialized Scheduler Signaller of type: Quartz.Core.SchedulerSignalerImpl 
## 2024-09-05 21:42:14,830 [1] INFO  (null) Quartz Scheduler created 
## 2024-09-05 21:42:14,872 [1] INFO  (null) RAMJobStore initialized. 
## 2024-09-05 21:42:14,875 [1] INFO  (null) Quartz Scheduler 3.13.0.0 - 'DefaultQuartzScheduler' with instanceId 'NON_CLUSTERED' initialized 
## 2024-09-05 21:42:14,876 [1] INFO  (null) Using thread pool 'Quartz.Simpl.DefaultThreadPool', size: 10 
## 2024-09-05 21:42:14,878 [1] INFO  (null) Using job store 'Quartz.Simpl.RAMJobStore', supports persistence: False, clustered: False 
## 2024-09-05 21:42:14,881 [1] INFO  (null) JobFactory set to: QuartzJobLibrary.SingletonJobFactory 
## 2024-09-05 21:42:15,014 [1] INFO  (null) Scheduler DefaultQuartzScheduler_$_NON_CLUSTERED started. 
## 2024-09-05 21:42:17,549 [1] INFO  (null) Now listening on: http://localhost:5283 
## 2024-09-05 21:42:17,562 [1] INFO  (null) Application started. Press Ctrl+C to shut down. 
## 2024-09-05 21:42:17,567 [1] INFO  (null) Hosting environment: Development 
## 2024-09-05 21:42:17,569 [1] INFO  (null) Content root path: D:\database\AestheticsLink (2)\AestheticsLink\WebAPI\ 
## 2024-09-05 21:42:33,789 [25] INFO  (null) CORS policy execution successful. 
## 2024-09-05 21:42:33,902 [25] INFO  (null) Received place order request: UID=1 
## 2024-09-05 21:43:44,451 [1] INFO  (null) Default Quartz.NET properties loaded from embedded resource file 
## 2024-09-05 21:43:44,551 [1] INFO  (null) Initialized Scheduler Signaller of type: Quartz.Core.SchedulerSignalerImpl 
## 2024-09-05 21:43:44,552 [1] INFO  (null) Quartz Scheduler created 
## 2024-09-05 21:43:44,557 [1] INFO  (null) RAMJobStore initialized. 
## 2024-09-05 21:43:44,558 [1] INFO  (null) Quartz Scheduler 3.13.0.0 - 'DefaultQuartzScheduler' with instanceId 'NON_CLUSTERED' initialized 
## 2024-09-05 21:43:44,559 [1] INFO  (null) Using thread pool 'Quartz.Simpl.DefaultThreadPool', size: 10 
## 2024-09-05 21:43:44,560 [1] INFO  (null) Using job store 'Quartz.Simpl.RAMJobStore', supports persistence: False, clustered: False 
## 2024-09-05 21:43:44,562 [1] INFO  (null) JobFactory set to: QuartzJobLibrary.SingletonJobFactory 
## 2024-09-05 21:43:44,613 [1] INFO  (null) Scheduler DefaultQuartzScheduler_$_NON_CLUSTERED started. 
## 2024-09-05 21:43:45,818 [1] INFO  (null) Now listening on: http://localhost:5283 
## 2024-09-05 21:43:45,826 [1] INFO  (null) Application started. Press Ctrl+C to shut down. 
## 2024-09-05 21:43:45,828 [1] INFO  (null) Hosting environment: Development 
## 2024-09-05 21:43:45,830 [1] INFO  (null) Content root path: D:\database\AestheticsLink (2)\AestheticsLink\WebAPI\ 
## 2024-09-05 21:43:52,588 [29] INFO  (null) CORS policy execution successful. 
## 2024-09-05 21:43:52,711 [29] INFO  (null) Received place order request: UID=1 
## 2024-09-05 21:44:01,625 [1] INFO  (null) Default Quartz.NET properties loaded from embedded resource file 
## 2024-09-05 21:44:01,669 [1] INFO  (null) Initialized Scheduler Signaller of type: Quartz.Core.SchedulerSignalerImpl 
## 2024-09-05 21:44:01,670 [1] INFO  (null) Quartz Scheduler created 
## 2024-09-05 21:44:01,671 [1] INFO  (null) RAMJobStore initialized. 
## 2024-09-05 21:44:01,672 [1] INFO  (null) Quartz Scheduler 3.13.0.0 - 'DefaultQuartzScheduler' with instanceId 'NON_CLUSTERED' initialized 
## 2024-09-05 21:44:01,672 [1] INFO  (null) Using thread pool 'Quartz.Simpl.DefaultThreadPool', size: 10 
## 2024-09-05 21:44:01,673 [1] INFO  (null) Using job store 'Quartz.Simpl.RAMJobStore', supports persistence: False, clustered: False 
## 2024-09-05 21:44:01,674 [1] INFO  (null) JobFactory set to: QuartzJobLibrary.SingletonJobFactory 
## 2024-09-05 21:44:01,701 [1] INFO  (null) Scheduler DefaultQuartzScheduler_$_NON_CLUSTERED started. 
## 2024-09-05 21:44:02,435 [1] INFO  (null) Now listening on: http://localhost:5283 
## 2024-09-05 21:44:02,438 [1] INFO  (null) Application started. Press Ctrl+C to shut down. 
## 2024-09-05 21:44:02,440 [1] INFO  (null) Hosting environment: Development 
## 2024-09-05 21:44:02,440 [1] INFO  (null) Content root path: D:\database\AestheticsLink (2)\AestheticsLink\WebAPI\ 
## 2024-09-05 21:44:08,209 [20] INFO  (null) CORS policy execution successful. 
## 2024-09-05 21:44:08,244 [20] INFO  (null) Received place order request: UID=1 
## 2024-09-05 21:45:34,320 [1] INFO  (null) Default Quartz.NET properties loaded from embedded resource file 
## 2024-09-05 21:45:34,396 [1] INFO  (null) Initialized Scheduler Signaller of type: Quartz.Core.SchedulerSignalerImpl 
## 2024-09-05 21:45:34,397 [1] INFO  (null) Quartz Scheduler created 
## 2024-09-05 21:45:34,402 [1] INFO  (null) RAMJobStore initialized. 
## 2024-09-05 21:45:34,403 [1] INFO  (null) Quartz Scheduler 3.13.0.0 - 'DefaultQuartzScheduler' with instanceId 'NON_CLUSTERED' initialized 
## 2024-09-05 21:45:34,403 [1] INFO  (null) Using thread pool 'Quartz.Simpl.DefaultThreadPool', size: 10 
## 2024-09-05 21:45:34,404 [1] INFO  (null) Using job store 'Quartz.Simpl.RAMJobStore', supports persistence: False, clustered: False 
## 2024-09-05 21:45:34,406 [1] INFO  (null) JobFactory set to: QuartzJobLibrary.SingletonJobFactory 
## 2024-09-05 21:45:34,460 [1] INFO  (null) Scheduler DefaultQuartzScheduler_$_NON_CLUSTERED started. 
## 2024-09-05 21:45:35,804 [1] INFO  (null) Now listening on: http://localhost:5283 
## 2024-09-05 21:45:35,813 [1] INFO  (null) Application started. Press Ctrl+C to shut down. 
## 2024-09-05 21:45:35,815 [1] INFO  (null) Hosting environment: Development 
## 2024-09-05 21:45:35,817 [1] INFO  (null) Content root path: D:\database\AestheticsLink (2)\AestheticsLink\WebAPI\ 
## 2024-09-05 21:47:05,171 [30] INFO  (null) CORS policy execution successful. 
## 2024-09-05 21:47:05,294 [30] INFO  (null) Received place order request: UID=1 
## 2024-09-05 21:48:31,404 [1] INFO  (null) Default Quartz.NET properties loaded from embedded resource file 
## 2024-09-05 21:48:31,479 [1] INFO  (null) Initialized Scheduler Signaller of type: Quartz.Core.SchedulerSignalerImpl 
## 2024-09-05 21:48:31,481 [1] INFO  (null) Quartz Scheduler created 
## 2024-09-05 21:48:31,486 [1] INFO  (null) RAMJobStore initialized. 
## 2024-09-05 21:48:31,487 [1] INFO  (null) Quartz Scheduler 3.13.0.0 - 'DefaultQuartzScheduler' with instanceId 'NON_CLUSTERED' initialized 
## 2024-09-05 21:48:31,487 [1] INFO  (null) Using thread pool 'Quartz.Simpl.DefaultThreadPool', size: 10 
## 2024-09-05 21:48:31,488 [1] INFO  (null) Using job store 'Quartz.Simpl.RAMJobStore', supports persistence: False, clustered: False 
## 2024-09-05 21:48:31,490 [1] INFO  (null) JobFactory set to: QuartzJobLibrary.SingletonJobFactory 
## 2024-09-05 21:48:31,536 [1] INFO  (null) Scheduler DefaultQuartzScheduler_$_NON_CLUSTERED started. 
## 2024-09-05 21:48:32,704 [1] INFO  (null) Now listening on: http://localhost:5283 
## 2024-09-05 21:48:32,712 [1] INFO  (null) Application started. Press Ctrl+C to shut down. 
## 2024-09-05 21:48:32,716 [1] INFO  (null) Hosting environment: Development 
## 2024-09-05 21:48:32,718 [1] INFO  (null) Content root path: D:\database\AestheticsLink (2)\AestheticsLink\WebAPI\ 
## 2024-09-05 21:50:21,343 [27] INFO  (null) CORS policy execution successful. 
## 2024-09-05 21:50:21,457 [27] INFO  (null) Received place order request: UID=1 
## 2024-09-05 21:51:24,913 [31] INFO  (null) CORS policy execution successful. 
## 2024-09-05 21:51:24,920 [31] INFO  (null) Received place order request: UID=2 
## 2024-09-05 22:03:23,467 [1] INFO  (null) Default Quartz.NET properties loaded from embedded resource file 
## 2024-09-05 22:03:23,563 [1] INFO  (null) Initialized Scheduler Signaller of type: Quartz.Core.SchedulerSignalerImpl 
## 2024-09-05 22:03:23,569 [1] INFO  (null) Quartz Scheduler created 
## 2024-09-05 22:03:23,570 [1] INFO  (null) RAMJobStore initialized. 
## 2024-09-05 22:03:23,571 [1] INFO  (null) Quartz Scheduler 3.13.0.0 - 'DefaultQuartzScheduler' with instanceId 'NON_CLUSTERED' initialized 
## 2024-09-05 22:03:23,572 [1] INFO  (null) Using thread pool 'Quartz.Simpl.DefaultThreadPool', size: 10 
## 2024-09-05 22:03:23,573 [1] INFO  (null) Using job store 'Quartz.Simpl.RAMJobStore', supports persistence: False, clustered: False 
## 2024-09-05 22:03:23,575 [1] INFO  (null) JobFactory set to: QuartzJobLibrary.SingletonJobFactory 
## 2024-09-05 22:03:23,625 [1] INFO  (null) Scheduler DefaultQuartzScheduler_$_NON_CLUSTERED started. 
## 2024-09-05 22:03:24,845 [1] INFO  (null) Now listening on: http://localhost:5283 
## 2024-09-05 22:03:24,853 [1] INFO  (null) Application started. Press Ctrl+C to shut down. 
## 2024-09-05 22:03:24,855 [1] INFO  (null) Hosting environment: Development 
## 2024-09-05 22:03:24,858 [1] INFO  (null) Content root path: D:\database\AestheticsLink (2)\AestheticsLink\WebAPI\ 
## 2024-09-05 22:04:13,776 [26] INFO  (null) CORS policy execution successful. 
## 2024-09-05 22:04:13,892 [26] INFO  (null) Received place order request: UID=1 
## 2024-09-05 22:13:27,012 [1] INFO  (null) Default Quartz.NET properties loaded from embedded resource file 
## 2024-09-05 22:13:27,100 [1] INFO  (null) Initialized Scheduler Signaller of type: Quartz.Core.SchedulerSignalerImpl 
## 2024-09-05 22:13:27,102 [1] INFO  (null) Quartz Scheduler created 
## 2024-09-05 22:13:27,108 [1] INFO  (null) RAMJobStore initialized. 
## 2024-09-05 22:13:27,109 [1] INFO  (null) Quartz Scheduler 3.13.0.0 - 'DefaultQuartzScheduler' with instanceId 'NON_CLUSTERED' initialized 
## 2024-09-05 22:13:27,109 [1] INFO  (null) Using thread pool 'Quartz.Simpl.DefaultThreadPool', size: 10 
## 2024-09-05 22:13:27,110 [1] INFO  (null) Using job store 'Quartz.Simpl.RAMJobStore', supports persistence: False, clustered: False 
## 2024-09-05 22:13:27,111 [1] INFO  (null) JobFactory set to: QuartzJobLibrary.SingletonJobFactory 
## 2024-09-05 22:13:27,166 [1] INFO  (null) Scheduler DefaultQuartzScheduler_$_NON_CLUSTERED started. 
## 2024-09-05 22:13:28,334 [1] INFO  (null) Now listening on: http://localhost:5283 
## 2024-09-05 22:13:28,342 [1] INFO  (null) Application started. Press Ctrl+C to shut down. 
## 2024-09-05 22:13:28,345 [1] INFO  (null) Hosting environment: Development 
## 2024-09-05 22:13:28,347 [1] INFO  (null) Content root path: D:\database\AestheticsLink (2)\AestheticsLink\WebAPI\ 
## 2024-09-05 22:13:39,975 [5] INFO  (null) CORS policy execution successful. 
## 2024-09-05 22:13:40,126 [5] INFO  (null) Received place order request: UID=1 
## 2024-09-05 22:14:54,038 [1] INFO  (null) Default Quartz.NET properties loaded from embedded resource file 
## 2024-09-05 22:14:54,136 [1] INFO  (null) Initialized Scheduler Signaller of type: Quartz.Core.SchedulerSignalerImpl 
## 2024-09-05 22:14:54,137 [1] INFO  (null) Quartz Scheduler created 
## 2024-09-05 22:14:54,142 [1] INFO  (null) RAMJobStore initialized. 
## 2024-09-05 22:14:54,143 [1] INFO  (null) Quartz Scheduler 3.13.0.0 - 'DefaultQuartzScheduler' with instanceId 'NON_CLUSTERED' initialized 
## 2024-09-05 22:14:54,144 [1] INFO  (null) Using thread pool 'Quartz.Simpl.DefaultThreadPool', size: 10 
## 2024-09-05 22:14:54,145 [1] INFO  (null) Using job store 'Quartz.Simpl.RAMJobStore', supports persistence: False, clustered: False 
## 2024-09-05 22:14:54,147 [1] INFO  (null) JobFactory set to: QuartzJobLibrary.SingletonJobFactory 
## 2024-09-05 22:14:54,227 [1] INFO  (null) Scheduler DefaultQuartzScheduler_$_NON_CLUSTERED started. 
## 2024-09-05 22:14:55,409 [1] INFO  (null) Now listening on: http://localhost:5283 
## 2024-09-05 22:14:55,416 [1] INFO  (null) Application started. Press Ctrl+C to shut down. 
## 2024-09-05 22:14:55,421 [1] INFO  (null) Hosting environment: Development 
## 2024-09-05 22:14:55,423 [1] INFO  (null) Content root path: D:\database\AestheticsLink (2)\AestheticsLink\WebAPI\ 
## 2024-09-05 22:15:05,069 [17] INFO  (null) CORS policy execution successful. 
## 2024-09-05 22:15:05,199 [17] INFO  (null) Received place order request: UID=1 
## 2024-09-05 22:16:22,349 [24] INFO  (null) CORS policy execution successful. 
## 2024-09-05 22:16:22,353 [24] INFO  (null) Received place order request: UID=1 
## 2024-09-05 22:16:55,951 [1] INFO  (null) Default Quartz.NET properties loaded from embedded resource file 
## 2024-09-05 22:16:56,039 [1] INFO  (null) Initialized Scheduler Signaller of type: Quartz.Core.SchedulerSignalerImpl 
## 2024-09-05 22:16:56,042 [1] INFO  (null) Quartz Scheduler created 
## 2024-09-05 22:16:56,047 [1] INFO  (null) RAMJobStore initialized. 
## 2024-09-05 22:16:56,049 [1] INFO  (null) Quartz Scheduler 3.13.0.0 - 'DefaultQuartzScheduler' with instanceId 'NON_CLUSTERED' initialized 
## 2024-09-05 22:16:56,049 [1] INFO  (null) Using thread pool 'Quartz.Simpl.DefaultThreadPool', size: 10 
## 2024-09-05 22:16:56,050 [1] INFO  (null) Using job store 'Quartz.Simpl.RAMJobStore', supports persistence: False, clustered: False 
## 2024-09-05 22:16:56,052 [1] INFO  (null) JobFactory set to: QuartzJobLibrary.SingletonJobFactory 
## 2024-09-05 22:16:56,106 [1] INFO  (null) Scheduler DefaultQuartzScheduler_$_NON_CLUSTERED started. 
## 2024-09-05 22:16:57,224 [1] INFO  (null) Now listening on: http://localhost:5283 
## 2024-09-05 22:16:57,233 [1] INFO  (null) Application started. Press Ctrl+C to shut down. 
## 2024-09-05 22:16:57,239 [1] INFO  (null) Hosting environment: Development 
## 2024-09-05 22:16:57,241 [1] INFO  (null) Content root path: D:\database\AestheticsLink (2)\AestheticsLink\WebAPI\ 
## 2024-09-05 22:17:08,541 [20] INFO  (null) CORS policy execution successful. 
## 2024-09-05 22:17:08,658 [20] INFO  (null) Received place order request: UID=1 
## 2024-09-05 22:18:26,463 [26] INFO  (null) CORS policy execution successful. 
## 2024-09-05 22:18:26,467 [26] INFO  (null) Received place order request: UID=1 
## 2024-09-05 22:19:28,387 [1] INFO  (null) Default Quartz.NET properties loaded from embedded resource file 
## 2024-09-05 22:19:28,478 [1] INFO  (null) Initialized Scheduler Signaller of type: Quartz.Core.SchedulerSignalerImpl 
## 2024-09-05 22:19:28,478 [1] INFO  (null) Quartz Scheduler created 
## 2024-09-05 22:19:28,484 [1] INFO  (null) RAMJobStore initialized. 
## 2024-09-05 22:19:28,486 [1] INFO  (null) Quartz Scheduler 3.13.0.0 - 'DefaultQuartzScheduler' with instanceId 'NON_CLUSTERED' initialized 
## 2024-09-05 22:19:28,486 [1] INFO  (null) Using thread pool 'Quartz.Simpl.DefaultThreadPool', size: 10 
## 2024-09-05 22:19:28,488 [1] INFO  (null) Using job store 'Quartz.Simpl.RAMJobStore', supports persistence: False, clustered: False 
## 2024-09-05 22:19:28,491 [1] INFO  (null) JobFactory set to: QuartzJobLibrary.SingletonJobFactory 
## 2024-09-05 22:19:28,547 [1] INFO  (null) Scheduler DefaultQuartzScheduler_$_NON_CLUSTERED started. 
## 2024-09-05 22:19:29,795 [1] INFO  (null) Now listening on: http://localhost:5283 
## 2024-09-05 22:19:29,806 [1] INFO  (null) Application started. Press Ctrl+C to shut down. 
## 2024-09-05 22:19:29,812 [1] INFO  (null) Hosting environment: Development 
## 2024-09-05 22:19:29,815 [1] INFO  (null) Content root path: D:\database\AestheticsLink (2)\AestheticsLink\WebAPI\ 
## 2024-09-05 22:19:38,387 [1] INFO  (null) Default Quartz.NET properties loaded from embedded resource file 
## 2024-09-05 22:19:38,467 [1] INFO  (null) Initialized Scheduler Signaller of type: Quartz.Core.SchedulerSignalerImpl 
## 2024-09-05 22:19:38,467 [1] INFO  (null) Quartz Scheduler created 
## 2024-09-05 22:19:38,474 [1] INFO  (null) RAMJobStore initialized. 
## 2024-09-05 22:19:38,475 [1] INFO  (null) Quartz Scheduler 3.13.0.0 - 'DefaultQuartzScheduler' with instanceId 'NON_CLUSTERED' initialized 
## 2024-09-05 22:19:38,476 [1] INFO  (null) Using thread pool 'Quartz.Simpl.DefaultThreadPool', size: 10 
## 2024-09-05 22:19:38,476 [1] INFO  (null) Using job store 'Quartz.Simpl.RAMJobStore', supports persistence: False, clustered: False 
## 2024-09-05 22:19:38,478 [1] INFO  (null) JobFactory set to: QuartzJobLibrary.SingletonJobFactory 
## 2024-09-05 22:19:38,526 [1] INFO  (null) Scheduler DefaultQuartzScheduler_$_NON_CLUSTERED started. 
## 2024-09-05 22:19:39,624 [1] INFO  (null) Now listening on: http://localhost:5283 
## 2024-09-05 22:19:39,633 [1] INFO  (null) Application started. Press Ctrl+C to shut down. 
## 2024-09-05 22:19:39,638 [1] INFO  (null) Hosting environment: Development 
## 2024-09-05 22:19:39,640 [1] INFO  (null) Content root path: D:\database\AestheticsLink (2)\AestheticsLink\WebAPI\ 
## 2024-09-05 22:19:52,369 [18] INFO  (null) CORS policy execution successful. 
## 2024-09-05 22:19:52,475 [18] INFO  (null) Received place order request: UID=1 
## 2024-09-05 22:20:30,341 [23] INFO  (null) CORS policy execution successful. 
## 2024-09-05 22:20:30,347 [23] INFO  (null) Received place order request: UID=1 
## 2024-09-05 22:22:51,752 [1] INFO  (null) Default Quartz.NET properties loaded from embedded resource file 
## 2024-09-05 22:22:51,829 [1] INFO  (null) Initialized Scheduler Signaller of type: Quartz.Core.SchedulerSignalerImpl 
## 2024-09-05 22:22:51,833 [1] INFO  (null) Quartz Scheduler created 
## 2024-09-05 22:22:51,834 [1] INFO  (null) RAMJobStore initialized. 
## 2024-09-05 22:22:51,836 [1] INFO  (null) Quartz Scheduler 3.13.0.0 - 'DefaultQuartzScheduler' with instanceId 'NON_CLUSTERED' initialized 
## 2024-09-05 22:22:51,837 [1] INFO  (null) Using thread pool 'Quartz.Simpl.DefaultThreadPool', size: 10 
## 2024-09-05 22:22:51,838 [1] INFO  (null) Using job store 'Quartz.Simpl.RAMJobStore', supports persistence: False, clustered: False 
## 2024-09-05 22:22:51,840 [1] INFO  (null) JobFactory set to: QuartzJobLibrary.SingletonJobFactory 
## 2024-09-05 22:22:51,892 [1] INFO  (null) Scheduler DefaultQuartzScheduler_$_NON_CLUSTERED started. 
## 2024-09-05 22:22:53,282 [1] INFO  (null) Now listening on: http://localhost:5283 
## 2024-09-05 22:22:53,291 [1] INFO  (null) Application started. Press Ctrl+C to shut down. 
## 2024-09-05 22:22:53,296 [1] INFO  (null) Hosting environment: Development 
## 2024-09-05 22:22:53,298 [1] INFO  (null) Content root path: D:\database\AestheticsLink (2)\AestheticsLink\WebAPI\ 
## 2024-09-05 22:23:04,507 [9] INFO  (null) CORS policy execution successful. 
## 2024-09-05 22:23:04,641 [9] INFO  (null) Received place order request: UID=1 
## 2024-09-05 22:26:06,451 [24] INFO  (null) CORS policy execution successful. 
## 2024-09-05 22:26:06,455 [24] INFO  (null) Received place order request: UID=2 
## 2024-09-05 22:27:14,571 [27] INFO  (null) CORS policy execution successful. 
## 2024-09-05 22:27:14,581 [27] INFO  (null) Received place order request: UID=3 
## 2024-09-05 22:30:08,098 [1] INFO  (null) Default Quartz.NET properties loaded from embedded resource file 
## 2024-09-05 22:30:08,184 [1] INFO  (null) Initialized Scheduler Signaller of type: Quartz.Core.SchedulerSignalerImpl 
## 2024-09-05 22:30:08,186 [1] INFO  (null) Quartz Scheduler created 
## 2024-09-05 22:30:08,191 [1] INFO  (null) RAMJobStore initialized. 
## 2024-09-05 22:30:08,192 [1] INFO  (null) Quartz Scheduler 3.13.0.0 - 'DefaultQuartzScheduler' with instanceId 'NON_CLUSTERED' initialized 
## 2024-09-05 22:30:08,193 [1] INFO  (null) Using thread pool 'Quartz.Simpl.DefaultThreadPool', size: 10 
## 2024-09-05 22:30:08,194 [1] INFO  (null) Using job store 'Quartz.Simpl.RAMJobStore', supports persistence: False, clustered: False 
## 2024-09-05 22:30:08,196 [1] INFO  (null) JobFactory set to: QuartzJobLibrary.SingletonJobFactory 
## 2024-09-05 22:30:08,244 [1] INFO  (null) Scheduler DefaultQuartzScheduler_$_NON_CLUSTERED started. 
## 2024-09-05 22:30:09,428 [1] INFO  (null) Now listening on: http://localhost:5283 
## 2024-09-05 22:30:09,437 [1] INFO  (null) Application started. Press Ctrl+C to shut down. 
## 2024-09-05 22:30:09,443 [1] INFO  (null) Hosting environment: Development 
## 2024-09-05 22:30:09,449 [1] INFO  (null) Content root path: D:\database\AestheticsLink (2)\AestheticsLink\WebAPI\ 
## 2024-09-05 22:30:31,294 [19] INFO  (null) CORS policy execution successful. 
## 2024-09-05 22:30:31,409 [19] INFO  (null) Received place order request: UID=1 
