## 2024-07-17 10:46:14,402 [1] INFO  (null) Default Quartz.NET properties loaded from embedded resource file 
## 2024-07-17 10:46:14,527 [1] INFO  (null) Initialized Scheduler Signaller of type: Quartz.Core.SchedulerSignalerImpl 
## 2024-07-17 10:46:14,529 [1] INFO  (null) Quartz Scheduler created 
## 2024-07-17 10:46:14,531 [1] INFO  (null) RAMJobStore initialized. 
## 2024-07-17 10:46:14,533 [1] INFO  (null) Quartz Scheduler 3.11.0.0 - 'DefaultQuartzScheduler' with instanceId 'NON_CLUSTERED' initialized 
## 2024-07-17 10:46:14,541 [1] INFO  (null) Using thread pool 'Quartz.Simpl.DefaultThreadPool', size: 10 
## 2024-07-17 10:46:14,543 [1] INFO  (null) Using job store 'Quartz.Simpl.RAMJobStore', supports persistence: False, clustered: False 
## 2024-07-17 10:46:14,545 [1] INFO  (null) JobFactory set to: SingletonJobFactory 
## 2024-07-17 10:46:14,620 [1] INFO  (null) Scheduler DefaultQuartzScheduler_$_NON_CLUSTERED started. 
## 2024-07-17 10:46:14,989 [1] INFO  (null) Now listening on: http://100.80.78.64:5283 
## 2024-07-17 10:46:14,999 [1] INFO  (null) Application started. Press Ctrl+C to shut down. 
## 2024-07-17 10:46:15,002 [1] INFO  (null) Hosting environment: Development 
## 2024-07-17 10:46:15,005 [1] INFO  (null) Content root path: D:\C#_Project\AestheticsLink\WebAPI\ 
## 2024-07-17 11:34:07,852 [1] INFO  (null) Default Quartz.NET properties loaded from embedded resource file 
## 2024-07-17 11:34:07,950 [1] INFO  (null) Initialized Scheduler Signaller of type: Quartz.Core.SchedulerSignalerImpl 
## 2024-07-17 11:34:07,951 [1] INFO  (null) Quartz Scheduler created 
## 2024-07-17 11:34:07,953 [1] INFO  (null) RAMJobStore initialized. 
## 2024-07-17 11:34:07,955 [1] INFO  (null) Quartz Scheduler 3.11.0.0 - 'DefaultQuartzScheduler' with instanceId 'NON_CLUSTERED' initialized 
## 2024-07-17 11:34:07,966 [1] INFO  (null) Using thread pool 'Quartz.Simpl.DefaultThreadPool', size: 10 
## 2024-07-17 11:34:07,967 [1] INFO  (null) Using job store 'Quartz.Simpl.RAMJobStore', supports persistence: False, clustered: False 
## 2024-07-17 11:34:07,969 [1] INFO  (null) JobFactory set to: SingletonJobFactory 
## 2024-07-17 11:34:08,022 [1] INFO  (null) Scheduler DefaultQuartzScheduler_$_NON_CLUSTERED started. 
## 2024-07-17 11:34:08,352 [1] INFO  (null) Now listening on: http://192.168.43.146:5283 
## 2024-07-17 11:34:08,362 [1] INFO  (null) Application started. Press Ctrl+C to shut down. 
## 2024-07-17 11:34:08,366 [1] INFO  (null) Hosting environment: Development 
## 2024-07-17 11:34:08,368 [1] INFO  (null) Content root path: D:\C#_Project\AestheticsLink\WebAPI\ 
## 2024-07-17 11:45:28,753 [1] INFO  (null) Default Quartz.NET properties loaded from embedded resource file 
## 2024-07-17 11:45:28,851 [1] INFO  (null) Initialized Scheduler Signaller of type: Quartz.Core.SchedulerSignalerImpl 
## 2024-07-17 11:45:28,853 [1] INFO  (null) Quartz Scheduler created 
## 2024-07-17 11:45:28,860 [1] INFO  (null) RAMJobStore initialized. 
## 2024-07-17 11:45:28,861 [1] INFO  (null) Quartz Scheduler 3.11.0.0 - 'DefaultQuartzScheduler' with instanceId 'NON_CLUSTERED' initialized 
## 2024-07-17 11:45:28,863 [1] INFO  (null) Using thread pool 'Quartz.Simpl.DefaultThreadPool', size: 10 
## 2024-07-17 11:45:28,864 [1] INFO  (null) Using job store 'Quartz.Simpl.RAMJobStore', supports persistence: False, clustered: False 
## 2024-07-17 11:45:28,865 [1] INFO  (null) JobFactory set to: SingletonJobFactory 
## 2024-07-17 11:45:28,913 [1] INFO  (null) Scheduler DefaultQuartzScheduler_$_NON_CLUSTERED started. 
## 2024-07-17 11:45:29,285 [1] INFO  (null) Now listening on: http://192.168.43.146:5283 
## 2024-07-17 11:45:29,293 [1] INFO  (null) Application started. Press Ctrl+C to shut down. 
## 2024-07-17 11:45:29,297 [1] INFO  (null) Hosting environment: Development 
## 2024-07-17 11:45:29,300 [1] INFO  (null) Content root path: D:\C#_Project\AestheticsLink\WebAPI\ 
## 2024-07-17 11:49:55,525 [1] INFO  (null) Default Quartz.NET properties loaded from embedded resource file 
## 2024-07-17 11:49:55,596 [1] INFO  (null) Initialized Scheduler Signaller of type: Quartz.Core.SchedulerSignalerImpl 
## 2024-07-17 11:49:55,602 [1] INFO  (null) Quartz Scheduler created 
## 2024-07-17 11:49:55,604 [1] INFO  (null) RAMJobStore initialized. 
## 2024-07-17 11:49:55,605 [1] INFO  (null) Quartz Scheduler 3.11.0.0 - 'DefaultQuartzScheduler' with instanceId 'NON_CLUSTERED' initialized 
## 2024-07-17 11:49:55,606 [1] INFO  (null) Using thread pool 'Quartz.Simpl.DefaultThreadPool', size: 10 
## 2024-07-17 11:49:55,607 [1] INFO  (null) Using job store 'Quartz.Simpl.RAMJobStore', supports persistence: False, clustered: False 
## 2024-07-17 11:49:55,609 [1] INFO  (null) JobFactory set to: SingletonJobFactory 
## 2024-07-17 11:49:55,650 [1] INFO  (null) Scheduler DefaultQuartzScheduler_$_NON_CLUSTERED started. 
## 2024-07-17 11:49:55,863 [1] INFO  (null) Now listening on: http://192.168.43.146:5283 
## 2024-07-17 11:49:55,872 [1] INFO  (null) Application started. Press Ctrl+C to shut down. 
## 2024-07-17 11:49:55,874 [1] INFO  (null) Hosting environment: Development 
## 2024-07-17 11:49:55,881 [1] INFO  (null) Content root path: D:\C#_Project\AestheticsLink\WebAPI\ 
## 2024-07-17 11:50:00,431 [14] INFO  (null) Received login request 
## 2024-07-17 11:50:25,179 [1] INFO  (null) Default Quartz.NET properties loaded from embedded resource file 
## 2024-07-17 11:50:25,258 [1] INFO  (null) Initialized Scheduler Signaller of type: Quartz.Core.SchedulerSignalerImpl 
## 2024-07-17 11:50:25,264 [1] INFO  (null) Quartz Scheduler created 
## 2024-07-17 11:50:25,266 [1] INFO  (null) RAMJobStore initialized. 
## 2024-07-17 11:50:25,267 [1] INFO  (null) Quartz Scheduler 3.11.0.0 - 'DefaultQuartzScheduler' with instanceId 'NON_CLUSTERED' initialized 
## 2024-07-17 11:50:25,269 [1] INFO  (null) Using thread pool 'Quartz.Simpl.DefaultThreadPool', size: 10 
## 2024-07-17 11:50:25,270 [1] INFO  (null) Using job store 'Quartz.Simpl.RAMJobStore', supports persistence: False, clustered: False 
## 2024-07-17 11:50:25,272 [1] INFO  (null) JobFactory set to: SingletonJobFactory 
## 2024-07-17 11:50:25,326 [1] INFO  (null) Scheduler DefaultQuartzScheduler_$_NON_CLUSTERED started. 
## 2024-07-17 11:50:25,563 [1] INFO  (null) Now listening on: http://192.168.43.146:5283 
## 2024-07-17 11:50:25,571 [1] INFO  (null) Application started. Press Ctrl+C to shut down. 
## 2024-07-17 11:50:25,575 [1] INFO  (null) Hosting environment: Development 
## 2024-07-17 11:50:25,577 [1] INFO  (null) Content root path: D:\C#_Project\AestheticsLink\WebAPI\ 
## 2024-07-17 12:15:40,669 [1] INFO  (null) Default Quartz.NET properties loaded from embedded resource file 
## 2024-07-17 12:15:40,777 [1] INFO  (null) Initialized Scheduler Signaller of type: Quartz.Core.SchedulerSignalerImpl 
## 2024-07-17 12:15:40,814 [1] INFO  (null) Quartz Scheduler created 
## 2024-07-17 12:15:40,817 [1] INFO  (null) RAMJobStore initialized. 
## 2024-07-17 12:15:40,819 [1] INFO  (null) Quartz Scheduler 3.11.0.0 - 'DefaultQuartzScheduler' with instanceId 'NON_CLUSTERED' initialized 
## 2024-07-17 12:15:40,820 [1] INFO  (null) Using thread pool 'Quartz.Simpl.DefaultThreadPool', size: 10 
## 2024-07-17 12:15:40,821 [1] INFO  (null) Using job store 'Quartz.Simpl.RAMJobStore', supports persistence: False, clustered: False 
## 2024-07-17 12:15:40,825 [1] INFO  (null) JobFactory set to: SingletonJobFactory 
## 2024-07-17 12:15:40,897 [1] INFO  (null) Scheduler DefaultQuartzScheduler_$_NON_CLUSTERED started. 
## 2024-07-17 12:15:41,176 [1] INFO  (null) Now listening on: http://192.168.43.146:5283 
## 2024-07-17 12:15:41,193 [1] INFO  (null) Application started. Press Ctrl+C to shut down. 
## 2024-07-17 12:15:41,195 [1] INFO  (null) Hosting environment: Development 
## 2024-07-17 12:15:41,197 [1] INFO  (null) Content root path: D:\C#_Project\AestheticsLink\WebAPI\ 
## 2024-07-17 12:49:09,924 [1] INFO  (null) Default Quartz.NET properties loaded from embedded resource file 
## 2024-07-17 12:49:10,079 [1] INFO  (null) Initialized Scheduler Signaller of type: Quartz.Core.SchedulerSignalerImpl 
## 2024-07-17 12:49:10,084 [1] INFO  (null) Quartz Scheduler created 
## 2024-07-17 12:49:10,090 [1] INFO  (null) RAMJobStore initialized. 
## 2024-07-17 12:49:10,093 [1] INFO  (null) Quartz Scheduler 3.11.0.0 - 'DefaultQuartzScheduler' with instanceId 'NON_CLUSTERED' initialized 
## 2024-07-17 12:49:10,095 [1] INFO  (null) Using thread pool 'Quartz.Simpl.DefaultThreadPool', size: 10 
## 2024-07-17 12:49:10,097 [1] INFO  (null) Using job store 'Quartz.Simpl.RAMJobStore', supports persistence: False, clustered: False 
## 2024-07-17 12:49:10,101 [1] INFO  (null) JobFactory set to: SingletonJobFactory 
## 2024-07-17 12:49:10,188 [1] INFO  (null) Scheduler DefaultQuartzScheduler_$_NON_CLUSTERED started. 
## 2024-07-17 12:49:10,578 [1] INFO  (null) Now listening on: http://192.168.43.146:5283 
## 2024-07-17 12:49:10,589 [1] INFO  (null) Application started. Press Ctrl+C to shut down. 
## 2024-07-17 12:49:10,593 [1] INFO  (null) Hosting environment: Development 
## 2024-07-17 12:49:10,596 [1] INFO  (null) Content root path: D:\C#_Project\AestheticsLink\WebAPI\ 
## 2024-07-17 12:50:46,763 [1] INFO  (null) Default Quartz.NET properties loaded from embedded resource file 
## 2024-07-17 12:50:46,838 [1] INFO  (null) Initialized Scheduler Signaller of type: Quartz.Core.SchedulerSignalerImpl 
## 2024-07-17 12:50:46,845 [1] INFO  (null) Quartz Scheduler created 
## 2024-07-17 12:50:46,846 [1] INFO  (null) RAMJobStore initialized. 
## 2024-07-17 12:50:46,847 [1] INFO  (null) Quartz Scheduler 3.11.0.0 - 'DefaultQuartzScheduler' with instanceId 'NON_CLUSTERED' initialized 
## 2024-07-17 12:50:46,848 [1] INFO  (null) Using thread pool 'Quartz.Simpl.DefaultThreadPool', size: 10 
## 2024-07-17 12:50:46,849 [1] INFO  (null) Using job store 'Quartz.Simpl.RAMJobStore', supports persistence: False, clustered: False 
## 2024-07-17 12:50:46,851 [1] INFO  (null) JobFactory set to: SingletonJobFactory 
## 2024-07-17 12:50:46,890 [1] INFO  (null) Scheduler DefaultQuartzScheduler_$_NON_CLUSTERED started. 
## 2024-07-17 12:50:47,150 [1] INFO  (null) Now listening on: http://192.168.43.146:5283 
## 2024-07-17 12:50:47,187 [1] INFO  (null) Application started. Press Ctrl+C to shut down. 
## 2024-07-17 12:50:47,191 [1] INFO  (null) Hosting environment: Development 
## 2024-07-17 12:50:47,194 [1] INFO  (null) Content root path: D:\C#_Project\AestheticsLink\WebAPI\ 
## 2024-07-17 12:52:10,143 [1] INFO  (null) Default Quartz.NET properties loaded from embedded resource file 
## 2024-07-17 12:52:10,218 [1] INFO  (null) Initialized Scheduler Signaller of type: Quartz.Core.SchedulerSignalerImpl 
## 2024-07-17 12:52:10,223 [1] INFO  (null) Quartz Scheduler created 
## 2024-07-17 12:52:10,225 [1] INFO  (null) RAMJobStore initialized. 
## 2024-07-17 12:52:10,226 [1] INFO  (null) Quartz Scheduler 3.11.0.0 - 'DefaultQuartzScheduler' with instanceId 'NON_CLUSTERED' initialized 
## 2024-07-17 12:52:10,227 [1] INFO  (null) Using thread pool 'Quartz.Simpl.DefaultThreadPool', size: 10 
## 2024-07-17 12:52:10,228 [1] INFO  (null) Using job store 'Quartz.Simpl.RAMJobStore', supports persistence: False, clustered: False 
## 2024-07-17 12:52:10,229 [1] INFO  (null) JobFactory set to: SingletonJobFactory 
## 2024-07-17 12:52:10,269 [1] INFO  (null) Scheduler DefaultQuartzScheduler_$_NON_CLUSTERED started. 
## 2024-07-17 12:52:10,467 [1] INFO  (null) Now listening on: http://192.168.43.146:5283 
## 2024-07-17 12:52:10,473 [1] INFO  (null) Application started. Press Ctrl+C to shut down. 
## 2024-07-17 12:52:10,476 [1] INFO  (null) Hosting environment: Development 
## 2024-07-17 12:52:10,477 [1] INFO  (null) Content root path: D:\C#_Project\AestheticsLink\WebAPI\ 
## 2024-07-17 12:52:22,777 [8] INFO  (null) Received login request: SER_ID=2253729 
## 2024-07-17 12:58:15,013 [1] INFO  (null) Default Quartz.NET properties loaded from embedded resource file 
## 2024-07-17 12:58:15,086 [1] INFO  (null) Initialized Scheduler Signaller of type: Quartz.Core.SchedulerSignalerImpl 
## 2024-07-17 12:58:15,088 [1] INFO  (null) Quartz Scheduler created 
## 2024-07-17 12:58:15,092 [1] INFO  (null) RAMJobStore initialized. 
## 2024-07-17 12:58:15,093 [1] INFO  (null) Quartz Scheduler 3.11.0.0 - 'DefaultQuartzScheduler' with instanceId 'NON_CLUSTERED' initialized 
## 2024-07-17 12:58:15,093 [1] INFO  (null) Using thread pool 'Quartz.Simpl.DefaultThreadPool', size: 10 
## 2024-07-17 12:58:15,094 [1] INFO  (null) Using job store 'Quartz.Simpl.RAMJobStore', supports persistence: False, clustered: False 
## 2024-07-17 12:58:15,095 [1] INFO  (null) JobFactory set to: SingletonJobFactory 
## 2024-07-17 12:58:15,135 [1] INFO  (null) Scheduler DefaultQuartzScheduler_$_NON_CLUSTERED started. 
## 2024-07-17 12:58:15,343 [1] INFO  (null) Now listening on: http://192.168.43.146:5283 
## 2024-07-17 12:58:15,350 [1] INFO  (null) Application started. Press Ctrl+C to shut down. 
## 2024-07-17 12:58:15,352 [1] INFO  (null) Hosting environment: Development 
## 2024-07-17 12:58:15,354 [1] INFO  (null) Content root path: D:\C#_Project\AestheticsLink\WebAPI\ 
## 2024-07-17 12:58:27,093 [14] INFO  (null) Received login request: SER_ID=2253729 
## 2024-07-17 12:59:52,874 [1] INFO  (null) Default Quartz.NET properties loaded from embedded resource file 
## 2024-07-17 12:59:52,944 [1] INFO  (null) Initialized Scheduler Signaller of type: Quartz.Core.SchedulerSignalerImpl 
## 2024-07-17 12:59:52,950 [1] INFO  (null) Quartz Scheduler created 
## 2024-07-17 12:59:52,951 [1] INFO  (null) RAMJobStore initialized. 
## 2024-07-17 12:59:52,952 [1] INFO  (null) Quartz Scheduler 3.11.0.0 - 'DefaultQuartzScheduler' with instanceId 'NON_CLUSTERED' initialized 
## 2024-07-17 12:59:52,953 [1] INFO  (null) Using thread pool 'Quartz.Simpl.DefaultThreadPool', size: 10 
## 2024-07-17 12:59:52,954 [1] INFO  (null) Using job store 'Quartz.Simpl.RAMJobStore', supports persistence: False, clustered: False 
## 2024-07-17 12:59:52,955 [1] INFO  (null) JobFactory set to: SingletonJobFactory 
## 2024-07-17 12:59:52,997 [1] INFO  (null) Scheduler DefaultQuartzScheduler_$_NON_CLUSTERED started. 
## 2024-07-17 12:59:53,200 [1] INFO  (null) Now listening on: http://192.168.43.146:5283 
## 2024-07-17 12:59:53,208 [1] INFO  (null) Application started. Press Ctrl+C to shut down. 
## 2024-07-17 12:59:53,210 [1] INFO  (null) Hosting environment: Development 
## 2024-07-17 12:59:53,212 [1] INFO  (null) Content root path: D:\C#_Project\AestheticsLink\WebAPI\ 
## 2024-07-17 13:00:04,689 [8] INFO  (null) Received login request: SER_ID=2253729 
## 2024-07-17 13:02:55,343 [1] INFO  (null) Default Quartz.NET properties loaded from embedded resource file 
## 2024-07-17 13:02:55,420 [1] INFO  (null) Initialized Scheduler Signaller of type: Quartz.Core.SchedulerSignalerImpl 
## 2024-07-17 13:02:55,424 [1] INFO  (null) Quartz Scheduler created 
## 2024-07-17 13:02:55,426 [1] INFO  (null) RAMJobStore initialized. 
## 2024-07-17 13:02:55,427 [1] INFO  (null) Quartz Scheduler 3.11.0.0 - 'DefaultQuartzScheduler' with instanceId 'NON_CLUSTERED' initialized 
## 2024-07-17 13:02:55,428 [1] INFO  (null) Using thread pool 'Quartz.Simpl.DefaultThreadPool', size: 10 
## 2024-07-17 13:02:55,429 [1] INFO  (null) Using job store 'Quartz.Simpl.RAMJobStore', supports persistence: False, clustered: False 
## 2024-07-17 13:02:55,431 [1] INFO  (null) JobFactory set to: SingletonJobFactory 
## 2024-07-17 13:02:55,469 [1] INFO  (null) Scheduler DefaultQuartzScheduler_$_NON_CLUSTERED started. 
## 2024-07-17 13:02:55,666 [1] INFO  (null) Now listening on: http://192.168.43.146:5283 
## 2024-07-17 13:02:55,672 [1] INFO  (null) Application started. Press Ctrl+C to shut down. 
## 2024-07-17 13:02:55,676 [1] INFO  (null) Hosting environment: Development 
## 2024-07-17 13:02:55,678 [1] INFO  (null) Content root path: D:\C#_Project\AestheticsLink\WebAPI\ 
## 2024-07-17 13:03:05,194 [13] INFO  (null) Received login request: SER_ID=2253729 
## 2024-07-17 13:14:34,998 [1] INFO  (null) Default Quartz.NET properties loaded from embedded resource file 
## 2024-07-17 13:14:35,075 [1] INFO  (null) Initialized Scheduler Signaller of type: Quartz.Core.SchedulerSignalerImpl 
## 2024-07-17 13:14:35,082 [1] INFO  (null) Quartz Scheduler created 
## 2024-07-17 13:14:35,083 [1] INFO  (null) RAMJobStore initialized. 
## 2024-07-17 13:14:35,085 [1] INFO  (null) Quartz Scheduler 3.11.0.0 - 'DefaultQuartzScheduler' with instanceId 'NON_CLUSTERED' initialized 
## 2024-07-17 13:14:35,086 [1] INFO  (null) Using thread pool 'Quartz.Simpl.DefaultThreadPool', size: 10 
## 2024-07-17 13:14:35,086 [1] INFO  (null) Using job store 'Quartz.Simpl.RAMJobStore', supports persistence: False, clustered: False 
## 2024-07-17 13:14:35,088 [1] INFO  (null) JobFactory set to: SingletonJobFactory 
## 2024-07-17 13:14:35,133 [1] INFO  (null) Scheduler DefaultQuartzScheduler_$_NON_CLUSTERED started. 
## 2024-07-17 13:14:35,372 [1] INFO  (null) Now listening on: http://192.168.43.146:5283 
## 2024-07-17 13:14:35,382 [1] INFO  (null) Application started. Press Ctrl+C to shut down. 
## 2024-07-17 13:14:35,385 [1] INFO  (null) Hosting environment: Development 
## 2024-07-17 13:14:35,388 [1] INFO  (null) Content root path: D:\C#_Project\AestheticsLink\WebAPI\ 
## 2024-07-17 13:14:46,843 [8] INFO  (null) Received login request: SER_ID=2253729 
## 2024-07-17 13:15:49,888 [1] INFO  (null) Default Quartz.NET properties loaded from embedded resource file 
## 2024-07-17 13:15:49,967 [1] INFO  (null) Initialized Scheduler Signaller of type: Quartz.Core.SchedulerSignalerImpl 
## 2024-07-17 13:15:49,973 [1] INFO  (null) Quartz Scheduler created 
## 2024-07-17 13:15:49,975 [1] INFO  (null) RAMJobStore initialized. 
## 2024-07-17 13:15:49,977 [1] INFO  (null) Quartz Scheduler 3.11.0.0 - 'DefaultQuartzScheduler' with instanceId 'NON_CLUSTERED' initialized 
## 2024-07-17 13:15:49,978 [1] INFO  (null) Using thread pool 'Quartz.Simpl.DefaultThreadPool', size: 10 
## 2024-07-17 13:15:49,979 [1] INFO  (null) Using job store 'Quartz.Simpl.RAMJobStore', supports persistence: False, clustered: False 
## 2024-07-17 13:15:49,982 [1] INFO  (null) JobFactory set to: SingletonJobFactory 
## 2024-07-17 13:15:50,033 [1] INFO  (null) Scheduler DefaultQuartzScheduler_$_NON_CLUSTERED started. 
## 2024-07-17 13:15:50,259 [1] INFO  (null) Now listening on: http://192.168.43.146:5283 
## 2024-07-17 13:15:50,267 [1] INFO  (null) Application started. Press Ctrl+C to shut down. 
## 2024-07-17 13:15:50,270 [1] INFO  (null) Hosting environment: Development 
## 2024-07-17 13:15:50,273 [1] INFO  (null) Content root path: D:\C#_Project\AestheticsLink\WebAPI\ 
## 2024-07-17 13:16:14,163 [28] INFO  (null) Received login request: SER_ID=2253729 
## 2024-07-17 13:18:39,365 [1] INFO  (null) Default Quartz.NET properties loaded from embedded resource file 
## 2024-07-17 13:18:39,442 [1] INFO  (null) Initialized Scheduler Signaller of type: Quartz.Core.SchedulerSignalerImpl 
## 2024-07-17 13:18:39,447 [1] INFO  (null) Quartz Scheduler created 
## 2024-07-17 13:18:39,449 [1] INFO  (null) RAMJobStore initialized. 
## 2024-07-17 13:18:39,450 [1] INFO  (null) Quartz Scheduler 3.11.0.0 - 'DefaultQuartzScheduler' with instanceId 'NON_CLUSTERED' initialized 
## 2024-07-17 13:18:39,451 [1] INFO  (null) Using thread pool 'Quartz.Simpl.DefaultThreadPool', size: 10 
## 2024-07-17 13:18:39,451 [1] INFO  (null) Using job store 'Quartz.Simpl.RAMJobStore', supports persistence: False, clustered: False 
## 2024-07-17 13:18:39,453 [1] INFO  (null) JobFactory set to: SingletonJobFactory 
## 2024-07-17 13:18:39,494 [1] INFO  (null) Scheduler DefaultQuartzScheduler_$_NON_CLUSTERED started. 
## 2024-07-17 13:18:39,708 [1] INFO  (null) Now listening on: http://192.168.43.146:5283 
## 2024-07-17 13:18:39,717 [1] INFO  (null) Application started. Press Ctrl+C to shut down. 
## 2024-07-17 13:18:39,721 [1] INFO  (null) Hosting environment: Development 
## 2024-07-17 13:18:39,723 [1] INFO  (null) Content root path: D:\C#_Project\AestheticsLink\WebAPI\ 
## 2024-07-17 13:18:50,809 [31] INFO  (null) Received login request: SER_ID=2253729 
## 2024-07-17 13:19:10,092 [1] INFO  (null) Default Quartz.NET properties loaded from embedded resource file 
## 2024-07-17 13:19:10,174 [1] INFO  (null) Initialized Scheduler Signaller of type: Quartz.Core.SchedulerSignalerImpl 
## 2024-07-17 13:19:10,180 [1] INFO  (null) Quartz Scheduler created 
## 2024-07-17 13:19:10,182 [1] INFO  (null) RAMJobStore initialized. 
## 2024-07-17 13:19:10,183 [1] INFO  (null) Quartz Scheduler 3.11.0.0 - 'DefaultQuartzScheduler' with instanceId 'NON_CLUSTERED' initialized 
## 2024-07-17 13:19:10,184 [1] INFO  (null) Using thread pool 'Quartz.Simpl.DefaultThreadPool', size: 10 
## 2024-07-17 13:19:10,185 [1] INFO  (null) Using job store 'Quartz.Simpl.RAMJobStore', supports persistence: False, clustered: False 
## 2024-07-17 13:19:10,188 [1] INFO  (null) JobFactory set to: SingletonJobFactory 
## 2024-07-17 13:19:10,240 [1] INFO  (null) Scheduler DefaultQuartzScheduler_$_NON_CLUSTERED started. 
## 2024-07-17 13:19:10,496 [1] INFO  (null) Now listening on: http://192.168.43.146:5283 
## 2024-07-17 13:19:10,503 [1] INFO  (null) Application started. Press Ctrl+C to shut down. 
## 2024-07-17 13:19:10,506 [1] INFO  (null) Hosting environment: Development 
## 2024-07-17 13:19:10,508 [1] INFO  (null) Content root path: D:\C#_Project\AestheticsLink\WebAPI\ 
## 2024-07-17 13:19:21,372 [27] INFO  (null) Received login request: SER_ID=2253729 
## 2024-07-17 13:49:03,422 [1] INFO  (null) Default Quartz.NET properties loaded from embedded resource file 
## 2024-07-17 13:49:03,510 [1] INFO  (null) Initialized Scheduler Signaller of type: Quartz.Core.SchedulerSignalerImpl 
## 2024-07-17 13:49:03,515 [1] INFO  (null) Quartz Scheduler created 
## 2024-07-17 13:49:03,516 [1] INFO  (null) RAMJobStore initialized. 
## 2024-07-17 13:49:03,518 [1] INFO  (null) Quartz Scheduler 3.11.0.0 - 'DefaultQuartzScheduler' with instanceId 'NON_CLUSTERED' initialized 
## 2024-07-17 13:49:03,519 [1] INFO  (null) Using thread pool 'Quartz.Simpl.DefaultThreadPool', size: 10 
## 2024-07-17 13:49:03,520 [1] INFO  (null) Using job store 'Quartz.Simpl.RAMJobStore', supports persistence: False, clustered: False 
## 2024-07-17 13:49:03,521 [1] INFO  (null) JobFactory set to: SingletonJobFactory 
## 2024-07-17 13:49:03,588 [1] INFO  (null) Scheduler DefaultQuartzScheduler_$_NON_CLUSTERED started. 
## 2024-07-17 13:49:03,811 [1] INFO  (null) Now listening on: http://192.168.43.146:5283 
## 2024-07-17 13:49:03,819 [1] INFO  (null) Application started. Press Ctrl+C to shut down. 
## 2024-07-17 13:49:03,822 [1] INFO  (null) Hosting environment: Development 
## 2024-07-17 13:49:03,824 [1] INFO  (null) Content root path: D:\C#_Project\AestheticsLink\WebAPI\ 
## 2024-07-17 13:49:15,142 [25] INFO  (null) Received login request: SER_ID=2253729 
## 2024-07-17 13:49:54,281 [1] INFO  (null) Default Quartz.NET properties loaded from embedded resource file 
## 2024-07-17 13:49:54,350 [1] INFO  (null) Initialized Scheduler Signaller of type: Quartz.Core.SchedulerSignalerImpl 
## 2024-07-17 13:49:54,354 [1] INFO  (null) Quartz Scheduler created 
## 2024-07-17 13:49:54,355 [1] INFO  (null) RAMJobStore initialized. 
## 2024-07-17 13:49:54,356 [1] INFO  (null) Quartz Scheduler 3.11.0.0 - 'DefaultQuartzScheduler' with instanceId 'NON_CLUSTERED' initialized 
## 2024-07-17 13:49:54,357 [1] INFO  (null) Using thread pool 'Quartz.Simpl.DefaultThreadPool', size: 10 
## 2024-07-17 13:49:54,358 [1] INFO  (null) Using job store 'Quartz.Simpl.RAMJobStore', supports persistence: False, clustered: False 
## 2024-07-17 13:49:54,359 [1] INFO  (null) JobFactory set to: SingletonJobFactory 
## 2024-07-17 13:49:54,398 [1] INFO  (null) Scheduler DefaultQuartzScheduler_$_NON_CLUSTERED started. 
## 2024-07-17 13:49:54,692 [1] INFO  (null) Now listening on: http://192.168.43.146:5283 
## 2024-07-17 13:49:54,701 [1] INFO  (null) Application started. Press Ctrl+C to shut down. 
## 2024-07-17 13:49:54,704 [1] INFO  (null) Hosting environment: Development 
## 2024-07-17 13:49:54,706 [1] INFO  (null) Content root path: D:\C#_Project\AestheticsLink\WebAPI\ 
## 2024-07-17 13:53:37,825 [21] INFO  (null) Received login request: SER_ID=2253729 
## 2024-07-17 13:54:58,181 [1] INFO  (null) Default Quartz.NET properties loaded from embedded resource file 
## 2024-07-17 13:54:58,252 [1] INFO  (null) Initialized Scheduler Signaller of type: Quartz.Core.SchedulerSignalerImpl 
## 2024-07-17 13:54:58,253 [1] INFO  (null) Quartz Scheduler created 
## 2024-07-17 13:54:58,258 [1] INFO  (null) RAMJobStore initialized. 
## 2024-07-17 13:54:58,259 [1] INFO  (null) Quartz Scheduler 3.11.0.0 - 'DefaultQuartzScheduler' with instanceId 'NON_CLUSTERED' initialized 
## 2024-07-17 13:54:58,260 [1] INFO  (null) Using thread pool 'Quartz.Simpl.DefaultThreadPool', size: 10 
## 2024-07-17 13:54:58,261 [1] INFO  (null) Using job store 'Quartz.Simpl.RAMJobStore', supports persistence: False, clustered: False 
## 2024-07-17 13:54:58,263 [1] INFO  (null) JobFactory set to: SingletonJobFactory 
## 2024-07-17 13:54:58,310 [1] INFO  (null) Scheduler DefaultQuartzScheduler_$_NON_CLUSTERED started. 
## 2024-07-17 13:54:58,548 [1] INFO  (null) Now listening on: http://192.168.43.146:5283 
## 2024-07-17 13:54:58,555 [1] INFO  (null) Application started. Press Ctrl+C to shut down. 
## 2024-07-17 13:54:58,557 [1] INFO  (null) Hosting environment: Development 
## 2024-07-17 13:54:58,560 [1] INFO  (null) Content root path: D:\C#_Project\AestheticsLink\WebAPI\ 
## 2024-07-17 13:55:12,955 [3] INFO  (null) Received login request: SER_ID=2253729 
## 2024-07-17 13:56:59,037 [1] INFO  (null) Default Quartz.NET properties loaded from embedded resource file 
## 2024-07-17 13:56:59,107 [1] INFO  (null) Initialized Scheduler Signaller of type: Quartz.Core.SchedulerSignalerImpl 
## 2024-07-17 13:56:59,112 [1] INFO  (null) Quartz Scheduler created 
## 2024-07-17 13:56:59,113 [1] INFO  (null) RAMJobStore initialized. 
## 2024-07-17 13:56:59,114 [1] INFO  (null) Quartz Scheduler 3.11.0.0 - 'DefaultQuartzScheduler' with instanceId 'NON_CLUSTERED' initialized 
## 2024-07-17 13:56:59,115 [1] INFO  (null) Using thread pool 'Quartz.Simpl.DefaultThreadPool', size: 10 
## 2024-07-17 13:56:59,116 [1] INFO  (null) Using job store 'Quartz.Simpl.RAMJobStore', supports persistence: False, clustered: False 
## 2024-07-17 13:56:59,117 [1] INFO  (null) JobFactory set to: SingletonJobFactory 
## 2024-07-17 13:56:59,158 [1] INFO  (null) Scheduler DefaultQuartzScheduler_$_NON_CLUSTERED started. 
## 2024-07-17 13:56:59,358 [1] INFO  (null) Now listening on: http://192.168.43.146:5283 
## 2024-07-17 13:56:59,365 [1] INFO  (null) Application started. Press Ctrl+C to shut down. 
## 2024-07-17 13:56:59,367 [1] INFO  (null) Hosting environment: Development 
## 2024-07-17 13:56:59,369 [1] INFO  (null) Content root path: D:\C#_Project\AestheticsLink\WebAPI\ 
## 2024-07-17 13:57:16,381 [30] INFO  (null) Received login request: SER_ID=2253729 
## 2024-07-17 14:11:43,811 [1] INFO  (null) Default Quartz.NET properties loaded from embedded resource file 
## 2024-07-17 14:11:43,880 [1] INFO  (null) Initialized Scheduler Signaller of type: Quartz.Core.SchedulerSignalerImpl 
## 2024-07-17 14:11:43,885 [1] INFO  (null) Quartz Scheduler created 
## 2024-07-17 14:11:43,886 [1] INFO  (null) RAMJobStore initialized. 
## 2024-07-17 14:11:43,887 [1] INFO  (null) Quartz Scheduler 3.11.0.0 - 'DefaultQuartzScheduler' with instanceId 'NON_CLUSTERED' initialized 
## 2024-07-17 14:11:43,888 [1] INFO  (null) Using thread pool 'Quartz.Simpl.DefaultThreadPool', size: 10 
## 2024-07-17 14:11:43,889 [1] INFO  (null) Using job store 'Quartz.Simpl.RAMJobStore', supports persistence: False, clustered: False 
## 2024-07-17 14:11:43,890 [1] INFO  (null) JobFactory set to: SingletonJobFactory 
## 2024-07-17 14:11:43,931 [1] INFO  (null) Scheduler DefaultQuartzScheduler_$_NON_CLUSTERED started. 
## 2024-07-17 14:11:44,136 [1] INFO  (null) Now listening on: http://192.168.43.146:5283 
## 2024-07-17 14:11:44,142 [1] INFO  (null) Application started. Press Ctrl+C to shut down. 
## 2024-07-17 14:11:44,145 [1] INFO  (null) Hosting environment: Development 
## 2024-07-17 14:11:44,147 [1] INFO  (null) Content root path: D:\C#_Project\AestheticsLink\WebAPI\ 
## 2024-07-17 14:11:55,867 [27] INFO  (null) Received login request: SER_ID=2253729 
## 2024-07-17 14:16:18,533 [1] INFO  (null) Default Quartz.NET properties loaded from embedded resource file 
## 2024-07-17 14:16:18,615 [1] INFO  (null) Initialized Scheduler Signaller of type: Quartz.Core.SchedulerSignalerImpl 
## 2024-07-17 14:16:18,621 [1] INFO  (null) Quartz Scheduler created 
## 2024-07-17 14:16:18,622 [1] INFO  (null) RAMJobStore initialized. 
## 2024-07-17 14:16:18,623 [1] INFO  (null) Quartz Scheduler 3.11.0.0 - 'DefaultQuartzScheduler' with instanceId 'NON_CLUSTERED' initialized 
## 2024-07-17 14:16:18,625 [1] INFO  (null) Using thread pool 'Quartz.Simpl.DefaultThreadPool', size: 10 
## 2024-07-17 14:16:18,626 [1] INFO  (null) Using job store 'Quartz.Simpl.RAMJobStore', supports persistence: False, clustered: False 
## 2024-07-17 14:16:18,628 [1] INFO  (null) JobFactory set to: SingletonJobFactory 
## 2024-07-17 14:16:18,682 [1] INFO  (null) Scheduler DefaultQuartzScheduler_$_NON_CLUSTERED started. 
## 2024-07-17 14:16:18,893 [1] INFO  (null) Now listening on: http://192.168.43.146:5283 
## 2024-07-17 14:16:18,899 [1] INFO  (null) Application started. Press Ctrl+C to shut down. 
## 2024-07-17 14:16:18,901 [1] INFO  (null) Hosting environment: Development 
## 2024-07-17 14:16:18,903 [1] INFO  (null) Content root path: D:\C#_Project\AestheticsLink\WebAPI\ 
## 2024-07-17 14:16:33,954 [18] INFO  (null) Received login request: SER_ID=2253729 
## 2024-07-17 14:21:13,007 [1] INFO  (null) Default Quartz.NET properties loaded from embedded resource file 
## 2024-07-17 14:21:13,092 [1] INFO  (null) Initialized Scheduler Signaller of type: Quartz.Core.SchedulerSignalerImpl 
## 2024-07-17 14:21:13,093 [1] INFO  (null) Quartz Scheduler created 
## 2024-07-17 14:21:13,099 [1] INFO  (null) RAMJobStore initialized. 
## 2024-07-17 14:21:13,103 [1] INFO  (null) Quartz Scheduler 3.11.0.0 - 'DefaultQuartzScheduler' with instanceId 'NON_CLUSTERED' initialized 
## 2024-07-17 14:21:13,105 [1] INFO  (null) Using thread pool 'Quartz.Simpl.DefaultThreadPool', size: 10 
## 2024-07-17 14:21:13,107 [1] INFO  (null) Using job store 'Quartz.Simpl.RAMJobStore', supports persistence: False, clustered: False 
## 2024-07-17 14:21:13,109 [1] INFO  (null) JobFactory set to: SingletonJobFactory 
## 2024-07-17 14:21:13,166 [1] INFO  (null) Scheduler DefaultQuartzScheduler_$_NON_CLUSTERED started. 
## 2024-07-17 14:21:13,430 [1] INFO  (null) Now listening on: http://192.168.43.146:5283 
## 2024-07-17 14:21:13,438 [1] INFO  (null) Application started. Press Ctrl+C to shut down. 
## 2024-07-17 14:21:13,441 [1] INFO  (null) Hosting environment: Development 
## 2024-07-17 14:21:13,443 [1] INFO  (null) Content root path: D:\C#_Project\AestheticsLink\WebAPI\ 
## 2024-07-17 14:21:25,669 [14] INFO  (null) Received login request: SER_ID=2253729 
## 2024-07-17 14:23:21,597 [1] INFO  (null) Default Quartz.NET properties loaded from embedded resource file 
## 2024-07-17 14:23:21,681 [1] INFO  (null) Initialized Scheduler Signaller of type: Quartz.Core.SchedulerSignalerImpl 
## 2024-07-17 14:23:21,687 [1] INFO  (null) Quartz Scheduler created 
## 2024-07-17 14:23:21,688 [1] INFO  (null) RAMJobStore initialized. 
## 2024-07-17 14:23:21,690 [1] INFO  (null) Quartz Scheduler 3.11.0.0 - 'DefaultQuartzScheduler' with instanceId 'NON_CLUSTERED' initialized 
## 2024-07-17 14:23:21,690 [1] INFO  (null) Using thread pool 'Quartz.Simpl.DefaultThreadPool', size: 10 
## 2024-07-17 14:23:21,691 [1] INFO  (null) Using job store 'Quartz.Simpl.RAMJobStore', supports persistence: False, clustered: False 
## 2024-07-17 14:23:21,693 [1] INFO  (null) JobFactory set to: SingletonJobFactory 
## 2024-07-17 14:23:21,742 [1] INFO  (null) Scheduler DefaultQuartzScheduler_$_NON_CLUSTERED started. 
## 2024-07-17 14:23:22,014 [1] INFO  (null) Now listening on: http://192.168.43.146:5283 
## 2024-07-17 14:23:22,023 [1] INFO  (null) Application started. Press Ctrl+C to shut down. 
## 2024-07-17 14:23:22,027 [1] INFO  (null) Hosting environment: Development 
## 2024-07-17 14:23:22,029 [1] INFO  (null) Content root path: D:\C#_Project\AestheticsLink\WebAPI\ 
## 2024-07-17 14:23:32,251 [25] INFO  (null) Received login request: SER_ID=2253729 
## 2024-07-17 14:26:28,422 [1] INFO  (null) Default Quartz.NET properties loaded from embedded resource file 
## 2024-07-17 14:26:28,489 [1] INFO  (null) Initialized Scheduler Signaller of type: Quartz.Core.SchedulerSignalerImpl 
## 2024-07-17 14:26:28,494 [1] INFO  (null) Quartz Scheduler created 
## 2024-07-17 14:26:28,495 [1] INFO  (null) RAMJobStore initialized. 
## 2024-07-17 14:26:28,497 [1] INFO  (null) Quartz Scheduler 3.11.0.0 - 'DefaultQuartzScheduler' with instanceId 'NON_CLUSTERED' initialized 
## 2024-07-17 14:26:28,497 [1] INFO  (null) Using thread pool 'Quartz.Simpl.DefaultThreadPool', size: 10 
## 2024-07-17 14:26:28,498 [1] INFO  (null) Using job store 'Quartz.Simpl.RAMJobStore', supports persistence: False, clustered: False 
## 2024-07-17 14:26:28,499 [1] INFO  (null) JobFactory set to: SingletonJobFactory 
## 2024-07-17 14:26:28,536 [1] INFO  (null) Scheduler DefaultQuartzScheduler_$_NON_CLUSTERED started. 
## 2024-07-17 14:26:28,730 [1] INFO  (null) Now listening on: http://192.168.43.146:5283 
## 2024-07-17 14:26:28,739 [1] INFO  (null) Application started. Press Ctrl+C to shut down. 
## 2024-07-17 14:26:28,741 [1] INFO  (null) Hosting environment: Development 
## 2024-07-17 14:26:28,743 [1] INFO  (null) Content root path: D:\C#_Project\AestheticsLink\WebAPI\ 
## 2024-07-17 14:26:38,549 [23] INFO  (null) Received login request: SER_ID=2253729 
## 2024-07-17 14:27:23,571 [1] INFO  (null) Default Quartz.NET properties loaded from embedded resource file 
## 2024-07-17 14:27:23,645 [1] INFO  (null) Initialized Scheduler Signaller of type: Quartz.Core.SchedulerSignalerImpl 
## 2024-07-17 14:27:23,650 [1] INFO  (null) Quartz Scheduler created 
## 2024-07-17 14:27:23,651 [1] INFO  (null) RAMJobStore initialized. 
## 2024-07-17 14:27:23,652 [1] INFO  (null) Quartz Scheduler 3.11.0.0 - 'DefaultQuartzScheduler' with instanceId 'NON_CLUSTERED' initialized 
## 2024-07-17 14:27:23,653 [1] INFO  (null) Using thread pool 'Quartz.Simpl.DefaultThreadPool', size: 10 
## 2024-07-17 14:27:23,654 [1] INFO  (null) Using job store 'Quartz.Simpl.RAMJobStore', supports persistence: False, clustered: False 
## 2024-07-17 14:27:23,656 [1] INFO  (null) JobFactory set to: SingletonJobFactory 
## 2024-07-17 14:27:23,701 [1] INFO  (null) Scheduler DefaultQuartzScheduler_$_NON_CLUSTERED started. 
## 2024-07-17 14:27:23,932 [1] INFO  (null) Now listening on: http://192.168.43.146:5283 
## 2024-07-17 14:27:23,940 [1] INFO  (null) Application started. Press Ctrl+C to shut down. 
## 2024-07-17 14:27:23,943 [1] INFO  (null) Hosting environment: Development 
## 2024-07-17 14:27:23,945 [1] INFO  (null) Content root path: D:\C#_Project\AestheticsLink\WebAPI\ 
## 2024-07-17 14:28:21,452 [1] INFO  (null) Default Quartz.NET properties loaded from embedded resource file 
## 2024-07-17 14:28:21,526 [1] INFO  (null) Initialized Scheduler Signaller of type: Quartz.Core.SchedulerSignalerImpl 
## 2024-07-17 14:28:21,531 [1] INFO  (null) Quartz Scheduler created 
## 2024-07-17 14:28:21,532 [1] INFO  (null) RAMJobStore initialized. 
## 2024-07-17 14:28:21,533 [1] INFO  (null) Quartz Scheduler 3.11.0.0 - 'DefaultQuartzScheduler' with instanceId 'NON_CLUSTERED' initialized 
## 2024-07-17 14:28:21,534 [1] INFO  (null) Using thread pool 'Quartz.Simpl.DefaultThreadPool', size: 10 
## 2024-07-17 14:28:21,535 [1] INFO  (null) Using job store 'Quartz.Simpl.RAMJobStore', supports persistence: False, clustered: False 
## 2024-07-17 14:28:21,536 [1] INFO  (null) JobFactory set to: SingletonJobFactory 
## 2024-07-17 14:28:21,575 [1] INFO  (null) Scheduler DefaultQuartzScheduler_$_NON_CLUSTERED started. 
## 2024-07-17 14:28:21,787 [1] INFO  (null) Now listening on: http://192.168.43.146:5283 
## 2024-07-17 14:28:21,796 [1] INFO  (null) Application started. Press Ctrl+C to shut down. 
## 2024-07-17 14:28:21,799 [1] INFO  (null) Hosting environment: Development 
## 2024-07-17 14:28:21,801 [1] INFO  (null) Content root path: D:\C#_Project\AestheticsLink\WebAPI\ 
## 2024-07-17 14:28:34,487 [3] INFO  (null) Received login request: SER_ID=2253729 
## 2024-07-17 14:35:07,874 [1] INFO  (null) Default Quartz.NET properties loaded from embedded resource file 
## 2024-07-17 14:35:07,958 [1] INFO  (null) Initialized Scheduler Signaller of type: Quartz.Core.SchedulerSignalerImpl 
## 2024-07-17 14:35:07,965 [1] INFO  (null) Quartz Scheduler created 
## 2024-07-17 14:35:07,968 [1] INFO  (null) RAMJobStore initialized. 
## 2024-07-17 14:35:07,970 [1] INFO  (null) Quartz Scheduler 3.11.0.0 - 'DefaultQuartzScheduler' with instanceId 'NON_CLUSTERED' initialized 
## 2024-07-17 14:35:07,971 [1] INFO  (null) Using thread pool 'Quartz.Simpl.DefaultThreadPool', size: 10 
## 2024-07-17 14:35:07,972 [1] INFO  (null) Using job store 'Quartz.Simpl.RAMJobStore', supports persistence: False, clustered: False 
## 2024-07-17 14:35:07,973 [1] INFO  (null) JobFactory set to: SingletonJobFactory 
## 2024-07-17 14:35:08,017 [1] INFO  (null) Scheduler DefaultQuartzScheduler_$_NON_CLUSTERED started. 
## 2024-07-17 14:35:08,296 [1] INFO  (null) Now listening on: http://192.168.43.146:5283 
## 2024-07-17 14:35:08,304 [1] INFO  (null) Application started. Press Ctrl+C to shut down. 
## 2024-07-17 14:35:08,307 [1] INFO  (null) Hosting environment: Development 
## 2024-07-17 14:35:08,310 [1] INFO  (null) Content root path: D:\C#_Project\AestheticsLink\WebAPI\ 
## 2024-07-17 14:40:11,899 [1] INFO  (null) Default Quartz.NET properties loaded from embedded resource file 
## 2024-07-17 14:40:11,981 [1] INFO  (null) Initialized Scheduler Signaller of type: Quartz.Core.SchedulerSignalerImpl 
## 2024-07-17 14:40:11,987 [1] INFO  (null) Quartz Scheduler created 
## 2024-07-17 14:40:11,989 [1] INFO  (null) RAMJobStore initialized. 
## 2024-07-17 14:40:11,991 [1] INFO  (null) Quartz Scheduler 3.11.0.0 - 'DefaultQuartzScheduler' with instanceId 'NON_CLUSTERED' initialized 
## 2024-07-17 14:40:11,992 [1] INFO  (null) Using thread pool 'Quartz.Simpl.DefaultThreadPool', size: 10 
## 2024-07-17 14:40:11,994 [1] INFO  (null) Using job store 'Quartz.Simpl.RAMJobStore', supports persistence: False, clustered: False 
## 2024-07-17 14:40:11,996 [1] INFO  (null) JobFactory set to: SingletonJobFactory 
## 2024-07-17 14:40:12,045 [1] INFO  (null) Scheduler DefaultQuartzScheduler_$_NON_CLUSTERED started. 
## 2024-07-17 14:40:12,304 [1] INFO  (null) Now listening on: http://192.168.43.146:5283 
## 2024-07-17 14:40:12,312 [1] INFO  (null) Application started. Press Ctrl+C to shut down. 
## 2024-07-17 14:40:12,315 [1] INFO  (null) Hosting environment: Development 
## 2024-07-17 14:40:12,317 [1] INFO  (null) Content root path: D:\C#_Project\AestheticsLink\WebAPI\ 
## 2024-07-17 14:45:26,039 [1] INFO  (null) Default Quartz.NET properties loaded from embedded resource file 
## 2024-07-17 14:45:26,121 [1] INFO  (null) Initialized Scheduler Signaller of type: Quartz.Core.SchedulerSignalerImpl 
## 2024-07-17 14:45:26,127 [1] INFO  (null) Quartz Scheduler created 
## 2024-07-17 14:45:26,128 [1] INFO  (null) RAMJobStore initialized. 
## 2024-07-17 14:45:26,130 [1] INFO  (null) Quartz Scheduler 3.11.0.0 - 'DefaultQuartzScheduler' with instanceId 'NON_CLUSTERED' initialized 
## 2024-07-17 14:45:26,131 [1] INFO  (null) Using thread pool 'Quartz.Simpl.DefaultThreadPool', size: 10 
## 2024-07-17 14:45:26,132 [1] INFO  (null) Using job store 'Quartz.Simpl.RAMJobStore', supports persistence: False, clustered: False 
## 2024-07-17 14:45:26,135 [1] INFO  (null) JobFactory set to: SingletonJobFactory 
## 2024-07-17 14:45:26,185 [1] INFO  (null) Scheduler DefaultQuartzScheduler_$_NON_CLUSTERED started. 
## 2024-07-17 14:45:26,412 [1] INFO  (null) Now listening on: http://192.168.43.146:5283 
## 2024-07-17 14:45:26,420 [1] INFO  (null) Application started. Press Ctrl+C to shut down. 
## 2024-07-17 14:45:26,422 [1] INFO  (null) Hosting environment: Development 
## 2024-07-17 14:45:26,424 [1] INFO  (null) Content root path: D:\C#_Project\AestheticsLink\WebAPI\ 
## 2024-07-17 14:48:53,458 [1] INFO  (null) Default Quartz.NET properties loaded from embedded resource file 
## 2024-07-17 14:48:53,599 [1] INFO  (null) Initialized Scheduler Signaller of type: Quartz.Core.SchedulerSignalerImpl 
## 2024-07-17 14:48:53,600 [1] INFO  (null) Quartz Scheduler created 
## 2024-07-17 14:48:53,612 [1] INFO  (null) RAMJobStore initialized. 
## 2024-07-17 14:48:53,614 [1] INFO  (null) Quartz Scheduler 3.11.0.0 - 'DefaultQuartzScheduler' with instanceId 'NON_CLUSTERED' initialized 
## 2024-07-17 14:48:53,616 [1] INFO  (null) Using thread pool 'Quartz.Simpl.DefaultThreadPool', size: 10 
## 2024-07-17 14:48:53,617 [1] INFO  (null) Using job store 'Quartz.Simpl.RAMJobStore', supports persistence: False, clustered: False 
## 2024-07-17 14:48:53,620 [1] INFO  (null) JobFactory set to: SingletonJobFactory 
## 2024-07-17 14:48:53,694 [1] INFO  (null) Scheduler DefaultQuartzScheduler_$_NON_CLUSTERED started. 
## 2024-07-17 14:48:54,108 [1] INFO  (null) Now listening on: http://192.168.43.146:5283 
## 2024-07-17 14:48:54,122 [1] INFO  (null) Application started. Press Ctrl+C to shut down. 
## 2024-07-17 14:48:54,126 [1] INFO  (null) Hosting environment: Development 
## 2024-07-17 14:48:54,131 [1] INFO  (null) Content root path: D:\C#_Project\AestheticsLink\WebAPI\ 
## 2024-07-17 14:49:40,645 [1] INFO  (null) Default Quartz.NET properties loaded from embedded resource file 
## 2024-07-17 14:49:40,788 [1] INFO  (null) Initialized Scheduler Signaller of type: Quartz.Core.SchedulerSignalerImpl 
## 2024-07-17 14:49:40,790 [1] INFO  (null) Quartz Scheduler created 
## 2024-07-17 14:49:40,802 [1] INFO  (null) RAMJobStore initialized. 
## 2024-07-17 14:49:40,804 [1] INFO  (null) Quartz Scheduler 3.11.0.0 - 'DefaultQuartzScheduler' with instanceId 'NON_CLUSTERED' initialized 
## 2024-07-17 14:49:40,805 [1] INFO  (null) Using thread pool 'Quartz.Simpl.DefaultThreadPool', size: 10 
## 2024-07-17 14:49:40,807 [1] INFO  (null) Using job store 'Quartz.Simpl.RAMJobStore', supports persistence: False, clustered: False 
## 2024-07-17 14:49:40,809 [1] INFO  (null) JobFactory set to: SingletonJobFactory 
## 2024-07-17 14:49:40,885 [1] INFO  (null) Scheduler DefaultQuartzScheduler_$_NON_CLUSTERED started. 
## 2024-07-17 14:49:41,196 [1] INFO  (null) Now listening on: http://192.168.43.146:5283 
## 2024-07-17 14:49:41,206 [1] INFO  (null) Application started. Press Ctrl+C to shut down. 
## 2024-07-17 14:49:41,212 [1] INFO  (null) Hosting environment: Development 
## 2024-07-17 14:49:41,217 [1] INFO  (null) Content root path: D:\C#_Project\AestheticsLink\WebAPI\ 
## 2024-07-17 15:02:32,411 [1] INFO  (null) Default Quartz.NET properties loaded from embedded resource file 
## 2024-07-17 15:02:32,629 [1] INFO  (null) Initialized Scheduler Signaller of type: Quartz.Core.SchedulerSignalerImpl 
## 2024-07-17 15:02:32,633 [1] INFO  (null) Quartz Scheduler created 
## 2024-07-17 15:02:32,645 [1] INFO  (null) RAMJobStore initialized. 
## 2024-07-17 15:02:32,649 [1] INFO  (null) Quartz Scheduler 3.11.0.0 - 'DefaultQuartzScheduler' with instanceId 'NON_CLUSTERED' initialized 
## 2024-07-17 15:02:32,651 [1] INFO  (null) Using thread pool 'Quartz.Simpl.DefaultThreadPool', size: 10 
## 2024-07-17 15:02:32,654 [1] INFO  (null) Using job store 'Quartz.Simpl.RAMJobStore', supports persistence: False, clustered: False 
## 2024-07-17 15:02:32,657 [1] INFO  (null) JobFactory set to: SingletonJobFactory 
## 2024-07-17 15:02:32,740 [1] INFO  (null) Scheduler DefaultQuartzScheduler_$_NON_CLUSTERED started. 
## 2024-07-17 15:02:33,184 [1] INFO  (null) Now listening on: http://192.168.43.146:5283 
## 2024-07-17 15:02:33,200 [1] INFO  (null) Application started. Press Ctrl+C to shut down. 
## 2024-07-17 15:02:33,207 [1] INFO  (null) Hosting environment: Development 
## 2024-07-17 15:02:33,211 [1] INFO  (null) Content root path: D:\C#_Project\AestheticsLink\WebAPI\ 
## 2024-07-17 15:04:12,440 [28] INFO  (null) Received register request: UID=123456 
## 2024-07-17 15:07:51,698 [36] INFO  (null) Received register request: UID=12122 
## 2024-07-17 15:08:59,102 [40] INFO  (null) Received register request: UID=123456 
## 2024-07-17 15:12:17,714 [1] INFO  (null) Default Quartz.NET properties loaded from embedded resource file 
## 2024-07-17 15:12:17,843 [1] INFO  (null) Initialized Scheduler Signaller of type: Quartz.Core.SchedulerSignalerImpl 
## 2024-07-17 15:12:17,845 [1] INFO  (null) Quartz Scheduler created 
## 2024-07-17 15:12:17,855 [1] INFO  (null) RAMJobStore initialized. 
## 2024-07-17 15:12:17,858 [1] INFO  (null) Quartz Scheduler 3.11.0.0 - 'DefaultQuartzScheduler' with instanceId 'NON_CLUSTERED' initialized 
## 2024-07-17 15:12:17,860 [1] INFO  (null) Using thread pool 'Quartz.Simpl.DefaultThreadPool', size: 10 
## 2024-07-17 15:12:17,861 [1] INFO  (null) Using job store 'Quartz.Simpl.RAMJobStore', supports persistence: False, clustered: False 
## 2024-07-17 15:12:17,865 [1] INFO  (null) JobFactory set to: SingletonJobFactory 
## 2024-07-17 15:12:17,936 [1] INFO  (null) Scheduler DefaultQuartzScheduler_$_NON_CLUSTERED started. 
## 2024-07-17 15:12:18,255 [1] INFO  (null) Now listening on: http://192.168.43.146:5283 
## 2024-07-17 15:12:18,265 [1] INFO  (null) Application started. Press Ctrl+C to shut down. 
## 2024-07-17 15:12:18,268 [1] INFO  (null) Hosting environment: Development 
## 2024-07-17 15:12:18,271 [1] INFO  (null) Content root path: D:\C#_Project\AestheticsLink\WebAPI\ 
## 2024-07-17 15:12:24,253 [16] INFO  (null) Received register request: UID=123456 
## 2024-07-17 15:18:10,390 [32] INFO  (null) Received register request: UID=1256 
## 2024-07-17 15:20:46,044 [1] INFO  (null) Default Quartz.NET properties loaded from embedded resource file 
## 2024-07-17 15:20:46,252 [1] INFO  (null) Initialized Scheduler Signaller of type: Quartz.Core.SchedulerSignalerImpl 
## 2024-07-17 15:20:46,255 [1] INFO  (null) Quartz Scheduler created 
## 2024-07-17 15:20:46,376 [1] INFO  (null) RAMJobStore initialized. 
## 2024-07-17 15:20:46,385 [1] INFO  (null) Quartz Scheduler 3.11.0.0 - 'DefaultQuartzScheduler' with instanceId 'NON_CLUSTERED' initialized 
## 2024-07-17 15:20:46,387 [1] INFO  (null) Using thread pool 'Quartz.Simpl.DefaultThreadPool', size: 10 
## 2024-07-17 15:20:46,391 [1] INFO  (null) Using job store 'Quartz.Simpl.RAMJobStore', supports persistence: False, clustered: False 
## 2024-07-17 15:20:46,395 [1] INFO  (null) JobFactory set to: SingletonJobFactory 
## 2024-07-17 15:20:46,479 [1] INFO  (null) Scheduler DefaultQuartzScheduler_$_NON_CLUSTERED started. 
## 2024-07-17 15:20:47,081 [1] INFO  (null) Now listening on: http://192.168.43.146:5283 
## 2024-07-17 15:20:47,142 [1] INFO  (null) Application started. Press Ctrl+C to shut down. 
## 2024-07-17 15:20:47,149 [1] INFO  (null) Hosting environment: Development 
## 2024-07-17 15:20:47,154 [1] INFO  (null) Content root path: D:\C#_Project\AestheticsLink\WebAPI\ 
## 2024-07-17 15:20:56,322 [24] INFO  (null) Received register request: UID=1256 
## 2024-07-17 15:21:06,518 [3] INFO  (null) Received register request: UID=1256 
## 2024-07-17 15:21:58,673 [30] INFO  (null) Received register request: UID=1256 
## 2024-07-17 15:22:26,485 [29] INFO  (null) Received register request: UID=16 
## 2024-07-17 15:31:03,982 [1] INFO  (null) Default Quartz.NET properties loaded from embedded resource file 
## 2024-07-17 15:31:04,129 [1] INFO  (null) Initialized Scheduler Signaller of type: Quartz.Core.SchedulerSignalerImpl 
## 2024-07-17 15:31:04,142 [1] INFO  (null) Quartz Scheduler created 
## 2024-07-17 15:31:04,144 [1] INFO  (null) RAMJobStore initialized. 
## 2024-07-17 15:31:04,146 [1] INFO  (null) Quartz Scheduler 3.11.0.0 - 'DefaultQuartzScheduler' with instanceId 'NON_CLUSTERED' initialized 
## 2024-07-17 15:31:04,148 [1] INFO  (null) Using thread pool 'Quartz.Simpl.DefaultThreadPool', size: 10 
## 2024-07-17 15:31:04,150 [1] INFO  (null) Using job store 'Quartz.Simpl.RAMJobStore', supports persistence: False, clustered: False 
## 2024-07-17 15:31:04,152 [1] INFO  (null) JobFactory set to: SingletonJobFactory 
## 2024-07-17 15:31:04,243 [1] INFO  (null) Scheduler DefaultQuartzScheduler_$_NON_CLUSTERED started. 
## 2024-07-17 15:31:04,975 [1] INFO  (null) Now listening on: http://192.168.43.146:5283 
## 2024-07-17 15:31:05,013 [1] INFO  (null) Application started. Press Ctrl+C to shut down. 
## 2024-07-17 15:31:05,031 [1] INFO  (null) Hosting environment: Development 
## 2024-07-17 15:31:05,036 [1] INFO  (null) Content root path: D:\C#_Project\AestheticsLink\WebAPI\ 
## 2024-07-17 15:31:19,675 [27] INFO  (null) Received register request: UID=16 
## 2024-07-17 15:34:00,814 [31] INFO  (null) Received register request: UID=16 
## 2024-07-17 15:34:40,969 [1] INFO  (null) Default Quartz.NET properties loaded from embedded resource file 
## 2024-07-17 15:34:41,101 [1] INFO  (null) Initialized Scheduler Signaller of type: Quartz.Core.SchedulerSignalerImpl 
## 2024-07-17 15:34:41,103 [1] INFO  (null) Quartz Scheduler created 
## 2024-07-17 15:34:41,112 [1] INFO  (null) RAMJobStore initialized. 
## 2024-07-17 15:34:41,115 [1] INFO  (null) Quartz Scheduler 3.11.0.0 - 'DefaultQuartzScheduler' with instanceId 'NON_CLUSTERED' initialized 
## 2024-07-17 15:34:41,117 [1] INFO  (null) Using thread pool 'Quartz.Simpl.DefaultThreadPool', size: 10 
## 2024-07-17 15:34:41,118 [1] INFO  (null) Using job store 'Quartz.Simpl.RAMJobStore', supports persistence: False, clustered: False 
## 2024-07-17 15:34:41,122 [1] INFO  (null) JobFactory set to: SingletonJobFactory 
## 2024-07-17 15:34:41,190 [1] INFO  (null) Scheduler DefaultQuartzScheduler_$_NON_CLUSTERED started. 
## 2024-07-17 15:34:41,585 [1] INFO  (null) Now listening on: http://192.168.43.146:5283 
## 2024-07-17 15:34:41,605 [1] INFO  (null) Application started. Press Ctrl+C to shut down. 
## 2024-07-17 15:34:41,611 [1] INFO  (null) Hosting environment: Development 
## 2024-07-17 15:34:41,615 [1] INFO  (null) Content root path: D:\C#_Project\AestheticsLink\WebAPI\ 
## 2024-07-17 15:35:16,252 [27] INFO  (null) Received register request: UID=16 
## 2024-07-17 15:49:47,839 [1] INFO  (null) Default Quartz.NET properties loaded from embedded resource file 
## 2024-07-17 15:49:48,044 [1] INFO  (null) Initialized Scheduler Signaller of type: Quartz.Core.SchedulerSignalerImpl 
## 2024-07-17 15:49:48,052 [1] INFO  (null) Quartz Scheduler created 
## 2024-07-17 15:49:48,055 [1] INFO  (null) RAMJobStore initialized. 
## 2024-07-17 15:49:48,057 [1] INFO  (null) Quartz Scheduler 3.11.0.0 - 'DefaultQuartzScheduler' with instanceId 'NON_CLUSTERED' initialized 
## 2024-07-17 15:49:48,058 [1] INFO  (null) Using thread pool 'Quartz.Simpl.DefaultThreadPool', size: 10 
## 2024-07-17 15:49:48,060 [1] INFO  (null) Using job store 'Quartz.Simpl.RAMJobStore', supports persistence: False, clustered: False 
## 2024-07-17 15:49:48,063 [1] INFO  (null) JobFactory set to: SingletonJobFactory 
## 2024-07-17 15:49:48,140 [1] INFO  (null) Scheduler DefaultQuartzScheduler_$_NON_CLUSTERED started. 
## 2024-07-17 15:49:48,556 [1] INFO  (null) Now listening on: http://192.168.43.146:5283 
## 2024-07-17 15:49:48,571 [1] INFO  (null) Application started. Press Ctrl+C to shut down. 
## 2024-07-17 15:49:48,575 [1] INFO  (null) Hosting environment: Development 
## 2024-07-17 15:49:48,578 [1] INFO  (null) Content root path: D:\C#_Project\AestheticsLink\WebAPI\ 
## 2024-07-17 15:50:31,528 [28] INFO  (null) Received register request: UID=16 
## 2024-07-17 15:50:51,584 [33] INFO  (null) Received register request: UID=789 
## 2024-07-17 15:51:29,296 [39] INFO  (null) Received login request: UID=1234567890 
## 2024-07-17 15:52:26,904 [43] INFO  (null) Received login request: SER_ID=2253729 
## 2024-07-17 15:57:14,003 [1] INFO  (null) Default Quartz.NET properties loaded from embedded resource file 
## 2024-07-17 15:57:14,132 [1] INFO  (null) Initialized Scheduler Signaller of type: Quartz.Core.SchedulerSignalerImpl 
## 2024-07-17 15:57:14,136 [1] INFO  (null) Quartz Scheduler created 
## 2024-07-17 15:57:14,144 [1] INFO  (null) RAMJobStore initialized. 
## 2024-07-17 15:57:14,147 [1] INFO  (null) Quartz Scheduler 3.11.0.0 - 'DefaultQuartzScheduler' with instanceId 'NON_CLUSTERED' initialized 
## 2024-07-17 15:57:14,149 [1] INFO  (null) Using thread pool 'Quartz.Simpl.DefaultThreadPool', size: 10 
## 2024-07-17 15:57:14,151 [1] INFO  (null) Using job store 'Quartz.Simpl.RAMJobStore', supports persistence: False, clustered: False 
## 2024-07-17 15:57:14,153 [1] INFO  (null) JobFactory set to: SingletonJobFactory 
## 2024-07-17 15:57:14,229 [1] INFO  (null) Scheduler DefaultQuartzScheduler_$_NON_CLUSTERED started. 
## 2024-07-17 15:57:14,615 [1] INFO  (null) Now listening on: http://192.168.43.146:5283 
## 2024-07-17 15:57:14,627 [1] INFO  (null) Application started. Press Ctrl+C to shut down. 
## 2024-07-17 15:57:14,631 [1] INFO  (null) Hosting environment: Development 
## 2024-07-17 15:57:14,635 [1] INFO  (null) Content root path: D:\C#_Project\AestheticsLink\WebAPI\ 
## 2024-07-17 15:57:28,467 [20] INFO  (null) Received login request: SER_ID=2253729 
## 2024-07-17 15:57:52,319 [1] INFO  (null) Default Quartz.NET properties loaded from embedded resource file 
## 2024-07-17 15:57:52,468 [1] INFO  (null) Initialized Scheduler Signaller of type: Quartz.Core.SchedulerSignalerImpl 
## 2024-07-17 15:57:52,470 [1] INFO  (null) Quartz Scheduler created 
## 2024-07-17 15:57:52,482 [1] INFO  (null) RAMJobStore initialized. 
## 2024-07-17 15:57:52,485 [1] INFO  (null) Quartz Scheduler 3.11.0.0 - 'DefaultQuartzScheduler' with instanceId 'NON_CLUSTERED' initialized 
## 2024-07-17 15:57:52,487 [1] INFO  (null) Using thread pool 'Quartz.Simpl.DefaultThreadPool', size: 10 
## 2024-07-17 15:57:52,490 [1] INFO  (null) Using job store 'Quartz.Simpl.RAMJobStore', supports persistence: False, clustered: False 
## 2024-07-17 15:57:52,494 [1] INFO  (null) JobFactory set to: SingletonJobFactory 
## 2024-07-17 15:57:52,563 [1] INFO  (null) Scheduler DefaultQuartzScheduler_$_NON_CLUSTERED started. 
## 2024-07-17 15:57:52,931 [1] INFO  (null) Now listening on: http://192.168.43.146:5283 
## 2024-07-17 15:57:52,944 [1] INFO  (null) Application started. Press Ctrl+C to shut down. 
## 2024-07-17 15:57:52,949 [1] INFO  (null) Hosting environment: Development 
## 2024-07-17 15:57:52,952 [1] INFO  (null) Content root path: D:\C#_Project\AestheticsLink\WebAPI\ 
## 2024-07-17 15:58:06,152 [31] INFO  (null) Received login request: SER_ID=2253729 
## 2024-07-17 15:59:38,439 [1] INFO  (null) Default Quartz.NET properties loaded from embedded resource file 
## 2024-07-17 15:59:38,585 [1] INFO  (null) Initialized Scheduler Signaller of type: Quartz.Core.SchedulerSignalerImpl 
## 2024-07-17 15:59:38,594 [1] INFO  (null) Quartz Scheduler created 
## 2024-07-17 15:59:38,597 [1] INFO  (null) RAMJobStore initialized. 
## 2024-07-17 15:59:38,599 [1] INFO  (null) Quartz Scheduler 3.11.0.0 - 'DefaultQuartzScheduler' with instanceId 'NON_CLUSTERED' initialized 
## 2024-07-17 15:59:38,601 [1] INFO  (null) Using thread pool 'Quartz.Simpl.DefaultThreadPool', size: 10 
## 2024-07-17 15:59:38,604 [1] INFO  (null) Using job store 'Quartz.Simpl.RAMJobStore', supports persistence: False, clustered: False 
## 2024-07-17 15:59:38,607 [1] INFO  (null) JobFactory set to: SingletonJobFactory 
## 2024-07-17 15:59:38,691 [1] INFO  (null) Scheduler DefaultQuartzScheduler_$_NON_CLUSTERED started. 
## 2024-07-17 15:59:39,197 [1] INFO  (null) Now listening on: http://192.168.43.146:5283 
## 2024-07-17 15:59:39,220 [1] INFO  (null) Application started. Press Ctrl+C to shut down. 
## 2024-07-17 15:59:39,233 [1] INFO  (null) Hosting environment: Development 
## 2024-07-17 15:59:39,243 [1] INFO  (null) Content root path: D:\C#_Project\AestheticsLink\WebAPI\ 
## 2024-07-17 15:59:52,384 [24] INFO  (null) Received login request: SER_ID=2253729 
## 2024-07-17 16:01:00,370 [1] INFO  (null) Default Quartz.NET properties loaded from embedded resource file 
## 2024-07-17 16:01:00,513 [1] INFO  (null) Initialized Scheduler Signaller of type: Quartz.Core.SchedulerSignalerImpl 
## 2024-07-17 16:01:00,514 [1] INFO  (null) Quartz Scheduler created 
## 2024-07-17 16:01:00,522 [1] INFO  (null) RAMJobStore initialized. 
## 2024-07-17 16:01:00,525 [1] INFO  (null) Quartz Scheduler 3.11.0.0 - 'DefaultQuartzScheduler' with instanceId 'NON_CLUSTERED' initialized 
## 2024-07-17 16:01:00,527 [1] INFO  (null) Using thread pool 'Quartz.Simpl.DefaultThreadPool', size: 10 
## 2024-07-17 16:01:00,528 [1] INFO  (null) Using job store 'Quartz.Simpl.RAMJobStore', supports persistence: False, clustered: False 
## 2024-07-17 16:01:00,530 [1] INFO  (null) JobFactory set to: SingletonJobFactory 
## 2024-07-17 16:01:00,600 [1] INFO  (null) Scheduler DefaultQuartzScheduler_$_NON_CLUSTERED started. 
## 2024-07-17 16:01:00,914 [1] INFO  (null) Now listening on: http://192.168.43.146:5283 
## 2024-07-17 16:01:00,925 [1] INFO  (null) Application started. Press Ctrl+C to shut down. 
## 2024-07-17 16:01:00,928 [1] INFO  (null) Hosting environment: Development 
## 2024-07-17 16:01:00,930 [1] INFO  (null) Content root path: D:\C#_Project\AestheticsLink\WebAPI\ 
## 2024-07-17 16:01:15,762 [28] INFO  (null) Received login request: SER_ID=2253729 
## 2024-07-17 16:01:54,449 [31] INFO  (null) Received login request: SER_ID=2253729 
## 2024-07-17 16:20:20,705 [1] INFO  (null) Default Quartz.NET properties loaded from embedded resource file 
## 2024-07-17 16:20:20,837 [1] INFO  (null) Initialized Scheduler Signaller of type: Quartz.Core.SchedulerSignalerImpl 
## 2024-07-17 16:20:20,844 [1] INFO  (null) Quartz Scheduler created 
## 2024-07-17 16:20:20,852 [1] INFO  (null) RAMJobStore initialized. 
## 2024-07-17 16:20:20,855 [1] INFO  (null) Quartz Scheduler 3.11.0.0 - 'DefaultQuartzScheduler' with instanceId 'NON_CLUSTERED' initialized 
## 2024-07-17 16:20:20,856 [1] INFO  (null) Using thread pool 'Quartz.Simpl.DefaultThreadPool', size: 10 
## 2024-07-17 16:20:20,859 [1] INFO  (null) Using job store 'Quartz.Simpl.RAMJobStore', supports persistence: False, clustered: False 
## 2024-07-17 16:20:20,861 [1] INFO  (null) JobFactory set to: SingletonJobFactory 
## 2024-07-17 16:20:20,935 [1] INFO  (null) Scheduler DefaultQuartzScheduler_$_NON_CLUSTERED started. 
## 2024-07-17 16:21:13,898 [1] INFO  (null) Default Quartz.NET properties loaded from embedded resource file 
## 2024-07-17 16:21:14,050 [1] INFO  (null) Initialized Scheduler Signaller of type: Quartz.Core.SchedulerSignalerImpl 
## 2024-07-17 16:21:14,065 [1] INFO  (null) Quartz Scheduler created 
## 2024-07-17 16:21:14,070 [1] INFO  (null) RAMJobStore initialized. 
## 2024-07-17 16:21:14,073 [1] INFO  (null) Quartz Scheduler 3.11.0.0 - 'DefaultQuartzScheduler' with instanceId 'NON_CLUSTERED' initialized 
## 2024-07-17 16:21:14,076 [1] INFO  (null) Using thread pool 'Quartz.Simpl.DefaultThreadPool', size: 10 
## 2024-07-17 16:21:14,078 [1] INFO  (null) Using job store 'Quartz.Simpl.RAMJobStore', supports persistence: False, clustered: False 
## 2024-07-17 16:21:14,082 [1] INFO  (null) JobFactory set to: SingletonJobFactory 
## 2024-07-17 16:21:14,187 [1] INFO  (null) Scheduler DefaultQuartzScheduler_$_NON_CLUSTERED started. 
## 2024-07-17 16:21:14,622 [1] INFO  (null) Now listening on: http://100.80.78.64:5283 
## 2024-07-17 16:21:14,648 [1] INFO  (null) Application started. Press Ctrl+C to shut down. 
## 2024-07-17 16:21:14,657 [1] INFO  (null) Hosting environment: Development 
## 2024-07-17 16:21:14,666 [1] INFO  (null) Content root path: D:\C#_Project\AestheticsLink\WebAPI\ 
## 2024-07-17 16:21:58,139 [24] INFO  (null) Received register request: UID=16 
## 2024-07-17 16:22:33,971 [28] INFO  (null) Received register request: UID=16 
## 2024-07-17 16:22:46,408 [30] INFO  (null) Received register request: UID=111 
## 2024-07-17 16:22:59,567 [31] INFO  (null) Received login request: UID=111 
## 2024-07-17 16:23:20,780 [30] INFO  (null) Received login request: SER_ID=2253729 
## 2024-07-17 17:01:58,243 [1] INFO  (null) Default Quartz.NET properties loaded from embedded resource file 
## 2024-07-17 17:01:58,391 [1] INFO  (null) Initialized Scheduler Signaller of type: Quartz.Core.SchedulerSignalerImpl 
## 2024-07-17 17:01:58,403 [1] INFO  (null) Quartz Scheduler created 
## 2024-07-17 17:01:58,406 [1] INFO  (null) RAMJobStore initialized. 
## 2024-07-17 17:01:58,408 [1] INFO  (null) Quartz Scheduler 3.11.0.0 - 'DefaultQuartzScheduler' with instanceId 'NON_CLUSTERED' initialized 
## 2024-07-17 17:01:58,410 [1] INFO  (null) Using thread pool 'Quartz.Simpl.DefaultThreadPool', size: 10 
## 2024-07-17 17:01:58,412 [1] INFO  (null) Using job store 'Quartz.Simpl.RAMJobStore', supports persistence: False, clustered: False 
## 2024-07-17 17:01:58,415 [1] INFO  (null) JobFactory set to: SingletonJobFactory 
## 2024-07-17 17:01:58,492 [1] INFO  (null) Scheduler DefaultQuartzScheduler_$_NON_CLUSTERED started. 
## 2024-07-17 17:01:58,848 [1] INFO  (null) Now listening on: http://100.80.78.64:5283 
## 2024-07-17 17:01:58,861 [1] INFO  (null) Application started. Press Ctrl+C to shut down. 
## 2024-07-17 17:01:58,865 [1] INFO  (null) Hosting environment: Development 
## 2024-07-17 17:01:58,871 [1] INFO  (null) Content root path: D:\git\AestheticsLink-----\AestheticsLink\WebAPI\ 
## 2024-07-17 17:02:36,094 [25] INFO  (null) Received login request: SER_ID=2253729 
## 2024-07-17 17:05:24,364 [1] INFO  (null) Default Quartz.NET properties loaded from embedded resource file 
## 2024-07-17 17:05:24,444 [1] INFO  (null) Initialized Scheduler Signaller of type: Quartz.Core.SchedulerSignalerImpl 
## 2024-07-17 17:05:24,445 [1] INFO  (null) Quartz Scheduler created 
## 2024-07-17 17:05:24,450 [1] INFO  (null) RAMJobStore initialized. 
## 2024-07-17 17:05:24,451 [1] INFO  (null) Quartz Scheduler 3.11.0.0 - 'DefaultQuartzScheduler' with instanceId 'NON_CLUSTERED' initialized 
## 2024-07-17 17:05:24,451 [1] INFO  (null) Using thread pool 'Quartz.Simpl.DefaultThreadPool', size: 10 
## 2024-07-17 17:05:24,452 [1] INFO  (null) Using job store 'Quartz.Simpl.RAMJobStore', supports persistence: False, clustered: False 
## 2024-07-17 17:05:24,454 [1] INFO  (null) JobFactory set to: SingletonJobFactory 
## 2024-07-17 17:05:24,495 [1] INFO  (null) Scheduler DefaultQuartzScheduler_$_NON_CLUSTERED started. 
## 2024-07-17 17:05:24,705 [1] INFO  (null) Now listening on: http://localhost:5283 
## 2024-07-17 17:05:24,712 [1] INFO  (null) Application started. Press Ctrl+C to shut down. 
## 2024-07-17 17:05:24,714 [1] INFO  (null) Hosting environment: Development 
## 2024-07-17 17:05:24,716 [1] INFO  (null) Content root path: D:\C#_Project\AestheticsLink\WebAPI\ 
## 2024-07-17 19:53:57,195 [1] INFO  (null) Default Quartz.NET properties loaded from embedded resource file 
## 2024-07-17 19:53:57,269 [1] INFO  (null) Initialized Scheduler Signaller of type: Quartz.Core.SchedulerSignalerImpl 
## 2024-07-17 19:53:57,270 [1] INFO  (null) Quartz Scheduler created 
## 2024-07-17 19:53:57,276 [1] INFO  (null) RAMJobStore initialized. 
## 2024-07-17 19:53:57,277 [1] INFO  (null) Quartz Scheduler 3.11.0.0 - 'DefaultQuartzScheduler' with instanceId 'NON_CLUSTERED' initialized 
## 2024-07-17 19:53:57,278 [1] INFO  (null) Using thread pool 'Quartz.Simpl.DefaultThreadPool', size: 10 
## 2024-07-17 19:53:57,279 [1] INFO  (null) Using job store 'Quartz.Simpl.RAMJobStore', supports persistence: False, clustered: False 
## 2024-07-17 19:53:57,280 [1] INFO  (null) JobFactory set to: SingletonJobFactory 
## 2024-07-17 19:53:57,319 [1] INFO  (null) Scheduler DefaultQuartzScheduler_$_NON_CLUSTERED started. 
## 2024-07-17 19:53:57,545 [1] INFO  (null) Now listening on: http://localhost:5283 
## 2024-07-17 19:53:57,552 [1] INFO  (null) Application started. Press Ctrl+C to shut down. 
## 2024-07-17 19:53:57,555 [1] INFO  (null) Hosting environment: Development 
## 2024-07-17 19:53:57,557 [1] INFO  (null) Content root path: D:\C#_Project\AestheticsLink\WebAPI\ 
## 2024-07-17 19:59:08,489 [1] INFO  (null) Default Quartz.NET properties loaded from embedded resource file 
## 2024-07-17 19:59:08,588 [1] INFO  (null) Initialized Scheduler Signaller of type: Quartz.Core.SchedulerSignalerImpl 
## 2024-07-17 19:59:08,595 [1] INFO  (null) Quartz Scheduler created 
## 2024-07-17 19:59:08,597 [1] INFO  (null) RAMJobStore initialized. 
## 2024-07-17 19:59:08,598 [1] INFO  (null) Quartz Scheduler 3.11.0.0 - 'DefaultQuartzScheduler' with instanceId 'NON_CLUSTERED' initialized 
## 2024-07-17 19:59:08,599 [1] INFO  (null) Using thread pool 'Quartz.Simpl.DefaultThreadPool', size: 10 
## 2024-07-17 19:59:08,600 [1] INFO  (null) Using job store 'Quartz.Simpl.RAMJobStore', supports persistence: False, clustered: False 
## 2024-07-17 19:59:08,602 [1] INFO  (null) JobFactory set to: SingletonJobFactory 
## 2024-07-17 19:59:08,646 [1] INFO  (null) Scheduler DefaultQuartzScheduler_$_NON_CLUSTERED started. 
## 2024-07-17 19:59:08,864 [1] INFO  (null) Now listening on: http://localhost:5283 
## 2024-07-17 19:59:08,871 [1] INFO  (null) Application started. Press Ctrl+C to shut down. 
## 2024-07-17 19:59:08,874 [1] INFO  (null) Hosting environment: Development 
## 2024-07-17 19:59:08,876 [1] INFO  (null) Content root path: D:\C#_Project\AestheticsLink\WebAPI\ 
## 2024-07-17 20:03:13,288 [1] INFO  (null) Default Quartz.NET properties loaded from embedded resource file 
## 2024-07-17 20:03:13,362 [1] INFO  (null) Initialized Scheduler Signaller of type: Quartz.Core.SchedulerSignalerImpl 
## 2024-07-17 20:03:13,367 [1] INFO  (null) Quartz Scheduler created 
## 2024-07-17 20:03:13,368 [1] INFO  (null) RAMJobStore initialized. 
## 2024-07-17 20:03:13,369 [1] INFO  (null) Quartz Scheduler 3.11.0.0 - 'DefaultQuartzScheduler' with instanceId 'NON_CLUSTERED' initialized 
## 2024-07-17 20:03:13,370 [1] INFO  (null) Using thread pool 'Quartz.Simpl.DefaultThreadPool', size: 10 
## 2024-07-17 20:03:13,370 [1] INFO  (null) Using job store 'Quartz.Simpl.RAMJobStore', supports persistence: False, clustered: False 
## 2024-07-17 20:03:13,372 [1] INFO  (null) JobFactory set to: SingletonJobFactory 
## 2024-07-17 20:03:13,413 [1] INFO  (null) Scheduler DefaultQuartzScheduler_$_NON_CLUSTERED started. 
## 2024-07-17 20:03:13,616 [1] INFO  (null) Now listening on: http://localhost:5283 
## 2024-07-17 20:03:13,622 [1] INFO  (null) Application started. Press Ctrl+C to shut down. 
## 2024-07-17 20:03:13,625 [1] INFO  (null) Hosting environment: Development 
## 2024-07-17 20:03:13,626 [1] INFO  (null) Content root path: D:\C#_Project\AestheticsLink\WebAPI\ 
