## 2024-08-14 16:51:57,689 [1] INFO  (null) Default Quartz.NET properties loaded from embedded resource file 
## 2024-08-14 16:51:57,777 [1] INFO  (null) Initialized Scheduler Signaller of type: Quartz.Core.SchedulerSignalerImpl 
## 2024-08-14 16:51:57,778 [1] INFO  (null) Quartz Scheduler created 
## 2024-08-14 16:51:57,779 [1] INFO  (null) RAMJobStore initialized. 
## 2024-08-14 16:51:57,787 [1] INFO  (null) Quartz Scheduler 3.11.0.0 - 'DefaultQuartzScheduler' with instanceId 'NON_CLUSTERED' initialized 
## 2024-08-14 16:51:57,789 [1] INFO  (null) Using thread pool 'Quartz.Simpl.DefaultThreadPool', size: 10 
## 2024-08-14 16:51:57,790 [1] INFO  (null) Using job store 'Quartz.Simpl.RAMJobStore', supports persistence: False, clustered: False 
## 2024-08-14 16:51:57,791 [1] INFO  (null) JobFactory set to: QuartzJobLibrary.SingletonJobFactory 
## 2024-08-14 16:51:57,843 [1] INFO  (null) Scheduler DefaultQuartzScheduler_$_NON_CLUSTERED started. 
## 2024-08-14 16:51:58,157 [1] INFO  (null) Now listening on: http://localhost:5283 
## 2024-08-14 16:51:58,166 [1] INFO  (null) Application started. Press Ctrl+C to shut down. 
## 2024-08-14 16:51:58,170 [1] INFO  (null) Hosting environment: Development 
## 2024-08-14 16:51:58,172 [1] INFO  (null) Content root path: G:\前端\AestheticsLink\AestheticsLink\WebAPI\ 
## 2024-08-14 19:48:42,387 [1] INFO  (null) Default Quartz.NET properties loaded from embedded resource file 
## 2024-08-14 19:48:42,475 [1] INFO  (null) Initialized Scheduler Signaller of type: Quartz.Core.SchedulerSignalerImpl 
## 2024-08-14 19:48:42,476 [1] INFO  (null) Quartz Scheduler created 
## 2024-08-14 19:48:42,477 [1] INFO  (null) RAMJobStore initialized. 
## 2024-08-14 19:48:42,478 [1] INFO  (null) Quartz Scheduler 3.11.0.0 - 'DefaultQuartzScheduler' with instanceId 'NON_CLUSTERED' initialized 
## 2024-08-14 19:48:42,479 [1] INFO  (null) Using thread pool 'Quartz.Simpl.DefaultThreadPool', size: 10 
## 2024-08-14 19:48:42,486 [1] INFO  (null) Using job store 'Quartz.Simpl.RAMJobStore', supports persistence: False, clustered: False 
## 2024-08-14 19:48:42,488 [1] INFO  (null) JobFactory set to: QuartzJobLibrary.SingletonJobFactory 
## 2024-08-14 19:48:42,539 [1] INFO  (null) Scheduler DefaultQuartzScheduler_$_NON_CLUSTERED started. 
## 2024-08-14 19:48:42,771 [1] INFO  (null) Now listening on: http://localhost:5283 
## 2024-08-14 19:48:42,787 [1] INFO  (null) Application started. Press Ctrl+C to shut down. 
## 2024-08-14 19:48:42,790 [1] INFO  (null) Hosting environment: Development 
## 2024-08-14 19:48:42,794 [1] INFO  (null) Content root path: G:\前端\AestheticsLink\AestheticsLink\WebAPI\ 
## 2024-08-14 19:52:14,021 [1] INFO  (null) Default Quartz.NET properties loaded from embedded resource file 
## 2024-08-14 19:52:14,094 [1] INFO  (null) Initialized Scheduler Signaller of type: Quartz.Core.SchedulerSignalerImpl 
## 2024-08-14 19:52:14,095 [1] INFO  (null) Quartz Scheduler created 
## 2024-08-14 19:52:14,100 [1] INFO  (null) RAMJobStore initialized. 
## 2024-08-14 19:52:14,101 [1] INFO  (null) Quartz Scheduler 3.11.0.0 - 'DefaultQuartzScheduler' with instanceId 'NON_CLUSTERED' initialized 
## 2024-08-14 19:52:14,101 [1] INFO  (null) Using thread pool 'Quartz.Simpl.DefaultThreadPool', size: 10 
## 2024-08-14 19:52:14,102 [1] INFO  (null) Using job store 'Quartz.Simpl.RAMJobStore', supports persistence: False, clustered: False 
## 2024-08-14 19:52:14,105 [1] INFO  (null) JobFactory set to: QuartzJobLibrary.SingletonJobFactory 
## 2024-08-14 19:52:14,162 [1] INFO  (null) Scheduler DefaultQuartzScheduler_$_NON_CLUSTERED started. 
## 2024-08-14 19:52:14,362 [1] INFO  (null) Now listening on: http://localhost:5283 
## 2024-08-14 19:52:14,370 [1] INFO  (null) Application started. Press Ctrl+C to shut down. 
## 2024-08-14 19:52:14,373 [1] INFO  (null) Hosting environment: Development 
## 2024-08-14 19:52:14,375 [1] INFO  (null) Content root path: G:\前端\AestheticsLink\AestheticsLink\WebAPI\ 
## 2024-08-14 20:13:15,402 [1] INFO  (null) Default Quartz.NET properties loaded from embedded resource file 
## 2024-08-14 20:13:15,478 [1] INFO  (null) Initialized Scheduler Signaller of type: Quartz.Core.SchedulerSignalerImpl 
## 2024-08-14 20:13:15,479 [1] INFO  (null) Quartz Scheduler created 
## 2024-08-14 20:13:15,483 [1] INFO  (null) RAMJobStore initialized. 
## 2024-08-14 20:13:15,484 [1] INFO  (null) Quartz Scheduler 3.11.0.0 - 'DefaultQuartzScheduler' with instanceId 'NON_CLUSTERED' initialized 
## 2024-08-14 20:13:15,485 [1] INFO  (null) Using thread pool 'Quartz.Simpl.DefaultThreadPool', size: 10 
## 2024-08-14 20:13:15,486 [1] INFO  (null) Using job store 'Quartz.Simpl.RAMJobStore', supports persistence: False, clustered: False 
## 2024-08-14 20:13:15,487 [1] INFO  (null) JobFactory set to: QuartzJobLibrary.SingletonJobFactory 
## 2024-08-14 20:13:15,531 [1] INFO  (null) Scheduler DefaultQuartzScheduler_$_NON_CLUSTERED started. 
## 2024-08-14 20:13:15,702 [1] INFO  (null) Now listening on: http://localhost:5283 
## 2024-08-14 20:13:15,710 [1] INFO  (null) Application started. Press Ctrl+C to shut down. 
## 2024-08-14 20:13:15,712 [1] INFO  (null) Hosting environment: Development 
## 2024-08-14 20:13:15,714 [1] INFO  (null) Content root path: G:\前端\AestheticsLink\AestheticsLink\WebAPI\ 
