2024-08-22 22:47:33,504 [20] WARN  [Microsoft.AspNetCore.HttpsPolicy.HttpsRedirectionMiddleware] (null) - Failed to determine the https port for redirect.
2024-08-22 22:47:33,893 [20] ERROR [Microsoft.AspNetCore.Diagnostics.DeveloperExceptionPageMiddleware] (null) - An unhandled exception has occurred while executing the request.
System.InvalidOperationException: A suitable constructor for type 'WebAPI.Controllers.RebookOperateController' could not be located. Ensure the type is concrete and all parameters of a public constructor are either registered as services or passed as arguments. Also ensure no extraneous arguments are provided.
   at Microsoft.Extensions.DependencyInjection.ActivatorUtilities.FindApplicableConstructor(Type instanceType, Type[] argumentTypes, ConstructorInfo& matchingConstructor, Nullable`1[]& matchingParameterMap)
   at Microsoft.Extensions.DependencyInjection.ActivatorUtilities.CreateFactoryInternal(Type instanceType, Type[] argumentTypes, ParameterExpression& provider, ParameterExpression& argumentArray, Expression& factoryExpressionBody)
   at Microsoft.Extensions.DependencyInjection.ActivatorUtilities.CreateFactory(Type instanceType, Type[] argumentTypes)
   at Microsoft.AspNetCore.Mvc.Controllers.ControllerActivatorProvider.CreateActivator(ControllerActionDescriptor descriptor)
   at Microsoft.AspNetCore.Mvc.Controllers.ControllerFactoryProvider.CreateControllerFactory(ControllerActionDescriptor descriptor)
   at Microsoft.AspNetCore.Mvc.Infrastructure.ControllerActionInvokerCache.GetCachedResult(ControllerContext controllerContext)
   at Microsoft.AspNetCore.Mvc.Routing.ControllerRequestDelegateFactory.<>c__DisplayClass12_0.<CreateRequestDelegate>b__0(HttpContext context)
   at Microsoft.AspNetCore.Routing.EndpointMiddleware.Invoke(HttpContext httpContext)
--- End of stack trace from previous location ---
   at Microsoft.AspNetCore.Authorization.AuthorizationMiddleware.Invoke(HttpContext context)
   at Microsoft.AspNetCore.Authentication.AuthenticationMiddleware.Invoke(HttpContext context)
   at Swashbuckle.AspNetCore.SwaggerUI.SwaggerUIMiddleware.Invoke(HttpContext httpContext)
   at Swashbuckle.AspNetCore.Swagger.SwaggerMiddleware.Invoke(HttpContext httpContext, ISwaggerProvider swaggerProvider)
   at Microsoft.AspNetCore.Diagnostics.DeveloperExceptionPageMiddleware.Invoke(HttpContext context)
2024-08-22 22:49:05,102 [11] WARN  [Microsoft.AspNetCore.HttpsPolicy.HttpsRedirectionMiddleware] (null) - Failed to determine the https port for redirect.
2024-08-22 22:49:05,308 [11] ERROR [Microsoft.AspNetCore.Diagnostics.DeveloperExceptionPageMiddleware] (null) - An unhandled exception has occurred while executing the request.
System.InvalidOperationException: Unable to resolve service for type 'RebookOperateService.RebookService' while attempting to activate 'WebAPI.Controllers.RebookOperateController'.
   at Microsoft.Extensions.DependencyInjection.ActivatorUtilities.ThrowHelperUnableToResolveService(Type type, Type requiredBy)
   at lambda_method9(Closure , IServiceProvider , Object[] )
   at Microsoft.AspNetCore.Mvc.Controllers.ControllerActivatorProvider.<>c__DisplayClass7_0.<CreateActivator>b__0(ControllerContext controllerContext)
   at Microsoft.AspNetCore.Mvc.Controllers.ControllerFactoryProvider.<>c__DisplayClass6_0.<CreateControllerFactory>g__CreateController|0(ControllerContext controllerContext)
   at Microsoft.AspNetCore.Mvc.Infrastructure.ControllerActionInvoker.Next(State& next, Scope& scope, Object& state, Boolean& isCompleted)
   at Microsoft.AspNetCore.Mvc.Infrastructure.ControllerActionInvoker.InvokeInnerFilterAsync()
--- End of stack trace from previous location ---
   at Microsoft.AspNetCore.Mvc.Infrastructure.ResourceInvoker.<InvokeFilterPipelineAsync>g__Awaited|20_0(ResourceInvoker invoker, Task lastTask, State next, Scope scope, Object state, Boolean isCompleted)
   at Microsoft.AspNetCore.Mvc.Infrastructure.ResourceInvoker.<InvokeAsync>g__Awaited|17_0(ResourceInvoker invoker, Task task, IDisposable scope)
   at Microsoft.AspNetCore.Mvc.Infrastructure.ResourceInvoker.<InvokeAsync>g__Awaited|17_0(ResourceInvoker invoker, Task task, IDisposable scope)
   at Microsoft.AspNetCore.Routing.EndpointMiddleware.<Invoke>g__AwaitRequestTask|6_0(Endpoint endpoint, Task requestTask, ILogger logger)
   at Microsoft.AspNetCore.Authorization.AuthorizationMiddleware.Invoke(HttpContext context)
   at Microsoft.AspNetCore.Authentication.AuthenticationMiddleware.Invoke(HttpContext context)
   at Swashbuckle.AspNetCore.SwaggerUI.SwaggerUIMiddleware.Invoke(HttpContext httpContext)
   at Swashbuckle.AspNetCore.Swagger.SwaggerMiddleware.Invoke(HttpContext httpContext, ISwaggerProvider swaggerProvider)
   at Microsoft.AspNetCore.Diagnostics.DeveloperExceptionPageMiddleware.Invoke(HttpContext context)
2024-08-22 22:51:59,793 [11] WARN  [Microsoft.AspNetCore.HttpsPolicy.HttpsRedirectionMiddleware] (null) - Failed to determine the https port for redirect.
2024-08-22 22:51:59,957 [11] ERROR [Microsoft.AspNetCore.Diagnostics.DeveloperExceptionPageMiddleware] (null) - An unhandled exception has occurred while executing the request.
System.InvalidOperationException: Unable to resolve service for type 'RebookOperateService.RebookService' while attempting to activate 'WebAPI.Controllers.RebookOperateController'.
   at Microsoft.Extensions.DependencyInjection.ActivatorUtilities.ThrowHelperUnableToResolveService(Type type, Type requiredBy)
   at lambda_method9(Closure , IServiceProvider , Object[] )
   at Microsoft.AspNetCore.Mvc.Controllers.ControllerActivatorProvider.<>c__DisplayClass7_0.<CreateActivator>b__0(ControllerContext controllerContext)
   at Microsoft.AspNetCore.Mvc.Controllers.ControllerFactoryProvider.<>c__DisplayClass6_0.<CreateControllerFactory>g__CreateController|0(ControllerContext controllerContext)
   at Microsoft.AspNetCore.Mvc.Infrastructure.ControllerActionInvoker.Next(State& next, Scope& scope, Object& state, Boolean& isCompleted)
   at Microsoft.AspNetCore.Mvc.Infrastructure.ControllerActionInvoker.InvokeInnerFilterAsync()
--- End of stack trace from previous location ---
   at Microsoft.AspNetCore.Mvc.Infrastructure.ResourceInvoker.<InvokeFilterPipelineAsync>g__Awaited|20_0(ResourceInvoker invoker, Task lastTask, State next, Scope scope, Object state, Boolean isCompleted)
   at Microsoft.AspNetCore.Mvc.Infrastructure.ResourceInvoker.<InvokeAsync>g__Awaited|17_0(ResourceInvoker invoker, Task task, IDisposable scope)
   at Microsoft.AspNetCore.Mvc.Infrastructure.ResourceInvoker.<InvokeAsync>g__Awaited|17_0(ResourceInvoker invoker, Task task, IDisposable scope)
   at Microsoft.AspNetCore.Routing.EndpointMiddleware.<Invoke>g__AwaitRequestTask|6_0(Endpoint endpoint, Task requestTask, ILogger logger)
   at Microsoft.AspNetCore.Authorization.AuthorizationMiddleware.Invoke(HttpContext context)
   at Microsoft.AspNetCore.Authentication.AuthenticationMiddleware.Invoke(HttpContext context)
   at Swashbuckle.AspNetCore.SwaggerUI.SwaggerUIMiddleware.Invoke(HttpContext httpContext)
   at Swashbuckle.AspNetCore.Swagger.SwaggerMiddleware.Invoke(HttpContext httpContext, ISwaggerProvider swaggerProvider)
   at Microsoft.AspNetCore.Diagnostics.DeveloperExceptionPageMiddleware.Invoke(HttpContext context)
2024-08-22 22:53:14,349 [8] WARN  [Microsoft.AspNetCore.HttpsPolicy.HttpsRedirectionMiddleware] (null) - Failed to determine the https port for redirect.
2024-08-22 22:53:14,514 [8] ERROR [Microsoft.AspNetCore.Diagnostics.DeveloperExceptionPageMiddleware] (null) - An unhandled exception has occurred while executing the request.
System.InvalidOperationException: Unable to resolve service for type 'RebookOperateService.RebookService' while attempting to activate 'WebAPI.Controllers.RebookOperateController'.
   at Microsoft.Extensions.DependencyInjection.ActivatorUtilities.ThrowHelperUnableToResolveService(Type type, Type requiredBy)
   at lambda_method9(Closure , IServiceProvider , Object[] )
   at Microsoft.AspNetCore.Mvc.Controllers.ControllerActivatorProvider.<>c__DisplayClass7_0.<CreateActivator>b__0(ControllerContext controllerContext)
   at Microsoft.AspNetCore.Mvc.Controllers.ControllerFactoryProvider.<>c__DisplayClass6_0.<CreateControllerFactory>g__CreateController|0(ControllerContext controllerContext)
   at Microsoft.AspNetCore.Mvc.Infrastructure.ControllerActionInvoker.Next(State& next, Scope& scope, Object& state, Boolean& isCompleted)
   at Microsoft.AspNetCore.Mvc.Infrastructure.ControllerActionInvoker.InvokeInnerFilterAsync()
--- End of stack trace from previous location ---
   at Microsoft.AspNetCore.Mvc.Infrastructure.ResourceInvoker.<InvokeFilterPipelineAsync>g__Awaited|20_0(ResourceInvoker invoker, Task lastTask, State next, Scope scope, Object state, Boolean isCompleted)
   at Microsoft.AspNetCore.Mvc.Infrastructure.ResourceInvoker.<InvokeAsync>g__Awaited|17_0(ResourceInvoker invoker, Task task, IDisposable scope)
   at Microsoft.AspNetCore.Mvc.Infrastructure.ResourceInvoker.<InvokeAsync>g__Awaited|17_0(ResourceInvoker invoker, Task task, IDisposable scope)
   at Microsoft.AspNetCore.Routing.EndpointMiddleware.<Invoke>g__AwaitRequestTask|6_0(Endpoint endpoint, Task requestTask, ILogger logger)
   at Microsoft.AspNetCore.Authorization.AuthorizationMiddleware.Invoke(HttpContext context)
   at Microsoft.AspNetCore.Authentication.AuthenticationMiddleware.Invoke(HttpContext context)
   at Swashbuckle.AspNetCore.SwaggerUI.SwaggerUIMiddleware.Invoke(HttpContext httpContext)
   at Swashbuckle.AspNetCore.Swagger.SwaggerMiddleware.Invoke(HttpContext httpContext, ISwaggerProvider swaggerProvider)
   at Microsoft.AspNetCore.Diagnostics.DeveloperExceptionPageMiddleware.Invoke(HttpContext context)
2024-08-22 22:54:56,857 [17] WARN  [Microsoft.AspNetCore.HttpsPolicy.HttpsRedirectionMiddleware] (null) - Failed to determine the https port for redirect.
2024-08-22 22:56:35,840 [18] WARN  [Microsoft.AspNetCore.HttpsPolicy.HttpsRedirectionMiddleware] (null) - Failed to determine the https port for redirect.
2024-08-22 22:58:01,033 [14] WARN  [Microsoft.AspNetCore.HttpsPolicy.HttpsRedirectionMiddleware] (null) - Failed to determine the https port for redirect.
2024-08-22 22:59:11,057 [11] WARN  [Microsoft.AspNetCore.HttpsPolicy.HttpsRedirectionMiddleware] (null) - Failed to determine the https port for redirect.
2024-08-22 23:04:16,353 [19] WARN  [Microsoft.AspNetCore.HttpsPolicy.HttpsRedirectionMiddleware] (null) - Failed to determine the https port for redirect.
2024-08-22 23:04:19,521 [19] ERROR [WebAPI.Controllers.LoginController] (null) - An unexpected error occurred while processing the order request: UID=1
System.Exception: 订单创建失败
   at OrderService.OrdersService.AddBill(PlaceOrderDto order) in D:\database\AestheticsLink\AestheticsLink\OrderService\OrderService.cs:line 161
   at WebAPI.Controllers.OrderPlaceController.PlaceOrder(PlaceOrderDto placeOrderDto) in D:\database\AestheticsLink\AestheticsLink\WebAPI\Controllers\OrderPlaceController.cs:line 38
2024-08-22 23:04:35,243 [21] ERROR [WebAPI.Controllers.LoginController] (null) - An unexpected error occurred while processing the order request: UID=1
System.Exception: 订单创建失败
   at OrderService.OrdersService.AddBill(PlaceOrderDto order) in D:\database\AestheticsLink\AestheticsLink\OrderService\OrderService.cs:line 161
   at WebAPI.Controllers.OrderPlaceController.PlaceOrder(PlaceOrderDto placeOrderDto) in D:\database\AestheticsLink\AestheticsLink\WebAPI\Controllers\OrderPlaceController.cs:line 38
2024-08-22 23:05:27,823 [25] ERROR [WebAPI.Controllers.LoginController] (null) - An unexpected error occurred while processing the order request: UID=1
System.Exception: 订单创建失败
   at OrderService.OrdersService.AddBill(PlaceOrderDto order) in D:\database\AestheticsLink\AestheticsLink\OrderService\OrderService.cs:line 161
   at WebAPI.Controllers.OrderPlaceController.PlaceOrder(PlaceOrderDto placeOrderDto) in D:\database\AestheticsLink\AestheticsLink\WebAPI\Controllers\OrderPlaceController.cs:line 38
2024-08-22 23:07:01,089 [29] ERROR [WebAPI.Controllers.LoginController] (null) - An unexpected error occurred while processing the order request: UID=1
System.Exception: 订单创建失败
   at OrderService.OrdersService.AddBill(PlaceOrderDto order) in D:\database\AestheticsLink\AestheticsLink\OrderService\OrderService.cs:line 161
   at WebAPI.Controllers.OrderPlaceController.PlaceOrder(PlaceOrderDto placeOrderDto) in D:\database\AestheticsLink\AestheticsLink\WebAPI\Controllers\OrderPlaceController.cs:line 38
2024-08-22 23:07:09,199 [32] ERROR [WebAPI.Controllers.LoginController] (null) - An unexpected error occurred while processing the order request: UID=1
System.Exception: 订单创建失败
   at OrderService.OrdersService.AddBill(PlaceOrderDto order) in D:\database\AestheticsLink\AestheticsLink\OrderService\OrderService.cs:line 161
   at WebAPI.Controllers.OrderPlaceController.PlaceOrder(PlaceOrderDto placeOrderDto) in D:\database\AestheticsLink\AestheticsLink\WebAPI\Controllers\OrderPlaceController.cs:line 38
2024-08-22 23:08:12,132 [19] WARN  [Microsoft.AspNetCore.HttpsPolicy.HttpsRedirectionMiddleware] (null) - Failed to determine the https port for redirect.
2024-08-22 23:08:27,359 [19] ERROR [WebAPI.Controllers.LoginController] (null) - An unexpected error occurred while processing the order request: UID=1
System.Exception: 订单创建失败
   at OrderService.OrdersService.AddBill(PlaceOrderDto order) in D:\database\AestheticsLink\AestheticsLink\OrderService\OrderService.cs:line 161
   at WebAPI.Controllers.OrderPlaceController.PlaceOrder(PlaceOrderDto placeOrderDto) in D:\database\AestheticsLink\AestheticsLink\WebAPI\Controllers\OrderPlaceController.cs:line 38
2024-08-22 23:09:12,005 [25] ERROR [WebAPI.Controllers.LoginController] (null) - An unexpected error occurred while processing the order request: UID=1
System.Exception: 订单创建失败
   at OrderService.OrdersService.AddBill(PlaceOrderDto order) in D:\database\AestheticsLink\AestheticsLink\OrderService\OrderService.cs:line 161
   at WebAPI.Controllers.OrderPlaceController.PlaceOrder(PlaceOrderDto placeOrderDto) in D:\database\AestheticsLink\AestheticsLink\WebAPI\Controllers\OrderPlaceController.cs:line 38
2024-08-22 23:16:45,721 [20] WARN  [Microsoft.AspNetCore.HttpsPolicy.HttpsRedirectionMiddleware] (null) - Failed to determine the https port for redirect.
2024-08-22 23:19:50,906 [19] WARN  [Microsoft.AspNetCore.HttpsPolicy.HttpsRedirectionMiddleware] (null) - Failed to determine the https port for redirect.
