2024-08-03 12:48:53,044 [34] WARN  [Microsoft.AspNetCore.HttpsPolicy.HttpsRedirectionMiddleware] (null) - Failed to determine the https port for redirect.
2024-08-03 15:44:36,422 [75] ERROR [Quartz.Core.JobRunShell] (null) - Job DEFAULT.OperateService.OperateExcuteService threw an unhandled Exception: 
Oracle.ManagedDataAccess.Client.OracleException (0x80004005): ORA-12571: TNS:packet writer failure
https://docs.oracle.com/error-help/db/ora-12571/
 ---> OracleInternal.Network.NetworkException (0x80004005): ORA-12571: TNS:packet writer failure
https://docs.oracle.com/error-help/db/ora-12571/
 ---> System.Net.Sockets.SocketException (10053): 你的主机中的软件中止了一个已建立的连接。
   at OracleInternal.Network.TcpTransportAdapter.Send(OraBuf OB)
   at OracleInternal.Network.TcpTransportAdapter.Send(OraBuf OB)
   at OracleInternal.Network.WriterStream.Write(OraBuf OB, Int32 DAFlag)
   at OracleInternal.TTC.OraBufWriter.SendOB(OraBuf ob, Boolean bEndOfRPC, Boolean bStartOfRPC)
   at OracleInternal.TTC.OraBufReader.GetDataFromNetwork(Boolean bAsync)
   at OracleInternal.TTC.OraBufReader.Read(Boolean bAsync, Boolean bIgnoreData)
   at OracleInternal.TTC.TTCSimpleOperations.ReadResponse()
   at Oracle.ManagedDataAccess.Client.OracleException.HandleError(OracleTraceLevel level, OracleTraceTag tag, OracleTraceClassName className, OracleTraceFuncName funcName, Object traceObj, Exception ex, OracleLogicalTransaction oracleLogicalTransaction)
   at OracleInternal.TTC.TTCSimpleOperations.ReadResponse()
   at OracleInternal.ServiceObjects.OracleTransactionImpl.Rollback(OracleConnection connection, OracleLogicalTransaction& oracleLogicalTransaction)
   at Oracle.ManagedDataAccess.Client.OracleTransaction.Rollback()
   at SqlSugar.AdoProvider.RollbackTran()
   at OperateService.OperateExcuteService.OperateExecute() in D:\C#_Project\AestheticsLink\OperateService\OperateExcuteService.cs:line 83
   at OperateService.OperateExcuteService.Execute(IJobExecutionContext context) in D:\C#_Project\AestheticsLink\OperateService\OperateExcuteService.cs:line 19
   at Quartz.Core.JobRunShell.Run(CancellationToken cancellationToken)
2024-08-03 15:44:36,492 [75] ERROR [Quartz.Core.ErrorLogger] (null) - Job DEFAULT.OperateService.OperateExcuteService threw an exception.
Quartz.SchedulerException: Job threw an unhandled exception.
 ---> Oracle.ManagedDataAccess.Client.OracleException (0x80004005): ORA-12571: TNS:packet writer failure
https://docs.oracle.com/error-help/db/ora-12571/
 ---> OracleInternal.Network.NetworkException (0x80004005): ORA-12571: TNS:packet writer failure
https://docs.oracle.com/error-help/db/ora-12571/
 ---> System.Net.Sockets.SocketException (10053): 你的主机中的软件中止了一个已建立的连接。
   at OracleInternal.Network.TcpTransportAdapter.Send(OraBuf OB)
   at OracleInternal.Network.TcpTransportAdapter.Send(OraBuf OB)
   at OracleInternal.Network.WriterStream.Write(OraBuf OB, Int32 DAFlag)
   at OracleInternal.TTC.OraBufWriter.SendOB(OraBuf ob, Boolean bEndOfRPC, Boolean bStartOfRPC)
   at OracleInternal.TTC.OraBufReader.GetDataFromNetwork(Boolean bAsync)
   at OracleInternal.TTC.OraBufReader.Read(Boolean bAsync, Boolean bIgnoreData)
   at OracleInternal.TTC.TTCSimpleOperations.ReadResponse()
   at Oracle.ManagedDataAccess.Client.OracleException.HandleError(OracleTraceLevel level, OracleTraceTag tag, OracleTraceClassName className, OracleTraceFuncName funcName, Object traceObj, Exception ex, OracleLogicalTransaction oracleLogicalTransaction)
   at OracleInternal.TTC.TTCSimpleOperations.ReadResponse()
   at OracleInternal.ServiceObjects.OracleTransactionImpl.Rollback(OracleConnection connection, OracleLogicalTransaction& oracleLogicalTransaction)
   at Oracle.ManagedDataAccess.Client.OracleTransaction.Rollback()
   at SqlSugar.AdoProvider.RollbackTran()
   at OperateService.OperateExcuteService.OperateExecute() in D:\C#_Project\AestheticsLink\OperateService\OperateExcuteService.cs:line 83
   at OperateService.OperateExcuteService.Execute(IJobExecutionContext context) in D:\C#_Project\AestheticsLink\OperateService\OperateExcuteService.cs:line 19
   at Quartz.Core.JobRunShell.Run(CancellationToken cancellationToken)
   --- End of inner exception stack trace --- [See nested exception: Oracle.ManagedDataAccess.Client.OracleException (0x80004005): ORA-12571: TNS:packet writer failure
https://docs.oracle.com/error-help/db/ora-12571/
 ---> OracleInternal.Network.NetworkException (0x80004005): ORA-12571: TNS:packet writer failure
https://docs.oracle.com/error-help/db/ora-12571/
 ---> System.Net.Sockets.SocketException (10053): 你的主机中的软件中止了一个已建立的连接。
   at OracleInternal.Network.TcpTransportAdapter.Send(OraBuf OB)
   at OracleInternal.Network.TcpTransportAdapter.Send(OraBuf OB)
   at OracleInternal.Network.WriterStream.Write(OraBuf OB, Int32 DAFlag)
   at OracleInternal.TTC.OraBufWriter.SendOB(OraBuf ob, Boolean bEndOfRPC, Boolean bStartOfRPC)
   at OracleInternal.TTC.OraBufReader.GetDataFromNetwork(Boolean bAsync)
   at OracleInternal.TTC.OraBufReader.Read(Boolean bAsync, Boolean bIgnoreData)
   at OracleInternal.TTC.TTCSimpleOperations.ReadResponse()
   at Oracle.ManagedDataAccess.Client.OracleException.HandleError(OracleTraceLevel level, OracleTraceTag tag, OracleTraceClassName className, OracleTraceFuncName funcName, Object traceObj, Exception ex, OracleLogicalTransaction oracleLogicalTransaction)
   at OracleInternal.TTC.TTCSimpleOperations.ReadResponse()
   at OracleInternal.ServiceObjects.OracleTransactionImpl.Rollback(OracleConnection connection, OracleLogicalTransaction& oracleLogicalTransaction)
   at Oracle.ManagedDataAccess.Client.OracleTransaction.Rollback()
   at SqlSugar.AdoProvider.RollbackTran()
   at OperateService.OperateExcuteService.OperateExecute() in D:\C#_Project\AestheticsLink\OperateService\OperateExcuteService.cs:line 83
   at OperateService.OperateExcuteService.Execute(IJobExecutionContext context) in D:\C#_Project\AestheticsLink\OperateService\OperateExcuteService.cs:line 19
   at Quartz.Core.JobRunShell.Run(CancellationToken cancellationToken)]
2024-08-03 15:47:32,206 [67] ERROR [Microsoft.AspNetCore.Diagnostics.DeveloperExceptionPageMiddleware] (null) - An unhandled exception has occurred while executing the request.
System.InvalidOperationException: Unable to resolve service for type 'RechargeService.IRechargeService' while attempting to activate 'WebAPI.Controllers.RechargeController'.
   at Microsoft.Extensions.DependencyInjection.ActivatorUtilities.ThrowHelperUnableToResolveService(Type type, Type requiredBy)
   at lambda_method13(Closure , IServiceProvider , Object[] )
   at Microsoft.AspNetCore.Mvc.Controllers.ControllerActivatorProvider.<>c__DisplayClass7_0.<CreateActivator>b__0(ControllerContext controllerContext)
   at Microsoft.AspNetCore.Mvc.Controllers.ControllerFactoryProvider.<>c__DisplayClass6_0.<CreateControllerFactory>g__CreateController|0(ControllerContext controllerContext)
   at Microsoft.AspNetCore.Mvc.Infrastructure.ControllerActionInvoker.Next(State& next, Scope& scope, Object& state, Boolean& isCompleted)
   at Microsoft.AspNetCore.Mvc.Infrastructure.ControllerActionInvoker.InvokeInnerFilterAsync()
--- End of stack trace from previous location ---
   at Microsoft.AspNetCore.Mvc.Infrastructure.ResourceInvoker.<InvokeFilterPipelineAsync>g__Awaited|20_0(ResourceInvoker invoker, Task lastTask, State next, Scope scope, Object state, Boolean isCompleted)
   at Microsoft.AspNetCore.Mvc.Infrastructure.ResourceInvoker.<InvokeAsync>g__Awaited|17_0(ResourceInvoker invoker, Task task, IDisposable scope)
   at Microsoft.AspNetCore.Mvc.Infrastructure.ResourceInvoker.<InvokeAsync>g__Awaited|17_0(ResourceInvoker invoker, Task task, IDisposable scope)
   at Microsoft.AspNetCore.Routing.EndpointMiddleware.<Invoke>g__AwaitRequestTask|6_0(Endpoint endpoint, Task requestTask, ILogger logger)
   at Microsoft.AspNetCore.Authorization.AuthorizationMiddleware.Invoke(HttpContext context)
   at Microsoft.AspNetCore.Authentication.AuthenticationMiddleware.Invoke(HttpContext context)
   at Swashbuckle.AspNetCore.SwaggerUI.SwaggerUIMiddleware.Invoke(HttpContext httpContext)
   at Swashbuckle.AspNetCore.Swagger.SwaggerMiddleware.Invoke(HttpContext httpContext, ISwaggerProvider swaggerProvider)
   at Microsoft.AspNetCore.Diagnostics.DeveloperExceptionPageMiddleware.Invoke(HttpContext context)
2024-08-03 15:54:59,640 [5] WARN  [Microsoft.AspNetCore.HttpsPolicy.HttpsRedirectionMiddleware] (null) - Failed to determine the https port for redirect.
2024-08-03 15:54:59,904 [5] ERROR [Microsoft.AspNetCore.Diagnostics.DeveloperExceptionPageMiddleware] (null) - An unhandled exception has occurred while executing the request.
System.InvalidOperationException: No authenticationScheme was specified, and there was no DefaultChallengeScheme found. The default schemes can be set using either AddAuthentication(string defaultScheme) or AddAuthentication(Action<AuthenticationOptions> configureOptions).
   at Microsoft.AspNetCore.Authentication.AuthenticationService.ChallengeAsync(HttpContext context, String scheme, AuthenticationProperties properties)
   at Microsoft.AspNetCore.Authorization.Policy.AuthorizationMiddlewareResultHandler.HandleAsync(RequestDelegate next, HttpContext context, AuthorizationPolicy policy, PolicyAuthorizationResult authorizeResult)
   at Microsoft.AspNetCore.Authorization.AuthorizationMiddleware.Invoke(HttpContext context)
   at Microsoft.AspNetCore.Authentication.AuthenticationMiddleware.Invoke(HttpContext context)
   at Swashbuckle.AspNetCore.SwaggerUI.SwaggerUIMiddleware.Invoke(HttpContext httpContext)
   at Swashbuckle.AspNetCore.Swagger.SwaggerMiddleware.Invoke(HttpContext httpContext, ISwaggerProvider swaggerProvider)
   at Microsoft.AspNetCore.Diagnostics.DeveloperExceptionPageMiddleware.Invoke(HttpContext context)
2024-08-03 15:58:17,088 [29] ERROR [Microsoft.AspNetCore.Diagnostics.DeveloperExceptionPageMiddleware] (null) - An unhandled exception has occurred while executing the request.
System.InvalidOperationException: No authenticationScheme was specified, and there was no DefaultChallengeScheme found. The default schemes can be set using either AddAuthentication(string defaultScheme) or AddAuthentication(Action<AuthenticationOptions> configureOptions).
   at Microsoft.AspNetCore.Authentication.AuthenticationService.ChallengeAsync(HttpContext context, String scheme, AuthenticationProperties properties)
   at Microsoft.AspNetCore.Authorization.Policy.AuthorizationMiddlewareResultHandler.HandleAsync(RequestDelegate next, HttpContext context, AuthorizationPolicy policy, PolicyAuthorizationResult authorizeResult)
   at Microsoft.AspNetCore.Authorization.AuthorizationMiddleware.Invoke(HttpContext context)
   at Microsoft.AspNetCore.Authentication.AuthenticationMiddleware.Invoke(HttpContext context)
   at Swashbuckle.AspNetCore.SwaggerUI.SwaggerUIMiddleware.Invoke(HttpContext httpContext)
   at Swashbuckle.AspNetCore.Swagger.SwaggerMiddleware.Invoke(HttpContext httpContext, ISwaggerProvider swaggerProvider)
   at Microsoft.AspNetCore.Diagnostics.DeveloperExceptionPageMiddleware.Invoke(HttpContext context)
