## 2024-07-16 16:36:01,510 [1] INFO  (null) Default Quartz.NET properties loaded from embedded resource file 
## 2024-07-16 16:36:01,592 [1] INFO  (null) Initialized Scheduler Signaller of type: Quartz.Core.SchedulerSignalerImpl 
## 2024-07-16 16:36:01,593 [1] INFO  (null) Quartz Scheduler created 
## 2024-07-16 16:36:01,594 [1] INFO  (null) RAMJobStore initialized. 
## 2024-07-16 16:36:01,596 [1] INFO  (null) Quartz Scheduler 3.11.0.0 - 'DefaultQuartzScheduler' with instanceId 'NON_CLUSTERED' initialized 
## 2024-07-16 16:36:01,597 [1] INFO  (null) Using thread pool 'Quartz.Simpl.DefaultThreadPool', size: 10 
## 2024-07-16 16:36:01,603 [1] INFO  (null) Using job store 'Quartz.Simpl.RAMJobStore', supports persistence: False, clustered: False 
## 2024-07-16 16:36:01,605 [1] INFO  (null) JobFactory set to: SingletonJobFactory 
## 2024-07-16 16:36:01,653 [1] INFO  (null) Scheduler DefaultQuartzScheduler_$_NON_CLUSTERED started. 
## 2024-07-16 16:36:01,959 [1] INFO  (null) Now listening on: http://100.80.78.64:5283 
## 2024-07-16 16:36:01,968 [1] INFO  (null) Application started. Press Ctrl+C to shut down. 
## 2024-07-16 16:36:01,971 [1] INFO  (null) Hosting environment: Development 
## 2024-07-16 16:36:01,973 [1] INFO  (null) Content root path: D:\C#_Project\AestheticsLink\WebAPI\ 
## 2024-07-16 16:39:54,415 [31] INFO  (null) Received login request: UID=1234567890 
## 2024-07-16 16:46:43,675 [1] INFO  (null) Default Quartz.NET properties loaded from embedded resource file 
## 2024-07-16 16:46:43,767 [1] INFO  (null) Initialized Scheduler Signaller of type: Quartz.Core.SchedulerSignalerImpl 
## 2024-07-16 16:46:43,768 [1] INFO  (null) Quartz Scheduler created 
## 2024-07-16 16:46:43,769 [1] INFO  (null) RAMJobStore initialized. 
## 2024-07-16 16:46:43,770 [1] INFO  (null) Quartz Scheduler 3.11.0.0 - 'DefaultQuartzScheduler' with instanceId 'NON_CLUSTERED' initialized 
## 2024-07-16 16:46:43,771 [1] INFO  (null) Using thread pool 'Quartz.Simpl.DefaultThreadPool', size: 10 
## 2024-07-16 16:46:43,772 [1] INFO  (null) Using job store 'Quartz.Simpl.RAMJobStore', supports persistence: False, clustered: False 
## 2024-07-16 16:46:43,779 [1] INFO  (null) JobFactory set to: SingletonJobFactory 
## 2024-07-16 16:46:43,822 [1] INFO  (null) Scheduler DefaultQuartzScheduler_$_NON_CLUSTERED started. 
## 2024-07-16 16:46:44,079 [1] INFO  (null) Now listening on: http://100.80.78.64:5283 
## 2024-07-16 16:46:44,088 [1] INFO  (null) Application started. Press Ctrl+C to shut down. 
## 2024-07-16 16:46:44,092 [1] INFO  (null) Hosting environment: Development 
## 2024-07-16 16:46:44,094 [1] INFO  (null) Content root path: D:\C#_Project\AestheticsLink\WebAPI\ 
## 2024-07-16 16:46:59,059 [5] INFO  (null) Received login request: UID=1234567890 
## 2024-07-16 16:51:17,258 [1] INFO  (null) Default Quartz.NET properties loaded from embedded resource file 
## 2024-07-16 16:51:17,338 [1] INFO  (null) Initialized Scheduler Signaller of type: Quartz.Core.SchedulerSignalerImpl 
## 2024-07-16 16:51:17,339 [1] INFO  (null) Quartz Scheduler created 
## 2024-07-16 16:51:17,346 [1] INFO  (null) RAMJobStore initialized. 
## 2024-07-16 16:51:17,347 [1] INFO  (null) Quartz Scheduler 3.11.0.0 - 'DefaultQuartzScheduler' with instanceId 'NON_CLUSTERED' initialized 
## 2024-07-16 16:51:17,348 [1] INFO  (null) Using thread pool 'Quartz.Simpl.DefaultThreadPool', size: 10 
## 2024-07-16 16:51:17,349 [1] INFO  (null) Using job store 'Quartz.Simpl.RAMJobStore', supports persistence: False, clustered: False 
## 2024-07-16 16:51:17,350 [1] INFO  (null) JobFactory set to: SingletonJobFactory 
## 2024-07-16 16:51:17,391 [1] INFO  (null) Scheduler DefaultQuartzScheduler_$_NON_CLUSTERED started. 
## 2024-07-16 16:51:17,633 [1] INFO  (null) Now listening on: http://100.80.78.64:5283 
## 2024-07-16 16:51:17,642 [1] INFO  (null) Application started. Press Ctrl+C to shut down. 
## 2024-07-16 16:51:17,644 [1] INFO  (null) Hosting environment: Development 
## 2024-07-16 16:51:17,647 [1] INFO  (null) Content root path: D:\C#_Project\AestheticsLink\WebAPI\ 
## 2024-07-16 16:59:16,968 [1] INFO  (null) Default Quartz.NET properties loaded from embedded resource file 
## 2024-07-16 16:59:17,051 [1] INFO  (null) Initialized Scheduler Signaller of type: Quartz.Core.SchedulerSignalerImpl 
## 2024-07-16 16:59:17,057 [1] INFO  (null) Quartz Scheduler created 
## 2024-07-16 16:59:17,058 [1] INFO  (null) RAMJobStore initialized. 
## 2024-07-16 16:59:17,059 [1] INFO  (null) Quartz Scheduler 3.11.0.0 - 'DefaultQuartzScheduler' with instanceId 'NON_CLUSTERED' initialized 
## 2024-07-16 16:59:17,060 [1] INFO  (null) Using thread pool 'Quartz.Simpl.DefaultThreadPool', size: 10 
## 2024-07-16 16:59:17,061 [1] INFO  (null) Using job store 'Quartz.Simpl.RAMJobStore', supports persistence: False, clustered: False 
## 2024-07-16 16:59:17,063 [1] INFO  (null) JobFactory set to: SingletonJobFactory 
## 2024-07-16 16:59:17,106 [1] INFO  (null) Scheduler DefaultQuartzScheduler_$_NON_CLUSTERED started. 
## 2024-07-16 16:59:17,325 [1] INFO  (null) Now listening on: http://100.80.78.64:5283 
## 2024-07-16 16:59:17,332 [1] INFO  (null) Application started. Press Ctrl+C to shut down. 
## 2024-07-16 16:59:17,335 [1] INFO  (null) Hosting environment: Development 
## 2024-07-16 16:59:17,337 [1] INFO  (null) Content root path: D:\C#_Project\AestheticsLink\WebAPI\ 
## 2024-07-16 17:11:51,384 [1] INFO  (null) Default Quartz.NET properties loaded from embedded resource file 
## 2024-07-16 17:11:51,462 [1] INFO  (null) Initialized Scheduler Signaller of type: Quartz.Core.SchedulerSignalerImpl 
## 2024-07-16 17:11:51,463 [1] INFO  (null) Quartz Scheduler created 
## 2024-07-16 17:11:51,464 [1] INFO  (null) RAMJobStore initialized. 
## 2024-07-16 17:11:51,465 [1] INFO  (null) Quartz Scheduler 3.11.0.0 - 'DefaultQuartzScheduler' with instanceId 'NON_CLUSTERED' initialized 
## 2024-07-16 17:11:51,466 [1] INFO  (null) Using thread pool 'Quartz.Simpl.DefaultThreadPool', size: 10 
## 2024-07-16 17:11:51,467 [1] INFO  (null) Using job store 'Quartz.Simpl.RAMJobStore', supports persistence: False, clustered: False 
## 2024-07-16 17:11:51,475 [1] INFO  (null) JobFactory set to: SingletonJobFactory 
## 2024-07-16 17:11:51,519 [1] INFO  (null) Scheduler DefaultQuartzScheduler_$_NON_CLUSTERED started. 
## 2024-07-16 17:11:51,787 [1] INFO  (null) Now listening on: http://100.80.78.64:5283 
## 2024-07-16 17:11:51,794 [1] INFO  (null) Application started. Press Ctrl+C to shut down. 
## 2024-07-16 17:11:51,797 [1] INFO  (null) Hosting environment: Development 
## 2024-07-16 17:11:51,799 [1] INFO  (null) Content root path: D:\C#_Project\AestheticsLink\WebAPI\ 
## 2024-07-16 17:27:20,749 [1] INFO  (null) Default Quartz.NET properties loaded from embedded resource file 
## 2024-07-16 17:27:20,831 [1] INFO  (null) Initialized Scheduler Signaller of type: Quartz.Core.SchedulerSignalerImpl 
## 2024-07-16 17:27:20,832 [1] INFO  (null) Quartz Scheduler created 
## 2024-07-16 17:27:20,833 [1] INFO  (null) RAMJobStore initialized. 
## 2024-07-16 17:27:20,834 [1] INFO  (null) Quartz Scheduler 3.11.0.0 - 'DefaultQuartzScheduler' with instanceId 'NON_CLUSTERED' initialized 
## 2024-07-16 17:27:20,835 [1] INFO  (null) Using thread pool 'Quartz.Simpl.DefaultThreadPool', size: 10 
## 2024-07-16 17:27:20,842 [1] INFO  (null) Using job store 'Quartz.Simpl.RAMJobStore', supports persistence: False, clustered: False 
## 2024-07-16 17:27:20,844 [1] INFO  (null) JobFactory set to: SingletonJobFactory 
## 2024-07-16 17:27:20,903 [1] INFO  (null) Scheduler DefaultQuartzScheduler_$_NON_CLUSTERED started. 
## 2024-07-16 17:27:21,239 [1] INFO  (null) Now listening on: http://100.80.78.64:5283 
## 2024-07-16 17:27:21,249 [1] INFO  (null) Application started. Press Ctrl+C to shut down. 
## 2024-07-16 17:27:21,253 [1] INFO  (null) Hosting environment: Development 
## 2024-07-16 17:27:21,255 [1] INFO  (null) Content root path: D:\C#_Project\AestheticsLink\WebAPI\ 
## 2024-07-16 17:45:47,754 [1] INFO  (null) Default Quartz.NET properties loaded from embedded resource file 
## 2024-07-16 17:45:47,822 [1] INFO  (null) Initialized Scheduler Signaller of type: Quartz.Core.SchedulerSignalerImpl 
## 2024-07-16 17:45:47,823 [1] INFO  (null) Quartz Scheduler created 
## 2024-07-16 17:45:47,828 [1] INFO  (null) RAMJobStore initialized. 
## 2024-07-16 17:45:47,829 [1] INFO  (null) Quartz Scheduler 3.11.0.0 - 'DefaultQuartzScheduler' with instanceId 'NON_CLUSTERED' initialized 
## 2024-07-16 17:45:47,830 [1] INFO  (null) Using thread pool 'Quartz.Simpl.DefaultThreadPool', size: 10 
## 2024-07-16 17:45:47,831 [1] INFO  (null) Using job store 'Quartz.Simpl.RAMJobStore', supports persistence: False, clustered: False 
## 2024-07-16 17:45:47,832 [1] INFO  (null) JobFactory set to: SingletonJobFactory 
## 2024-07-16 17:45:47,869 [1] INFO  (null) Scheduler DefaultQuartzScheduler_$_NON_CLUSTERED started. 
## 2024-07-16 17:45:48,078 [1] INFO  (null) Now listening on: http://100.80.78.64:5283 
## 2024-07-16 17:45:48,086 [1] INFO  (null) Application started. Press Ctrl+C to shut down. 
## 2024-07-16 17:45:48,089 [1] INFO  (null) Hosting environment: Development 
## 2024-07-16 17:45:48,090 [1] INFO  (null) Content root path: D:\C#_Project\AestheticsLink\WebAPI\ 
## 2024-07-16 17:55:27,661 [1] INFO  (null) Default Quartz.NET properties loaded from embedded resource file 
## 2024-07-16 17:55:27,746 [1] INFO  (null) Initialized Scheduler Signaller of type: Quartz.Core.SchedulerSignalerImpl 
## 2024-07-16 17:55:27,747 [1] INFO  (null) Quartz Scheduler created 
## 2024-07-16 17:55:27,752 [1] INFO  (null) RAMJobStore initialized. 
## 2024-07-16 17:55:27,753 [1] INFO  (null) Quartz Scheduler 3.11.0.0 - 'DefaultQuartzScheduler' with instanceId 'NON_CLUSTERED' initialized 
## 2024-07-16 17:55:27,754 [1] INFO  (null) Using thread pool 'Quartz.Simpl.DefaultThreadPool', size: 10 
## 2024-07-16 17:55:27,755 [1] INFO  (null) Using job store 'Quartz.Simpl.RAMJobStore', supports persistence: False, clustered: False 
## 2024-07-16 17:55:27,756 [1] INFO  (null) JobFactory set to: SingletonJobFactory 
## 2024-07-16 17:55:27,803 [1] INFO  (null) Scheduler DefaultQuartzScheduler_$_NON_CLUSTERED started. 
## 2024-07-16 17:55:28,058 [1] INFO  (null) Now listening on: http://100.80.78.64:5283 
## 2024-07-16 17:55:28,066 [1] INFO  (null) Application started. Press Ctrl+C to shut down. 
## 2024-07-16 17:55:28,069 [1] INFO  (null) Hosting environment: Development 
## 2024-07-16 17:55:28,071 [1] INFO  (null) Content root path: D:\C#_Project\AestheticsLink\WebAPI\ 
## 2024-07-16 21:49:29,206 [1] INFO  (null) Default Quartz.NET properties loaded from embedded resource file 
## 2024-07-16 21:49:29,384 [1] INFO  (null) Initialized Scheduler Signaller of type: Quartz.Core.SchedulerSignalerImpl 
## 2024-07-16 21:49:29,389 [1] INFO  (null) Quartz Scheduler created 
## 2024-07-16 21:49:29,399 [1] INFO  (null) RAMJobStore initialized. 
## 2024-07-16 21:49:29,403 [1] INFO  (null) Quartz Scheduler 3.11.0.0 - 'DefaultQuartzScheduler' with instanceId 'NON_CLUSTERED' initialized 
## 2024-07-16 21:49:29,405 [1] INFO  (null) Using thread pool 'Quartz.Simpl.DefaultThreadPool', size: 10 
## 2024-07-16 21:49:29,408 [1] INFO  (null) Using job store 'Quartz.Simpl.RAMJobStore', supports persistence: False, clustered: False 
## 2024-07-16 21:49:29,412 [1] INFO  (null) JobFactory set to: SingletonJobFactory 
## 2024-07-16 21:49:29,504 [1] INFO  (null) Scheduler DefaultQuartzScheduler_$_NON_CLUSTERED started. 
## 2024-07-16 21:49:29,971 [1] INFO  (null) Now listening on: http://100.80.78.64:5283 
## 2024-07-16 21:49:29,984 [1] INFO  (null) Application started. Press Ctrl+C to shut down. 
## 2024-07-16 21:49:29,989 [1] INFO  (null) Hosting environment: Development 
## 2024-07-16 21:49:29,993 [1] INFO  (null) Content root path: D:\C#_Project\AestheticsLink\WebAPI\ 
## 2024-07-16 21:55:13,887 [1] INFO  (null) Default Quartz.NET properties loaded from embedded resource file 
## 2024-07-16 21:55:14,027 [1] INFO  (null) Initialized Scheduler Signaller of type: Quartz.Core.SchedulerSignalerImpl 
## 2024-07-16 21:55:14,057 [1] INFO  (null) Quartz Scheduler created 
## 2024-07-16 21:55:14,059 [1] INFO  (null) RAMJobStore initialized. 
## 2024-07-16 21:55:14,061 [1] INFO  (null) Quartz Scheduler 3.11.0.0 - 'DefaultQuartzScheduler' with instanceId 'NON_CLUSTERED' initialized 
## 2024-07-16 21:55:14,063 [1] INFO  (null) Using thread pool 'Quartz.Simpl.DefaultThreadPool', size: 10 
## 2024-07-16 21:55:14,065 [1] INFO  (null) Using job store 'Quartz.Simpl.RAMJobStore', supports persistence: False, clustered: False 
## 2024-07-16 21:55:14,067 [1] INFO  (null) JobFactory set to: SingletonJobFactory 
## 2024-07-16 21:55:14,148 [1] INFO  (null) Scheduler DefaultQuartzScheduler_$_NON_CLUSTERED started. 
## 2024-07-16 21:55:14,613 [1] INFO  (null) Now listening on: http://100.80.78.64:5283 
## 2024-07-16 21:55:14,630 [1] INFO  (null) Application started. Press Ctrl+C to shut down. 
## 2024-07-16 21:55:14,635 [1] INFO  (null) Hosting environment: Development 
## 2024-07-16 21:55:14,639 [1] INFO  (null) Content root path: D:\C#_Project\AestheticsLink\WebAPI\ 
## 2024-07-16 21:58:19,927 [1] INFO  (null) Default Quartz.NET properties loaded from embedded resource file 
## 2024-07-16 21:58:20,054 [1] INFO  (null) Initialized Scheduler Signaller of type: Quartz.Core.SchedulerSignalerImpl 
## 2024-07-16 21:58:20,062 [1] INFO  (null) Quartz Scheduler created 
## 2024-07-16 21:58:20,064 [1] INFO  (null) RAMJobStore initialized. 
## 2024-07-16 21:58:20,066 [1] INFO  (null) Quartz Scheduler 3.11.0.0 - 'DefaultQuartzScheduler' with instanceId 'NON_CLUSTERED' initialized 
## 2024-07-16 21:58:20,068 [1] INFO  (null) Using thread pool 'Quartz.Simpl.DefaultThreadPool', size: 10 
## 2024-07-16 21:58:20,070 [1] INFO  (null) Using job store 'Quartz.Simpl.RAMJobStore', supports persistence: False, clustered: False 
## 2024-07-16 21:58:20,073 [1] INFO  (null) JobFactory set to: SingletonJobFactory 
## 2024-07-16 21:58:20,151 [1] INFO  (null) Scheduler DefaultQuartzScheduler_$_NON_CLUSTERED started. 
## 2024-07-16 21:58:20,491 [1] INFO  (null) Now listening on: http://100.80.78.64:5283 
## 2024-07-16 21:58:20,503 [1] INFO  (null) Application started. Press Ctrl+C to shut down. 
## 2024-07-16 21:58:20,507 [1] INFO  (null) Hosting environment: Development 
## 2024-07-16 21:58:20,509 [1] INFO  (null) Content root path: D:\C#_Project\AestheticsLink\WebAPI\ 
## 2024-07-16 21:59:03,377 [31] INFO  (null) Received login request: UID=1234567890 
## 2024-07-16 21:59:46,616 [1] INFO  (null) Default Quartz.NET properties loaded from embedded resource file 
## 2024-07-16 21:59:46,744 [1] INFO  (null) Initialized Scheduler Signaller of type: Quartz.Core.SchedulerSignalerImpl 
## 2024-07-16 21:59:46,755 [1] INFO  (null) Quartz Scheduler created 
## 2024-07-16 21:59:46,757 [1] INFO  (null) RAMJobStore initialized. 
## 2024-07-16 21:59:46,759 [1] INFO  (null) Quartz Scheduler 3.11.0.0 - 'DefaultQuartzScheduler' with instanceId 'NON_CLUSTERED' initialized 
## 2024-07-16 21:59:46,761 [1] INFO  (null) Using thread pool 'Quartz.Simpl.DefaultThreadPool', size: 10 
## 2024-07-16 21:59:46,763 [1] INFO  (null) Using job store 'Quartz.Simpl.RAMJobStore', supports persistence: False, clustered: False 
## 2024-07-16 21:59:46,766 [1] INFO  (null) JobFactory set to: SingletonJobFactory 
## 2024-07-16 21:59:46,840 [1] INFO  (null) Scheduler DefaultQuartzScheduler_$_NON_CLUSTERED started. 
## 2024-07-16 21:59:47,241 [1] INFO  (null) Now listening on: http://100.80.78.64:5283 
## 2024-07-16 21:59:47,254 [1] INFO  (null) Application started. Press Ctrl+C to shut down. 
## 2024-07-16 21:59:47,259 [1] INFO  (null) Hosting environment: Development 
## 2024-07-16 21:59:47,262 [1] INFO  (null) Content root path: D:\C#_Project\AestheticsLink\WebAPI\ 
## 2024-07-16 22:05:10,209 [1] INFO  (null) Default Quartz.NET properties loaded from embedded resource file 
## 2024-07-16 22:05:10,334 [1] INFO  (null) Initialized Scheduler Signaller of type: Quartz.Core.SchedulerSignalerImpl 
## 2024-07-16 22:05:10,345 [1] INFO  (null) Quartz Scheduler created 
## 2024-07-16 22:05:10,348 [1] INFO  (null) RAMJobStore initialized. 
## 2024-07-16 22:05:10,351 [1] INFO  (null) Quartz Scheduler 3.11.0.0 - 'DefaultQuartzScheduler' with instanceId 'NON_CLUSTERED' initialized 
## 2024-07-16 22:05:10,353 [1] INFO  (null) Using thread pool 'Quartz.Simpl.DefaultThreadPool', size: 10 
## 2024-07-16 22:05:10,356 [1] INFO  (null) Using job store 'Quartz.Simpl.RAMJobStore', supports persistence: False, clustered: False 
## 2024-07-16 22:05:10,359 [1] INFO  (null) JobFactory set to: SingletonJobFactory 
## 2024-07-16 22:05:10,436 [1] INFO  (null) Scheduler DefaultQuartzScheduler_$_NON_CLUSTERED started. 
## 2024-07-16 22:05:10,774 [1] INFO  (null) Now listening on: http://100.80.78.64:5283 
## 2024-07-16 22:05:10,785 [1] INFO  (null) Application started. Press Ctrl+C to shut down. 
## 2024-07-16 22:05:10,789 [1] INFO  (null) Hosting environment: Development 
## 2024-07-16 22:05:10,792 [1] INFO  (null) Content root path: D:\C#_Project\AestheticsLink\WebAPI\ 
## 2024-07-16 22:16:19,116 [1] INFO  (null) Default Quartz.NET properties loaded from embedded resource file 
## 2024-07-16 22:16:19,277 [1] INFO  (null) Initialized Scheduler Signaller of type: Quartz.Core.SchedulerSignalerImpl 
## 2024-07-16 22:16:19,279 [1] INFO  (null) Quartz Scheduler created 
## 2024-07-16 22:16:19,289 [1] INFO  (null) RAMJobStore initialized. 
## 2024-07-16 22:16:19,291 [1] INFO  (null) Quartz Scheduler 3.11.0.0 - 'DefaultQuartzScheduler' with instanceId 'NON_CLUSTERED' initialized 
## 2024-07-16 22:16:19,293 [1] INFO  (null) Using thread pool 'Quartz.Simpl.DefaultThreadPool', size: 10 
## 2024-07-16 22:16:19,294 [1] INFO  (null) Using job store 'Quartz.Simpl.RAMJobStore', supports persistence: False, clustered: False 
## 2024-07-16 22:16:19,297 [1] INFO  (null) JobFactory set to: SingletonJobFactory 
## 2024-07-16 22:16:19,376 [1] INFO  (null) Scheduler DefaultQuartzScheduler_$_NON_CLUSTERED started. 
## 2024-07-16 22:16:19,805 [1] INFO  (null) Now listening on: http://100.80.78.64:5283 
## 2024-07-16 22:16:19,820 [1] INFO  (null) Application started. Press Ctrl+C to shut down. 
## 2024-07-16 22:16:19,825 [1] INFO  (null) Hosting environment: Development 
## 2024-07-16 22:16:19,829 [1] INFO  (null) Content root path: D:\C#_Project\AestheticsLink\WebAPI\ 
## 2024-07-16 22:22:34,826 [1] INFO  (null) Default Quartz.NET properties loaded from embedded resource file 
## 2024-07-16 22:22:34,997 [1] INFO  (null) Initialized Scheduler Signaller of type: Quartz.Core.SchedulerSignalerImpl 
## 2024-07-16 22:22:35,007 [1] INFO  (null) Quartz Scheduler created 
## 2024-07-16 22:22:35,010 [1] INFO  (null) RAMJobStore initialized. 
## 2024-07-16 22:22:35,012 [1] INFO  (null) Quartz Scheduler 3.11.0.0 - 'DefaultQuartzScheduler' with instanceId 'NON_CLUSTERED' initialized 
## 2024-07-16 22:22:35,013 [1] INFO  (null) Using thread pool 'Quartz.Simpl.DefaultThreadPool', size: 10 
## 2024-07-16 22:22:35,015 [1] INFO  (null) Using job store 'Quartz.Simpl.RAMJobStore', supports persistence: False, clustered: False 
## 2024-07-16 22:22:35,018 [1] INFO  (null) JobFactory set to: SingletonJobFactory 
## 2024-07-16 22:22:35,104 [1] INFO  (null) Scheduler DefaultQuartzScheduler_$_NON_CLUSTERED started. 
## 2024-07-16 22:22:35,596 [1] INFO  (null) Now listening on: http://100.80.78.64:5283 
## 2024-07-16 22:22:35,615 [1] INFO  (null) Application started. Press Ctrl+C to shut down. 
## 2024-07-16 22:22:35,621 [1] INFO  (null) Hosting environment: Development 
## 2024-07-16 22:22:35,625 [1] INFO  (null) Content root path: D:\C#_Project\AestheticsLink\WebAPI\ 
## 2024-07-16 22:30:07,771 [1] INFO  (null) Default Quartz.NET properties loaded from embedded resource file 
## 2024-07-16 22:30:07,926 [1] INFO  (null) Initialized Scheduler Signaller of type: Quartz.Core.SchedulerSignalerImpl 
## 2024-07-16 22:30:07,939 [1] INFO  (null) Quartz Scheduler created 
## 2024-07-16 22:30:07,944 [1] INFO  (null) RAMJobStore initialized. 
## 2024-07-16 22:30:07,947 [1] INFO  (null) Quartz Scheduler 3.11.0.0 - 'DefaultQuartzScheduler' with instanceId 'NON_CLUSTERED' initialized 
## 2024-07-16 22:30:07,949 [1] INFO  (null) Using thread pool 'Quartz.Simpl.DefaultThreadPool', size: 10 
## 2024-07-16 22:30:07,951 [1] INFO  (null) Using job store 'Quartz.Simpl.RAMJobStore', supports persistence: False, clustered: False 
## 2024-07-16 22:30:07,954 [1] INFO  (null) JobFactory set to: SingletonJobFactory 
## 2024-07-16 22:30:08,031 [1] INFO  (null) Scheduler DefaultQuartzScheduler_$_NON_CLUSTERED started. 
## 2024-07-16 22:30:18,297 [1] INFO  (null) Now listening on: http://100.80.78.64:5283 
## 2024-07-16 22:30:18,312 [1] INFO  (null) Application started. Press Ctrl+C to shut down. 
## 2024-07-16 22:30:18,321 [1] INFO  (null) Hosting environment: Development 
## 2024-07-16 22:30:18,327 [1] INFO  (null) Content root path: D:\C#_Project\AestheticsLink\WebAPI\ 
## 2024-07-16 22:30:36,521 [14] INFO  (null) Received login request: UID=1234567890 
## 2024-07-16 22:37:58,829 [1] INFO  (null) Default Quartz.NET properties loaded from embedded resource file 
## 2024-07-16 22:37:58,964 [1] INFO  (null) Initialized Scheduler Signaller of type: Quartz.Core.SchedulerSignalerImpl 
## 2024-07-16 22:37:58,974 [1] INFO  (null) Quartz Scheduler created 
## 2024-07-16 22:37:58,976 [1] INFO  (null) RAMJobStore initialized. 
## 2024-07-16 22:37:58,978 [1] INFO  (null) Quartz Scheduler 3.11.0.0 - 'DefaultQuartzScheduler' with instanceId 'NON_CLUSTERED' initialized 
## 2024-07-16 22:37:58,980 [1] INFO  (null) Using thread pool 'Quartz.Simpl.DefaultThreadPool', size: 10 
## 2024-07-16 22:37:58,982 [1] INFO  (null) Using job store 'Quartz.Simpl.RAMJobStore', supports persistence: False, clustered: False 
## 2024-07-16 22:37:58,986 [1] INFO  (null) JobFactory set to: SingletonJobFactory 
## 2024-07-16 22:37:59,065 [1] INFO  (null) Scheduler DefaultQuartzScheduler_$_NON_CLUSTERED started. 
## 2024-07-16 22:38:01,970 [1] INFO  (null) Now listening on: http://100.80.78.64:5283 
## 2024-07-16 22:38:01,981 [1] INFO  (null) Application started. Press Ctrl+C to shut down. 
## 2024-07-16 22:38:02,000 [1] INFO  (null) Hosting environment: Development 
## 2024-07-16 22:38:02,004 [1] INFO  (null) Content root path: D:\C#_Project\AestheticsLink\WebAPI\ 
## 2024-07-16 22:40:58,042 [24] INFO  (null) Received login request: UID=1 
## 2024-07-16 22:43:29,579 [42] INFO  (null) Received login request: UID=admin 
## 2024-07-16 22:44:31,686 [1] INFO  (null) Default Quartz.NET properties loaded from embedded resource file 
## 2024-07-16 22:44:31,811 [1] INFO  (null) Initialized Scheduler Signaller of type: Quartz.Core.SchedulerSignalerImpl 
## 2024-07-16 22:44:31,822 [1] INFO  (null) Quartz Scheduler created 
## 2024-07-16 22:44:31,824 [1] INFO  (null) RAMJobStore initialized. 
## 2024-07-16 22:44:31,826 [1] INFO  (null) Quartz Scheduler 3.11.0.0 - 'DefaultQuartzScheduler' with instanceId 'NON_CLUSTERED' initialized 
## 2024-07-16 22:44:31,827 [1] INFO  (null) Using thread pool 'Quartz.Simpl.DefaultThreadPool', size: 10 
## 2024-07-16 22:44:31,829 [1] INFO  (null) Using job store 'Quartz.Simpl.RAMJobStore', supports persistence: False, clustered: False 
## 2024-07-16 22:44:31,832 [1] INFO  (null) JobFactory set to: SingletonJobFactory 
## 2024-07-16 22:44:31,915 [1] INFO  (null) Scheduler DefaultQuartzScheduler_$_NON_CLUSTERED started. 
## 2024-07-16 22:44:58,357 [1] INFO  (null) Default Quartz.NET properties loaded from embedded resource file 
## 2024-07-16 22:44:58,492 [1] INFO  (null) Initialized Scheduler Signaller of type: Quartz.Core.SchedulerSignalerImpl 
## 2024-07-16 22:44:58,494 [1] INFO  (null) Quartz Scheduler created 
## 2024-07-16 22:44:58,505 [1] INFO  (null) RAMJobStore initialized. 
## 2024-07-16 22:44:58,507 [1] INFO  (null) Quartz Scheduler 3.11.0.0 - 'DefaultQuartzScheduler' with instanceId 'NON_CLUSTERED' initialized 
## 2024-07-16 22:44:58,509 [1] INFO  (null) Using thread pool 'Quartz.Simpl.DefaultThreadPool', size: 10 
## 2024-07-16 22:44:58,511 [1] INFO  (null) Using job store 'Quartz.Simpl.RAMJobStore', supports persistence: False, clustered: False 
## 2024-07-16 22:44:58,513 [1] INFO  (null) JobFactory set to: SingletonJobFactory 
## 2024-07-16 22:44:58,587 [1] INFO  (null) Scheduler DefaultQuartzScheduler_$_NON_CLUSTERED started. 
## 2024-07-16 22:44:58,928 [1] INFO  (null) Now listening on: http://192.168.43.146:5283 
## 2024-07-16 22:44:58,939 [1] INFO  (null) Application started. Press Ctrl+C to shut down. 
## 2024-07-16 22:44:58,943 [1] INFO  (null) Hosting environment: Development 
## 2024-07-16 22:44:58,946 [1] INFO  (null) Content root path: D:\C#_Project\AestheticsLink\WebAPI\ 
## 2024-07-16 22:45:42,652 [36] INFO  (null) Received login request: UID=1234567890 
## 2024-07-16 22:45:56,906 [37] INFO  (null) Received login request: UID=1 
## 2024-07-16 22:46:18,590 [33] INFO  (null) Received login request: UID=admin 
## 2024-07-16 23:23:43,741 [1] INFO  (null) Default Quartz.NET properties loaded from embedded resource file 
## 2024-07-16 23:23:43,814 [1] INFO  (null) Initialized Scheduler Signaller of type: Quartz.Core.SchedulerSignalerImpl 
## 2024-07-16 23:23:43,836 [1] INFO  (null) Quartz Scheduler created 
## 2024-07-16 23:23:43,837 [1] INFO  (null) RAMJobStore initialized. 
## 2024-07-16 23:23:43,838 [1] INFO  (null) Quartz Scheduler 3.11.0.0 - 'DefaultQuartzScheduler' with instanceId 'NON_CLUSTERED' initialized 
## 2024-07-16 23:23:43,840 [1] INFO  (null) Using thread pool 'Quartz.Simpl.DefaultThreadPool', size: 10 
## 2024-07-16 23:23:43,841 [1] INFO  (null) Using job store 'Quartz.Simpl.RAMJobStore', supports persistence: False, clustered: False 
## 2024-07-16 23:23:43,843 [1] INFO  (null) JobFactory set to: SingletonJobFactory 
## 2024-07-16 23:23:43,886 [1] INFO  (null) Scheduler DefaultQuartzScheduler_$_NON_CLUSTERED started. 
## 2024-07-16 23:23:44,086 [1] INFO  (null) Now listening on: http://192.168.43.146:5283 
## 2024-07-16 23:23:44,092 [1] INFO  (null) Application started. Press Ctrl+C to shut down. 
## 2024-07-16 23:23:44,095 [1] INFO  (null) Hosting environment: Development 
## 2024-07-16 23:23:44,097 [1] INFO  (null) Content root path: D:\C#_Project\AestheticsLink\WebAPI\ 
## 2024-07-16 23:23:55,328 [25] INFO  (null) Received login request: UID=1 
## 2024-07-16 23:28:20,990 [36] INFO  (null) Received login request: UID=1 
## 2024-07-16 23:30:56,574 [46] INFO  (null) Received login request: UID=1 
## 2024-07-16 23:35:31,004 [1] INFO  (null) Default Quartz.NET properties loaded from embedded resource file 
## 2024-07-16 23:35:31,129 [1] INFO  (null) Initialized Scheduler Signaller of type: Quartz.Core.SchedulerSignalerImpl 
## 2024-07-16 23:35:31,135 [1] INFO  (null) Quartz Scheduler created 
## 2024-07-16 23:35:31,136 [1] INFO  (null) RAMJobStore initialized. 
## 2024-07-16 23:35:31,137 [1] INFO  (null) Quartz Scheduler 3.11.0.0 - 'DefaultQuartzScheduler' with instanceId 'NON_CLUSTERED' initialized 
## 2024-07-16 23:35:31,138 [1] INFO  (null) Using thread pool 'Quartz.Simpl.DefaultThreadPool', size: 10 
## 2024-07-16 23:35:31,139 [1] INFO  (null) Using job store 'Quartz.Simpl.RAMJobStore', supports persistence: False, clustered: False 
## 2024-07-16 23:35:31,141 [1] INFO  (null) JobFactory set to: SingletonJobFactory 
## 2024-07-16 23:35:31,182 [1] INFO  (null) Scheduler DefaultQuartzScheduler_$_NON_CLUSTERED started. 
## 2024-07-16 23:35:31,391 [1] INFO  (null) Now listening on: http://192.168.43.146:5283 
## 2024-07-16 23:35:31,398 [1] INFO  (null) Application started. Press Ctrl+C to shut down. 
## 2024-07-16 23:35:31,401 [1] INFO  (null) Hosting environment: Development 
## 2024-07-16 23:35:31,403 [1] INFO  (null) Content root path: D:\C#_Project\AestheticsLink\WebAPI\ 
## 2024-07-16 23:36:44,349 [1] INFO  (null) Default Quartz.NET properties loaded from embedded resource file 
## 2024-07-16 23:36:44,435 [1] INFO  (null) Initialized Scheduler Signaller of type: Quartz.Core.SchedulerSignalerImpl 
## 2024-07-16 23:36:44,442 [1] INFO  (null) Quartz Scheduler created 
## 2024-07-16 23:36:44,444 [1] INFO  (null) RAMJobStore initialized. 
## 2024-07-16 23:36:44,445 [1] INFO  (null) Quartz Scheduler 3.11.0.0 - 'DefaultQuartzScheduler' with instanceId 'NON_CLUSTERED' initialized 
## 2024-07-16 23:36:44,446 [1] INFO  (null) Using thread pool 'Quartz.Simpl.DefaultThreadPool', size: 10 
## 2024-07-16 23:36:44,447 [1] INFO  (null) Using job store 'Quartz.Simpl.RAMJobStore', supports persistence: False, clustered: False 
## 2024-07-16 23:36:44,449 [1] INFO  (null) JobFactory set to: SingletonJobFactory 
## 2024-07-16 23:36:44,492 [1] INFO  (null) Scheduler DefaultQuartzScheduler_$_NON_CLUSTERED started. 
## 2024-07-16 23:36:44,713 [1] INFO  (null) Now listening on: http://192.168.43.146:5283 
## 2024-07-16 23:36:44,721 [1] INFO  (null) Application started. Press Ctrl+C to shut down. 
## 2024-07-16 23:36:44,723 [1] INFO  (null) Hosting environment: Development 
## 2024-07-16 23:36:44,725 [1] INFO  (null) Content root path: D:\C#_Project\AestheticsLink\WebAPI\ 
## 2024-07-16 23:37:00,364 [1] INFO  (null) Default Quartz.NET properties loaded from embedded resource file 
## 2024-07-16 23:37:00,444 [1] INFO  (null) Initialized Scheduler Signaller of type: Quartz.Core.SchedulerSignalerImpl 
## 2024-07-16 23:37:00,449 [1] INFO  (null) Quartz Scheduler created 
## 2024-07-16 23:37:00,450 [1] INFO  (null) RAMJobStore initialized. 
## 2024-07-16 23:37:00,452 [1] INFO  (null) Quartz Scheduler 3.11.0.0 - 'DefaultQuartzScheduler' with instanceId 'NON_CLUSTERED' initialized 
## 2024-07-16 23:37:00,453 [1] INFO  (null) Using thread pool 'Quartz.Simpl.DefaultThreadPool', size: 10 
## 2024-07-16 23:37:00,453 [1] INFO  (null) Using job store 'Quartz.Simpl.RAMJobStore', supports persistence: False, clustered: False 
## 2024-07-16 23:37:00,455 [1] INFO  (null) JobFactory set to: SingletonJobFactory 
## 2024-07-16 23:37:00,499 [1] INFO  (null) Scheduler DefaultQuartzScheduler_$_NON_CLUSTERED started. 
## 2024-07-16 23:37:00,765 [1] INFO  (null) Now listening on: http://192.168.43.146:5283 
## 2024-07-16 23:37:00,772 [1] INFO  (null) Application started. Press Ctrl+C to shut down. 
## 2024-07-16 23:37:00,775 [1] INFO  (null) Hosting environment: Development 
## 2024-07-16 23:37:00,778 [1] INFO  (null) Content root path: D:\C#_Project\AestheticsLink\WebAPI\ 
## 2024-07-16 23:40:12,720 [1] INFO  (null) Default Quartz.NET properties loaded from embedded resource file 
## 2024-07-16 23:40:12,787 [1] INFO  (null) Initialized Scheduler Signaller of type: Quartz.Core.SchedulerSignalerImpl 
## 2024-07-16 23:40:12,795 [1] INFO  (null) Quartz Scheduler created 
## 2024-07-16 23:40:12,796 [1] INFO  (null) RAMJobStore initialized. 
## 2024-07-16 23:40:12,797 [1] INFO  (null) Quartz Scheduler 3.11.0.0 - 'DefaultQuartzScheduler' with instanceId 'NON_CLUSTERED' initialized 
## 2024-07-16 23:40:12,798 [1] INFO  (null) Using thread pool 'Quartz.Simpl.DefaultThreadPool', size: 10 
## 2024-07-16 23:40:12,799 [1] INFO  (null) Using job store 'Quartz.Simpl.RAMJobStore', supports persistence: False, clustered: False 
## 2024-07-16 23:40:12,800 [1] INFO  (null) JobFactory set to: SingletonJobFactory 
## 2024-07-16 23:40:12,834 [1] INFO  (null) Scheduler DefaultQuartzScheduler_$_NON_CLUSTERED started. 
## 2024-07-16 23:40:13,035 [1] INFO  (null) Now listening on: http://192.168.43.146:5283 
## 2024-07-16 23:40:13,042 [1] INFO  (null) Application started. Press Ctrl+C to shut down. 
## 2024-07-16 23:40:13,045 [1] INFO  (null) Hosting environment: Development 
## 2024-07-16 23:40:13,047 [1] INFO  (null) Content root path: D:\C#_Project\AestheticsLink\WebAPI\ 
## 2024-07-16 23:40:44,289 [24] INFO  (null) Received login request: UID=1 
## 2024-07-16 23:41:34,086 [31] INFO  (null) Received login request: UID=1 
## 2024-07-16 23:44:35,876 [1] INFO  (null) Default Quartz.NET properties loaded from embedded resource file 
## 2024-07-16 23:44:35,962 [1] INFO  (null) Initialized Scheduler Signaller of type: Quartz.Core.SchedulerSignalerImpl 
## 2024-07-16 23:44:35,964 [1] INFO  (null) Quartz Scheduler created 
## 2024-07-16 23:44:35,970 [1] INFO  (null) RAMJobStore initialized. 
## 2024-07-16 23:44:35,972 [1] INFO  (null) Quartz Scheduler 3.11.0.0 - 'DefaultQuartzScheduler' with instanceId 'NON_CLUSTERED' initialized 
## 2024-07-16 23:44:35,973 [1] INFO  (null) Using thread pool 'Quartz.Simpl.DefaultThreadPool', size: 10 
## 2024-07-16 23:44:35,975 [1] INFO  (null) Using job store 'Quartz.Simpl.RAMJobStore', supports persistence: False, clustered: False 
## 2024-07-16 23:44:35,977 [1] INFO  (null) JobFactory set to: SingletonJobFactory 
## 2024-07-16 23:44:36,030 [1] INFO  (null) Scheduler DefaultQuartzScheduler_$_NON_CLUSTERED started. 
## 2024-07-16 23:44:36,242 [1] INFO  (null) Now listening on: http://192.168.43.146:5283 
## 2024-07-16 23:44:36,250 [1] INFO  (null) Application started. Press Ctrl+C to shut down. 
## 2024-07-16 23:44:36,252 [1] INFO  (null) Hosting environment: Development 
## 2024-07-16 23:44:36,254 [1] INFO  (null) Content root path: D:\C#_Project\AestheticsLink\WebAPI\ 
## 2024-07-16 23:47:14,460 [1] INFO  (null) Default Quartz.NET properties loaded from embedded resource file 
## 2024-07-16 23:47:14,554 [1] INFO  (null) Initialized Scheduler Signaller of type: Quartz.Core.SchedulerSignalerImpl 
## 2024-07-16 23:47:14,563 [1] INFO  (null) Quartz Scheduler created 
## 2024-07-16 23:47:14,565 [1] INFO  (null) RAMJobStore initialized. 
## 2024-07-16 23:47:14,567 [1] INFO  (null) Quartz Scheduler 3.11.0.0 - 'DefaultQuartzScheduler' with instanceId 'NON_CLUSTERED' initialized 
## 2024-07-16 23:47:14,569 [1] INFO  (null) Using thread pool 'Quartz.Simpl.DefaultThreadPool', size: 10 
## 2024-07-16 23:47:14,571 [1] INFO  (null) Using job store 'Quartz.Simpl.RAMJobStore', supports persistence: False, clustered: False 
## 2024-07-16 23:47:14,573 [1] INFO  (null) JobFactory set to: SingletonJobFactory 
## 2024-07-16 23:47:14,624 [1] INFO  (null) Scheduler DefaultQuartzScheduler_$_NON_CLUSTERED started. 
## 2024-07-16 23:47:14,889 [1] INFO  (null) Now listening on: http://192.168.43.146:5283 
## 2024-07-16 23:47:14,897 [1] INFO  (null) Application started. Press Ctrl+C to shut down. 
## 2024-07-16 23:47:14,901 [1] INFO  (null) Hosting environment: Development 
## 2024-07-16 23:47:14,904 [1] INFO  (null) Content root path: D:\C#_Project\AestheticsLink\WebAPI\ 
## 2024-07-16 23:49:52,099 [1] INFO  (null) Default Quartz.NET properties loaded from embedded resource file 
## 2024-07-16 23:49:52,172 [1] INFO  (null) Initialized Scheduler Signaller of type: Quartz.Core.SchedulerSignalerImpl 
## 2024-07-16 23:49:52,177 [1] INFO  (null) Quartz Scheduler created 
## 2024-07-16 23:49:52,178 [1] INFO  (null) RAMJobStore initialized. 
## 2024-07-16 23:49:52,179 [1] INFO  (null) Quartz Scheduler 3.11.0.0 - 'DefaultQuartzScheduler' with instanceId 'NON_CLUSTERED' initialized 
## 2024-07-16 23:49:52,180 [1] INFO  (null) Using thread pool 'Quartz.Simpl.DefaultThreadPool', size: 10 
## 2024-07-16 23:49:52,182 [1] INFO  (null) Using job store 'Quartz.Simpl.RAMJobStore', supports persistence: False, clustered: False 
## 2024-07-16 23:49:52,183 [1] INFO  (null) JobFactory set to: SingletonJobFactory 
## 2024-07-16 23:49:52,226 [1] INFO  (null) Scheduler DefaultQuartzScheduler_$_NON_CLUSTERED started. 
## 2024-07-16 23:49:52,420 [1] INFO  (null) Now listening on: http://192.168.43.146:5283 
## 2024-07-16 23:49:52,427 [1] INFO  (null) Application started. Press Ctrl+C to shut down. 
## 2024-07-16 23:49:52,429 [1] INFO  (null) Hosting environment: Development 
## 2024-07-16 23:49:52,431 [1] INFO  (null) Content root path: D:\C#_Project\AestheticsLink\WebAPI\ 
## 2024-07-16 23:56:50,921 [1] INFO  (null) Default Quartz.NET properties loaded from embedded resource file 
## 2024-07-16 23:56:50,996 [1] INFO  (null) Initialized Scheduler Signaller of type: Quartz.Core.SchedulerSignalerImpl 
## 2024-07-16 23:56:51,001 [1] INFO  (null) Quartz Scheduler created 
## 2024-07-16 23:56:51,002 [1] INFO  (null) RAMJobStore initialized. 
## 2024-07-16 23:56:51,004 [1] INFO  (null) Quartz Scheduler 3.11.0.0 - 'DefaultQuartzScheduler' with instanceId 'NON_CLUSTERED' initialized 
## 2024-07-16 23:56:51,005 [1] INFO  (null) Using thread pool 'Quartz.Simpl.DefaultThreadPool', size: 10 
## 2024-07-16 23:56:51,006 [1] INFO  (null) Using job store 'Quartz.Simpl.RAMJobStore', supports persistence: False, clustered: False 
## 2024-07-16 23:56:51,008 [1] INFO  (null) JobFactory set to: SingletonJobFactory 
## 2024-07-16 23:56:51,052 [1] INFO  (null) Scheduler DefaultQuartzScheduler_$_NON_CLUSTERED started. 
## 2024-07-16 23:56:51,270 [1] INFO  (null) Now listening on: http://192.168.43.146:5283 
## 2024-07-16 23:56:51,278 [1] INFO  (null) Application started. Press Ctrl+C to shut down. 
## 2024-07-16 23:56:51,281 [1] INFO  (null) Hosting environment: Development 
## 2024-07-16 23:56:51,283 [1] INFO  (null) Content root path: D:\C#_Project\AestheticsLink\WebAPI\ 
