## 2024-07-25 11:36:13,090 [1] INFO  (null) Default Quartz.NET properties loaded from embedded resource file 
## 2024-07-25 11:36:13,211 [1] INFO  (null) Initialized Scheduler Signaller of type: Quartz.Core.SchedulerSignalerImpl 
## 2024-07-25 11:36:13,213 [1] INFO  (null) Quartz Scheduler created 
## 2024-07-25 11:36:13,216 [1] INFO  (null) RAMJobStore initialized. 
## 2024-07-25 11:36:13,226 [1] INFO  (null) Quartz Scheduler 3.11.0.0 - 'DefaultQuartzScheduler' with instanceId 'NON_CLUSTERED' initialized 
## 2024-07-25 11:36:13,227 [1] INFO  (null) Using thread pool 'Quartz.Simpl.DefaultThreadPool', size: 10 
## 2024-07-25 11:36:13,229 [1] INFO  (null) Using job store 'Quartz.Simpl.RAMJobStore', supports persistence: False, clustered: False 
## 2024-07-25 11:36:13,231 [1] INFO  (null) JobFactory set to: QuartzJobLibrary.SingletonJobFactory 
## 2024-07-25 11:36:13,305 [1] INFO  (null) Scheduler DefaultQuartzScheduler_$_NON_CLUSTERED started. 
## 2024-07-25 11:36:13,607 [1] INFO  (null) Now listening on: http://192.168.123.27:5283 
## 2024-07-25 11:36:13,620 [1] INFO  (null) Application started. Press Ctrl+C to shut down. 
## 2024-07-25 11:36:13,623 [1] INFO  (null) Hosting environment: Development 
## 2024-07-25 11:36:13,627 [1] INFO  (null) Content root path: D:\C#_Project\AestheticsLink\WebAPI\ 
## 2024-07-25 11:36:49,421 [37] INFO  (null) CORS policy execution successful. 
## 2024-07-25 11:57:32,024 [1] INFO  (null) Default Quartz.NET properties loaded from embedded resource file 
## 2024-07-25 11:57:32,153 [1] INFO  (null) Initialized Scheduler Signaller of type: Quartz.Core.SchedulerSignalerImpl 
## 2024-07-25 11:57:32,164 [1] INFO  (null) Quartz Scheduler created 
## 2024-07-25 11:57:32,166 [1] INFO  (null) RAMJobStore initialized. 
## 2024-07-25 11:57:32,168 [1] INFO  (null) Quartz Scheduler 3.11.0.0 - 'DefaultQuartzScheduler' with instanceId 'NON_CLUSTERED' initialized 
## 2024-07-25 11:57:32,169 [1] INFO  (null) Using thread pool 'Quartz.Simpl.DefaultThreadPool', size: 10 
## 2024-07-25 11:57:32,170 [1] INFO  (null) Using job store 'Quartz.Simpl.RAMJobStore', supports persistence: False, clustered: False 
## 2024-07-25 11:57:32,173 [1] INFO  (null) JobFactory set to: QuartzJobLibrary.SingletonJobFactory 
## 2024-07-25 11:57:32,254 [1] INFO  (null) Scheduler DefaultQuartzScheduler_$_NON_CLUSTERED started. 
## 2024-07-25 11:57:32,560 [1] INFO  (null) Now listening on: http://192.168.123.27:5283 
## 2024-07-25 11:57:32,573 [1] INFO  (null) Application started. Press Ctrl+C to shut down. 
## 2024-07-25 11:57:32,578 [1] INFO  (null) Hosting environment: Development 
## 2024-07-25 11:57:32,582 [1] INFO  (null) Content root path: D:\C#_Project\AestheticsLink\WebAPI\ 
## 2024-07-25 11:59:53,961 [1] INFO  (null) Default Quartz.NET properties loaded from embedded resource file 
## 2024-07-25 11:59:54,105 [1] INFO  (null) Initialized Scheduler Signaller of type: Quartz.Core.SchedulerSignalerImpl 
## 2024-07-25 11:59:54,112 [1] INFO  (null) Quartz Scheduler created 
## 2024-07-25 11:59:54,114 [1] INFO  (null) RAMJobStore initialized. 
## 2024-07-25 11:59:54,116 [1] INFO  (null) Quartz Scheduler 3.11.0.0 - 'DefaultQuartzScheduler' with instanceId 'NON_CLUSTERED' initialized 
## 2024-07-25 11:59:54,117 [1] INFO  (null) Using thread pool 'Quartz.Simpl.DefaultThreadPool', size: 10 
## 2024-07-25 11:59:54,118 [1] INFO  (null) Using job store 'Quartz.Simpl.RAMJobStore', supports persistence: False, clustered: False 
## 2024-07-25 11:59:54,121 [1] INFO  (null) JobFactory set to: QuartzJobLibrary.SingletonJobFactory 
## 2024-07-25 11:59:54,210 [1] INFO  (null) Scheduler DefaultQuartzScheduler_$_NON_CLUSTERED started. 
## 2024-07-25 11:59:54,548 [1] INFO  (null) Now listening on: http://192.168.123.27:5283 
## 2024-07-25 11:59:54,564 [1] INFO  (null) Application started. Press Ctrl+C to shut down. 
## 2024-07-25 11:59:54,570 [1] INFO  (null) Hosting environment: Development 
## 2024-07-25 11:59:54,575 [1] INFO  (null) Content root path: D:\C#_Project\AestheticsLink\WebAPI\ 
## 2024-07-25 12:02:22,253 [1] INFO  (null) Default Quartz.NET properties loaded from embedded resource file 
## 2024-07-25 12:02:22,395 [1] INFO  (null) Initialized Scheduler Signaller of type: Quartz.Core.SchedulerSignalerImpl 
## 2024-07-25 12:02:22,399 [1] INFO  (null) Quartz Scheduler created 
## 2024-07-25 12:02:22,408 [1] INFO  (null) RAMJobStore initialized. 
## 2024-07-25 12:02:22,410 [1] INFO  (null) Quartz Scheduler 3.11.0.0 - 'DefaultQuartzScheduler' with instanceId 'NON_CLUSTERED' initialized 
## 2024-07-25 12:02:22,412 [1] INFO  (null) Using thread pool 'Quartz.Simpl.DefaultThreadPool', size: 10 
## 2024-07-25 12:02:22,413 [1] INFO  (null) Using job store 'Quartz.Simpl.RAMJobStore', supports persistence: False, clustered: False 
## 2024-07-25 12:02:22,416 [1] INFO  (null) JobFactory set to: QuartzJobLibrary.SingletonJobFactory 
## 2024-07-25 12:02:22,520 [1] INFO  (null) Scheduler DefaultQuartzScheduler_$_NON_CLUSTERED started. 
## 2024-07-25 12:02:22,948 [1] INFO  (null) Now listening on: http://192.168.123.27:5283 
## 2024-07-25 12:02:22,969 [1] INFO  (null) Application started. Press Ctrl+C to shut down. 
## 2024-07-25 12:02:22,977 [1] INFO  (null) Hosting environment: Development 
## 2024-07-25 12:02:22,986 [1] INFO  (null) Content root path: D:\C#_Project\AestheticsLink\WebAPI\ 
## 2024-07-25 12:03:48,528 [1] INFO  (null) Default Quartz.NET properties loaded from embedded resource file 
## 2024-07-25 12:03:48,669 [1] INFO  (null) Initialized Scheduler Signaller of type: Quartz.Core.SchedulerSignalerImpl 
## 2024-07-25 12:03:48,680 [1] INFO  (null) Quartz Scheduler created 
## 2024-07-25 12:03:48,682 [1] INFO  (null) RAMJobStore initialized. 
## 2024-07-25 12:03:48,684 [1] INFO  (null) Quartz Scheduler 3.11.0.0 - 'DefaultQuartzScheduler' with instanceId 'NON_CLUSTERED' initialized 
## 2024-07-25 12:03:48,686 [1] INFO  (null) Using thread pool 'Quartz.Simpl.DefaultThreadPool', size: 10 
## 2024-07-25 12:03:48,687 [1] INFO  (null) Using job store 'Quartz.Simpl.RAMJobStore', supports persistence: False, clustered: False 
## 2024-07-25 12:03:48,690 [1] INFO  (null) JobFactory set to: QuartzJobLibrary.SingletonJobFactory 
## 2024-07-25 12:04:11,511 [1] INFO  (null) Default Quartz.NET properties loaded from embedded resource file 
## 2024-07-25 12:04:11,629 [1] INFO  (null) Initialized Scheduler Signaller of type: Quartz.Core.SchedulerSignalerImpl 
## 2024-07-25 12:04:11,637 [1] INFO  (null) Quartz Scheduler created 
## 2024-07-25 12:04:11,639 [1] INFO  (null) RAMJobStore initialized. 
## 2024-07-25 12:04:11,641 [1] INFO  (null) Quartz Scheduler 3.11.0.0 - 'DefaultQuartzScheduler' with instanceId 'NON_CLUSTERED' initialized 
## 2024-07-25 12:04:11,643 [1] INFO  (null) Using thread pool 'Quartz.Simpl.DefaultThreadPool', size: 10 
## 2024-07-25 12:04:11,644 [1] INFO  (null) Using job store 'Quartz.Simpl.RAMJobStore', supports persistence: False, clustered: False 
## 2024-07-25 12:04:11,646 [1] INFO  (null) JobFactory set to: QuartzJobLibrary.SingletonJobFactory 
## 2024-07-25 12:04:11,724 [1] INFO  (null) Scheduler DefaultQuartzScheduler_$_NON_CLUSTERED started. 
## 2024-07-25 12:04:12,021 [1] INFO  (null) Now listening on: http://192.168.123.27:5283 
## 2024-07-25 12:04:12,034 [1] INFO  (null) Application started. Press Ctrl+C to shut down. 
## 2024-07-25 12:04:12,040 [1] INFO  (null) Hosting environment: Development 
## 2024-07-25 12:04:12,045 [1] INFO  (null) Content root path: D:\C#_Project\AestheticsLink\WebAPI\ 
## 2024-07-25 12:06:34,823 [1] INFO  (null) Default Quartz.NET properties loaded from embedded resource file 
## 2024-07-25 12:06:34,956 [1] INFO  (null) Initialized Scheduler Signaller of type: Quartz.Core.SchedulerSignalerImpl 
## 2024-07-25 12:06:34,967 [1] INFO  (null) Quartz Scheduler created 
## 2024-07-25 12:06:34,971 [1] INFO  (null) RAMJobStore initialized. 
## 2024-07-25 12:06:34,973 [1] INFO  (null) Quartz Scheduler 3.11.0.0 - 'DefaultQuartzScheduler' with instanceId 'NON_CLUSTERED' initialized 
## 2024-07-25 12:06:34,975 [1] INFO  (null) Using thread pool 'Quartz.Simpl.DefaultThreadPool', size: 10 
## 2024-07-25 12:06:34,976 [1] INFO  (null) Using job store 'Quartz.Simpl.RAMJobStore', supports persistence: False, clustered: False 
## 2024-07-25 12:06:34,980 [1] INFO  (null) JobFactory set to: QuartzJobLibrary.SingletonJobFactory 
## 2024-07-25 12:06:35,062 [1] INFO  (null) Scheduler DefaultQuartzScheduler_$_NON_CLUSTERED started. 
## 2024-07-25 12:06:35,403 [1] INFO  (null) Now listening on: http://192.168.123.27:5283 
## 2024-07-25 12:06:35,418 [1] INFO  (null) Application started. Press Ctrl+C to shut down. 
## 2024-07-25 12:06:35,425 [1] INFO  (null) Hosting environment: Development 
## 2024-07-25 12:06:35,429 [1] INFO  (null) Content root path: D:\C#_Project\AestheticsLink\WebAPI\ 
## 2024-07-25 12:09:42,772 [1] INFO  (null) Default Quartz.NET properties loaded from embedded resource file 
## 2024-07-25 12:09:42,897 [1] INFO  (null) Initialized Scheduler Signaller of type: Quartz.Core.SchedulerSignalerImpl 
## 2024-07-25 12:09:42,905 [1] INFO  (null) Quartz Scheduler created 
## 2024-07-25 12:09:42,907 [1] INFO  (null) RAMJobStore initialized. 
## 2024-07-25 12:09:42,909 [1] INFO  (null) Quartz Scheduler 3.11.0.0 - 'DefaultQuartzScheduler' with instanceId 'NON_CLUSTERED' initialized 
## 2024-07-25 12:09:42,910 [1] INFO  (null) Using thread pool 'Quartz.Simpl.DefaultThreadPool', size: 10 
## 2024-07-25 12:09:42,912 [1] INFO  (null) Using job store 'Quartz.Simpl.RAMJobStore', supports persistence: False, clustered: False 
## 2024-07-25 12:09:42,914 [1] INFO  (null) JobFactory set to: QuartzJobLibrary.SingletonJobFactory 
## 2024-07-25 12:09:42,985 [1] INFO  (null) Scheduler DefaultQuartzScheduler_$_NON_CLUSTERED started. 
## 2024-07-25 12:09:43,279 [1] INFO  (null) Now listening on: http://192.168.123.27:5283 
## 2024-07-25 12:09:43,291 [1] INFO  (null) Application started. Press Ctrl+C to shut down. 
## 2024-07-25 12:09:43,295 [1] INFO  (null) Hosting environment: Development 
## 2024-07-25 12:09:43,299 [1] INFO  (null) Content root path: D:\C#_Project\AestheticsLink\WebAPI\ 
## 2024-07-25 12:11:27,337 [1] INFO  (null) Default Quartz.NET properties loaded from embedded resource file 
## 2024-07-25 12:11:27,463 [1] INFO  (null) Initialized Scheduler Signaller of type: Quartz.Core.SchedulerSignalerImpl 
## 2024-07-25 12:11:27,471 [1] INFO  (null) Quartz Scheduler created 
## 2024-07-25 12:11:27,474 [1] INFO  (null) RAMJobStore initialized. 
## 2024-07-25 12:11:27,476 [1] INFO  (null) Quartz Scheduler 3.11.0.0 - 'DefaultQuartzScheduler' with instanceId 'NON_CLUSTERED' initialized 
## 2024-07-25 12:11:27,479 [1] INFO  (null) Using thread pool 'Quartz.Simpl.DefaultThreadPool', size: 10 
## 2024-07-25 12:11:27,481 [1] INFO  (null) Using job store 'Quartz.Simpl.RAMJobStore', supports persistence: False, clustered: False 
## 2024-07-25 12:11:27,484 [1] INFO  (null) JobFactory set to: QuartzJobLibrary.SingletonJobFactory 
## 2024-07-25 12:11:27,572 [1] INFO  (null) Scheduler DefaultQuartzScheduler_$_NON_CLUSTERED started. 
## 2024-07-25 12:11:27,900 [1] INFO  (null) Now listening on: http://192.168.123.27:5283 
## 2024-07-25 12:11:27,915 [1] INFO  (null) Application started. Press Ctrl+C to shut down. 
## 2024-07-25 12:11:27,920 [1] INFO  (null) Hosting environment: Development 
## 2024-07-25 12:11:27,924 [1] INFO  (null) Content root path: D:\C#_Project\AestheticsLink\WebAPI\ 
## 2024-07-25 12:12:26,292 [1] INFO  (null) Default Quartz.NET properties loaded from embedded resource file 
## 2024-07-25 12:12:26,424 [1] INFO  (null) Initialized Scheduler Signaller of type: Quartz.Core.SchedulerSignalerImpl 
## 2024-07-25 12:12:26,434 [1] INFO  (null) Quartz Scheduler created 
## 2024-07-25 12:12:26,436 [1] INFO  (null) RAMJobStore initialized. 
## 2024-07-25 12:12:26,439 [1] INFO  (null) Quartz Scheduler 3.11.0.0 - 'DefaultQuartzScheduler' with instanceId 'NON_CLUSTERED' initialized 
## 2024-07-25 12:12:26,440 [1] INFO  (null) Using thread pool 'Quartz.Simpl.DefaultThreadPool', size: 10 
## 2024-07-25 12:12:26,442 [1] INFO  (null) Using job store 'Quartz.Simpl.RAMJobStore', supports persistence: False, clustered: False 
## 2024-07-25 12:12:26,446 [1] INFO  (null) JobFactory set to: QuartzJobLibrary.SingletonJobFactory 
## 2024-07-25 12:12:26,533 [1] INFO  (null) Scheduler DefaultQuartzScheduler_$_NON_CLUSTERED started. 
## 2024-07-25 12:12:26,851 [1] INFO  (null) Now listening on: http://192.168.123.27:5283 
## 2024-07-25 12:12:26,864 [1] INFO  (null) Application started. Press Ctrl+C to shut down. 
## 2024-07-25 12:12:26,870 [1] INFO  (null) Hosting environment: Development 
## 2024-07-25 12:12:26,873 [1] INFO  (null) Content root path: D:\C#_Project\AestheticsLink\WebAPI\ 
## 2024-07-25 12:16:08,988 [1] INFO  (null) Default Quartz.NET properties loaded from embedded resource file 
## 2024-07-25 12:16:09,143 [1] INFO  (null) Initialized Scheduler Signaller of type: Quartz.Core.SchedulerSignalerImpl 
## 2024-07-25 12:16:09,152 [1] INFO  (null) Quartz Scheduler created 
## 2024-07-25 12:16:09,154 [1] INFO  (null) RAMJobStore initialized. 
## 2024-07-25 12:16:09,156 [1] INFO  (null) Quartz Scheduler 3.11.0.0 - 'DefaultQuartzScheduler' with instanceId 'NON_CLUSTERED' initialized 
## 2024-07-25 12:16:09,157 [1] INFO  (null) Using thread pool 'Quartz.Simpl.DefaultThreadPool', size: 10 
## 2024-07-25 12:16:09,159 [1] INFO  (null) Using job store 'Quartz.Simpl.RAMJobStore', supports persistence: False, clustered: False 
## 2024-07-25 12:16:09,161 [1] INFO  (null) JobFactory set to: QuartzJobLibrary.SingletonJobFactory 
## 2024-07-25 12:16:09,247 [1] INFO  (null) Scheduler DefaultQuartzScheduler_$_NON_CLUSTERED started. 
## 2024-07-25 12:16:09,641 [1] INFO  (null) Now listening on: http://192.168.123.27:5283 
## 2024-07-25 12:16:09,655 [1] INFO  (null) Application started. Press Ctrl+C to shut down. 
## 2024-07-25 12:16:09,660 [1] INFO  (null) Hosting environment: Development 
## 2024-07-25 12:16:09,664 [1] INFO  (null) Content root path: D:\C#_Project\AestheticsLink\WebAPI\ 
