## 2024-08-29 10:10:17,024 [1] INFO  (null) Default Quartz.NET properties loaded from embedded resource file 
## 2024-08-29 10:10:17,154 [1] INFO  (null) Initialized Scheduler Signaller of type: Quartz.Core.SchedulerSignalerImpl 
## 2024-08-29 10:10:17,156 [1] INFO  (null) Quartz Scheduler created 
## 2024-08-29 10:10:17,158 [1] INFO  (null) RAMJobStore initialized. 
## 2024-08-29 10:10:17,160 [1] INFO  (null) Quartz Scheduler 3.11.0.0 - 'DefaultQuartzScheduler' with instanceId 'NON_CLUSTERED' initialized 
## 2024-08-29 10:10:17,172 [1] INFO  (null) Using thread pool 'Quartz.Simpl.DefaultThreadPool', size: 10 
## 2024-08-29 10:10:17,174 [1] INFO  (null) Using job store 'Quartz.Simpl.RAMJobStore', supports persistence: False, clustered: False 
## 2024-08-29 10:10:17,177 [1] INFO  (null) JobFactory set to: QuartzJobLibrary.SingletonJobFactory 
## 2024-08-29 10:10:17,252 [1] INFO  (null) Scheduler DefaultQuartzScheduler_$_NON_CLUSTERED started. 
## 2024-08-29 10:10:19,477 [1] INFO  (null) Now listening on: http://localhost:5283 
## 2024-08-29 10:10:19,492 [1] INFO  (null) Application started. Press Ctrl+C to shut down. 
## 2024-08-29 10:10:19,498 [1] INFO  (null) Hosting environment: Development 
## 2024-08-29 10:10:19,502 [1] INFO  (null) Content root path: D:\Github\AestheticsLink\AestheticsLink\WebAPI\ 
## 2024-08-29 11:45:31,144 [1] INFO  (null) Default Quartz.NET properties loaded from embedded resource file 
## 2024-08-29 11:45:31,279 [1] INFO  (null) Initialized Scheduler Signaller of type: Quartz.Core.SchedulerSignalerImpl 
## 2024-08-29 11:45:31,281 [1] INFO  (null) Quartz Scheduler created 
## 2024-08-29 11:45:31,283 [1] INFO  (null) RAMJobStore initialized. 
## 2024-08-29 11:45:31,293 [1] INFO  (null) Quartz Scheduler 3.11.0.0 - 'DefaultQuartzScheduler' with instanceId 'NON_CLUSTERED' initialized 
## 2024-08-29 11:45:31,295 [1] INFO  (null) Using thread pool 'Quartz.Simpl.DefaultThreadPool', size: 10 
## 2024-08-29 11:45:31,296 [1] INFO  (null) Using job store 'Quartz.Simpl.RAMJobStore', supports persistence: False, clustered: False 
## 2024-08-29 11:45:31,298 [1] INFO  (null) JobFactory set to: QuartzJobLibrary.SingletonJobFactory 
## 2024-08-29 11:45:31,384 [1] INFO  (null) Scheduler DefaultQuartzScheduler_$_NON_CLUSTERED started. 
## 2024-08-29 11:45:33,524 [1] INFO  (null) Now listening on: http://localhost:5283 
## 2024-08-29 11:45:33,539 [1] INFO  (null) Application started. Press Ctrl+C to shut down. 
## 2024-08-29 11:45:33,545 [1] INFO  (null) Hosting environment: Development 
## 2024-08-29 11:45:33,550 [1] INFO  (null) Content root path: D:\C#_Project\new\AestheticsLink\WebAPI\ 
## 2024-08-29 11:46:14,541 [23] INFO  (null) CORS policy execution successful. 
## 2024-08-29 11:48:28,932 [1] INFO  (null) Default Quartz.NET properties loaded from embedded resource file 
## 2024-08-29 11:48:29,088 [1] INFO  (null) Initialized Scheduler Signaller of type: Quartz.Core.SchedulerSignalerImpl 
## 2024-08-29 11:48:29,090 [1] INFO  (null) Quartz Scheduler created 
## 2024-08-29 11:48:29,099 [1] INFO  (null) RAMJobStore initialized. 
## 2024-08-29 11:48:29,102 [1] INFO  (null) Quartz Scheduler 3.11.0.0 - 'DefaultQuartzScheduler' with instanceId 'NON_CLUSTERED' initialized 
## 2024-08-29 11:48:29,103 [1] INFO  (null) Using thread pool 'Quartz.Simpl.DefaultThreadPool', size: 10 
## 2024-08-29 11:48:29,105 [1] INFO  (null) Using job store 'Quartz.Simpl.RAMJobStore', supports persistence: False, clustered: False 
## 2024-08-29 11:48:29,108 [1] INFO  (null) JobFactory set to: QuartzJobLibrary.SingletonJobFactory 
## 2024-08-29 11:48:29,206 [1] INFO  (null) Scheduler DefaultQuartzScheduler_$_NON_CLUSTERED started. 
## 2024-08-29 11:48:31,337 [1] INFO  (null) Now listening on: http://localhost:5283 
## 2024-08-29 11:48:31,351 [1] INFO  (null) Application started. Press Ctrl+C to shut down. 
## 2024-08-29 11:48:31,356 [1] INFO  (null) Hosting environment: Development 
## 2024-08-29 11:48:31,362 [1] INFO  (null) Content root path: D:\C#_Project\new\AestheticsLink\WebAPI\ 
## 2024-08-29 11:48:42,996 [31] INFO  (null) CORS policy execution successful. 
## 2024-08-29 11:48:43,244 [31] INFO  (null) Received QueryCustomers request! 
## 2024-08-29 11:49:15,658 [36] INFO  (null) CORS policy execution successful. 
## 2024-08-29 11:49:15,690 [36] INFO  (null) Received QueryCustomers request! 
## 2024-08-29 11:49:35,238 [40] INFO  (null) CORS policy execution successful. 
## 2024-08-29 11:49:35,262 [40] INFO  (null) Received QueryCustomers request! 
## 2024-08-29 11:57:16,034 [1] INFO  (null) Default Quartz.NET properties loaded from embedded resource file 
## 2024-08-29 11:57:16,155 [1] INFO  (null) Initialized Scheduler Signaller of type: Quartz.Core.SchedulerSignalerImpl 
## 2024-08-29 11:57:16,162 [1] INFO  (null) Quartz Scheduler created 
## 2024-08-29 11:57:16,165 [1] INFO  (null) RAMJobStore initialized. 
## 2024-08-29 11:57:16,167 [1] INFO  (null) Quartz Scheduler 3.11.0.0 - 'DefaultQuartzScheduler' with instanceId 'NON_CLUSTERED' initialized 
## 2024-08-29 11:57:16,169 [1] INFO  (null) Using thread pool 'Quartz.Simpl.DefaultThreadPool', size: 10 
## 2024-08-29 11:57:16,171 [1] INFO  (null) Using job store 'Quartz.Simpl.RAMJobStore', supports persistence: False, clustered: False 
## 2024-08-29 11:57:16,175 [1] INFO  (null) JobFactory set to: QuartzJobLibrary.SingletonJobFactory 
## 2024-08-29 11:57:16,254 [1] INFO  (null) Scheduler DefaultQuartzScheduler_$_NON_CLUSTERED started. 
## 2024-08-29 11:57:18,187 [1] INFO  (null) Now listening on: http://localhost:5283 
## 2024-08-29 11:57:18,202 [1] INFO  (null) Application started. Press Ctrl+C to shut down. 
## 2024-08-29 11:57:18,211 [1] INFO  (null) Hosting environment: Development 
## 2024-08-29 11:57:18,218 [1] INFO  (null) Content root path: D:\C#_Project\new\AestheticsLink\WebAPI\ 
## 2024-08-29 11:57:48,634 [25] INFO  (null) CORS policy execution successful. 
## 2024-08-29 11:57:48,774 [25] INFO  (null) Received QueryServers request! 
## 2024-08-29 11:58:15,391 [30] INFO  (null) CORS policy execution successful. 
## 2024-08-29 11:58:15,401 [30] INFO  (null) Received QueryServers request! 
## 2024-08-29 11:58:31,892 [29] INFO  (null) CORS policy execution successful. 
## 2024-08-29 11:58:31,904 [29] INFO  (null) Received QueryServers request! 
## 2024-08-29 11:58:37,587 [32] INFO  (null) CORS policy execution successful. 
## 2024-08-29 11:58:53,778 [29] INFO  (null) CORS policy execution successful. 
## 2024-08-29 11:58:59,769 [32] INFO  (null) CORS policy execution successful. 
## 2024-08-29 11:59:00,696 [34] INFO  (null) CORS policy execution successful. 
## 2024-08-29 11:59:01,400 [30] INFO  (null) CORS policy execution successful. 
## 2024-08-29 11:59:11,332 [34] INFO  (null) CORS policy execution successful. 
## 2024-08-29 11:59:35,875 [29] INFO  (null) CORS policy execution successful. 
## 2024-08-29 11:59:38,161 [37] INFO  (null) CORS policy execution successful. 
## 2024-08-29 11:59:41,503 [29] INFO  (null) CORS policy execution successful. 
## 2024-08-29 11:59:41,509 [29] INFO  (null) Received QueryServers request! 
## 2024-08-29 11:59:46,297 [29] INFO  (null) CORS policy execution successful. 
## 2024-08-29 11:59:46,304 [29] INFO  (null) Received QueryServers request! 
## 2024-08-29 12:00:11,020 [37] INFO  (null) CORS policy execution successful. 
## 2024-08-29 12:00:11,026 [37] INFO  (null) Received QueryServers request! 
## 2024-08-29 12:00:25,183 [38] INFO  (null) CORS policy execution successful. 
## 2024-08-29 12:00:31,281 [40] INFO  (null) CORS policy execution successful. 
## 2024-08-29 12:00:38,995 [37] INFO  (null) CORS policy execution successful. 
## 2024-08-29 12:00:39,002 [37] INFO  (null) Received QueryServers request! 
## 2024-08-29 12:17:27,892 [72] INFO  (null) CORS policy execution successful. 
## 2024-08-29 12:17:27,905 [72] INFO  (null) Received QueryServers request! 
## 2024-08-29 12:17:55,490 [72] INFO  (null) CORS policy execution successful. 
## 2024-08-29 12:17:55,496 [72] INFO  (null) Received QueryServers request! 
## 2024-08-29 12:18:04,323 [1] INFO  (null) Default Quartz.NET properties loaded from embedded resource file 
## 2024-08-29 12:18:04,397 [1] INFO  (null) Initialized Scheduler Signaller of type: Quartz.Core.SchedulerSignalerImpl 
## 2024-08-29 12:18:04,402 [1] INFO  (null) Quartz Scheduler created 
## 2024-08-29 12:18:04,403 [1] INFO  (null) RAMJobStore initialized. 
## 2024-08-29 12:18:04,405 [1] INFO  (null) Quartz Scheduler 3.11.0.0 - 'DefaultQuartzScheduler' with instanceId 'NON_CLUSTERED' initialized 
## 2024-08-29 12:18:04,406 [1] INFO  (null) Using thread pool 'Quartz.Simpl.DefaultThreadPool', size: 10 
## 2024-08-29 12:18:04,407 [1] INFO  (null) Using job store 'Quartz.Simpl.RAMJobStore', supports persistence: False, clustered: False 
## 2024-08-29 12:18:04,409 [1] INFO  (null) JobFactory set to: QuartzJobLibrary.SingletonJobFactory 
## 2024-08-29 12:18:04,463 [1] INFO  (null) Scheduler DefaultQuartzScheduler_$_NON_CLUSTERED started. 
## 2024-08-29 12:18:05,695 [1] INFO  (null) Now listening on: http://localhost:5283 
## 2024-08-29 12:18:05,706 [1] INFO  (null) Application started. Press Ctrl+C to shut down. 
## 2024-08-29 12:18:05,711 [1] INFO  (null) Hosting environment: Development 
## 2024-08-29 12:18:05,713 [1] INFO  (null) Content root path: D:\C#_Project\new\AestheticsLink\WebAPI\ 
## 2024-08-29 12:18:25,218 [19] INFO  (null) CORS policy execution successful. 
## 2024-08-29 12:18:25,287 [19] INFO  (null) Received QueryServers request! 
## 2024-08-29 12:18:57,586 [6] INFO  (null) CORS policy execution successful. 
## 2024-08-29 12:18:57,596 [6] INFO  (null) Received QueryServers request! 
## 2024-08-29 21:05:30,349 [1] INFO  (null) Default Quartz.NET properties loaded from embedded resource file 
## 2024-08-29 21:05:30,508 [1] INFO  (null) Initialized Scheduler Signaller of type: Quartz.Core.SchedulerSignalerImpl 
## 2024-08-29 21:05:30,509 [1] INFO  (null) Quartz Scheduler created 
## 2024-08-29 21:05:30,511 [1] INFO  (null) RAMJobStore initialized. 
## 2024-08-29 21:05:30,513 [1] INFO  (null) Quartz Scheduler 3.11.0.0 - 'DefaultQuartzScheduler' with instanceId 'NON_CLUSTERED' initialized 
## 2024-08-29 21:05:30,524 [1] INFO  (null) Using thread pool 'Quartz.Simpl.DefaultThreadPool', size: 10 
## 2024-08-29 21:05:30,526 [1] INFO  (null) Using job store 'Quartz.Simpl.RAMJobStore', supports persistence: False, clustered: False 
## 2024-08-29 21:05:30,529 [1] INFO  (null) JobFactory set to: QuartzJobLibrary.SingletonJobFactory 
## 2024-08-29 21:05:30,631 [1] INFO  (null) Scheduler DefaultQuartzScheduler_$_NON_CLUSTERED started. 
## 2024-08-29 21:05:32,862 [1] INFO  (null) Now listening on: http://localhost:5283 
## 2024-08-29 21:05:32,877 [1] INFO  (null) Application started. Press Ctrl+C to shut down. 
## 2024-08-29 21:05:32,888 [1] INFO  (null) Hosting environment: Development 
## 2024-08-29 21:05:32,892 [1] INFO  (null) Content root path: D:\C#_Project\new\AestheticsLink\WebAPI\ 
## 2024-08-29 21:07:20,823 [27] INFO  (null) CORS policy execution successful. 
## 2024-08-29 21:07:20,980 [27] INFO  (null) Received DeleteServers request! 
## 2024-08-29 21:08:29,284 [34] INFO  (null) CORS policy execution successful. 
## 2024-08-29 21:08:29,325 [34] INFO  (null) Received QueryServers request! 
## 2024-08-29 21:08:42,733 [34] INFO  (null) CORS policy execution successful. 
## 2024-08-29 21:08:42,745 [34] INFO  (null) Received QueryServers request! 
## 2024-08-29 23:04:07,896 [1] INFO  (null) Default Quartz.NET properties loaded from embedded resource file 
## 2024-08-29 23:04:08,034 [1] INFO  (null) Initialized Scheduler Signaller of type: Quartz.Core.SchedulerSignalerImpl 
## 2024-08-29 23:04:08,050 [1] INFO  (null) Quartz Scheduler created 
## 2024-08-29 23:04:08,053 [1] INFO  (null) RAMJobStore initialized. 
## 2024-08-29 23:04:08,055 [1] INFO  (null) Quartz Scheduler 3.11.0.0 - 'DefaultQuartzScheduler' with instanceId 'NON_CLUSTERED' initialized 
## 2024-08-29 23:04:08,057 [1] INFO  (null) Using thread pool 'Quartz.Simpl.DefaultThreadPool', size: 10 
## 2024-08-29 23:04:08,059 [1] INFO  (null) Using job store 'Quartz.Simpl.RAMJobStore', supports persistence: False, clustered: False 
## 2024-08-29 23:04:08,061 [1] INFO  (null) JobFactory set to: QuartzJobLibrary.SingletonJobFactory 
## 2024-08-29 23:04:08,145 [1] INFO  (null) Scheduler DefaultQuartzScheduler_$_NON_CLUSTERED started. 
## 2024-08-29 23:04:10,150 [1] INFO  (null) Now listening on: http://localhost:5283 
## 2024-08-29 23:04:10,174 [1] INFO  (null) Application started. Press Ctrl+C to shut down. 
## 2024-08-29 23:04:10,183 [1] INFO  (null) Hosting environment: Development 
## 2024-08-29 23:04:10,189 [1] INFO  (null) Content root path: D:\C#_Project\new\AestheticsLink\WebAPI\ 
## 2024-08-29 23:04:30,074 [20] INFO  (null) CORS policy execution successful. 
## 2024-08-29 23:04:30,223 [20] INFO  (null) Received QueryHosAndDepInfo request! 
## 2024-08-29 23:05:21,129 [29] INFO  (null) CORS policy execution successful. 
## 2024-08-29 23:05:21,138 [29] INFO  (null) Received QueryHosAndDepInfo request! 
## 2024-08-29 23:09:26,989 [29] INFO  (null) CORS policy execution successful. 
## 2024-08-29 23:09:26,996 [29] INFO  (null) Received QueryHosAndDepInfo request! 
## 2024-08-29 23:09:33,645 [29] INFO  (null) CORS policy execution successful. 
## 2024-08-29 23:09:33,652 [29] INFO  (null) Received QueryHosAndDepInfo request! 
## 2024-08-29 23:10:09,245 [41] INFO  (null) CORS policy execution successful. 
## 2024-08-29 23:10:09,253 [41] INFO  (null) Received QueryHosAndDepInfo request! 
## 2024-08-29 23:10:17,547 [41] INFO  (null) CORS policy execution successful. 
## 2024-08-29 23:10:17,553 [41] INFO  (null) Received QueryHosAndDepInfo request! 
## 2024-08-29 23:13:39,637 [43] INFO  (null) CORS policy execution successful. 
## 2024-08-29 23:13:39,659 [43] INFO  (null) Received DeleteServers request! 
## 2024-08-29 23:14:09,516 [29] INFO  (null) CORS policy execution successful. 
## 2024-08-29 23:14:09,522 [29] INFO  (null) Received DeleteServers request! 
## 2024-08-29 23:14:27,906 [47] INFO  (null) CORS policy execution successful. 
## 2024-08-29 23:14:27,915 [47] INFO  (null) Received DeleteServers request! 
## 2024-08-29 23:14:32,870 [50] INFO  (null) CORS policy execution successful. 
## 2024-08-29 23:14:32,877 [50] INFO  (null) Received DeleteServers request! 
## 2024-08-29 23:15:12,622 [51] INFO  (null) CORS policy execution successful. 
## 2024-08-29 23:15:12,636 [51] INFO  (null) Received DeleteServers request! 
## 2024-08-29 23:16:22,311 [29] INFO  (null) CORS policy execution successful. 
## 2024-08-29 23:16:22,320 [29] INFO  (null) Received DeleteServers request! 
## 2024-08-29 23:20:06,596 [1] INFO  (null) Default Quartz.NET properties loaded from embedded resource file 
## 2024-08-29 23:20:06,721 [1] INFO  (null) Initialized Scheduler Signaller of type: Quartz.Core.SchedulerSignalerImpl 
## 2024-08-29 23:20:06,754 [1] INFO  (null) Quartz Scheduler created 
## 2024-08-29 23:20:06,762 [1] INFO  (null) RAMJobStore initialized. 
## 2024-08-29 23:20:06,765 [1] INFO  (null) Quartz Scheduler 3.11.0.0 - 'DefaultQuartzScheduler' with instanceId 'NON_CLUSTERED' initialized 
## 2024-08-29 23:20:06,768 [1] INFO  (null) Using thread pool 'Quartz.Simpl.DefaultThreadPool', size: 10 
## 2024-08-29 23:20:06,771 [1] INFO  (null) Using job store 'Quartz.Simpl.RAMJobStore', supports persistence: False, clustered: False 
## 2024-08-29 23:20:06,774 [1] INFO  (null) JobFactory set to: QuartzJobLibrary.SingletonJobFactory 
## 2024-08-29 23:20:06,858 [1] INFO  (null) Scheduler DefaultQuartzScheduler_$_NON_CLUSTERED started. 
## 2024-08-29 23:20:09,211 [1] INFO  (null) Now listening on: http://localhost:5283 
## 2024-08-29 23:20:09,225 [1] INFO  (null) Application started. Press Ctrl+C to shut down. 
## 2024-08-29 23:20:09,232 [1] INFO  (null) Hosting environment: Development 
## 2024-08-29 23:20:09,237 [1] INFO  (null) Content root path: D:\C#_Project\new\AestheticsLink\WebAPI\ 
## 2024-08-29 23:21:18,406 [30] INFO  (null) CORS policy execution successful. 
## 2024-08-29 23:21:18,526 [30] INFO  (null) Received DeleteServers request! 
## 2024-08-29 23:21:35,493 [33] INFO  (null) CORS policy execution successful. 
## 2024-08-29 23:21:35,509 [33] INFO  (null) Received DeleteServers request! 
## 2024-08-29 23:24:02,375 [41] INFO  (null) CORS policy execution successful. 
## 2024-08-29 23:24:02,389 [41] INFO  (null) Received DeleteServers request! 
