## 2024-09-04 10:30:37,699 [1] INFO  (null) Default Quartz.NET properties loaded from embedded resource file 
## 2024-09-04 10:30:37,848 [1] INFO  (null) Initialized Scheduler Signaller of type: Quartz.Core.SchedulerSignalerImpl 
## 2024-09-04 10:30:37,850 [1] INFO  (null) Quartz Scheduler created 
## 2024-09-04 10:30:37,859 [1] INFO  (null) RAMJobStore initialized. 
## 2024-09-04 10:30:37,862 [1] INFO  (null) Quartz Scheduler 3.11.0.0 - 'DefaultQuartzScheduler' with instanceId 'NON_CLUSTERED' initialized 
## 2024-09-04 10:30:37,863 [1] INFO  (null) Using thread pool 'Quartz.Simpl.DefaultThreadPool', size: 10 
## 2024-09-04 10:30:37,865 [1] INFO  (null) Using job store 'Quartz.Simpl.RAMJobStore', supports persistence: False, clustered: False 
## 2024-09-04 10:30:37,868 [1] INFO  (null) JobFactory set to: QuartzJobLibrary.SingletonJobFactory 
## 2024-09-04 10:30:37,956 [1] INFO  (null) Scheduler DefaultQuartzScheduler_$_NON_CLUSTERED started. 
## 2024-09-04 10:30:40,016 [1] INFO  (null) Now listening on: http://localhost:5283 
## 2024-09-04 10:30:40,034 [1] INFO  (null) Application started. Press Ctrl+C to shut down. 
## 2024-09-04 10:30:40,039 [1] INFO  (null) Hosting environment: Development 
## 2024-09-04 10:30:40,042 [1] INFO  (null) Content root path: D:\Github\AestheticsLink\AestheticsLink\WebAPI\ 
## 2024-09-04 10:31:10,016 [23] INFO  (null) CORS policy execution successful. 
## 2024-09-04 10:31:10,371 [23] INFO  (null) Received login request: SER_ID=2252550 
## 2024-09-04 10:31:49,640 [26] INFO  (null) CORS policy execution successful. 
## 2024-09-04 10:31:49,685 [26] INFO  (null) Received login request: SER_ID=2252550 
## 2024-09-04 10:32:09,208 [29] INFO  (null) CORS policy execution successful. 
## 2024-09-04 10:32:09,242 [29] INFO  (null) Received login request: SER_ID=2252958 
## 2024-09-04 10:37:54,380 [1] INFO  (null) Default Quartz.NET properties loaded from embedded resource file 
## 2024-09-04 10:37:54,555 [1] INFO  (null) Initialized Scheduler Signaller of type: Quartz.Core.SchedulerSignalerImpl 
## 2024-09-04 10:37:54,557 [1] INFO  (null) Quartz Scheduler created 
## 2024-09-04 10:37:54,560 [1] INFO  (null) RAMJobStore initialized. 
## 2024-09-04 10:37:54,562 [1] INFO  (null) Quartz Scheduler 3.11.0.0 - 'DefaultQuartzScheduler' with instanceId 'NON_CLUSTERED' initialized 
## 2024-09-04 10:37:54,574 [1] INFO  (null) Using thread pool 'Quartz.Simpl.DefaultThreadPool', size: 10 
## 2024-09-04 10:37:54,576 [1] INFO  (null) Using job store 'Quartz.Simpl.RAMJobStore', supports persistence: False, clustered: False 
## 2024-09-04 10:37:54,580 [1] INFO  (null) JobFactory set to: QuartzJobLibrary.SingletonJobFactory 
## 2024-09-04 10:37:54,676 [1] INFO  (null) Scheduler DefaultQuartzScheduler_$_NON_CLUSTERED started. 
## 2024-09-04 10:37:56,974 [1] INFO  (null) Now listening on: http://localhost:5283 
## 2024-09-04 10:37:56,989 [1] INFO  (null) Application started. Press Ctrl+C to shut down. 
## 2024-09-04 10:37:56,995 [1] INFO  (null) Hosting environment: Development 
## 2024-09-04 10:37:56,998 [1] INFO  (null) Content root path: D:\Github\AestheticsLink\AestheticsLink\WebAPI\ 
## 2024-09-04 10:38:17,974 [26] INFO  (null) CORS policy execution successful. 
## 2024-09-04 10:38:58,223 [26] INFO  (null) Received login request: SER_ID=2252550 
## 2024-09-04 10:41:59,124 [1] INFO  (null) Default Quartz.NET properties loaded from embedded resource file 
## 2024-09-04 10:41:59,255 [1] INFO  (null) Initialized Scheduler Signaller of type: Quartz.Core.SchedulerSignalerImpl 
## 2024-09-04 10:41:59,256 [1] INFO  (null) Quartz Scheduler created 
## 2024-09-04 10:41:59,266 [1] INFO  (null) RAMJobStore initialized. 
## 2024-09-04 10:41:59,268 [1] INFO  (null) Quartz Scheduler 3.11.0.0 - 'DefaultQuartzScheduler' with instanceId 'NON_CLUSTERED' initialized 
## 2024-09-04 10:41:59,270 [1] INFO  (null) Using thread pool 'Quartz.Simpl.DefaultThreadPool', size: 10 
## 2024-09-04 10:41:59,271 [1] INFO  (null) Using job store 'Quartz.Simpl.RAMJobStore', supports persistence: False, clustered: False 
## 2024-09-04 10:41:59,274 [1] INFO  (null) JobFactory set to: QuartzJobLibrary.SingletonJobFactory 
## 2024-09-04 10:41:59,357 [1] INFO  (null) Scheduler DefaultQuartzScheduler_$_NON_CLUSTERED started. 
## 2024-09-04 10:42:01,253 [1] INFO  (null) Now listening on: http://localhost:5283 
## 2024-09-04 10:42:01,268 [1] INFO  (null) Application started. Press Ctrl+C to shut down. 
## 2024-09-04 10:42:01,276 [1] INFO  (null) Hosting environment: Development 
## 2024-09-04 10:42:01,281 [1] INFO  (null) Content root path: D:\Github\AestheticsLink\AestheticsLink\WebAPI\ 
## 2024-09-04 10:42:15,528 [28] INFO  (null) CORS policy execution successful. 
## 2024-09-04 10:42:15,965 [28] INFO  (null) Received login request: SER_ID=2252550 
## 2024-09-04 10:44:48,516 [1] INFO  (null) Default Quartz.NET properties loaded from embedded resource file 
## 2024-09-04 10:44:48,643 [1] INFO  (null) Initialized Scheduler Signaller of type: Quartz.Core.SchedulerSignalerImpl 
## 2024-09-04 10:44:48,645 [1] INFO  (null) Quartz Scheduler created 
## 2024-09-04 10:44:48,655 [1] INFO  (null) RAMJobStore initialized. 
## 2024-09-04 10:44:48,657 [1] INFO  (null) Quartz Scheduler 3.11.0.0 - 'DefaultQuartzScheduler' with instanceId 'NON_CLUSTERED' initialized 
## 2024-09-04 10:44:48,659 [1] INFO  (null) Using thread pool 'Quartz.Simpl.DefaultThreadPool', size: 10 
## 2024-09-04 10:44:48,661 [1] INFO  (null) Using job store 'Quartz.Simpl.RAMJobStore', supports persistence: False, clustered: False 
## 2024-09-04 10:44:48,664 [1] INFO  (null) JobFactory set to: QuartzJobLibrary.SingletonJobFactory 
## 2024-09-04 10:44:48,746 [1] INFO  (null) Scheduler DefaultQuartzScheduler_$_NON_CLUSTERED started. 
## 2024-09-04 10:44:50,513 [1] INFO  (null) Now listening on: http://localhost:5283 
## 2024-09-04 10:44:50,526 [1] INFO  (null) Application started. Press Ctrl+C to shut down. 
## 2024-09-04 10:44:50,531 [1] INFO  (null) Hosting environment: Development 
## 2024-09-04 10:44:50,535 [1] INFO  (null) Content root path: D:\Github\AestheticsLink\AestheticsLink\WebAPI\ 
## 2024-09-04 10:45:02,992 [23] INFO  (null) CORS policy execution successful. 
## 2024-09-04 10:45:03,476 [23] INFO  (null) Received login request: SER_ID=2252550 
## 2024-09-04 10:53:47,481 [1] INFO  (null) Default Quartz.NET properties loaded from embedded resource file 
## 2024-09-04 10:53:47,628 [1] INFO  (null) Initialized Scheduler Signaller of type: Quartz.Core.SchedulerSignalerImpl 
## 2024-09-04 10:53:47,630 [1] INFO  (null) Quartz Scheduler created 
## 2024-09-04 10:53:47,642 [1] INFO  (null) RAMJobStore initialized. 
## 2024-09-04 10:53:47,644 [1] INFO  (null) Quartz Scheduler 3.11.0.0 - 'DefaultQuartzScheduler' with instanceId 'NON_CLUSTERED' initialized 
## 2024-09-04 10:53:47,646 [1] INFO  (null) Using thread pool 'Quartz.Simpl.DefaultThreadPool', size: 10 
## 2024-09-04 10:53:47,648 [1] INFO  (null) Using job store 'Quartz.Simpl.RAMJobStore', supports persistence: False, clustered: False 
## 2024-09-04 10:53:47,650 [1] INFO  (null) JobFactory set to: QuartzJobLibrary.SingletonJobFactory 
## 2024-09-04 10:53:47,731 [1] INFO  (null) Scheduler DefaultQuartzScheduler_$_NON_CLUSTERED started. 
## 2024-09-04 10:53:50,089 [1] INFO  (null) Now listening on: http://localhost:5283 
## 2024-09-04 10:53:50,104 [1] INFO  (null) Application started. Press Ctrl+C to shut down. 
## 2024-09-04 10:53:50,109 [1] INFO  (null) Hosting environment: Development 
## 2024-09-04 10:53:50,115 [1] INFO  (null) Content root path: D:\Github\AestheticsLink\AestheticsLink\WebAPI\ 
## 2024-09-04 10:54:01,298 [21] INFO  (null) CORS policy execution successful. 
## 2024-09-04 10:54:01,740 [6] INFO  (null) Received login request: SER_ID=2252550 
## 2024-09-04 11:01:16,154 [47] INFO  (null) CORS policy execution successful. 
## 2024-09-04 11:01:16,199 [47] INFO  (null) Received QueryHosAndDepInfo request! 
## 2024-09-04 11:01:22,099 [54] INFO  (null) CORS policy execution successful. 
## 2024-09-04 11:01:22,109 [54] INFO  (null) Received QueryHosAndDepInfo request! 
## 2024-09-04 11:01:31,784 [53] INFO  (null) CORS policy execution successful. 
## 2024-09-04 11:01:31,796 [53] INFO  (null) Received QueryHosAndDepInfo request! 
## 2024-09-04 13:16:34,177 [1] INFO  (null) Default Quartz.NET properties loaded from embedded resource file 
## 2024-09-04 13:16:34,261 [1] INFO  (null) Initialized Scheduler Signaller of type: Quartz.Core.SchedulerSignalerImpl 
## 2024-09-04 13:16:34,262 [1] INFO  (null) Quartz Scheduler created 
## 2024-09-04 13:16:34,263 [1] INFO  (null) RAMJobStore initialized. 
## 2024-09-04 13:16:34,264 [1] INFO  (null) Quartz Scheduler 3.11.0.0 - 'DefaultQuartzScheduler' with instanceId 'NON_CLUSTERED' initialized 
## 2024-09-04 13:16:34,265 [1] INFO  (null) Using thread pool 'Quartz.Simpl.DefaultThreadPool', size: 10 
## 2024-09-04 13:16:34,273 [1] INFO  (null) Using job store 'Quartz.Simpl.RAMJobStore', supports persistence: False, clustered: False 
## 2024-09-04 13:16:34,276 [1] INFO  (null) JobFactory set to: QuartzJobLibrary.SingletonJobFactory 
## 2024-09-04 13:16:34,328 [1] INFO  (null) Scheduler DefaultQuartzScheduler_$_NON_CLUSTERED started. 
## 2024-09-04 13:16:35,649 [1] INFO  (null) Now listening on: http://localhost:5283 
## 2024-09-04 13:16:35,659 [1] INFO  (null) Application started. Press Ctrl+C to shut down. 
## 2024-09-04 13:16:35,662 [1] INFO  (null) Hosting environment: Development 
## 2024-09-04 13:16:35,664 [1] INFO  (null) Content root path: D:\C#_Project\new\AestheticsLink\WebAPI\ 
## 2024-09-04 15:52:08,394 [1] INFO  (null) Default Quartz.NET properties loaded from embedded resource file 
## 2024-09-04 15:52:08,512 [1] INFO  (null) Initialized Scheduler Signaller of type: Quartz.Core.SchedulerSignalerImpl 
## 2024-09-04 15:52:08,521 [1] INFO  (null) Quartz Scheduler created 
## 2024-09-04 15:52:08,523 [1] INFO  (null) RAMJobStore initialized. 
## 2024-09-04 15:52:08,526 [1] INFO  (null) Quartz Scheduler 3.11.0.0 - 'DefaultQuartzScheduler' with instanceId 'NON_CLUSTERED' initialized 
## 2024-09-04 15:52:08,527 [1] INFO  (null) Using thread pool 'Quartz.Simpl.DefaultThreadPool', size: 10 
## 2024-09-04 15:52:08,529 [1] INFO  (null) Using job store 'Quartz.Simpl.RAMJobStore', supports persistence: False, clustered: False 
## 2024-09-04 15:52:08,531 [1] INFO  (null) JobFactory set to: QuartzJobLibrary.SingletonJobFactory 
## 2024-09-04 15:52:08,615 [1] INFO  (null) Scheduler DefaultQuartzScheduler_$_NON_CLUSTERED started. 
## 2024-09-04 15:52:10,249 [1] INFO  (null) Now listening on: http://localhost:5283 
## 2024-09-04 15:52:10,260 [1] INFO  (null) Application started. Press Ctrl+C to shut down. 
## 2024-09-04 15:52:10,265 [1] INFO  (null) Hosting environment: Development 
## 2024-09-04 15:52:10,269 [1] INFO  (null) Content root path: D:\C#_Project\new\AestheticsLink\WebAPI\ 
## 2024-09-04 16:37:15,986 [1] INFO  (null) Default Quartz.NET properties loaded from embedded resource file 
## 2024-09-04 16:37:16,113 [1] INFO  (null) Initialized Scheduler Signaller of type: Quartz.Core.SchedulerSignalerImpl 
## 2024-09-04 16:37:16,114 [1] INFO  (null) Quartz Scheduler created 
## 2024-09-04 16:37:16,122 [1] INFO  (null) RAMJobStore initialized. 
## 2024-09-04 16:37:16,124 [1] INFO  (null) Quartz Scheduler 3.11.0.0 - 'DefaultQuartzScheduler' with instanceId 'NON_CLUSTERED' initialized 
## 2024-09-04 16:37:16,125 [1] INFO  (null) Using thread pool 'Quartz.Simpl.DefaultThreadPool', size: 10 
## 2024-09-04 16:37:16,127 [1] INFO  (null) Using job store 'Quartz.Simpl.RAMJobStore', supports persistence: False, clustered: False 
## 2024-09-04 16:37:16,129 [1] INFO  (null) JobFactory set to: QuartzJobLibrary.SingletonJobFactory 
## 2024-09-04 16:37:16,201 [1] INFO  (null) Scheduler DefaultQuartzScheduler_$_NON_CLUSTERED started. 
## 2024-09-04 16:37:17,785 [1] INFO  (null) Now listening on: http://localhost:5283 
## 2024-09-04 16:37:17,799 [1] INFO  (null) Application started. Press Ctrl+C to shut down. 
## 2024-09-04 16:37:17,806 [1] INFO  (null) Hosting environment: Development 
## 2024-09-04 16:37:17,811 [1] INFO  (null) Content root path: D:\C#_Project\new\AestheticsLink\WebAPI\ 
## 2024-09-04 16:40:13,219 [1] INFO  (null) Default Quartz.NET properties loaded from embedded resource file 
## 2024-09-04 16:40:13,345 [1] INFO  (null) Initialized Scheduler Signaller of type: Quartz.Core.SchedulerSignalerImpl 
## 2024-09-04 16:40:13,355 [1] INFO  (null) Quartz Scheduler created 
## 2024-09-04 16:40:13,357 [1] INFO  (null) RAMJobStore initialized. 
## 2024-09-04 16:40:13,359 [1] INFO  (null) Quartz Scheduler 3.11.0.0 - 'DefaultQuartzScheduler' with instanceId 'NON_CLUSTERED' initialized 
## 2024-09-04 16:40:13,361 [1] INFO  (null) Using thread pool 'Quartz.Simpl.DefaultThreadPool', size: 10 
## 2024-09-04 16:40:13,362 [1] INFO  (null) Using job store 'Quartz.Simpl.RAMJobStore', supports persistence: False, clustered: False 
## 2024-09-04 16:40:13,365 [1] INFO  (null) JobFactory set to: QuartzJobLibrary.SingletonJobFactory 
## 2024-09-04 16:40:13,439 [1] INFO  (null) Scheduler DefaultQuartzScheduler_$_NON_CLUSTERED started. 
## 2024-09-04 16:40:14,974 [1] INFO  (null) Now listening on: http://localhost:5283 
## 2024-09-04 16:40:14,985 [1] INFO  (null) Application started. Press Ctrl+C to shut down. 
## 2024-09-04 16:40:14,989 [1] INFO  (null) Hosting environment: Development 
## 2024-09-04 16:40:14,992 [1] INFO  (null) Content root path: D:\C#_Project\new\AestheticsLink\WebAPI\ 
