2024-07-26 14:11:27,372 [19] WARN  [Microsoft.AspNetCore.HttpsPolicy.HttpsRedirectionMiddleware] (null) - Failed to determine the https port for redirect.
2024-07-26 14:13:29,945 [33] ERROR [WebAPI.Controllers.LoginController] (null) - An unexpected error occurred while processing the order request: UID=1
System.ArgumentException: ORA-50028: Invalid parameter binding (Parameter 'time')
   at OracleInternal.ServiceObjects.OracleFailoverMgrImpl.OnError(OracleConnection connection, CallHistoryRecord chr, Object mi, Exception ex, Boolean bTopLevelCall, Boolean& bCanRecordNewCall)
   at Oracle.ManagedDataAccess.Client.OracleCommand.ExecuteDbDataReader(CommandBehavior behavior)
   at System.Data.Common.DbCommand.System.Data.IDbCommand.ExecuteReader(CommandBehavior behavior)
   at SqlSugar.AdoProvider.GetDataReader(String sql, SugarParameter[] parameters)
   at SqlSugar.AdoProvider.SqlQuery[T,T2,T3,T4,T5,T6,T7](String sql, Object parameters)
   at SqlSugar.AdoProvider.SqlQuery[T](String sql, SugarParameter[] parameters)
   at SqlSugar.AdoProvider.SqlQuery[T](String sql, Object parameters)
   at WebAPI.Controllers.OrderPlaceController.ChooseRest(RestChoiceDto restChoiceDto) in D:\database\AestheticsLink\AestheticsLink\WebAPI\Controllers\OrderPlaceController.cs:line 79
2024-07-26 14:17:02,522 [5] WARN  [Microsoft.AspNetCore.HttpsPolicy.HttpsRedirectionMiddleware] (null) - Failed to determine the https port for redirect.
2024-07-26 14:18:44,205 [15] ERROR [WebAPI.Controllers.LoginController] (null) - An unexpected error occurred while processing the order request: UID=1
System.ArgumentException: ORA-50028: Invalid parameter binding (Parameter 'time')
   at OracleInternal.ServiceObjects.OracleFailoverMgrImpl.OnError(OracleConnection connection, CallHistoryRecord chr, Object mi, Exception ex, Boolean bTopLevelCall, Boolean& bCanRecordNewCall)
   at Oracle.ManagedDataAccess.Client.OracleCommand.ExecuteDbDataReader(CommandBehavior behavior)
   at System.Data.Common.DbCommand.System.Data.IDbCommand.ExecuteReader(CommandBehavior behavior)
   at SqlSugar.AdoProvider.GetDataReader(String sql, SugarParameter[] parameters)
   at SqlSugar.AdoProvider.SqlQuery[T,T2,T3,T4,T5,T6,T7](String sql, Object parameters)
   at SqlSugar.AdoProvider.SqlQuery[T](String sql, SugarParameter[] parameters)
   at SqlSugar.AdoProvider.SqlQuery[T](String sql, Object parameters)
   at WebAPI.Controllers.OrderPlaceController.ChooseRest(RestChoiceDto restChoiceDto)
2024-07-26 14:19:16,654 [15] ERROR [WebAPI.Controllers.LoginController] (null) - An unexpected error occurred while processing the order request: UID=1
Oracle.ManagedDataAccess.Client.OracleException (0x80004005): ORA-00933: SQL 命令未正确结束
https://docs.oracle.com/error-help/db/ora-00933/
   at OracleInternal.ServiceObjects.OracleFailoverMgrImpl.OnError(OracleConnection connection, CallHistoryRecord chr, Object mi, Exception ex, Boolean bTopLevelCall, Boolean& bCanRecordNewCall)
   at Oracle.ManagedDataAccess.Client.OracleCommand.ExecuteDbDataReader(CommandBehavior behavior)
   at System.Data.Common.DbCommand.System.Data.IDbCommand.ExecuteReader(CommandBehavior behavior)
   at SqlSugar.AdoProvider.GetDataReader(String sql, SugarParameter[] parameters)
   at SqlSugar.AdoProvider.SqlQuery[T,T2,T3,T4,T5,T6,T7](String sql, Object parameters)
   at SqlSugar.AdoProvider.SqlQuery[T](String sql, SugarParameter[] parameters)
   at SqlSugar.AdoProvider.SqlQuery[T](String sql, Object parameters)
   at WebAPI.Controllers.OrderPlaceController.ChooseRest(RestChoiceDto restChoiceDto)
2024-07-26 14:27:28,428 [17] WARN  [Microsoft.AspNetCore.HttpsPolicy.HttpsRedirectionMiddleware] (null) - Failed to determine the https port for redirect.
2024-07-26 14:28:07,895 [17] ERROR [WebAPI.Controllers.LoginController] (null) - An unexpected error occurred while processing the order request: UID=1
Oracle.ManagedDataAccess.Client.OracleException (0x80004005): ORA-00933: SQL 命令未正确结束
https://docs.oracle.com/error-help/db/ora-00933/
   at OracleInternal.ServiceObjects.OracleFailoverMgrImpl.OnError(OracleConnection connection, CallHistoryRecord chr, Object mi, Exception ex, Boolean bTopLevelCall, Boolean& bCanRecordNewCall)
   at Oracle.ManagedDataAccess.Client.OracleCommand.ExecuteDbDataReader(CommandBehavior behavior)
   at System.Data.Common.DbCommand.System.Data.IDbCommand.ExecuteReader(CommandBehavior behavior)
   at SqlSugar.AdoProvider.GetDataReader(String sql, SugarParameter[] parameters)
   at SqlSugar.AdoProvider.SqlQuery[T,T2,T3,T4,T5,T6,T7](String sql, Object parameters)
   at SqlSugar.AdoProvider.SqlQuery[T](String sql, SugarParameter[] parameters)
   at SqlSugar.AdoProvider.SqlQuery[T](String sql, Object parameters)
   at WebAPI.Controllers.OrderPlaceController.ChooseRest(RestChoiceDto restChoiceDto) in D:\database\AestheticsLink\AestheticsLink\WebAPI\Controllers\OrderPlaceController.cs:line 79
2024-07-26 14:31:51,526 [31] ERROR [WebAPI.Controllers.LoginController] (null) - An unexpected error occurred while processing the order request: UID=1
Oracle.ManagedDataAccess.Client.OracleException (0x80004005): ORA-00932: 数据类型不一致: 应为 DATE, 但却获得 NUMBER
https://docs.oracle.com/error-help/db/ora-00932/
   at OracleInternal.ServiceObjects.OracleFailoverMgrImpl.OnError(OracleConnection connection, CallHistoryRecord chr, Object mi, Exception ex, Boolean bTopLevelCall, Boolean& bCanRecordNewCall)
   at Oracle.ManagedDataAccess.Client.OracleCommand.ExecuteDbDataReader(CommandBehavior behavior)
   at System.Data.Common.DbCommand.System.Data.IDbCommand.ExecuteReader(CommandBehavior behavior)
   at SqlSugar.AdoProvider.GetDataReader(String sql, SugarParameter[] parameters)
   at SqlSugar.AdoProvider.SqlQuery[T,T2,T3,T4,T5,T6,T7](String sql, Object parameters)
   at SqlSugar.AdoProvider.SqlQuery[T](String sql, SugarParameter[] parameters)
   at SqlSugar.AdoProvider.SqlQuery[T](String sql, Object parameters)
   at WebAPI.Controllers.OrderPlaceController.ChooseRest(RestChoiceDto restChoiceDto)
2024-07-26 14:33:03,780 [44] ERROR [WebAPI.Controllers.LoginController] (null) - An unexpected error occurred while processing the order request: UID=1
Oracle.ManagedDataAccess.Client.OracleException (0x80004005): ORA-00904: "PROJ_ID": 标识符无效
https://docs.oracle.com/error-help/db/ora-00904/
   at OracleInternal.ServiceObjects.OracleFailoverMgrImpl.OnError(OracleConnection connection, CallHistoryRecord chr, Object mi, Exception ex, Boolean bTopLevelCall, Boolean& bCanRecordNewCall)
   at Oracle.ManagedDataAccess.Client.OracleCommand.ExecuteDbDataReader(CommandBehavior behavior)
   at System.Data.Common.DbCommand.System.Data.IDbCommand.ExecuteReader(CommandBehavior behavior)
   at SqlSugar.AdoProvider.GetDataReader(String sql, SugarParameter[] parameters)
   at SqlSugar.AdoProvider.SqlQuery[T,T2,T3,T4,T5,T6,T7](String sql, Object parameters)
   at SqlSugar.AdoProvider.SqlQuery[T](String sql, SugarParameter[] parameters)
   at SqlSugar.AdoProvider.SqlQuery[T](String sql, Object parameters)
   at WebAPI.Controllers.OrderPlaceController.ChooseRest(RestChoiceDto restChoiceDto)
2024-07-26 14:36:06,914 [34] ERROR [WebAPI.Controllers.LoginController] (null) - An unexpected error occurred while processing the order request: UID=1
System.ArgumentOutOfRangeException: Index was out of range. Must be non-negative and less than the size of the collection. (Parameter 'index')
   at System.Collections.Generic.List`1.get_Item(Int32 index)
   at WebAPI.Controllers.OrderPlaceController.ChooseRest(RestChoiceDto restChoiceDto)
2024-07-26 14:38:06,496 [17] WARN  [Microsoft.AspNetCore.HttpsPolicy.HttpsRedirectionMiddleware] (null) - Failed to determine the https port for redirect.
2024-07-26 14:40:04,893 [19] WARN  [Microsoft.AspNetCore.HttpsPolicy.HttpsRedirectionMiddleware] (null) - Failed to determine the https port for redirect.
2024-07-26 14:42:13,478 [17] WARN  [Microsoft.AspNetCore.HttpsPolicy.HttpsRedirectionMiddleware] (null) - Failed to determine the https port for redirect.
2024-07-26 14:48:21,173 [23] WARN  [Microsoft.AspNetCore.HttpsPolicy.HttpsRedirectionMiddleware] (null) - Failed to determine the https port for redirect.
2024-07-26 14:56:54,483 [21] WARN  [Microsoft.AspNetCore.HttpsPolicy.HttpsRedirectionMiddleware] (null) - Failed to determine the https port for redirect.
2024-07-26 14:57:34,604 [26] ERROR [WebAPI.Controllers.LoginController] (null) - An unexpected error occurred while processing the order request: UID=1
System.ArgumentOutOfRangeException: Index was out of range. Must be non-negative and less than the size of the collection. (Parameter 'index')
   at System.Collections.Generic.List`1.get_Item(Int32 index)
   at WebAPI.Controllers.OrderPlaceController.ChooseRest(RestChoiceDto restChoiceDto) in D:\database\AestheticsLink\AestheticsLink\WebAPI\Controllers\OrderPlaceController.cs:line 93
2024-07-26 14:59:56,814 [28] ERROR [WebAPI.Controllers.LoginController] (null) - An unexpected error occurred while processing the order request: UID=1
System.ArgumentOutOfRangeException: Index was out of range. Must be non-negative and less than the size of the collection. (Parameter 'index')
   at System.Collections.Generic.List`1.get_Item(Int32 index)
   at WebAPI.Controllers.OrderPlaceController.ChooseRest(RestChoiceDto restChoiceDto) in D:\database\AestheticsLink\AestheticsLink\WebAPI\Controllers\OrderPlaceController.cs:line 93
2024-07-26 15:03:57,703 [15] WARN  [Microsoft.AspNetCore.HttpsPolicy.HttpsRedirectionMiddleware] (null) - Failed to determine the https port for redirect.
2024-07-26 15:04:07,873 [15] ERROR [WebAPI.Controllers.LoginController] (null) - An unexpected error occurred while processing the order request: UID=1
System.Exception: 订单创建失败
   at OrderService.OrdersService.AddBill(PlaceOrderDto order) in D:\database\AestheticsLink\AestheticsLink\OrderService\OrderService.cs:line 86
   at WebAPI.Controllers.OrderPlaceController.PlaceOrder(PlaceOrderDto placeOrderDto) in D:\database\AestheticsLink\AestheticsLink\WebAPI\Controllers\OrderPlaceController.cs:line 38
2024-07-26 15:04:35,015 [23] ERROR [WebAPI.Controllers.LoginController] (null) - An unexpected error occurred while processing the order request: UID=1
System.Exception: 订单创建失败
   at OrderService.OrdersService.AddBill(PlaceOrderDto order) in D:\database\AestheticsLink\AestheticsLink\OrderService\OrderService.cs:line 86
   at WebAPI.Controllers.OrderPlaceController.PlaceOrder(PlaceOrderDto placeOrderDto) in D:\database\AestheticsLink\AestheticsLink\WebAPI\Controllers\OrderPlaceController.cs:line 38
2024-07-26 15:05:05,811 [25] ERROR [WebAPI.Controllers.LoginController] (null) - An unexpected error occurred while processing the order request: UID=1
System.Exception: 订单创建失败
   at OrderService.OrdersService.AddBill(PlaceOrderDto order) in D:\database\AestheticsLink\AestheticsLink\OrderService\OrderService.cs:line 86
   at WebAPI.Controllers.OrderPlaceController.PlaceOrder(PlaceOrderDto placeOrderDto) in D:\database\AestheticsLink\AestheticsLink\WebAPI\Controllers\OrderPlaceController.cs:line 38
2024-07-26 15:05:53,905 [24] ERROR [WebAPI.Controllers.LoginController] (null) - An unexpected error occurred while processing the order request: UID=1
System.Exception: 订单创建失败
   at OrderService.OrdersService.AddBill(PlaceOrderDto order) in D:\database\AestheticsLink\AestheticsLink\OrderService\OrderService.cs:line 86
   at WebAPI.Controllers.OrderPlaceController.PlaceOrder(PlaceOrderDto placeOrderDto) in D:\database\AestheticsLink\AestheticsLink\WebAPI\Controllers\OrderPlaceController.cs:line 38
2024-07-26 15:06:38,073 [28] ERROR [WebAPI.Controllers.LoginController] (null) - An unexpected error occurred while processing the order request: UID=1
System.Exception: 订单创建失败
   at OrderService.OrdersService.AddBill(PlaceOrderDto order) in D:\database\AestheticsLink\AestheticsLink\OrderService\OrderService.cs:line 86
   at WebAPI.Controllers.OrderPlaceController.PlaceOrder(PlaceOrderDto placeOrderDto) in D:\database\AestheticsLink\AestheticsLink\WebAPI\Controllers\OrderPlaceController.cs:line 38
2024-07-26 15:10:41,154 [19] WARN  [Microsoft.AspNetCore.HttpsPolicy.HttpsRedirectionMiddleware] (null) - Failed to determine the https port for redirect.
2024-07-26 15:13:52,761 [3] WARN  [Microsoft.AspNetCore.HttpsPolicy.HttpsRedirectionMiddleware] (null) - Failed to determine the https port for redirect.
2024-07-26 15:16:05,268 [24] WARN  [Microsoft.AspNetCore.HttpsPolicy.HttpsRedirectionMiddleware] (null) - Failed to determine the https port for redirect.
2024-07-26 15:17:40,907 [18] WARN  [Microsoft.AspNetCore.HttpsPolicy.HttpsRedirectionMiddleware] (null) - Failed to determine the https port for redirect.
