## 2024-08-18 17:43:23,982 [1] INFO  (null) Default Quartz.NET properties loaded from embedded resource file 
## 2024-08-18 17:43:24,063 [1] INFO  (null) Initialized Scheduler Signaller of type: Quartz.Core.SchedulerSignalerImpl 
## 2024-08-18 17:43:24,064 [1] INFO  (null) Quartz Scheduler created 
## 2024-08-18 17:43:24,065 [1] INFO  (null) RAMJobStore initialized. 
## 2024-08-18 17:43:24,066 [1] INFO  (null) Quartz Scheduler 3.11.0.0 - 'DefaultQuartzScheduler' with instanceId 'NON_CLUSTERED' initialized 
## 2024-08-18 17:43:24,066 [1] INFO  (null) Using thread pool 'Quartz.Simpl.DefaultThreadPool', size: 10 
## 2024-08-18 17:43:24,067 [1] INFO  (null) Using job store 'Quartz.Simpl.RAMJobStore', supports persistence: False, clustered: False 
## 2024-08-18 17:43:24,068 [1] INFO  (null) JobFactory set to: SingletonJobFactory 
## 2024-08-18 17:43:24,125 [1] INFO  (null) Scheduler DefaultQuartzScheduler_$_NON_CLUSTERED started. 
## 2024-08-18 17:43:24,636 [1] INFO  (null) Now listening on: http://localhost:8081 
## 2024-08-18 17:43:24,646 [1] INFO  (null) Application started. Press Ctrl+C to shut down. 
## 2024-08-18 17:43:24,650 [1] INFO  (null) Hosting environment: Development 
## 2024-08-18 17:43:24,653 [1] INFO  (null) Content root path: D:\database\AestheticsLink\AestheticsLink\WebAPI\ 
## 2024-08-18 17:43:44,014 [16] INFO  (null) CORS policy execution successful. 
## 2024-08-18 17:44:25,210 [1] INFO  (null) Default Quartz.NET properties loaded from embedded resource file 
## 2024-08-18 17:44:25,291 [1] INFO  (null) Initialized Scheduler Signaller of type: Quartz.Core.SchedulerSignalerImpl 
## 2024-08-18 17:44:25,293 [1] INFO  (null) Quartz Scheduler created 
## 2024-08-18 17:44:25,298 [1] INFO  (null) RAMJobStore initialized. 
## 2024-08-18 17:44:25,299 [1] INFO  (null) Quartz Scheduler 3.11.0.0 - 'DefaultQuartzScheduler' with instanceId 'NON_CLUSTERED' initialized 
## 2024-08-18 17:44:25,300 [1] INFO  (null) Using thread pool 'Quartz.Simpl.DefaultThreadPool', size: 10 
## 2024-08-18 17:44:25,301 [1] INFO  (null) Using job store 'Quartz.Simpl.RAMJobStore', supports persistence: False, clustered: False 
## 2024-08-18 17:44:25,303 [1] INFO  (null) JobFactory set to: SingletonJobFactory 
## 2024-08-18 17:44:25,351 [1] INFO  (null) Scheduler DefaultQuartzScheduler_$_NON_CLUSTERED started. 
## 2024-08-18 17:44:25,579 [1] INFO  (null) Now listening on: http://localhost:8081 
## 2024-08-18 17:44:25,587 [1] INFO  (null) Application started. Press Ctrl+C to shut down. 
## 2024-08-18 17:44:25,590 [1] INFO  (null) Hosting environment: Development 
## 2024-08-18 17:44:25,592 [1] INFO  (null) Content root path: D:\database\AestheticsLink\AestheticsLink\WebAPI\ 
## 2024-08-18 17:44:46,159 [17] INFO  (null) CORS policy execution successful. 
## 2024-08-18 17:45:41,149 [1] INFO  (null) Default Quartz.NET properties loaded from embedded resource file 
## 2024-08-18 17:45:41,230 [1] INFO  (null) Initialized Scheduler Signaller of type: Quartz.Core.SchedulerSignalerImpl 
## 2024-08-18 17:45:41,236 [1] INFO  (null) Quartz Scheduler created 
## 2024-08-18 17:45:41,237 [1] INFO  (null) RAMJobStore initialized. 
## 2024-08-18 17:45:41,238 [1] INFO  (null) Quartz Scheduler 3.11.0.0 - 'DefaultQuartzScheduler' with instanceId 'NON_CLUSTERED' initialized 
## 2024-08-18 17:45:41,239 [1] INFO  (null) Using thread pool 'Quartz.Simpl.DefaultThreadPool', size: 10 
## 2024-08-18 17:45:41,239 [1] INFO  (null) Using job store 'Quartz.Simpl.RAMJobStore', supports persistence: False, clustered: False 
## 2024-08-18 17:45:41,241 [1] INFO  (null) JobFactory set to: SingletonJobFactory 
## 2024-08-18 17:45:41,290 [1] INFO  (null) Scheduler DefaultQuartzScheduler_$_NON_CLUSTERED started. 
## 2024-08-18 17:45:41,497 [1] INFO  (null) Now listening on: http://localhost:8081 
## 2024-08-18 17:45:41,505 [1] INFO  (null) Application started. Press Ctrl+C to shut down. 
## 2024-08-18 17:45:41,508 [1] INFO  (null) Hosting environment: Development 
## 2024-08-18 17:45:41,510 [1] INFO  (null) Content root path: D:\database\AestheticsLink\AestheticsLink\WebAPI\ 
## 2024-08-18 17:45:48,300 [13] INFO  (null) CORS policy execution successful. 
