2024-07-17 00:00:00,035 [8] DEBUG [Quartz.Core.QuartzSchedulerThread] (null) - Batch acquisition of 0 triggers
2024-07-17 00:00:00,078 [24] DEBUG [Quartz.Core.JobRunShell] (null) - Calling Execute on job DEFAULT.UpdateAt0amService.UpdateAt0am.UpdateSigninService
2024-07-17 00:00:00,840 [25] DEBUG [Quartz.Core.JobRunShell] (null) - Trigger instruction : NoInstruction
2024-07-17 00:00:26,181 [8] DEBUG [Quartz.Core.QuartzSchedulerThread] (null) - Batch acquisition of 0 triggers
2024-07-17 00:00:49,798 [8] DEBUG [Quartz.Core.QuartzSchedulerThread] (null) - Batch acquisition of 0 triggers
2024-07-17 00:01:13,747 [8] DEBUG [Quartz.Core.QuartzSchedulerThread] (null) - Batch acquisition of 0 triggers
2024-07-17 00:01:39,311 [8] DEBUG [Quartz.Core.QuartzSchedulerThread] (null) - Batch acquisition of 0 triggers
2024-07-17 00:02:09,303 [8] DEBUG [Quartz.Core.QuartzSchedulerThread] (null) - Batch acquisition of 0 triggers
2024-07-17 00:02:37,668 [8] DEBUG [Quartz.Core.QuartzSchedulerThread] (null) - Batch acquisition of 0 triggers
2024-07-17 00:03:07,197 [8] DEBUG [Quartz.Core.QuartzSchedulerThread] (null) - Batch acquisition of 0 triggers
2024-07-17 00:03:36,320 [8] DEBUG [Quartz.Core.QuartzSchedulerThread] (null) - Batch acquisition of 0 triggers
2024-07-17 00:04:06,032 [8] DEBUG [Quartz.Core.QuartzSchedulerThread] (null) - Batch acquisition of 0 triggers
2024-07-17 00:04:29,801 [8] DEBUG [Quartz.Core.QuartzSchedulerThread] (null) - Batch acquisition of 0 triggers
2024-07-17 10:46:14,509 [1] DEBUG [Quartz.Simpl.TaskSchedulingThreadPool] (null) - TaskSchedulingThreadPool configured with max concurrency of 10 and TaskScheduler ThreadPoolTaskScheduler.
2024-07-17 10:46:14,638 [5] DEBUG [Quartz.Core.QuartzSchedulerThread] (null) - Batch acquisition of 0 triggers
2024-07-17 10:46:39,227 [5] DEBUG [Quartz.Core.QuartzSchedulerThread] (null) - Batch acquisition of 0 triggers
2024-07-17 10:47:07,257 [5] DEBUG [Quartz.Core.QuartzSchedulerThread] (null) - Batch acquisition of 0 triggers
2024-07-17 10:47:32,357 [5] DEBUG [Quartz.Core.QuartzSchedulerThread] (null) - Batch acquisition of 0 triggers
2024-07-17 10:48:00,375 [5] DEBUG [Quartz.Core.QuartzSchedulerThread] (null) - Batch acquisition of 0 triggers
2024-07-17 10:48:30,305 [5] DEBUG [Quartz.Core.QuartzSchedulerThread] (null) - Batch acquisition of 0 triggers
2024-07-17 10:48:53,368 [5] DEBUG [Quartz.Core.QuartzSchedulerThread] (null) - Batch acquisition of 0 triggers
2024-07-17 10:49:18,493 [5] DEBUG [Quartz.Core.QuartzSchedulerThread] (null) - Batch acquisition of 0 triggers
2024-07-17 10:49:41,670 [5] DEBUG [Quartz.Core.QuartzSchedulerThread] (null) - Batch acquisition of 0 triggers
2024-07-17 10:50:07,191 [5] DEBUG [Quartz.Core.QuartzSchedulerThread] (null) - Batch acquisition of 0 triggers
2024-07-17 10:50:31,867 [5] DEBUG [Quartz.Core.QuartzSchedulerThread] (null) - Batch acquisition of 0 triggers
2024-07-17 10:50:56,527 [5] DEBUG [Quartz.Core.QuartzSchedulerThread] (null) - Batch acquisition of 0 triggers
2024-07-17 10:51:21,708 [5] DEBUG [Quartz.Core.QuartzSchedulerThread] (null) - Batch acquisition of 0 triggers
2024-07-17 10:51:44,943 [5] DEBUG [Quartz.Core.QuartzSchedulerThread] (null) - Batch acquisition of 0 triggers
2024-07-17 10:52:14,527 [5] DEBUG [Quartz.Core.QuartzSchedulerThread] (null) - Batch acquisition of 0 triggers
2024-07-17 10:52:40,589 [5] DEBUG [Quartz.Core.QuartzSchedulerThread] (null) - Batch acquisition of 0 triggers
2024-07-17 10:53:09,954 [5] DEBUG [Quartz.Core.QuartzSchedulerThread] (null) - Batch acquisition of 0 triggers
2024-07-17 10:53:35,597 [5] DEBUG [Quartz.Core.QuartzSchedulerThread] (null) - Batch acquisition of 0 triggers
2024-07-17 10:53:59,226 [5] DEBUG [Quartz.Core.QuartzSchedulerThread] (null) - Batch acquisition of 0 triggers
2024-07-17 10:54:23,542 [5] DEBUG [Quartz.Core.QuartzSchedulerThread] (null) - Batch acquisition of 0 triggers
2024-07-17 10:54:52,023 [5] DEBUG [Quartz.Core.QuartzSchedulerThread] (null) - Batch acquisition of 0 triggers
2024-07-17 10:55:20,907 [5] DEBUG [Quartz.Core.QuartzSchedulerThread] (null) - Batch acquisition of 0 triggers
2024-07-17 10:55:45,614 [5] DEBUG [Quartz.Core.QuartzSchedulerThread] (null) - Batch acquisition of 0 triggers
2024-07-17 10:56:13,044 [5] DEBUG [Quartz.Core.QuartzSchedulerThread] (null) - Batch acquisition of 0 triggers
2024-07-17 10:56:40,054 [5] DEBUG [Quartz.Core.QuartzSchedulerThread] (null) - Batch acquisition of 0 triggers
2024-07-17 10:57:06,084 [5] DEBUG [Quartz.Core.QuartzSchedulerThread] (null) - Batch acquisition of 0 triggers
2024-07-17 10:57:32,456 [5] DEBUG [Quartz.Core.QuartzSchedulerThread] (null) - Batch acquisition of 0 triggers
2024-07-17 10:57:57,329 [5] DEBUG [Quartz.Core.QuartzSchedulerThread] (null) - Batch acquisition of 0 triggers
2024-07-17 10:58:22,244 [5] DEBUG [Quartz.Core.QuartzSchedulerThread] (null) - Batch acquisition of 0 triggers
2024-07-17 10:58:46,715 [5] DEBUG [Quartz.Core.QuartzSchedulerThread] (null) - Batch acquisition of 0 triggers
2024-07-17 10:59:11,998 [5] DEBUG [Quartz.Core.QuartzSchedulerThread] (null) - Batch acquisition of 0 triggers
2024-07-17 10:59:36,817 [5] DEBUG [Quartz.Core.QuartzSchedulerThread] (null) - Batch acquisition of 0 triggers
2024-07-17 11:00:02,428 [5] DEBUG [Quartz.Core.QuartzSchedulerThread] (null) - Batch acquisition of 0 triggers
2024-07-17 11:00:29,027 [5] DEBUG [Quartz.Core.QuartzSchedulerThread] (null) - Batch acquisition of 0 triggers
2024-07-17 11:34:07,933 [1] DEBUG [Quartz.Simpl.TaskSchedulingThreadPool] (null) - TaskSchedulingThreadPool configured with max concurrency of 10 and TaskScheduler ThreadPoolTaskScheduler.
2024-07-17 11:34:08,035 [9] DEBUG [Quartz.Core.QuartzSchedulerThread] (null) - Batch acquisition of 0 triggers
2024-07-17 11:34:33,115 [9] DEBUG [Quartz.Core.QuartzSchedulerThread] (null) - Batch acquisition of 0 triggers
2024-07-17 11:34:58,293 [9] DEBUG [Quartz.Core.QuartzSchedulerThread] (null) - Batch acquisition of 0 triggers
2024-07-17 11:35:21,640 [9] DEBUG [Quartz.Core.QuartzSchedulerThread] (null) - Batch acquisition of 0 triggers
2024-07-17 11:35:47,805 [9] DEBUG [Quartz.Core.QuartzSchedulerThread] (null) - Batch acquisition of 0 triggers
2024-07-17 11:36:11,337 [9] DEBUG [Quartz.Core.QuartzSchedulerThread] (null) - Batch acquisition of 0 triggers
2024-07-17 11:36:37,449 [9] DEBUG [Quartz.Core.QuartzSchedulerThread] (null) - Batch acquisition of 0 triggers
2024-07-17 11:37:06,683 [9] DEBUG [Quartz.Core.QuartzSchedulerThread] (null) - Batch acquisition of 0 triggers
2024-07-17 11:37:31,710 [9] DEBUG [Quartz.Core.QuartzSchedulerThread] (null) - Batch acquisition of 0 triggers
2024-07-17 11:38:01,084 [9] DEBUG [Quartz.Core.QuartzSchedulerThread] (null) - Batch acquisition of 0 triggers
2024-07-17 11:38:30,490 [9] DEBUG [Quartz.Core.QuartzSchedulerThread] (null) - Batch acquisition of 0 triggers
2024-07-17 11:38:55,546 [9] DEBUG [Quartz.Core.QuartzSchedulerThread] (null) - Batch acquisition of 0 triggers
2024-07-17 11:39:23,093 [9] DEBUG [Quartz.Core.QuartzSchedulerThread] (null) - Batch acquisition of 0 triggers
2024-07-17 11:39:51,069 [9] DEBUG [Quartz.Core.QuartzSchedulerThread] (null) - Batch acquisition of 0 triggers
2024-07-17 11:40:18,844 [9] DEBUG [Quartz.Core.QuartzSchedulerThread] (null) - Batch acquisition of 0 triggers
2024-07-17 11:40:48,164 [9] DEBUG [Quartz.Core.QuartzSchedulerThread] (null) - Batch acquisition of 0 triggers
2024-07-17 11:41:15,978 [9] DEBUG [Quartz.Core.QuartzSchedulerThread] (null) - Batch acquisition of 0 triggers
2024-07-17 11:41:44,856 [9] DEBUG [Quartz.Core.QuartzSchedulerThread] (null) - Batch acquisition of 0 triggers
2024-07-17 11:42:11,229 [9] DEBUG [Quartz.Core.QuartzSchedulerThread] (null) - Batch acquisition of 0 triggers
2024-07-17 11:42:37,357 [9] DEBUG [Quartz.Core.QuartzSchedulerThread] (null) - Batch acquisition of 0 triggers
2024-07-17 11:43:05,404 [9] DEBUG [Quartz.Core.QuartzSchedulerThread] (null) - Batch acquisition of 0 triggers
2024-07-17 11:43:29,027 [9] DEBUG [Quartz.Core.QuartzSchedulerThread] (null) - Batch acquisition of 0 triggers
2024-07-17 11:43:54,513 [9] DEBUG [Quartz.Core.QuartzSchedulerThread] (null) - Batch acquisition of 0 triggers
2024-07-17 11:44:24,329 [9] DEBUG [Quartz.Core.QuartzSchedulerThread] (null) - Batch acquisition of 0 triggers
2024-07-17 11:44:52,986 [9] DEBUG [Quartz.Core.QuartzSchedulerThread] (null) - Batch acquisition of 0 triggers
2024-07-17 11:45:28,833 [1] DEBUG [Quartz.Simpl.TaskSchedulingThreadPool] (null) - TaskSchedulingThreadPool configured with max concurrency of 10 and TaskScheduler ThreadPoolTaskScheduler.
2024-07-17 11:45:28,926 [5] DEBUG [Quartz.Core.QuartzSchedulerThread] (null) - Batch acquisition of 0 triggers
2024-07-17 11:45:52,204 [5] DEBUG [Quartz.Core.QuartzSchedulerThread] (null) - Batch acquisition of 0 triggers
2024-07-17 11:46:19,364 [5] DEBUG [Quartz.Core.QuartzSchedulerThread] (null) - Batch acquisition of 0 triggers
2024-07-17 11:46:49,334 [5] DEBUG [Quartz.Core.QuartzSchedulerThread] (null) - Batch acquisition of 0 triggers
2024-07-17 11:47:15,971 [5] DEBUG [Quartz.Core.QuartzSchedulerThread] (null) - Batch acquisition of 0 triggers
2024-07-17 11:47:43,928 [5] DEBUG [Quartz.Core.QuartzSchedulerThread] (null) - Batch acquisition of 0 triggers
2024-07-17 11:48:09,335 [5] DEBUG [Quartz.Core.QuartzSchedulerThread] (null) - Batch acquisition of 0 triggers
2024-07-17 11:48:37,755 [5] DEBUG [Quartz.Core.QuartzSchedulerThread] (null) - Batch acquisition of 0 triggers
2024-07-17 11:49:03,653 [5] DEBUG [Quartz.Core.QuartzSchedulerThread] (null) - Batch acquisition of 0 triggers
2024-07-17 11:49:28,059 [5] DEBUG [Quartz.Core.QuartzSchedulerThread] (null) - Batch acquisition of 0 triggers
2024-07-17 11:49:55,584 [1] DEBUG [Quartz.Simpl.TaskSchedulingThreadPool] (null) - TaskSchedulingThreadPool configured with max concurrency of 10 and TaskScheduler ThreadPoolTaskScheduler.
2024-07-17 11:49:55,660 [4] DEBUG [Quartz.Core.QuartzSchedulerThread] (null) - Batch acquisition of 0 triggers
2024-07-17 11:50:25,247 [1] DEBUG [Quartz.Simpl.TaskSchedulingThreadPool] (null) - TaskSchedulingThreadPool configured with max concurrency of 10 and TaskScheduler ThreadPoolTaskScheduler.
2024-07-17 11:50:25,343 [5] DEBUG [Quartz.Core.QuartzSchedulerThread] (null) - Batch acquisition of 0 triggers
2024-07-17 11:50:50,890 [5] DEBUG [Quartz.Core.QuartzSchedulerThread] (null) - Batch acquisition of 0 triggers
2024-07-17 11:51:18,295 [5] DEBUG [Quartz.Core.QuartzSchedulerThread] (null) - Batch acquisition of 0 triggers
2024-07-17 12:15:40,758 [1] DEBUG [Quartz.Simpl.TaskSchedulingThreadPool] (null) - TaskSchedulingThreadPool configured with max concurrency of 10 and TaskScheduler ThreadPoolTaskScheduler.
2024-07-17 12:15:40,916 [3] DEBUG [Quartz.Core.QuartzSchedulerThread] (null) - Batch acquisition of 0 triggers
2024-07-17 12:16:06,197 [3] DEBUG [Quartz.Core.QuartzSchedulerThread] (null) - Batch acquisition of 0 triggers
2024-07-17 12:16:34,843 [3] DEBUG [Quartz.Core.QuartzSchedulerThread] (null) - Batch acquisition of 0 triggers
2024-07-17 12:17:00,929 [3] DEBUG [Quartz.Core.QuartzSchedulerThread] (null) - Batch acquisition of 0 triggers
2024-07-17 12:17:26,682 [3] DEBUG [Quartz.Core.QuartzSchedulerThread] (null) - Batch acquisition of 0 triggers
2024-07-17 12:17:52,139 [3] DEBUG [Quartz.Core.QuartzSchedulerThread] (null) - Batch acquisition of 0 triggers
2024-07-17 12:18:21,027 [3] DEBUG [Quartz.Core.QuartzSchedulerThread] (null) - Batch acquisition of 0 triggers
2024-07-17 12:18:45,074 [3] DEBUG [Quartz.Core.QuartzSchedulerThread] (null) - Batch acquisition of 0 triggers
2024-07-17 12:19:14,143 [3] DEBUG [Quartz.Core.QuartzSchedulerThread] (null) - Batch acquisition of 0 triggers
2024-07-17 12:19:43,768 [3] DEBUG [Quartz.Core.QuartzSchedulerThread] (null) - Batch acquisition of 0 triggers
2024-07-17 12:20:07,707 [3] DEBUG [Quartz.Core.QuartzSchedulerThread] (null) - Batch acquisition of 0 triggers
2024-07-17 12:20:35,200 [3] DEBUG [Quartz.Core.QuartzSchedulerThread] (null) - Batch acquisition of 0 triggers
2024-07-17 12:21:00,666 [3] DEBUG [Quartz.Core.QuartzSchedulerThread] (null) - Batch acquisition of 0 triggers
2024-07-17 12:21:24,513 [3] DEBUG [Quartz.Core.QuartzSchedulerThread] (null) - Batch acquisition of 0 triggers
2024-07-17 12:21:51,314 [3] DEBUG [Quartz.Core.QuartzSchedulerThread] (null) - Batch acquisition of 0 triggers
2024-07-17 12:22:18,817 [3] DEBUG [Quartz.Core.QuartzSchedulerThread] (null) - Batch acquisition of 0 triggers
2024-07-17 12:22:46,458 [3] DEBUG [Quartz.Core.QuartzSchedulerThread] (null) - Batch acquisition of 0 triggers
2024-07-17 12:23:12,621 [3] DEBUG [Quartz.Core.QuartzSchedulerThread] (null) - Batch acquisition of 0 triggers
2024-07-17 12:23:38,681 [3] DEBUG [Quartz.Core.QuartzSchedulerThread] (null) - Batch acquisition of 0 triggers
2024-07-17 12:24:01,973 [3] DEBUG [Quartz.Core.QuartzSchedulerThread] (null) - Batch acquisition of 0 triggers
2024-07-17 12:24:28,959 [3] DEBUG [Quartz.Core.QuartzSchedulerThread] (null) - Batch acquisition of 0 triggers
2024-07-17 12:24:52,719 [3] DEBUG [Quartz.Core.QuartzSchedulerThread] (null) - Batch acquisition of 0 triggers
2024-07-17 12:25:17,656 [3] DEBUG [Quartz.Core.QuartzSchedulerThread] (null) - Batch acquisition of 0 triggers
2024-07-17 12:25:44,329 [3] DEBUG [Quartz.Core.QuartzSchedulerThread] (null) - Batch acquisition of 0 triggers
2024-07-17 12:26:13,092 [3] DEBUG [Quartz.Core.QuartzSchedulerThread] (null) - Batch acquisition of 0 triggers
2024-07-17 12:26:39,114 [3] DEBUG [Quartz.Core.QuartzSchedulerThread] (null) - Batch acquisition of 0 triggers
2024-07-17 12:27:05,391 [3] DEBUG [Quartz.Core.QuartzSchedulerThread] (null) - Batch acquisition of 0 triggers
2024-07-17 12:27:34,261 [3] DEBUG [Quartz.Core.QuartzSchedulerThread] (null) - Batch acquisition of 0 triggers
2024-07-17 12:28:01,052 [3] DEBUG [Quartz.Core.QuartzSchedulerThread] (null) - Batch acquisition of 0 triggers
2024-07-17 12:28:30,974 [3] DEBUG [Quartz.Core.QuartzSchedulerThread] (null) - Batch acquisition of 0 triggers
2024-07-17 12:28:56,442 [3] DEBUG [Quartz.Core.QuartzSchedulerThread] (null) - Batch acquisition of 0 triggers
2024-07-17 12:29:20,632 [3] DEBUG [Quartz.Core.QuartzSchedulerThread] (null) - Batch acquisition of 0 triggers
2024-07-17 12:29:46,122 [3] DEBUG [Quartz.Core.QuartzSchedulerThread] (null) - Batch acquisition of 0 triggers
2024-07-17 12:30:13,596 [3] DEBUG [Quartz.Core.QuartzSchedulerThread] (null) - Batch acquisition of 0 triggers
2024-07-17 12:30:43,202 [3] DEBUG [Quartz.Core.QuartzSchedulerThread] (null) - Batch acquisition of 0 triggers
2024-07-17 12:31:12,697 [3] DEBUG [Quartz.Core.QuartzSchedulerThread] (null) - Batch acquisition of 0 triggers
2024-07-17 12:31:41,915 [3] DEBUG [Quartz.Core.QuartzSchedulerThread] (null) - Batch acquisition of 0 triggers
2024-07-17 12:32:10,362 [3] DEBUG [Quartz.Core.QuartzSchedulerThread] (null) - Batch acquisition of 0 triggers
2024-07-17 12:32:37,664 [3] DEBUG [Quartz.Core.QuartzSchedulerThread] (null) - Batch acquisition of 0 triggers
2024-07-17 12:33:05,278 [3] DEBUG [Quartz.Core.QuartzSchedulerThread] (null) - Batch acquisition of 0 triggers
2024-07-17 12:33:33,949 [3] DEBUG [Quartz.Core.QuartzSchedulerThread] (null) - Batch acquisition of 0 triggers
2024-07-17 12:34:01,235 [3] DEBUG [Quartz.Core.QuartzSchedulerThread] (null) - Batch acquisition of 0 triggers
2024-07-17 12:34:25,889 [3] DEBUG [Quartz.Core.QuartzSchedulerThread] (null) - Batch acquisition of 0 triggers
2024-07-17 12:34:50,350 [3] DEBUG [Quartz.Core.QuartzSchedulerThread] (null) - Batch acquisition of 0 triggers
2024-07-17 12:35:15,070 [3] DEBUG [Quartz.Core.QuartzSchedulerThread] (null) - Batch acquisition of 0 triggers
2024-07-17 12:35:45,010 [3] DEBUG [Quartz.Core.QuartzSchedulerThread] (null) - Batch acquisition of 0 triggers
2024-07-17 12:36:09,593 [3] DEBUG [Quartz.Core.QuartzSchedulerThread] (null) - Batch acquisition of 0 triggers
2024-07-17 12:36:33,395 [3] DEBUG [Quartz.Core.QuartzSchedulerThread] (null) - Batch acquisition of 0 triggers
2024-07-17 12:36:58,150 [3] DEBUG [Quartz.Core.QuartzSchedulerThread] (null) - Batch acquisition of 0 triggers
2024-07-17 12:37:25,974 [3] DEBUG [Quartz.Core.QuartzSchedulerThread] (null) - Batch acquisition of 0 triggers
2024-07-17 12:37:54,280 [3] DEBUG [Quartz.Core.QuartzSchedulerThread] (null) - Batch acquisition of 0 triggers
2024-07-17 12:38:22,563 [3] DEBUG [Quartz.Core.QuartzSchedulerThread] (null) - Batch acquisition of 0 triggers
2024-07-17 12:38:50,976 [3] DEBUG [Quartz.Core.QuartzSchedulerThread] (null) - Batch acquisition of 0 triggers
2024-07-17 12:39:15,417 [3] DEBUG [Quartz.Core.QuartzSchedulerThread] (null) - Batch acquisition of 0 triggers
2024-07-17 12:39:38,831 [3] DEBUG [Quartz.Core.QuartzSchedulerThread] (null) - Batch acquisition of 0 triggers
2024-07-17 12:40:04,262 [3] DEBUG [Quartz.Core.QuartzSchedulerThread] (null) - Batch acquisition of 0 triggers
2024-07-17 12:40:27,410 [3] DEBUG [Quartz.Core.QuartzSchedulerThread] (null) - Batch acquisition of 0 triggers
2024-07-17 12:40:52,732 [3] DEBUG [Quartz.Core.QuartzSchedulerThread] (null) - Batch acquisition of 0 triggers
2024-07-17 12:41:16,395 [3] DEBUG [Quartz.Core.QuartzSchedulerThread] (null) - Batch acquisition of 0 triggers
2024-07-17 12:41:45,549 [3] DEBUG [Quartz.Core.QuartzSchedulerThread] (null) - Batch acquisition of 0 triggers
2024-07-17 12:42:14,118 [3] DEBUG [Quartz.Core.QuartzSchedulerThread] (null) - Batch acquisition of 0 triggers
2024-07-17 12:42:41,316 [3] DEBUG [Quartz.Core.QuartzSchedulerThread] (null) - Batch acquisition of 0 triggers
2024-07-17 12:43:10,181 [3] DEBUG [Quartz.Core.QuartzSchedulerThread] (null) - Batch acquisition of 0 triggers
2024-07-17 12:43:35,661 [3] DEBUG [Quartz.Core.QuartzSchedulerThread] (null) - Batch acquisition of 0 triggers
2024-07-17 12:44:01,298 [3] DEBUG [Quartz.Core.QuartzSchedulerThread] (null) - Batch acquisition of 0 triggers
2024-07-17 12:44:29,687 [3] DEBUG [Quartz.Core.QuartzSchedulerThread] (null) - Batch acquisition of 0 triggers
2024-07-17 12:44:58,543 [3] DEBUG [Quartz.Core.QuartzSchedulerThread] (null) - Batch acquisition of 0 triggers
2024-07-17 12:45:26,653 [3] DEBUG [Quartz.Core.QuartzSchedulerThread] (null) - Batch acquisition of 0 triggers
2024-07-17 12:45:50,367 [3] DEBUG [Quartz.Core.QuartzSchedulerThread] (null) - Batch acquisition of 0 triggers
2024-07-17 12:46:20,127 [3] DEBUG [Quartz.Core.QuartzSchedulerThread] (null) - Batch acquisition of 0 triggers
2024-07-17 12:46:47,232 [3] DEBUG [Quartz.Core.QuartzSchedulerThread] (null) - Batch acquisition of 0 triggers
2024-07-17 12:47:11,373 [3] DEBUG [Quartz.Core.QuartzSchedulerThread] (null) - Batch acquisition of 0 triggers
2024-07-17 12:47:34,969 [3] DEBUG [Quartz.Core.QuartzSchedulerThread] (null) - Batch acquisition of 0 triggers
2024-07-17 12:48:00,909 [3] DEBUG [Quartz.Core.QuartzSchedulerThread] (null) - Batch acquisition of 0 triggers
2024-07-17 12:48:29,777 [3] DEBUG [Quartz.Core.QuartzSchedulerThread] (null) - Batch acquisition of 0 triggers
2024-07-17 12:48:54,026 [3] DEBUG [Quartz.Core.QuartzSchedulerThread] (null) - Batch acquisition of 0 triggers
2024-07-17 12:49:10,056 [1] DEBUG [Quartz.Simpl.TaskSchedulingThreadPool] (null) - TaskSchedulingThreadPool configured with max concurrency of 10 and TaskScheduler ThreadPoolTaskScheduler.
2024-07-17 12:49:10,212 [5] DEBUG [Quartz.Core.QuartzSchedulerThread] (null) - Batch acquisition of 0 triggers
2024-07-17 12:49:36,199 [5] DEBUG [Quartz.Core.QuartzSchedulerThread] (null) - Batch acquisition of 0 triggers
2024-07-17 12:50:04,404 [5] DEBUG [Quartz.Core.QuartzSchedulerThread] (null) - Batch acquisition of 0 triggers
2024-07-17 12:50:46,826 [1] DEBUG [Quartz.Simpl.TaskSchedulingThreadPool] (null) - TaskSchedulingThreadPool configured with max concurrency of 10 and TaskScheduler ThreadPoolTaskScheduler.
2024-07-17 12:50:46,907 [3] DEBUG [Quartz.Core.QuartzSchedulerThread] (null) - Batch acquisition of 0 triggers
2024-07-17 12:51:11,167 [3] DEBUG [Quartz.Core.QuartzSchedulerThread] (null) - Batch acquisition of 0 triggers
2024-07-17 12:51:37,030 [3] DEBUG [Quartz.Core.QuartzSchedulerThread] (null) - Batch acquisition of 0 triggers
2024-07-17 12:52:03,242 [3] DEBUG [Quartz.Core.QuartzSchedulerThread] (null) - Batch acquisition of 0 triggers
2024-07-17 12:52:10,208 [1] DEBUG [Quartz.Simpl.TaskSchedulingThreadPool] (null) - TaskSchedulingThreadPool configured with max concurrency of 10 and TaskScheduler ThreadPoolTaskScheduler.
2024-07-17 12:52:10,283 [3] DEBUG [Quartz.Core.QuartzSchedulerThread] (null) - Batch acquisition of 0 triggers
2024-07-17 12:52:34,730 [3] DEBUG [Quartz.Core.QuartzSchedulerThread] (null) - Batch acquisition of 0 triggers
2024-07-17 12:53:02,862 [3] DEBUG [Quartz.Core.QuartzSchedulerThread] (null) - Batch acquisition of 0 triggers
2024-07-17 12:53:30,889 [3] DEBUG [Quartz.Core.QuartzSchedulerThread] (null) - Batch acquisition of 0 triggers
2024-07-17 12:53:58,676 [3] DEBUG [Quartz.Core.QuartzSchedulerThread] (null) - Batch acquisition of 0 triggers
2024-07-17 12:54:27,663 [3] DEBUG [Quartz.Core.QuartzSchedulerThread] (null) - Batch acquisition of 0 triggers
2024-07-17 12:54:53,653 [3] DEBUG [Quartz.Core.QuartzSchedulerThread] (null) - Batch acquisition of 0 triggers
2024-07-17 12:55:19,882 [3] DEBUG [Quartz.Core.QuartzSchedulerThread] (null) - Batch acquisition of 0 triggers
2024-07-17 12:55:48,763 [3] DEBUG [Quartz.Core.QuartzSchedulerThread] (null) - Batch acquisition of 0 triggers
2024-07-17 12:56:18,071 [3] DEBUG [Quartz.Core.QuartzSchedulerThread] (null) - Batch acquisition of 0 triggers
2024-07-17 12:56:44,986 [3] DEBUG [Quartz.Core.QuartzSchedulerThread] (null) - Batch acquisition of 0 triggers
2024-07-17 12:57:09,678 [3] DEBUG [Quartz.Core.QuartzSchedulerThread] (null) - Batch acquisition of 0 triggers
2024-07-17 12:58:15,076 [1] DEBUG [Quartz.Simpl.TaskSchedulingThreadPool] (null) - TaskSchedulingThreadPool configured with max concurrency of 10 and TaskScheduler ThreadPoolTaskScheduler.
2024-07-17 12:58:15,146 [8] DEBUG [Quartz.Core.QuartzSchedulerThread] (null) - Batch acquisition of 0 triggers
2024-07-17 12:58:44,340 [8] DEBUG [Quartz.Core.QuartzSchedulerThread] (null) - Batch acquisition of 0 triggers
2024-07-17 12:59:13,393 [8] DEBUG [Quartz.Core.QuartzSchedulerThread] (null) - Batch acquisition of 0 triggers
2024-07-17 12:59:38,335 [8] DEBUG [Quartz.Core.QuartzSchedulerThread] (null) - Batch acquisition of 0 triggers
2024-07-17 12:59:52,933 [1] DEBUG [Quartz.Simpl.TaskSchedulingThreadPool] (null) - TaskSchedulingThreadPool configured with max concurrency of 10 and TaskScheduler ThreadPoolTaskScheduler.
2024-07-17 12:59:53,011 [3] DEBUG [Quartz.Core.QuartzSchedulerThread] (null) - Batch acquisition of 0 triggers
2024-07-17 13:00:16,820 [3] DEBUG [Quartz.Core.QuartzSchedulerThread] (null) - Batch acquisition of 0 triggers
2024-07-17 13:00:40,148 [3] DEBUG [Quartz.Core.QuartzSchedulerThread] (null) - Batch acquisition of 0 triggers
2024-07-17 13:01:10,120 [3] DEBUG [Quartz.Core.QuartzSchedulerThread] (null) - Batch acquisition of 0 triggers
2024-07-17 13:01:34,041 [3] DEBUG [Quartz.Core.QuartzSchedulerThread] (null) - Batch acquisition of 0 triggers
2024-07-17 13:02:55,407 [1] DEBUG [Quartz.Simpl.TaskSchedulingThreadPool] (null) - TaskSchedulingThreadPool configured with max concurrency of 10 and TaskScheduler ThreadPoolTaskScheduler.
2024-07-17 13:02:55,482 [8] DEBUG [Quartz.Core.QuartzSchedulerThread] (null) - Batch acquisition of 0 triggers
2024-07-17 13:03:23,576 [8] DEBUG [Quartz.Core.QuartzSchedulerThread] (null) - Batch acquisition of 0 triggers
2024-07-17 13:14:35,063 [1] DEBUG [Quartz.Simpl.TaskSchedulingThreadPool] (null) - TaskSchedulingThreadPool configured with max concurrency of 10 and TaskScheduler ThreadPoolTaskScheduler.
2024-07-17 13:14:35,151 [3] DEBUG [Quartz.Core.QuartzSchedulerThread] (null) - Batch acquisition of 0 triggers
2024-07-17 13:15:00,315 [3] DEBUG [Quartz.Core.QuartzSchedulerThread] (null) - Batch acquisition of 0 triggers
2024-07-17 13:15:24,710 [3] DEBUG [Quartz.Core.QuartzSchedulerThread] (null) - Batch acquisition of 0 triggers
2024-07-17 13:15:49,953 [1] DEBUG [Quartz.Simpl.TaskSchedulingThreadPool] (null) - TaskSchedulingThreadPool configured with max concurrency of 10 and TaskScheduler ThreadPoolTaskScheduler.
2024-07-17 13:15:50,049 [8] DEBUG [Quartz.Core.QuartzSchedulerThread] (null) - Batch acquisition of 0 triggers
2024-07-17 13:16:21,119 [8] DEBUG [Quartz.Core.QuartzSchedulerThread] (null) - Batch acquisition of 0 triggers
2024-07-17 13:18:39,432 [1] DEBUG [Quartz.Simpl.TaskSchedulingThreadPool] (null) - TaskSchedulingThreadPool configured with max concurrency of 10 and TaskScheduler ThreadPoolTaskScheduler.
2024-07-17 13:18:39,510 [9] DEBUG [Quartz.Core.QuartzSchedulerThread] (null) - Batch acquisition of 0 triggers
2024-07-17 13:19:10,161 [1] DEBUG [Quartz.Simpl.TaskSchedulingThreadPool] (null) - TaskSchedulingThreadPool configured with max concurrency of 10 and TaskScheduler ThreadPoolTaskScheduler.
2024-07-17 13:19:10,259 [8] DEBUG [Quartz.Core.QuartzSchedulerThread] (null) - Batch acquisition of 0 triggers
2024-07-17 13:19:36,810 [8] DEBUG [Quartz.Core.QuartzSchedulerThread] (null) - Batch acquisition of 0 triggers
2024-07-17 13:20:04,787 [8] DEBUG [Quartz.Core.QuartzSchedulerThread] (null) - Batch acquisition of 0 triggers
2024-07-17 13:20:29,955 [8] DEBUG [Quartz.Core.QuartzSchedulerThread] (null) - Batch acquisition of 0 triggers
2024-07-17 13:20:55,601 [8] DEBUG [Quartz.Core.QuartzSchedulerThread] (null) - Batch acquisition of 0 triggers
2024-07-17 13:21:19,540 [8] DEBUG [Quartz.Core.QuartzSchedulerThread] (null) - Batch acquisition of 0 triggers
2024-07-17 13:21:49,423 [8] DEBUG [Quartz.Core.QuartzSchedulerThread] (null) - Batch acquisition of 0 triggers
2024-07-17 13:22:12,538 [8] DEBUG [Quartz.Core.QuartzSchedulerThread] (null) - Batch acquisition of 0 triggers
2024-07-17 13:22:41,692 [8] DEBUG [Quartz.Core.QuartzSchedulerThread] (null) - Batch acquisition of 0 triggers
2024-07-17 13:23:11,645 [8] DEBUG [Quartz.Core.QuartzSchedulerThread] (null) - Batch acquisition of 0 triggers
2024-07-17 13:23:36,113 [8] DEBUG [Quartz.Core.QuartzSchedulerThread] (null) - Batch acquisition of 0 triggers
2024-07-17 13:24:05,497 [8] DEBUG [Quartz.Core.QuartzSchedulerThread] (null) - Batch acquisition of 0 triggers
2024-07-17 13:24:30,324 [8] DEBUG [Quartz.Core.QuartzSchedulerThread] (null) - Batch acquisition of 0 triggers
2024-07-17 13:24:57,541 [8] DEBUG [Quartz.Core.QuartzSchedulerThread] (null) - Batch acquisition of 0 triggers
2024-07-17 13:25:22,998 [8] DEBUG [Quartz.Core.QuartzSchedulerThread] (null) - Batch acquisition of 0 triggers
2024-07-17 13:25:49,925 [8] DEBUG [Quartz.Core.QuartzSchedulerThread] (null) - Batch acquisition of 0 triggers
2024-07-17 13:26:14,423 [8] DEBUG [Quartz.Core.QuartzSchedulerThread] (null) - Batch acquisition of 0 triggers
2024-07-17 13:26:40,955 [8] DEBUG [Quartz.Core.QuartzSchedulerThread] (null) - Batch acquisition of 0 triggers
2024-07-17 13:27:06,540 [8] DEBUG [Quartz.Core.QuartzSchedulerThread] (null) - Batch acquisition of 0 triggers
2024-07-17 13:27:35,517 [8] DEBUG [Quartz.Core.QuartzSchedulerThread] (null) - Batch acquisition of 0 triggers
2024-07-17 13:28:01,489 [8] DEBUG [Quartz.Core.QuartzSchedulerThread] (null) - Batch acquisition of 0 triggers
2024-07-17 13:28:28,295 [8] DEBUG [Quartz.Core.QuartzSchedulerThread] (null) - Batch acquisition of 0 triggers
2024-07-17 13:28:58,246 [8] DEBUG [Quartz.Core.QuartzSchedulerThread] (null) - Batch acquisition of 0 triggers
2024-07-17 13:29:26,698 [8] DEBUG [Quartz.Core.QuartzSchedulerThread] (null) - Batch acquisition of 0 triggers
2024-07-17 13:29:51,086 [8] DEBUG [Quartz.Core.QuartzSchedulerThread] (null) - Batch acquisition of 0 triggers
2024-07-17 13:30:14,177 [8] DEBUG [Quartz.Core.QuartzSchedulerThread] (null) - Batch acquisition of 0 triggers
2024-07-17 13:30:42,367 [8] DEBUG [Quartz.Core.QuartzSchedulerThread] (null) - Batch acquisition of 0 triggers
2024-07-17 13:31:09,583 [8] DEBUG [Quartz.Core.QuartzSchedulerThread] (null) - Batch acquisition of 0 triggers
2024-07-17 13:31:39,120 [8] DEBUG [Quartz.Core.QuartzSchedulerThread] (null) - Batch acquisition of 0 triggers
2024-07-17 13:32:04,992 [8] DEBUG [Quartz.Core.QuartzSchedulerThread] (null) - Batch acquisition of 0 triggers
2024-07-17 13:32:29,401 [8] DEBUG [Quartz.Core.QuartzSchedulerThread] (null) - Batch acquisition of 0 triggers
2024-07-17 13:32:56,733 [8] DEBUG [Quartz.Core.QuartzSchedulerThread] (null) - Batch acquisition of 0 triggers
2024-07-17 13:33:25,542 [8] DEBUG [Quartz.Core.QuartzSchedulerThread] (null) - Batch acquisition of 0 triggers
2024-07-17 13:33:53,480 [8] DEBUG [Quartz.Core.QuartzSchedulerThread] (null) - Batch acquisition of 0 triggers
2024-07-17 13:34:23,117 [8] DEBUG [Quartz.Core.QuartzSchedulerThread] (null) - Batch acquisition of 0 triggers
2024-07-17 13:34:46,584 [8] DEBUG [Quartz.Core.QuartzSchedulerThread] (null) - Batch acquisition of 0 triggers
2024-07-17 13:35:11,482 [8] DEBUG [Quartz.Core.QuartzSchedulerThread] (null) - Batch acquisition of 0 triggers
2024-07-17 13:35:39,678 [8] DEBUG [Quartz.Core.QuartzSchedulerThread] (null) - Batch acquisition of 0 triggers
2024-07-17 13:36:06,416 [8] DEBUG [Quartz.Core.QuartzSchedulerThread] (null) - Batch acquisition of 0 triggers
2024-07-17 13:36:35,704 [8] DEBUG [Quartz.Core.QuartzSchedulerThread] (null) - Batch acquisition of 0 triggers
2024-07-17 13:37:03,178 [8] DEBUG [Quartz.Core.QuartzSchedulerThread] (null) - Batch acquisition of 0 triggers
2024-07-17 13:37:28,456 [8] DEBUG [Quartz.Core.QuartzSchedulerThread] (null) - Batch acquisition of 0 triggers
2024-07-17 13:37:57,487 [8] DEBUG [Quartz.Core.QuartzSchedulerThread] (null) - Batch acquisition of 0 triggers
2024-07-17 13:38:22,521 [8] DEBUG [Quartz.Core.QuartzSchedulerThread] (null) - Batch acquisition of 0 triggers
2024-07-17 13:38:52,095 [8] DEBUG [Quartz.Core.QuartzSchedulerThread] (null) - Batch acquisition of 0 triggers
2024-07-17 13:39:21,138 [8] DEBUG [Quartz.Core.QuartzSchedulerThread] (null) - Batch acquisition of 0 triggers
2024-07-17 13:39:48,695 [8] DEBUG [Quartz.Core.QuartzSchedulerThread] (null) - Batch acquisition of 0 triggers
2024-07-17 13:40:14,871 [8] DEBUG [Quartz.Core.QuartzSchedulerThread] (null) - Batch acquisition of 0 triggers
2024-07-17 13:40:37,987 [8] DEBUG [Quartz.Core.QuartzSchedulerThread] (null) - Batch acquisition of 0 triggers
2024-07-17 13:41:06,475 [8] DEBUG [Quartz.Core.QuartzSchedulerThread] (null) - Batch acquisition of 0 triggers
2024-07-17 13:41:33,888 [8] DEBUG [Quartz.Core.QuartzSchedulerThread] (null) - Batch acquisition of 0 triggers
2024-07-17 13:41:58,475 [8] DEBUG [Quartz.Core.QuartzSchedulerThread] (null) - Batch acquisition of 0 triggers
2024-07-17 13:42:27,810 [8] DEBUG [Quartz.Core.QuartzSchedulerThread] (null) - Batch acquisition of 0 triggers
2024-07-17 13:42:51,354 [8] DEBUG [Quartz.Core.QuartzSchedulerThread] (null) - Batch acquisition of 0 triggers
2024-07-17 13:43:18,777 [8] DEBUG [Quartz.Core.QuartzSchedulerThread] (null) - Batch acquisition of 0 triggers
2024-07-17 13:43:45,753 [8] DEBUG [Quartz.Core.QuartzSchedulerThread] (null) - Batch acquisition of 0 triggers
2024-07-17 13:44:11,078 [8] DEBUG [Quartz.Core.QuartzSchedulerThread] (null) - Batch acquisition of 0 triggers
2024-07-17 13:44:38,755 [8] DEBUG [Quartz.Core.QuartzSchedulerThread] (null) - Batch acquisition of 0 triggers
2024-07-17 13:45:02,719 [8] DEBUG [Quartz.Core.QuartzSchedulerThread] (null) - Batch acquisition of 0 triggers
2024-07-17 13:45:29,107 [8] DEBUG [Quartz.Core.QuartzSchedulerThread] (null) - Batch acquisition of 0 triggers
2024-07-17 13:45:56,704 [8] DEBUG [Quartz.Core.QuartzSchedulerThread] (null) - Batch acquisition of 0 triggers
2024-07-17 13:46:24,398 [8] DEBUG [Quartz.Core.QuartzSchedulerThread] (null) - Batch acquisition of 0 triggers
2024-07-17 13:46:47,681 [8] DEBUG [Quartz.Core.QuartzSchedulerThread] (null) - Batch acquisition of 0 triggers
2024-07-17 13:47:12,059 [8] DEBUG [Quartz.Core.QuartzSchedulerThread] (null) - Batch acquisition of 0 triggers
2024-07-17 13:47:41,573 [8] DEBUG [Quartz.Core.QuartzSchedulerThread] (null) - Batch acquisition of 0 triggers
2024-07-17 13:48:11,255 [8] DEBUG [Quartz.Core.QuartzSchedulerThread] (null) - Batch acquisition of 0 triggers
2024-07-17 13:48:41,147 [8] DEBUG [Quartz.Core.QuartzSchedulerThread] (null) - Batch acquisition of 0 triggers
2024-07-17 13:49:03,497 [1] DEBUG [Quartz.Simpl.TaskSchedulingThreadPool] (null) - TaskSchedulingThreadPool configured with max concurrency of 10 and TaskScheduler ThreadPoolTaskScheduler.
2024-07-17 13:49:03,605 [8] DEBUG [Quartz.Core.QuartzSchedulerThread] (null) - Batch acquisition of 0 triggers
2024-07-17 13:49:54,339 [1] DEBUG [Quartz.Simpl.TaskSchedulingThreadPool] (null) - TaskSchedulingThreadPool configured with max concurrency of 10 and TaskScheduler ThreadPoolTaskScheduler.
2024-07-17 13:49:54,466 [5] DEBUG [Quartz.Core.QuartzSchedulerThread] (null) - Batch acquisition of 0 triggers
2024-07-17 13:53:30,817 [5] DEBUG [Quartz.Core.QuartzSchedulerThread] (null) - Batch acquisition of 0 triggers
2024-07-17 13:53:58,028 [5] DEBUG [Quartz.Core.QuartzSchedulerThread] (null) - Batch acquisition of 0 triggers
2024-07-17 13:54:58,240 [1] DEBUG [Quartz.Simpl.TaskSchedulingThreadPool] (null) - TaskSchedulingThreadPool configured with max concurrency of 10 and TaskScheduler ThreadPoolTaskScheduler.
2024-07-17 13:54:58,332 [5] DEBUG [Quartz.Core.QuartzSchedulerThread] (null) - Batch acquisition of 0 triggers
2024-07-17 13:55:22,743 [5] DEBUG [Quartz.Core.QuartzSchedulerThread] (null) - Batch acquisition of 0 triggers
2024-07-17 13:56:59,096 [1] DEBUG [Quartz.Simpl.TaskSchedulingThreadPool] (null) - TaskSchedulingThreadPool configured with max concurrency of 10 and TaskScheduler ThreadPoolTaskScheduler.
2024-07-17 13:56:59,173 [3] DEBUG [Quartz.Core.QuartzSchedulerThread] (null) - Batch acquisition of 0 triggers
2024-07-17 14:11:43,869 [1] DEBUG [Quartz.Simpl.TaskSchedulingThreadPool] (null) - TaskSchedulingThreadPool configured with max concurrency of 10 and TaskScheduler ThreadPoolTaskScheduler.
2024-07-17 14:11:43,947 [8] DEBUG [Quartz.Core.QuartzSchedulerThread] (null) - Batch acquisition of 0 triggers
2024-07-17 14:12:12,595 [8] DEBUG [Quartz.Core.QuartzSchedulerThread] (null) - Batch acquisition of 0 triggers
2024-07-17 14:12:35,811 [8] DEBUG [Quartz.Core.QuartzSchedulerThread] (null) - Batch acquisition of 0 triggers
2024-07-17 14:13:05,782 [8] DEBUG [Quartz.Core.QuartzSchedulerThread] (null) - Batch acquisition of 0 triggers
2024-07-17 14:13:33,457 [8] DEBUG [Quartz.Core.QuartzSchedulerThread] (null) - Batch acquisition of 0 triggers
2024-07-17 14:13:58,721 [8] DEBUG [Quartz.Core.QuartzSchedulerThread] (null) - Batch acquisition of 0 triggers
2024-07-17 14:14:23,117 [8] DEBUG [Quartz.Core.QuartzSchedulerThread] (null) - Batch acquisition of 0 triggers
2024-07-17 14:14:50,821 [8] DEBUG [Quartz.Core.QuartzSchedulerThread] (null) - Batch acquisition of 0 triggers
2024-07-17 14:15:13,872 [8] DEBUG [Quartz.Core.QuartzSchedulerThread] (null) - Batch acquisition of 0 triggers
2024-07-17 14:15:41,053 [8] DEBUG [Quartz.Core.QuartzSchedulerThread] (null) - Batch acquisition of 0 triggers
2024-07-17 14:16:06,999 [8] DEBUG [Quartz.Core.QuartzSchedulerThread] (null) - Batch acquisition of 0 triggers
2024-07-17 14:16:18,603 [1] DEBUG [Quartz.Simpl.TaskSchedulingThreadPool] (null) - TaskSchedulingThreadPool configured with max concurrency of 10 and TaskScheduler ThreadPoolTaskScheduler.
2024-07-17 14:16:18,694 [5] DEBUG [Quartz.Core.QuartzSchedulerThread] (null) - Batch acquisition of 0 triggers
2024-07-17 14:16:47,564 [5] DEBUG [Quartz.Core.QuartzSchedulerThread] (null) - Batch acquisition of 0 triggers
2024-07-17 14:17:15,142 [5] DEBUG [Quartz.Core.QuartzSchedulerThread] (null) - Batch acquisition of 0 triggers
2024-07-17 14:17:42,566 [5] DEBUG [Quartz.Core.QuartzSchedulerThread] (null) - Batch acquisition of 0 triggers
2024-07-17 14:18:09,345 [5] DEBUG [Quartz.Core.QuartzSchedulerThread] (null) - Batch acquisition of 0 triggers
2024-07-17 14:18:34,706 [5] DEBUG [Quartz.Core.QuartzSchedulerThread] (null) - Batch acquisition of 0 triggers
2024-07-17 14:18:59,501 [5] DEBUG [Quartz.Core.QuartzSchedulerThread] (null) - Batch acquisition of 0 triggers
2024-07-17 14:19:23,911 [5] DEBUG [Quartz.Core.QuartzSchedulerThread] (null) - Batch acquisition of 0 triggers
2024-07-17 14:19:53,034 [5] DEBUG [Quartz.Core.QuartzSchedulerThread] (null) - Batch acquisition of 0 triggers
2024-07-17 14:20:22,540 [5] DEBUG [Quartz.Core.QuartzSchedulerThread] (null) - Batch acquisition of 0 triggers
2024-07-17 14:20:51,376 [5] DEBUG [Quartz.Core.QuartzSchedulerThread] (null) - Batch acquisition of 0 triggers
2024-07-17 14:21:13,080 [1] DEBUG [Quartz.Simpl.TaskSchedulingThreadPool] (null) - TaskSchedulingThreadPool configured with max concurrency of 10 and TaskScheduler ThreadPoolTaskScheduler.
2024-07-17 14:21:13,187 [3] DEBUG [Quartz.Core.QuartzSchedulerThread] (null) - Batch acquisition of 0 triggers
2024-07-17 14:21:41,894 [3] DEBUG [Quartz.Core.QuartzSchedulerThread] (null) - Batch acquisition of 0 triggers
2024-07-17 14:22:05,989 [3] DEBUG [Quartz.Core.QuartzSchedulerThread] (null) - Batch acquisition of 0 triggers
2024-07-17 14:22:31,139 [3] DEBUG [Quartz.Core.QuartzSchedulerThread] (null) - Batch acquisition of 0 triggers
2024-07-17 14:22:56,627 [3] DEBUG [Quartz.Core.QuartzSchedulerThread] (null) - Batch acquisition of 0 triggers
2024-07-17 14:23:21,667 [1] DEBUG [Quartz.Simpl.TaskSchedulingThreadPool] (null) - TaskSchedulingThreadPool configured with max concurrency of 10 and TaskScheduler ThreadPoolTaskScheduler.
2024-07-17 14:23:21,755 [8] DEBUG [Quartz.Core.QuartzSchedulerThread] (null) - Batch acquisition of 0 triggers
2024-07-17 14:24:11,627 [8] DEBUG [Quartz.Core.QuartzSchedulerThread] (null) - Batch acquisition of 0 triggers
2024-07-17 14:24:51,874 [8] DEBUG [Quartz.Core.QuartzSchedulerThread] (null) - Batch acquisition of 0 triggers
2024-07-17 14:25:20,969 [8] DEBUG [Quartz.Core.QuartzSchedulerThread] (null) - Batch acquisition of 0 triggers
2024-07-17 14:26:28,479 [1] DEBUG [Quartz.Simpl.TaskSchedulingThreadPool] (null) - TaskSchedulingThreadPool configured with max concurrency of 10 and TaskScheduler ThreadPoolTaskScheduler.
2024-07-17 14:26:28,545 [9] DEBUG [Quartz.Core.QuartzSchedulerThread] (null) - Batch acquisition of 0 triggers
2024-07-17 14:26:55,500 [9] DEBUG [Quartz.Core.QuartzSchedulerThread] (null) - Batch acquisition of 0 triggers
2024-07-17 14:27:23,634 [1] DEBUG [Quartz.Simpl.TaskSchedulingThreadPool] (null) - TaskSchedulingThreadPool configured with max concurrency of 10 and TaskScheduler ThreadPoolTaskScheduler.
2024-07-17 14:27:23,717 [3] DEBUG [Quartz.Core.QuartzSchedulerThread] (null) - Batch acquisition of 0 triggers
2024-07-17 14:27:50,045 [3] DEBUG [Quartz.Core.QuartzSchedulerThread] (null) - Batch acquisition of 0 triggers
2024-07-17 14:28:15,755 [3] DEBUG [Quartz.Core.QuartzSchedulerThread] (null) - Batch acquisition of 0 triggers
2024-07-17 14:28:21,515 [1] DEBUG [Quartz.Simpl.TaskSchedulingThreadPool] (null) - TaskSchedulingThreadPool configured with max concurrency of 10 and TaskScheduler ThreadPoolTaskScheduler.
2024-07-17 14:28:21,590 [10] DEBUG [Quartz.Core.QuartzSchedulerThread] (null) - Batch acquisition of 0 triggers
2024-07-17 14:28:45,653 [10] DEBUG [Quartz.Core.QuartzSchedulerThread] (null) - Batch acquisition of 0 triggers
2024-07-17 14:29:14,971 [10] DEBUG [Quartz.Core.QuartzSchedulerThread] (null) - Batch acquisition of 0 triggers
2024-07-17 14:29:43,470 [10] DEBUG [Quartz.Core.QuartzSchedulerThread] (null) - Batch acquisition of 0 triggers
2024-07-17 14:30:08,106 [10] DEBUG [Quartz.Core.QuartzSchedulerThread] (null) - Batch acquisition of 0 triggers
2024-07-17 14:30:33,609 [10] DEBUG [Quartz.Core.QuartzSchedulerThread] (null) - Batch acquisition of 0 triggers
2024-07-17 14:31:01,208 [10] DEBUG [Quartz.Core.QuartzSchedulerThread] (null) - Batch acquisition of 0 triggers
2024-07-17 14:31:27,788 [10] DEBUG [Quartz.Core.QuartzSchedulerThread] (null) - Batch acquisition of 0 triggers
2024-07-17 14:31:52,969 [10] DEBUG [Quartz.Core.QuartzSchedulerThread] (null) - Batch acquisition of 0 triggers
2024-07-17 14:32:16,346 [10] DEBUG [Quartz.Core.QuartzSchedulerThread] (null) - Batch acquisition of 0 triggers
2024-07-17 14:32:42,186 [10] DEBUG [Quartz.Core.QuartzSchedulerThread] (null) - Batch acquisition of 0 triggers
2024-07-17 14:33:09,850 [10] DEBUG [Quartz.Core.QuartzSchedulerThread] (null) - Batch acquisition of 0 triggers
2024-07-17 14:33:33,918 [10] DEBUG [Quartz.Core.QuartzSchedulerThread] (null) - Batch acquisition of 0 triggers
2024-07-17 14:34:02,538 [10] DEBUG [Quartz.Core.QuartzSchedulerThread] (null) - Batch acquisition of 0 triggers
2024-07-17 14:34:30,100 [10] DEBUG [Quartz.Core.QuartzSchedulerThread] (null) - Batch acquisition of 0 triggers
2024-07-17 14:35:07,943 [1] DEBUG [Quartz.Simpl.TaskSchedulingThreadPool] (null) - TaskSchedulingThreadPool configured with max concurrency of 10 and TaskScheduler ThreadPoolTaskScheduler.
2024-07-17 14:35:08,033 [8] DEBUG [Quartz.Core.QuartzSchedulerThread] (null) - Batch acquisition of 0 triggers
2024-07-17 14:40:11,969 [1] DEBUG [Quartz.Simpl.TaskSchedulingThreadPool] (null) - TaskSchedulingThreadPool configured with max concurrency of 10 and TaskScheduler ThreadPoolTaskScheduler.
2024-07-17 14:40:12,060 [8] DEBUG [Quartz.Core.QuartzSchedulerThread] (null) - Batch acquisition of 0 triggers
2024-07-17 14:40:41,916 [8] DEBUG [Quartz.Core.QuartzSchedulerThread] (null) - Batch acquisition of 0 triggers
2024-07-17 14:41:07,250 [8] DEBUG [Quartz.Core.QuartzSchedulerThread] (null) - Batch acquisition of 0 triggers
2024-07-17 14:41:33,609 [8] DEBUG [Quartz.Core.QuartzSchedulerThread] (null) - Batch acquisition of 0 triggers
2024-07-17 14:42:00,251 [8] DEBUG [Quartz.Core.QuartzSchedulerThread] (null) - Batch acquisition of 0 triggers
2024-07-17 14:42:30,115 [8] DEBUG [Quartz.Core.QuartzSchedulerThread] (null) - Batch acquisition of 0 triggers
2024-07-17 14:42:56,065 [8] DEBUG [Quartz.Core.QuartzSchedulerThread] (null) - Batch acquisition of 0 triggers
2024-07-17 14:43:22,434 [8] DEBUG [Quartz.Core.QuartzSchedulerThread] (null) - Batch acquisition of 0 triggers
2024-07-17 14:43:47,101 [8] DEBUG [Quartz.Core.QuartzSchedulerThread] (null) - Batch acquisition of 0 triggers
2024-07-17 14:44:14,024 [8] DEBUG [Quartz.Core.QuartzSchedulerThread] (null) - Batch acquisition of 0 triggers
2024-07-17 14:44:43,698 [8] DEBUG [Quartz.Core.QuartzSchedulerThread] (null) - Batch acquisition of 0 triggers
2024-07-17 14:45:12,986 [8] DEBUG [Quartz.Core.QuartzSchedulerThread] (null) - Batch acquisition of 0 triggers
2024-07-17 14:45:26,110 [1] DEBUG [Quartz.Simpl.TaskSchedulingThreadPool] (null) - TaskSchedulingThreadPool configured with max concurrency of 10 and TaskScheduler ThreadPoolTaskScheduler.
2024-07-17 14:45:26,201 [9] DEBUG [Quartz.Core.QuartzSchedulerThread] (null) - Batch acquisition of 0 triggers
2024-07-17 14:45:51,260 [9] DEBUG [Quartz.Core.QuartzSchedulerThread] (null) - Batch acquisition of 0 triggers
2024-07-17 14:46:15,703 [9] DEBUG [Quartz.Core.QuartzSchedulerThread] (null) - Batch acquisition of 0 triggers
2024-07-17 14:46:42,859 [9] DEBUG [Quartz.Core.QuartzSchedulerThread] (null) - Batch acquisition of 0 triggers
2024-07-17 14:47:12,473 [9] DEBUG [Quartz.Core.QuartzSchedulerThread] (null) - Batch acquisition of 0 triggers
2024-07-17 14:47:40,536 [9] DEBUG [Quartz.Core.QuartzSchedulerThread] (null) - Batch acquisition of 0 triggers
2024-07-17 14:48:07,830 [9] DEBUG [Quartz.Core.QuartzSchedulerThread] (null) - Batch acquisition of 0 triggers
2024-07-17 14:48:33,916 [9] DEBUG [Quartz.Core.QuartzSchedulerThread] (null) - Batch acquisition of 0 triggers
2024-07-17 14:48:53,576 [1] DEBUG [Quartz.Simpl.TaskSchedulingThreadPool] (null) - TaskSchedulingThreadPool configured with max concurrency of 10 and TaskScheduler ThreadPoolTaskScheduler.
2024-07-17 14:48:53,713 [9] DEBUG [Quartz.Core.QuartzSchedulerThread] (null) - Batch acquisition of 0 triggers
2024-07-17 14:49:17,635 [9] DEBUG [Quartz.Core.QuartzSchedulerThread] (null) - Batch acquisition of 0 triggers
2024-07-17 14:49:40,744 [1] DEBUG [Quartz.Simpl.TaskSchedulingThreadPool] (null) - TaskSchedulingThreadPool configured with max concurrency of 10 and TaskScheduler ThreadPoolTaskScheduler.
2024-07-17 14:49:40,909 [8] DEBUG [Quartz.Core.QuartzSchedulerThread] (null) - Batch acquisition of 0 triggers
2024-07-17 14:50:08,638 [8] DEBUG [Quartz.Core.QuartzSchedulerThread] (null) - Batch acquisition of 0 triggers
2024-07-17 14:50:34,861 [8] DEBUG [Quartz.Core.QuartzSchedulerThread] (null) - Batch acquisition of 0 triggers
2024-07-17 14:51:00,965 [8] DEBUG [Quartz.Core.QuartzSchedulerThread] (null) - Batch acquisition of 0 triggers
2024-07-17 14:51:25,121 [8] DEBUG [Quartz.Core.QuartzSchedulerThread] (null) - Batch acquisition of 0 triggers
2024-07-17 14:51:48,254 [8] DEBUG [Quartz.Core.QuartzSchedulerThread] (null) - Batch acquisition of 0 triggers
2024-07-17 14:52:12,915 [8] DEBUG [Quartz.Core.QuartzSchedulerThread] (null) - Batch acquisition of 0 triggers
2024-07-17 14:52:40,377 [8] DEBUG [Quartz.Core.QuartzSchedulerThread] (null) - Batch acquisition of 0 triggers
2024-07-17 14:53:09,929 [8] DEBUG [Quartz.Core.QuartzSchedulerThread] (null) - Batch acquisition of 0 triggers
2024-07-17 14:53:38,404 [8] DEBUG [Quartz.Core.QuartzSchedulerThread] (null) - Batch acquisition of 0 triggers
2024-07-17 14:54:05,669 [8] DEBUG [Quartz.Core.QuartzSchedulerThread] (null) - Batch acquisition of 0 triggers
2024-07-17 14:54:31,077 [8] DEBUG [Quartz.Core.QuartzSchedulerThread] (null) - Batch acquisition of 0 triggers
2024-07-17 14:54:59,002 [8] DEBUG [Quartz.Core.QuartzSchedulerThread] (null) - Batch acquisition of 0 triggers
2024-07-17 14:55:25,314 [8] DEBUG [Quartz.Core.QuartzSchedulerThread] (null) - Batch acquisition of 0 triggers
2024-07-17 14:55:49,185 [8] DEBUG [Quartz.Core.QuartzSchedulerThread] (null) - Batch acquisition of 0 triggers
2024-07-17 14:56:13,244 [8] DEBUG [Quartz.Core.QuartzSchedulerThread] (null) - Batch acquisition of 0 triggers
2024-07-17 14:56:40,033 [8] DEBUG [Quartz.Core.QuartzSchedulerThread] (null) - Batch acquisition of 0 triggers
2024-07-17 15:02:32,602 [1] DEBUG [Quartz.Simpl.TaskSchedulingThreadPool] (null) - TaskSchedulingThreadPool configured with max concurrency of 10 and TaskScheduler ThreadPoolTaskScheduler.
2024-07-17 15:02:32,763 [5] DEBUG [Quartz.Core.QuartzSchedulerThread] (null) - Batch acquisition of 0 triggers
2024-07-17 15:03:01,747 [5] DEBUG [Quartz.Core.QuartzSchedulerThread] (null) - Batch acquisition of 0 triggers
2024-07-17 15:03:29,611 [5] DEBUG [Quartz.Core.QuartzSchedulerThread] (null) - Batch acquisition of 0 triggers
2024-07-17 15:03:58,304 [5] DEBUG [Quartz.Core.QuartzSchedulerThread] (null) - Batch acquisition of 0 triggers
2024-07-17 15:04:23,529 [5] DEBUG [Quartz.Core.QuartzSchedulerThread] (null) - Batch acquisition of 0 triggers
2024-07-17 15:04:49,464 [5] DEBUG [Quartz.Core.QuartzSchedulerThread] (null) - Batch acquisition of 0 triggers
2024-07-17 15:05:13,211 [5] DEBUG [Quartz.Core.QuartzSchedulerThread] (null) - Batch acquisition of 0 triggers
2024-07-17 15:05:42,204 [5] DEBUG [Quartz.Core.QuartzSchedulerThread] (null) - Batch acquisition of 0 triggers
2024-07-17 15:06:06,993 [5] DEBUG [Quartz.Core.QuartzSchedulerThread] (null) - Batch acquisition of 0 triggers
2024-07-17 15:06:35,925 [5] DEBUG [Quartz.Core.QuartzSchedulerThread] (null) - Batch acquisition of 0 triggers
2024-07-17 15:06:59,666 [5] DEBUG [Quartz.Core.QuartzSchedulerThread] (null) - Batch acquisition of 0 triggers
2024-07-17 15:07:28,579 [5] DEBUG [Quartz.Core.QuartzSchedulerThread] (null) - Batch acquisition of 0 triggers
2024-07-17 15:07:52,525 [5] DEBUG [Quartz.Core.QuartzSchedulerThread] (null) - Batch acquisition of 0 triggers
2024-07-17 15:08:19,838 [5] DEBUG [Quartz.Core.QuartzSchedulerThread] (null) - Batch acquisition of 0 triggers
2024-07-17 15:08:48,037 [5] DEBUG [Quartz.Core.QuartzSchedulerThread] (null) - Batch acquisition of 0 triggers
2024-07-17 15:09:11,543 [5] DEBUG [Quartz.Core.QuartzSchedulerThread] (null) - Batch acquisition of 0 triggers
2024-07-17 15:09:36,192 [5] DEBUG [Quartz.Core.QuartzSchedulerThread] (null) - Batch acquisition of 0 triggers
2024-07-17 15:10:00,616 [5] DEBUG [Quartz.Core.QuartzSchedulerThread] (null) - Batch acquisition of 0 triggers
2024-07-17 15:10:26,557 [5] DEBUG [Quartz.Core.QuartzSchedulerThread] (null) - Batch acquisition of 0 triggers
2024-07-17 15:10:50,219 [5] DEBUG [Quartz.Core.QuartzSchedulerThread] (null) - Batch acquisition of 0 triggers
2024-07-17 15:11:14,618 [5] DEBUG [Quartz.Core.QuartzSchedulerThread] (null) - Batch acquisition of 0 triggers
2024-07-17 15:11:40,847 [5] DEBUG [Quartz.Core.QuartzSchedulerThread] (null) - Batch acquisition of 0 triggers
2024-07-17 15:12:17,818 [1] DEBUG [Quartz.Simpl.TaskSchedulingThreadPool] (null) - TaskSchedulingThreadPool configured with max concurrency of 10 and TaskScheduler ThreadPoolTaskScheduler.
2024-07-17 15:12:17,959 [3] DEBUG [Quartz.Core.QuartzSchedulerThread] (null) - Batch acquisition of 0 triggers
2024-07-17 15:12:45,875 [3] DEBUG [Quartz.Core.QuartzSchedulerThread] (null) - Batch acquisition of 0 triggers
2024-07-17 15:13:13,631 [3] DEBUG [Quartz.Core.QuartzSchedulerThread] (null) - Batch acquisition of 0 triggers
2024-07-17 15:13:39,031 [3] DEBUG [Quartz.Core.QuartzSchedulerThread] (null) - Batch acquisition of 0 triggers
2024-07-17 15:14:03,320 [3] DEBUG [Quartz.Core.QuartzSchedulerThread] (null) - Batch acquisition of 0 triggers
2024-07-17 15:14:31,913 [3] DEBUG [Quartz.Core.QuartzSchedulerThread] (null) - Batch acquisition of 0 triggers
2024-07-17 15:14:58,624 [3] DEBUG [Quartz.Core.QuartzSchedulerThread] (null) - Batch acquisition of 0 triggers
2024-07-17 15:15:27,580 [3] DEBUG [Quartz.Core.QuartzSchedulerThread] (null) - Batch acquisition of 0 triggers
2024-07-17 15:15:57,144 [3] DEBUG [Quartz.Core.QuartzSchedulerThread] (null) - Batch acquisition of 0 triggers
2024-07-17 15:16:26,537 [3] DEBUG [Quartz.Core.QuartzSchedulerThread] (null) - Batch acquisition of 0 triggers
2024-07-17 15:18:50,119 [3] DEBUG [Quartz.Core.QuartzSchedulerThread] (null) - Batch acquisition of 0 triggers
2024-07-17 15:19:15,923 [3] DEBUG [Quartz.Core.QuartzSchedulerThread] (null) - Batch acquisition of 0 triggers
2024-07-17 15:19:39,392 [3] DEBUG [Quartz.Core.QuartzSchedulerThread] (null) - Batch acquisition of 0 triggers
2024-07-17 15:20:05,966 [3] DEBUG [Quartz.Core.QuartzSchedulerThread] (null) - Batch acquisition of 0 triggers
2024-07-17 15:20:46,142 [1] DEBUG [Quartz.Simpl.TaskSchedulingThreadPool] (null) - TaskSchedulingThreadPool configured with max concurrency of 10 and TaskScheduler ThreadPoolTaskScheduler.
2024-07-17 15:20:46,496 [8] DEBUG [Quartz.Core.QuartzSchedulerThread] (null) - Batch acquisition of 0 triggers
2024-07-17 15:21:10,266 [8] DEBUG [Quartz.Core.QuartzSchedulerThread] (null) - Batch acquisition of 0 triggers
2024-07-17 15:21:38,664 [8] DEBUG [Quartz.Core.QuartzSchedulerThread] (null) - Batch acquisition of 0 triggers
2024-07-17 15:22:23,871 [8] DEBUG [Quartz.Core.QuartzSchedulerThread] (null) - Batch acquisition of 0 triggers
2024-07-17 15:22:53,329 [8] DEBUG [Quartz.Core.QuartzSchedulerThread] (null) - Batch acquisition of 0 triggers
2024-07-17 15:23:21,000 [8] DEBUG [Quartz.Core.QuartzSchedulerThread] (null) - Batch acquisition of 0 triggers
2024-07-17 15:23:48,392 [8] DEBUG [Quartz.Core.QuartzSchedulerThread] (null) - Batch acquisition of 0 triggers
2024-07-17 15:24:13,944 [8] DEBUG [Quartz.Core.QuartzSchedulerThread] (null) - Batch acquisition of 0 triggers
2024-07-17 15:24:42,779 [8] DEBUG [Quartz.Core.QuartzSchedulerThread] (null) - Batch acquisition of 0 triggers
2024-07-17 15:25:12,229 [8] DEBUG [Quartz.Core.QuartzSchedulerThread] (null) - Batch acquisition of 0 triggers
2024-07-17 15:25:41,126 [8] DEBUG [Quartz.Core.QuartzSchedulerThread] (null) - Batch acquisition of 0 triggers
2024-07-17 15:26:04,170 [8] DEBUG [Quartz.Core.QuartzSchedulerThread] (null) - Batch acquisition of 0 triggers
2024-07-17 15:26:31,310 [8] DEBUG [Quartz.Core.QuartzSchedulerThread] (null) - Batch acquisition of 0 triggers
2024-07-17 15:27:00,008 [8] DEBUG [Quartz.Core.QuartzSchedulerThread] (null) - Batch acquisition of 0 triggers
2024-07-17 15:31:04,094 [1] DEBUG [Quartz.Simpl.TaskSchedulingThreadPool] (null) - TaskSchedulingThreadPool configured with max concurrency of 10 and TaskScheduler ThreadPoolTaskScheduler.
2024-07-17 15:31:04,265 [3] DEBUG [Quartz.Core.QuartzSchedulerThread] (null) - Batch acquisition of 0 triggers
2024-07-17 15:31:31,509 [3] DEBUG [Quartz.Core.QuartzSchedulerThread] (null) - Batch acquisition of 0 triggers
2024-07-17 15:31:56,856 [3] DEBUG [Quartz.Core.QuartzSchedulerThread] (null) - Batch acquisition of 0 triggers
2024-07-17 15:32:26,441 [3] DEBUG [Quartz.Core.QuartzSchedulerThread] (null) - Batch acquisition of 0 triggers
2024-07-17 15:32:52,498 [3] DEBUG [Quartz.Core.QuartzSchedulerThread] (null) - Batch acquisition of 0 triggers
2024-07-17 15:33:21,344 [3] DEBUG [Quartz.Core.QuartzSchedulerThread] (null) - Batch acquisition of 0 triggers
2024-07-17 15:33:50,869 [3] DEBUG [Quartz.Core.QuartzSchedulerThread] (null) - Batch acquisition of 0 triggers
2024-07-17 15:34:19,219 [3] DEBUG [Quartz.Core.QuartzSchedulerThread] (null) - Batch acquisition of 0 triggers
2024-07-17 15:34:41,083 [1] DEBUG [Quartz.Simpl.TaskSchedulingThreadPool] (null) - TaskSchedulingThreadPool configured with max concurrency of 10 and TaskScheduler ThreadPoolTaskScheduler.
2024-07-17 15:34:41,207 [5] DEBUG [Quartz.Core.QuartzSchedulerThread] (null) - Batch acquisition of 0 triggers
2024-07-17 15:35:09,628 [5] DEBUG [Quartz.Core.QuartzSchedulerThread] (null) - Batch acquisition of 0 triggers
2024-07-17 15:49:48,022 [1] DEBUG [Quartz.Simpl.TaskSchedulingThreadPool] (null) - TaskSchedulingThreadPool configured with max concurrency of 10 and TaskScheduler ThreadPoolTaskScheduler.
2024-07-17 15:49:48,169 [8] DEBUG [Quartz.Core.QuartzSchedulerThread] (null) - Batch acquisition of 0 triggers
2024-07-17 15:50:16,481 [8] DEBUG [Quartz.Core.QuartzSchedulerThread] (null) - Batch acquisition of 0 triggers
2024-07-17 15:50:42,814 [8] DEBUG [Quartz.Core.QuartzSchedulerThread] (null) - Batch acquisition of 0 triggers
2024-07-17 15:51:08,656 [8] DEBUG [Quartz.Core.QuartzSchedulerThread] (null) - Batch acquisition of 0 triggers
2024-07-17 15:51:33,544 [8] DEBUG [Quartz.Core.QuartzSchedulerThread] (null) - Batch acquisition of 0 triggers
2024-07-17 15:51:59,915 [8] DEBUG [Quartz.Core.QuartzSchedulerThread] (null) - Batch acquisition of 0 triggers
2024-07-17 15:52:29,603 [8] DEBUG [Quartz.Core.QuartzSchedulerThread] (null) - Batch acquisition of 0 triggers
2024-07-17 15:52:58,274 [8] DEBUG [Quartz.Core.QuartzSchedulerThread] (null) - Batch acquisition of 0 triggers
2024-07-17 15:53:24,171 [8] DEBUG [Quartz.Core.QuartzSchedulerThread] (null) - Batch acquisition of 0 triggers
2024-07-17 15:53:47,898 [8] DEBUG [Quartz.Core.QuartzSchedulerThread] (null) - Batch acquisition of 0 triggers
2024-07-17 15:54:17,071 [8] DEBUG [Quartz.Core.QuartzSchedulerThread] (null) - Batch acquisition of 0 triggers
2024-07-17 15:54:45,301 [8] DEBUG [Quartz.Core.QuartzSchedulerThread] (null) - Batch acquisition of 0 triggers
2024-07-17 15:55:12,442 [8] DEBUG [Quartz.Core.QuartzSchedulerThread] (null) - Batch acquisition of 0 triggers
2024-07-17 15:55:42,112 [8] DEBUG [Quartz.Core.QuartzSchedulerThread] (null) - Batch acquisition of 0 triggers
2024-07-17 15:56:11,493 [8] DEBUG [Quartz.Core.QuartzSchedulerThread] (null) - Batch acquisition of 0 triggers
2024-07-17 15:56:35,799 [8] DEBUG [Quartz.Core.QuartzSchedulerThread] (null) - Batch acquisition of 0 triggers
2024-07-17 15:57:14,109 [1] DEBUG [Quartz.Simpl.TaskSchedulingThreadPool] (null) - TaskSchedulingThreadPool configured with max concurrency of 10 and TaskScheduler ThreadPoolTaskScheduler.
2024-07-17 15:57:14,250 [3] DEBUG [Quartz.Core.QuartzSchedulerThread] (null) - Batch acquisition of 0 triggers
2024-07-17 15:57:38,916 [3] DEBUG [Quartz.Core.QuartzSchedulerThread] (null) - Batch acquisition of 0 triggers
2024-07-17 15:57:52,450 [1] DEBUG [Quartz.Simpl.TaskSchedulingThreadPool] (null) - TaskSchedulingThreadPool configured with max concurrency of 10 and TaskScheduler ThreadPoolTaskScheduler.
2024-07-17 15:57:52,588 [5] DEBUG [Quartz.Core.QuartzSchedulerThread] (null) - Batch acquisition of 0 triggers
2024-07-17 15:58:15,657 [5] DEBUG [Quartz.Core.QuartzSchedulerThread] (null) - Batch acquisition of 0 triggers
2024-07-17 15:58:43,087 [5] DEBUG [Quartz.Core.QuartzSchedulerThread] (null) - Batch acquisition of 0 triggers
2024-07-17 15:59:10,133 [5] DEBUG [Quartz.Core.QuartzSchedulerThread] (null) - Batch acquisition of 0 triggers
2024-07-17 15:59:38,569 [1] DEBUG [Quartz.Simpl.TaskSchedulingThreadPool] (null) - TaskSchedulingThreadPool configured with max concurrency of 10 and TaskScheduler ThreadPoolTaskScheduler.
2024-07-17 15:59:38,712 [8] DEBUG [Quartz.Core.QuartzSchedulerThread] (null) - Batch acquisition of 0 triggers
2024-07-17 16:00:04,951 [8] DEBUG [Quartz.Core.QuartzSchedulerThread] (null) - Batch acquisition of 0 triggers
2024-07-17 16:00:33,452 [8] DEBUG [Quartz.Core.QuartzSchedulerThread] (null) - Batch acquisition of 0 triggers
2024-07-17 16:01:00,494 [1] DEBUG [Quartz.Simpl.TaskSchedulingThreadPool] (null) - TaskSchedulingThreadPool configured with max concurrency of 10 and TaskScheduler ThreadPoolTaskScheduler.
2024-07-17 16:01:00,624 [8] DEBUG [Quartz.Core.QuartzSchedulerThread] (null) - Batch acquisition of 0 triggers
2024-07-17 16:01:27,779 [8] DEBUG [Quartz.Core.QuartzSchedulerThread] (null) - Batch acquisition of 0 triggers
2024-07-17 16:01:55,665 [8] DEBUG [Quartz.Core.QuartzSchedulerThread] (null) - Batch acquisition of 0 triggers
2024-07-17 16:02:21,987 [8] DEBUG [Quartz.Core.QuartzSchedulerThread] (null) - Batch acquisition of 0 triggers
2024-07-17 16:02:49,343 [8] DEBUG [Quartz.Core.QuartzSchedulerThread] (null) - Batch acquisition of 0 triggers
2024-07-17 16:03:17,494 [8] DEBUG [Quartz.Core.QuartzSchedulerThread] (null) - Batch acquisition of 0 triggers
2024-07-17 16:03:47,293 [8] DEBUG [Quartz.Core.QuartzSchedulerThread] (null) - Batch acquisition of 0 triggers
2024-07-17 16:04:16,942 [8] DEBUG [Quartz.Core.QuartzSchedulerThread] (null) - Batch acquisition of 0 triggers
2024-07-17 16:04:43,746 [8] DEBUG [Quartz.Core.QuartzSchedulerThread] (null) - Batch acquisition of 0 triggers
2024-07-17 16:05:08,289 [8] DEBUG [Quartz.Core.QuartzSchedulerThread] (null) - Batch acquisition of 0 triggers
2024-07-17 16:20:20,812 [1] DEBUG [Quartz.Simpl.TaskSchedulingThreadPool] (null) - TaskSchedulingThreadPool configured with max concurrency of 10 and TaskScheduler ThreadPoolTaskScheduler.
2024-07-17 16:20:20,954 [8] DEBUG [Quartz.Core.QuartzSchedulerThread] (null) - Batch acquisition of 0 triggers
2024-07-17 16:21:14,024 [1] DEBUG [Quartz.Simpl.TaskSchedulingThreadPool] (null) - TaskSchedulingThreadPool configured with max concurrency of 10 and TaskScheduler ThreadPoolTaskScheduler.
2024-07-17 16:21:14,215 [8] DEBUG [Quartz.Core.QuartzSchedulerThread] (null) - Batch acquisition of 0 triggers
2024-07-17 16:21:44,081 [8] DEBUG [Quartz.Core.QuartzSchedulerThread] (null) - Batch acquisition of 0 triggers
2024-07-17 16:22:10,287 [8] DEBUG [Quartz.Core.QuartzSchedulerThread] (null) - Batch acquisition of 0 triggers
2024-07-17 16:22:40,014 [8] DEBUG [Quartz.Core.QuartzSchedulerThread] (null) - Batch acquisition of 0 triggers
2024-07-17 16:23:05,892 [8] DEBUG [Quartz.Core.QuartzSchedulerThread] (null) - Batch acquisition of 0 triggers
2024-07-17 16:23:31,639 [8] DEBUG [Quartz.Core.QuartzSchedulerThread] (null) - Batch acquisition of 0 triggers
