## 2024-08-16 10:35:59,188 [1] INFO  (null) Default Quartz.NET properties loaded from embedded resource file 
## 2024-08-16 10:35:59,271 [1] INFO  (null) Initialized Scheduler Signaller of type: Quartz.Core.SchedulerSignalerImpl 
## 2024-08-16 10:35:59,272 [1] INFO  (null) Quartz Scheduler created 
## 2024-08-16 10:35:59,273 [1] INFO  (null) RAMJobStore initialized. 
## 2024-08-16 10:35:59,274 [1] INFO  (null) Quartz Scheduler 3.11.0.0 - 'DefaultQuartzScheduler' with instanceId 'NON_CLUSTERED' initialized 
## 2024-08-16 10:35:59,280 [1] INFO  (null) Using thread pool 'Quartz.Simpl.DefaultThreadPool', size: 10 
## 2024-08-16 10:35:59,281 [1] INFO  (null) Using job store 'Quartz.Simpl.RAMJobStore', supports persistence: False, clustered: False 
## 2024-08-16 10:35:59,283 [1] INFO  (null) JobFactory set to: QuartzJobLibrary.SingletonJobFactory 
## 2024-08-16 10:35:59,330 [1] INFO  (null) Scheduler DefaultQuartzScheduler_$_NON_CLUSTERED started. 
## 2024-08-16 10:36:00,778 [1] INFO  (null) Now listening on: http://localhost:5283 
## 2024-08-16 10:36:00,787 [1] INFO  (null) Application started. Press Ctrl+C to shut down. 
## 2024-08-16 10:36:00,789 [1] INFO  (null) Hosting environment: Development 
## 2024-08-16 10:36:00,791 [1] INFO  (null) Content root path: G:\前端\AestheticsLink\AestheticsLink\WebAPI\ 
## 2024-08-16 10:56:26,737 [1] INFO  (null) Default Quartz.NET properties loaded from embedded resource file 
## 2024-08-16 10:56:26,816 [1] INFO  (null) Initialized Scheduler Signaller of type: Quartz.Core.SchedulerSignalerImpl 
## 2024-08-16 10:56:26,816 [1] INFO  (null) Quartz Scheduler created 
## 2024-08-16 10:56:26,822 [1] INFO  (null) RAMJobStore initialized. 
## 2024-08-16 10:56:26,824 [1] INFO  (null) Quartz Scheduler 3.11.0.0 - 'DefaultQuartzScheduler' with instanceId 'NON_CLUSTERED' initialized 
## 2024-08-16 10:56:26,824 [1] INFO  (null) Using thread pool 'Quartz.Simpl.DefaultThreadPool', size: 10 
## 2024-08-16 10:56:26,825 [1] INFO  (null) Using job store 'Quartz.Simpl.RAMJobStore', supports persistence: False, clustered: False 
## 2024-08-16 10:56:26,827 [1] INFO  (null) JobFactory set to: QuartzJobLibrary.SingletonJobFactory 
## 2024-08-16 10:56:26,871 [1] INFO  (null) Scheduler DefaultQuartzScheduler_$_NON_CLUSTERED started. 
## 2024-08-16 10:56:28,098 [1] INFO  (null) Now listening on: http://localhost:5283 
## 2024-08-16 10:56:28,105 [1] INFO  (null) Application started. Press Ctrl+C to shut down. 
## 2024-08-16 10:56:28,110 [1] INFO  (null) Hosting environment: Development 
## 2024-08-16 10:56:28,111 [1] INFO  (null) Content root path: G:\前端\AestheticsLink\AestheticsLink\WebAPI\ 
