## 2024-08-15 11:18:47,082 [1] INFO  (null) Default Quartz.NET properties loaded from embedded resource file 
## 2024-08-15 11:18:47,168 [1] INFO  (null) Initialized Scheduler Signaller of type: Quartz.Core.SchedulerSignalerImpl 
## 2024-08-15 11:18:47,169 [1] INFO  (null) Quartz Scheduler created 
## 2024-08-15 11:18:47,170 [1] INFO  (null) RAMJobStore initialized. 
## 2024-08-15 11:18:47,171 [1] INFO  (null) Quartz Scheduler 3.11.0.0 - 'DefaultQuartzScheduler' with instanceId 'NON_CLUSTERED' initialized 
## 2024-08-15 11:18:47,176 [1] INFO  (null) Using thread pool 'Quartz.Simpl.DefaultThreadPool', size: 10 
## 2024-08-15 11:18:47,177 [1] INFO  (null) Using job store 'Quartz.Simpl.RAMJobStore', supports persistence: False, clustered: False 
## 2024-08-15 11:18:47,178 [1] INFO  (null) JobFactory set to: QuartzJobLibrary.SingletonJobFactory 
## 2024-08-15 11:18:47,221 [1] INFO  (null) Scheduler DefaultQuartzScheduler_$_NON_CLUSTERED started. 
## 2024-08-15 11:18:48,589 [1] INFO  (null) Now listening on: http://localhost:5283 
## 2024-08-15 11:18:48,597 [1] INFO  (null) Application started. Press Ctrl+C to shut down. 
## 2024-08-15 11:18:48,602 [1] INFO  (null) Hosting environment: Development 
## 2024-08-15 11:18:48,604 [1] INFO  (null) Content root path: G:\前端\AestheticsLink\AestheticsLink\WebAPI\ 
## 2024-08-15 11:34:17,727 [1] INFO  (null) Default Quartz.NET properties loaded from embedded resource file 
## 2024-08-15 11:34:17,796 [1] INFO  (null) Initialized Scheduler Signaller of type: Quartz.Core.SchedulerSignalerImpl 
## 2024-08-15 11:34:17,797 [1] INFO  (null) Quartz Scheduler created 
## 2024-08-15 11:34:17,802 [1] INFO  (null) RAMJobStore initialized. 
## 2024-08-15 11:34:17,803 [1] INFO  (null) Quartz Scheduler 3.11.0.0 - 'DefaultQuartzScheduler' with instanceId 'NON_CLUSTERED' initialized 
## 2024-08-15 11:34:17,804 [1] INFO  (null) Using thread pool 'Quartz.Simpl.DefaultThreadPool', size: 10 
## 2024-08-15 11:34:17,805 [1] INFO  (null) Using job store 'Quartz.Simpl.RAMJobStore', supports persistence: False, clustered: False 
## 2024-08-15 11:34:17,806 [1] INFO  (null) JobFactory set to: QuartzJobLibrary.SingletonJobFactory 
## 2024-08-15 11:34:17,851 [1] INFO  (null) Scheduler DefaultQuartzScheduler_$_NON_CLUSTERED started. 
## 2024-08-15 11:34:19,142 [1] INFO  (null) Now listening on: http://localhost:5283 
## 2024-08-15 11:34:19,149 [1] INFO  (null) Application started. Press Ctrl+C to shut down. 
## 2024-08-15 11:34:19,152 [1] INFO  (null) Hosting environment: Development 
## 2024-08-15 11:34:19,154 [1] INFO  (null) Content root path: G:\前端\AestheticsLink\AestheticsLink\WebAPI\ 
## 2024-08-15 18:18:04,007 [1] INFO  (null) Default Quartz.NET properties loaded from embedded resource file 
## 2024-08-15 18:18:04,083 [1] INFO  (null) Initialized Scheduler Signaller of type: Quartz.Core.SchedulerSignalerImpl 
## 2024-08-15 18:18:04,084 [1] INFO  (null) Quartz Scheduler created 
## 2024-08-15 18:18:04,085 [1] INFO  (null) RAMJobStore initialized. 
## 2024-08-15 18:18:04,086 [1] INFO  (null) Quartz Scheduler 3.11.0.0 - 'DefaultQuartzScheduler' with instanceId 'NON_CLUSTERED' initialized 
## 2024-08-15 18:18:04,087 [1] INFO  (null) Using thread pool 'Quartz.Simpl.DefaultThreadPool', size: 10 
## 2024-08-15 18:18:04,089 [1] INFO  (null) Using job store 'Quartz.Simpl.RAMJobStore', supports persistence: False, clustered: False 
## 2024-08-15 18:18:04,105 [1] INFO  (null) JobFactory set to: QuartzJobLibrary.SingletonJobFactory 
## 2024-08-15 18:18:04,155 [1] INFO  (null) Scheduler DefaultQuartzScheduler_$_NON_CLUSTERED started. 
## 2024-08-15 18:18:05,739 [1] INFO  (null) Now listening on: http://localhost:5283 
## 2024-08-15 18:18:05,748 [1] INFO  (null) Application started. Press Ctrl+C to shut down. 
## 2024-08-15 18:18:05,750 [1] INFO  (null) Hosting environment: Development 
## 2024-08-15 18:18:05,754 [1] INFO  (null) Content root path: G:\前端\AestheticsLink\AestheticsLink\WebAPI\ 
## 2024-08-15 18:57:42,226 [1] INFO  (null) Default Quartz.NET properties loaded from embedded resource file 
## 2024-08-15 18:57:42,296 [1] INFO  (null) Initialized Scheduler Signaller of type: Quartz.Core.SchedulerSignalerImpl 
## 2024-08-15 18:57:42,297 [1] INFO  (null) Quartz Scheduler created 
## 2024-08-15 18:57:42,301 [1] INFO  (null) RAMJobStore initialized. 
## 2024-08-15 18:57:42,302 [1] INFO  (null) Quartz Scheduler 3.11.0.0 - 'DefaultQuartzScheduler' with instanceId 'NON_CLUSTERED' initialized 
## 2024-08-15 18:57:42,303 [1] INFO  (null) Using thread pool 'Quartz.Simpl.DefaultThreadPool', size: 10 
## 2024-08-15 18:57:42,304 [1] INFO  (null) Using job store 'Quartz.Simpl.RAMJobStore', supports persistence: False, clustered: False 
## 2024-08-15 18:57:42,305 [1] INFO  (null) JobFactory set to: QuartzJobLibrary.SingletonJobFactory 
## 2024-08-15 18:57:42,349 [1] INFO  (null) Scheduler DefaultQuartzScheduler_$_NON_CLUSTERED started. 
## 2024-08-15 18:57:43,604 [1] INFO  (null) Now listening on: http://localhost:5283 
## 2024-08-15 18:57:43,612 [1] INFO  (null) Application started. Press Ctrl+C to shut down. 
## 2024-08-15 18:57:43,615 [1] INFO  (null) Hosting environment: Development 
## 2024-08-15 18:57:43,618 [1] INFO  (null) Content root path: G:\前端\AestheticsLink\AestheticsLink\WebAPI\ 
## 2024-08-15 19:03:02,769 [1] INFO  (null) Default Quartz.NET properties loaded from embedded resource file 
## 2024-08-15 19:03:02,853 [1] INFO  (null) Initialized Scheduler Signaller of type: Quartz.Core.SchedulerSignalerImpl 
## 2024-08-15 19:03:02,854 [1] INFO  (null) Quartz Scheduler created 
## 2024-08-15 19:03:02,860 [1] INFO  (null) RAMJobStore initialized. 
## 2024-08-15 19:03:02,861 [1] INFO  (null) Quartz Scheduler 3.11.0.0 - 'DefaultQuartzScheduler' with instanceId 'NON_CLUSTERED' initialized 
## 2024-08-15 19:03:02,862 [1] INFO  (null) Using thread pool 'Quartz.Simpl.DefaultThreadPool', size: 10 
## 2024-08-15 19:03:02,862 [1] INFO  (null) Using job store 'Quartz.Simpl.RAMJobStore', supports persistence: False, clustered: False 
## 2024-08-15 19:03:02,864 [1] INFO  (null) JobFactory set to: QuartzJobLibrary.SingletonJobFactory 
## 2024-08-15 19:03:02,910 [1] INFO  (null) Scheduler DefaultQuartzScheduler_$_NON_CLUSTERED started. 
## 2024-08-15 19:03:04,171 [1] INFO  (null) Now listening on: http://localhost:5283 
## 2024-08-15 19:03:04,182 [1] INFO  (null) Application started. Press Ctrl+C to shut down. 
## 2024-08-15 19:03:04,186 [1] INFO  (null) Hosting environment: Development 
## 2024-08-15 19:03:04,187 [1] INFO  (null) Content root path: G:\前端\AestheticsLink\AestheticsLink\WebAPI\ 
