## 2024-08-30 00:52:15,242 [1] INFO  (null) Default Quartz.NET properties loaded from embedded resource file 
## 2024-08-30 00:52:15,411 [1] INFO  (null) Initialized Scheduler Signaller of type: Quartz.Core.SchedulerSignalerImpl 
## 2024-08-30 00:52:15,413 [1] INFO  (null) Quartz Scheduler created 
## 2024-08-30 00:52:15,425 [1] INFO  (null) RAMJobStore initialized. 
## 2024-08-30 00:52:15,427 [1] INFO  (null) Quartz Scheduler 3.11.0.0 - 'DefaultQuartzScheduler' with instanceId 'NON_CLUSTERED' initialized 
## 2024-08-30 00:52:15,429 [1] INFO  (null) Using thread pool 'Quartz.Simpl.DefaultThreadPool', size: 10 
## 2024-08-30 00:52:15,431 [1] INFO  (null) Using job store 'Quartz.Simpl.RAMJobStore', supports persistence: False, clustered: False 
## 2024-08-30 00:52:15,439 [1] INFO  (null) JobFactory set to: QuartzJobLibrary.SingletonJobFactory 
## 2024-08-30 00:52:15,516 [1] INFO  (null) Scheduler DefaultQuartzScheduler_$_NON_CLUSTERED started. 
## 2024-08-30 00:52:57,751 [1] INFO  (null) Default Quartz.NET properties loaded from embedded resource file 
## 2024-08-30 00:52:57,889 [1] INFO  (null) Initialized Scheduler Signaller of type: Quartz.Core.SchedulerSignalerImpl 
## 2024-08-30 00:52:57,899 [1] INFO  (null) Quartz Scheduler created 
## 2024-08-30 00:52:57,902 [1] INFO  (null) RAMJobStore initialized. 
## 2024-08-30 00:52:57,904 [1] INFO  (null) Quartz Scheduler 3.11.0.0 - 'DefaultQuartzScheduler' with instanceId 'NON_CLUSTERED' initialized 
## 2024-08-30 00:52:57,906 [1] INFO  (null) Using thread pool 'Quartz.Simpl.DefaultThreadPool', size: 10 
## 2024-08-30 00:52:57,907 [1] INFO  (null) Using job store 'Quartz.Simpl.RAMJobStore', supports persistence: False, clustered: False 
## 2024-08-30 00:52:57,910 [1] INFO  (null) JobFactory set to: QuartzJobLibrary.SingletonJobFactory 
## 2024-08-30 00:52:57,993 [1] INFO  (null) Scheduler DefaultQuartzScheduler_$_NON_CLUSTERED started. 
## 2024-08-30 00:54:31,306 [1] INFO  (null) Default Quartz.NET properties loaded from embedded resource file 
## 2024-08-30 00:54:31,443 [1] INFO  (null) Initialized Scheduler Signaller of type: Quartz.Core.SchedulerSignalerImpl 
## 2024-08-30 00:54:31,444 [1] INFO  (null) Quartz Scheduler created 
## 2024-08-30 00:54:31,454 [1] INFO  (null) RAMJobStore initialized. 
## 2024-08-30 00:54:31,456 [1] INFO  (null) Quartz Scheduler 3.11.0.0 - 'DefaultQuartzScheduler' with instanceId 'NON_CLUSTERED' initialized 
## 2024-08-30 00:54:31,457 [1] INFO  (null) Using thread pool 'Quartz.Simpl.DefaultThreadPool', size: 10 
## 2024-08-30 00:54:31,459 [1] INFO  (null) Using job store 'Quartz.Simpl.RAMJobStore', supports persistence: False, clustered: False 
## 2024-08-30 00:54:31,461 [1] INFO  (null) JobFactory set to: QuartzJobLibrary.SingletonJobFactory 
## 2024-08-30 00:54:31,538 [1] INFO  (null) Scheduler DefaultQuartzScheduler_$_NON_CLUSTERED started. 
## 2024-08-30 00:55:23,644 [1] INFO  (null) Default Quartz.NET properties loaded from embedded resource file 
## 2024-08-30 00:55:23,801 [1] INFO  (null) Initialized Scheduler Signaller of type: Quartz.Core.SchedulerSignalerImpl 
## 2024-08-30 00:55:23,803 [1] INFO  (null) Quartz Scheduler created 
## 2024-08-30 00:55:23,811 [1] INFO  (null) RAMJobStore initialized. 
## 2024-08-30 00:55:23,814 [1] INFO  (null) Quartz Scheduler 3.11.0.0 - 'DefaultQuartzScheduler' with instanceId 'NON_CLUSTERED' initialized 
## 2024-08-30 00:55:23,817 [1] INFO  (null) Using thread pool 'Quartz.Simpl.DefaultThreadPool', size: 10 
## 2024-08-30 00:55:23,822 [1] INFO  (null) Using job store 'Quartz.Simpl.RAMJobStore', supports persistence: False, clustered: False 
## 2024-08-30 00:55:23,825 [1] INFO  (null) JobFactory set to: QuartzJobLibrary.SingletonJobFactory 
## 2024-08-30 00:55:23,911 [1] INFO  (null) Scheduler DefaultQuartzScheduler_$_NON_CLUSTERED started. 
## 2024-08-30 00:55:26,069 [1] INFO  (null) Now listening on: http://localhost:5283 
## 2024-08-30 00:55:26,086 [1] INFO  (null) Application started. Press Ctrl+C to shut down. 
## 2024-08-30 00:55:26,092 [1] INFO  (null) Hosting environment: Development 
## 2024-08-30 00:55:26,097 [1] INFO  (null) Content root path: D:\C#_Project\new\AestheticsLink\WebAPI\ 
## 2024-08-30 00:55:35,081 [16] INFO  (null) CORS policy execution successful. 
## 2024-08-30 00:55:35,260 [16] INFO  (null) Received QueryHosAndDepInfo request! 
## 2024-08-30 13:10:02,882 [1] INFO  (null) Default Quartz.NET properties loaded from embedded resource file 
## 2024-08-30 13:10:03,018 [1] INFO  (null) Initialized Scheduler Signaller of type: Quartz.Core.SchedulerSignalerImpl 
## 2024-08-30 13:10:03,020 [1] INFO  (null) Quartz Scheduler created 
## 2024-08-30 13:10:03,022 [1] INFO  (null) RAMJobStore initialized. 
## 2024-08-30 13:10:03,024 [1] INFO  (null) Quartz Scheduler 3.11.0.0 - 'DefaultQuartzScheduler' with instanceId 'NON_CLUSTERED' initialized 
## 2024-08-30 13:10:03,028 [1] INFO  (null) Using thread pool 'Quartz.Simpl.DefaultThreadPool', size: 10 
## 2024-08-30 13:10:03,037 [1] INFO  (null) Using job store 'Quartz.Simpl.RAMJobStore', supports persistence: False, clustered: False 
## 2024-08-30 13:10:03,040 [1] INFO  (null) JobFactory set to: QuartzJobLibrary.SingletonJobFactory 
## 2024-08-30 13:10:03,123 [1] INFO  (null) Scheduler DefaultQuartzScheduler_$_NON_CLUSTERED started. 
## 2024-08-30 13:10:05,537 [1] INFO  (null) Now listening on: http://localhost:5283 
## 2024-08-30 13:10:05,552 [1] INFO  (null) Application started. Press Ctrl+C to shut down. 
## 2024-08-30 13:10:05,557 [1] INFO  (null) Hosting environment: Development 
## 2024-08-30 13:10:05,560 [1] INFO  (null) Content root path: D:\C#_Project\new\AestheticsLink\WebAPI\ 
## 2024-08-30 13:10:14,469 [3] INFO  (null) CORS policy execution successful. 
## 2024-08-30 13:10:14,612 [3] INFO  (null) Received QueryHosAndDepInfo request! 
## 2024-08-30 13:10:21,695 [3] INFO  (null) CORS policy execution successful. 
## 2024-08-30 13:10:21,704 [3] INFO  (null) Received QueryHosAndDepInfo request! 
## 2024-08-30 13:10:25,553 [3] INFO  (null) CORS policy execution successful. 
## 2024-08-30 13:10:25,563 [3] INFO  (null) Received QueryHosAndDepInfo request! 
## 2024-08-30 13:10:26,554 [23] INFO  (null) CORS policy execution successful. 
## 2024-08-30 13:10:26,561 [23] INFO  (null) Received QueryHosAndDepInfo request! 
## 2024-08-30 13:11:46,293 [3] INFO  (null) CORS policy execution successful. 
## 2024-08-30 13:11:46,299 [3] INFO  (null) Received QueryHosAndDepInfo request! 
## 2024-08-30 13:12:01,065 [27] INFO  (null) CORS policy execution successful. 
## 2024-08-30 13:12:01,072 [27] INFO  (null) Received QueryHosAndDepInfo request! 
## 2024-08-30 13:17:15,346 [3] INFO  (null) CORS policy execution successful. 
## 2024-08-30 13:17:15,350 [3] INFO  (null) Received QueryHosAndDepInfo request! 
## 2024-08-30 13:19:00,837 [36] INFO  (null) CORS policy execution successful. 
## 2024-08-30 13:19:00,841 [36] INFO  (null) Received QueryHosAndDepInfo request! 
## 2024-08-30 13:35:36,197 [71] INFO  (null) CORS policy execution successful. 
## 2024-08-30 13:35:36,223 [71] INFO  (null) Received QueryHosAndDepInfo request! 
## 2024-08-30 13:35:47,027 [1] INFO  (null) Default Quartz.NET properties loaded from embedded resource file 
## 2024-08-30 13:35:47,162 [1] INFO  (null) Initialized Scheduler Signaller of type: Quartz.Core.SchedulerSignalerImpl 
## 2024-08-30 13:35:47,191 [1] INFO  (null) Quartz Scheduler created 
## 2024-08-30 13:35:47,194 [1] INFO  (null) RAMJobStore initialized. 
## 2024-08-30 13:35:47,196 [1] INFO  (null) Quartz Scheduler 3.11.0.0 - 'DefaultQuartzScheduler' with instanceId 'NON_CLUSTERED' initialized 
## 2024-08-30 13:35:47,198 [1] INFO  (null) Using thread pool 'Quartz.Simpl.DefaultThreadPool', size: 10 
## 2024-08-30 13:35:47,200 [1] INFO  (null) Using job store 'Quartz.Simpl.RAMJobStore', supports persistence: False, clustered: False 
## 2024-08-30 13:35:47,202 [1] INFO  (null) JobFactory set to: QuartzJobLibrary.SingletonJobFactory 
## 2024-08-30 13:35:47,290 [1] INFO  (null) Scheduler DefaultQuartzScheduler_$_NON_CLUSTERED started. 
## 2024-08-30 13:35:49,372 [1] INFO  (null) Now listening on: http://localhost:5283 
## 2024-08-30 13:35:49,385 [1] INFO  (null) Application started. Press Ctrl+C to shut down. 
## 2024-08-30 13:35:49,394 [1] INFO  (null) Hosting environment: Development 
## 2024-08-30 13:35:49,397 [1] INFO  (null) Content root path: D:\C#_Project\new\AestheticsLink\WebAPI\ 
## 2024-08-30 13:36:34,836 [31] INFO  (null) CORS policy execution successful. 
## 2024-08-30 13:36:35,006 [31] INFO  (null) Received QueryHosAndDepInfo request! 
## 2024-08-30 13:36:45,825 [32] INFO  (null) CORS policy execution successful. 
## 2024-08-30 13:36:45,832 [32] INFO  (null) Received QueryHosAndDepInfo request! 
## 2024-08-30 13:37:04,327 [32] INFO  (null) CORS policy execution successful. 
## 2024-08-30 13:37:04,339 [32] INFO  (null) Received QueryHosAndDepInfo request! 
## 2024-08-30 13:51:35,441 [1] INFO  (null) Default Quartz.NET properties loaded from embedded resource file 
## 2024-08-30 13:51:35,590 [1] INFO  (null) Initialized Scheduler Signaller of type: Quartz.Core.SchedulerSignalerImpl 
## 2024-08-30 13:51:35,594 [1] INFO  (null) Quartz Scheduler created 
## 2024-08-30 13:51:35,609 [1] INFO  (null) RAMJobStore initialized. 
## 2024-08-30 13:51:35,612 [1] INFO  (null) Quartz Scheduler 3.11.0.0 - 'DefaultQuartzScheduler' with instanceId 'NON_CLUSTERED' initialized 
## 2024-08-30 13:51:35,615 [1] INFO  (null) Using thread pool 'Quartz.Simpl.DefaultThreadPool', size: 10 
## 2024-08-30 13:51:35,618 [1] INFO  (null) Using job store 'Quartz.Simpl.RAMJobStore', supports persistence: False, clustered: False 
## 2024-08-30 13:51:35,622 [1] INFO  (null) JobFactory set to: QuartzJobLibrary.SingletonJobFactory 
## 2024-08-30 13:51:35,718 [1] INFO  (null) Scheduler DefaultQuartzScheduler_$_NON_CLUSTERED started. 
## 2024-08-30 13:51:37,805 [1] INFO  (null) Now listening on: http://localhost:5283 
## 2024-08-30 13:51:37,817 [1] INFO  (null) Application started. Press Ctrl+C to shut down. 
## 2024-08-30 13:51:37,822 [1] INFO  (null) Hosting environment: Development 
## 2024-08-30 13:51:37,825 [1] INFO  (null) Content root path: D:\C#_Project\new\AestheticsLink\WebAPI\ 
## 2024-08-30 13:52:01,813 [29] INFO  (null) CORS policy execution successful. 
## 2024-08-30 13:52:01,966 [29] INFO  (null) Received QueryHosAndDepInfo request! 
## 2024-08-30 13:52:09,698 [29] INFO  (null) CORS policy execution successful. 
## 2024-08-30 13:52:09,706 [29] INFO  (null) Received QueryHosAndDepInfo request! 
## 2024-08-30 13:52:30,735 [32] INFO  (null) CORS policy execution successful. 
## 2024-08-30 13:52:30,748 [32] INFO  (null) Received QueryHosAndDepInfo request! 
## 2024-08-30 17:34:31,268 [1] INFO  (null) Default Quartz.NET properties loaded from embedded resource file 
## 2024-08-30 17:34:31,346 [1] INFO  (null) Initialized Scheduler Signaller of type: Quartz.Core.SchedulerSignalerImpl 
## 2024-08-30 17:34:31,347 [1] INFO  (null) Quartz Scheduler created 
## 2024-08-30 17:34:31,353 [1] INFO  (null) RAMJobStore initialized. 
## 2024-08-30 17:34:31,354 [1] INFO  (null) Quartz Scheduler 3.11.0.0 - 'DefaultQuartzScheduler' with instanceId 'NON_CLUSTERED' initialized 
## 2024-08-30 17:34:31,356 [1] INFO  (null) Using thread pool 'Quartz.Simpl.DefaultThreadPool', size: 10 
## 2024-08-30 17:34:31,357 [1] INFO  (null) Using job store 'Quartz.Simpl.RAMJobStore', supports persistence: False, clustered: False 
## 2024-08-30 17:34:31,359 [1] INFO  (null) JobFactory set to: QuartzJobLibrary.SingletonJobFactory 
## 2024-08-30 17:34:31,408 [1] INFO  (null) Scheduler DefaultQuartzScheduler_$_NON_CLUSTERED started. 
## 2024-08-30 17:34:32,466 [1] INFO  (null) Now listening on: http://localhost:5283 
## 2024-08-30 17:34:32,474 [1] INFO  (null) Application started. Press Ctrl+C to shut down. 
## 2024-08-30 17:34:32,477 [1] INFO  (null) Hosting environment: Development 
## 2024-08-30 17:34:32,480 [1] INFO  (null) Content root path: D:\C#_Project\new\AestheticsLink\WebAPI\ 
## 2024-08-30 17:35:01,769 [30] INFO  (null) CORS policy execution successful. 
## 2024-08-30 17:35:01,841 [30] INFO  (null) Received QueryHosAndDepInfo request! 
## 2024-08-30 17:35:15,437 [31] INFO  (null) CORS policy execution successful. 
## 2024-08-30 17:35:15,443 [31] INFO  (null) Received QueryHosAndDepInfo request! 
## 2024-08-30 17:35:25,697 [31] INFO  (null) CORS policy execution successful. 
## 2024-08-30 17:35:25,702 [31] INFO  (null) Received QueryHosAndDepInfo request! 
## 2024-08-30 17:47:17,730 [1] INFO  (null) Default Quartz.NET properties loaded from embedded resource file 
## 2024-08-30 17:47:17,801 [1] INFO  (null) Initialized Scheduler Signaller of type: Quartz.Core.SchedulerSignalerImpl 
## 2024-08-30 17:47:17,807 [1] INFO  (null) Quartz Scheduler created 
## 2024-08-30 17:47:17,808 [1] INFO  (null) RAMJobStore initialized. 
## 2024-08-30 17:47:17,809 [1] INFO  (null) Quartz Scheduler 3.11.0.0 - 'DefaultQuartzScheduler' with instanceId 'NON_CLUSTERED' initialized 
## 2024-08-30 17:47:17,810 [1] INFO  (null) Using thread pool 'Quartz.Simpl.DefaultThreadPool', size: 10 
## 2024-08-30 17:47:17,811 [1] INFO  (null) Using job store 'Quartz.Simpl.RAMJobStore', supports persistence: False, clustered: False 
## 2024-08-30 17:47:17,812 [1] INFO  (null) JobFactory set to: QuartzJobLibrary.SingletonJobFactory 
## 2024-08-30 17:47:17,852 [1] INFO  (null) Scheduler DefaultQuartzScheduler_$_NON_CLUSTERED started. 
## 2024-08-30 17:47:30,545 [1] INFO  (null) Default Quartz.NET properties loaded from embedded resource file 
## 2024-08-30 17:47:30,621 [1] INFO  (null) Initialized Scheduler Signaller of type: Quartz.Core.SchedulerSignalerImpl 
## 2024-08-30 17:47:30,626 [1] INFO  (null) Quartz Scheduler created 
## 2024-08-30 17:47:30,627 [1] INFO  (null) RAMJobStore initialized. 
## 2024-08-30 17:47:30,628 [1] INFO  (null) Quartz Scheduler 3.11.0.0 - 'DefaultQuartzScheduler' with instanceId 'NON_CLUSTERED' initialized 
## 2024-08-30 17:47:30,629 [1] INFO  (null) Using thread pool 'Quartz.Simpl.DefaultThreadPool', size: 10 
## 2024-08-30 17:47:30,630 [1] INFO  (null) Using job store 'Quartz.Simpl.RAMJobStore', supports persistence: False, clustered: False 
## 2024-08-30 17:47:30,631 [1] INFO  (null) JobFactory set to: QuartzJobLibrary.SingletonJobFactory 
## 2024-08-30 17:47:30,676 [1] INFO  (null) Scheduler DefaultQuartzScheduler_$_NON_CLUSTERED started. 
## 2024-08-30 17:47:31,879 [1] INFO  (null) Now listening on: http://localhost:5283 
## 2024-08-30 17:47:31,886 [1] INFO  (null) Application started. Press Ctrl+C to shut down. 
## 2024-08-30 17:47:31,889 [1] INFO  (null) Hosting environment: Development 
## 2024-08-30 17:47:31,893 [1] INFO  (null) Content root path: D:\C#_Project\new\AestheticsLink\WebAPI\ 
## 2024-08-30 17:48:16,458 [27] INFO  (null) CORS policy execution successful. 
## 2024-08-30 17:48:16,523 [27] INFO  (null) Received QueryHosAndDepInfo request! 
## 2024-08-30 17:48:22,920 [29] INFO  (null) CORS policy execution successful. 
## 2024-08-30 17:48:22,924 [29] INFO  (null) Received QueryHosAndDepInfo request! 
## 2024-08-30 17:48:46,319 [26] INFO  (null) CORS policy execution successful. 
## 2024-08-30 17:48:46,323 [26] INFO  (null) Received QueryHosAndDepInfo request! 
## 2024-08-30 17:48:53,733 [32] INFO  (null) CORS policy execution successful. 
## 2024-08-30 17:48:53,737 [32] INFO  (null) Received QueryHosAndDepInfo request! 
## 2024-08-30 17:48:58,722 [26] INFO  (null) CORS policy execution successful. 
## 2024-08-30 17:48:58,725 [26] INFO  (null) Received QueryHosAndDepInfo request! 
