## 2024-08-13 20:24:14,828 [1] INFO  (null) Default Quartz.NET properties loaded from embedded resource file 
## 2024-08-13 20:24:14,917 [1] INFO  (null) Initialized Scheduler Signaller of type: Quartz.Core.SchedulerSignalerImpl 
## 2024-08-13 20:24:14,918 [1] INFO  (null) Quartz Scheduler created 
## 2024-08-13 20:24:14,920 [1] INFO  (null) RAMJobStore initialized. 
## 2024-08-13 20:24:14,921 [1] INFO  (null) Quartz Scheduler 3.11.0.0 - 'DefaultQuartzScheduler' with instanceId 'NON_CLUSTERED' initialized 
## 2024-08-13 20:24:14,922 [1] INFO  (null) Using thread pool 'Quartz.Simpl.DefaultThreadPool', size: 10 
## 2024-08-13 20:24:14,933 [1] INFO  (null) Using job store 'Quartz.Simpl.RAMJobStore', supports persistence: False, clustered: False 
## 2024-08-13 20:24:14,936 [1] INFO  (null) JobFactory set to: QuartzJobLibrary.SingletonJobFactory 
## 2024-08-13 20:24:14,993 [1] INFO  (null) Scheduler DefaultQuartzScheduler_$_NON_CLUSTERED started. 
## 2024-08-13 20:24:15,270 [1] INFO  (null) Now listening on: http://localhost:5283 
## 2024-08-13 20:24:15,280 [1] INFO  (null) Application started. Press Ctrl+C to shut down. 
## 2024-08-13 20:24:15,284 [1] INFO  (null) Hosting environment: Development 
## 2024-08-13 20:24:15,287 [1] INFO  (null) Content root path: D:\C#_Project\AestheticsLink\WebAPI\ 
## 2024-08-13 20:24:22,033 [27] INFO  (null) CORS policy execution successful. 
## 2024-08-13 20:24:22,136 [27] INFO  (null) Received place order request: UID=string 
## 2024-08-13 20:24:23,062 [27] INFO  (null) Received error order request: UID=string 
## 2024-08-13 20:34:20,894 [1] INFO  (null) Default Quartz.NET properties loaded from embedded resource file 
## 2024-08-13 20:34:20,981 [1] INFO  (null) Initialized Scheduler Signaller of type: Quartz.Core.SchedulerSignalerImpl 
## 2024-08-13 20:34:20,982 [1] INFO  (null) Quartz Scheduler created 
## 2024-08-13 20:34:20,983 [1] INFO  (null) RAMJobStore initialized. 
## 2024-08-13 20:34:20,984 [1] INFO  (null) Quartz Scheduler 3.11.0.0 - 'DefaultQuartzScheduler' with instanceId 'NON_CLUSTERED' initialized 
## 2024-08-13 20:34:20,985 [1] INFO  (null) Using thread pool 'Quartz.Simpl.DefaultThreadPool', size: 10 
## 2024-08-13 20:34:20,993 [1] INFO  (null) Using job store 'Quartz.Simpl.RAMJobStore', supports persistence: False, clustered: False 
## 2024-08-13 20:34:20,994 [1] INFO  (null) JobFactory set to: QuartzJobLibrary.SingletonJobFactory 
## 2024-08-13 20:34:21,043 [1] INFO  (null) Scheduler DefaultQuartzScheduler_$_NON_CLUSTERED started. 
## 2024-08-13 20:34:21,317 [1] INFO  (null) Now listening on: http://localhost:5283 
## 2024-08-13 20:34:21,327 [1] INFO  (null) Application started. Press Ctrl+C to shut down. 
## 2024-08-13 20:34:21,331 [1] INFO  (null) Hosting environment: Development 
## 2024-08-13 20:34:21,334 [1] INFO  (null) Content root path: D:\C#_Project\AestheticsLink\WebAPI\ 
## 2024-08-13 20:34:27,948 [18] INFO  (null) CORS policy execution successful. 
## 2024-08-13 20:34:28,050 [18] INFO  (null) Received place order request: UID=string 
## 2024-08-13 20:34:29,074 [18] INFO  (null) Received error order request: UID=string 
## 2024-08-13 20:34:44,691 [21] INFO  (null) CORS policy execution successful. 
## 2024-08-13 20:34:44,700 [21] INFO  (null) Received place order request: UID=1 
## 2024-08-13 20:34:44,749 [21] INFO  (null) Received error order request: UID=1 
## 2024-08-13 20:45:40,590 [1] INFO  (null) Default Quartz.NET properties loaded from embedded resource file 
## 2024-08-13 20:45:40,671 [1] INFO  (null) Initialized Scheduler Signaller of type: Quartz.Core.SchedulerSignalerImpl 
## 2024-08-13 20:45:40,672 [1] INFO  (null) Quartz Scheduler created 
## 2024-08-13 20:45:40,673 [1] INFO  (null) RAMJobStore initialized. 
## 2024-08-13 20:45:40,675 [1] INFO  (null) Quartz Scheduler 3.11.0.0 - 'DefaultQuartzScheduler' with instanceId 'NON_CLUSTERED' initialized 
## 2024-08-13 20:45:40,676 [1] INFO  (null) Using thread pool 'Quartz.Simpl.DefaultThreadPool', size: 10 
## 2024-08-13 20:45:40,677 [1] INFO  (null) Using job store 'Quartz.Simpl.RAMJobStore', supports persistence: False, clustered: False 
## 2024-08-13 20:45:40,686 [1] INFO  (null) JobFactory set to: QuartzJobLibrary.SingletonJobFactory 
## 2024-08-13 20:45:40,739 [1] INFO  (null) Scheduler DefaultQuartzScheduler_$_NON_CLUSTERED started. 
## 2024-08-13 20:45:40,993 [1] INFO  (null) Now listening on: http://localhost:5283 
## 2024-08-13 20:45:41,003 [1] INFO  (null) Application started. Press Ctrl+C to shut down. 
## 2024-08-13 20:45:41,006 [1] INFO  (null) Hosting environment: Development 
## 2024-08-13 20:45:41,009 [1] INFO  (null) Content root path: D:\C#_Project\AestheticsLink\WebAPI\ 
## 2024-08-13 20:45:55,665 [14] INFO  (null) CORS policy execution successful. 
## 2024-08-13 20:45:55,774 [14] INFO  (null) Received place order request: UID=string 
## 2024-08-13 20:45:56,730 [14] INFO  (null) Received error order request: UID=string 
## 2024-08-13 20:58:21,987 [1] INFO  (null) Default Quartz.NET properties loaded from embedded resource file 
## 2024-08-13 20:58:22,084 [1] INFO  (null) Initialized Scheduler Signaller of type: Quartz.Core.SchedulerSignalerImpl 
## 2024-08-13 20:58:22,085 [1] INFO  (null) Quartz Scheduler created 
## 2024-08-13 20:58:22,086 [1] INFO  (null) RAMJobStore initialized. 
## 2024-08-13 20:58:22,088 [1] INFO  (null) Quartz Scheduler 3.11.0.0 - 'DefaultQuartzScheduler' with instanceId 'NON_CLUSTERED' initialized 
## 2024-08-13 20:58:22,096 [1] INFO  (null) Using thread pool 'Quartz.Simpl.DefaultThreadPool', size: 10 
## 2024-08-13 20:58:22,098 [1] INFO  (null) Using job store 'Quartz.Simpl.RAMJobStore', supports persistence: False, clustered: False 
## 2024-08-13 20:58:22,101 [1] INFO  (null) JobFactory set to: QuartzJobLibrary.SingletonJobFactory 
## 2024-08-13 20:58:22,161 [1] INFO  (null) Scheduler DefaultQuartzScheduler_$_NON_CLUSTERED started. 
## 2024-08-13 20:58:22,417 [1] INFO  (null) Now listening on: http://localhost:5283 
## 2024-08-13 20:58:22,427 [1] INFO  (null) Application started. Press Ctrl+C to shut down. 
## 2024-08-13 20:58:22,430 [1] INFO  (null) Hosting environment: Development 
## 2024-08-13 20:58:22,433 [1] INFO  (null) Content root path: D:\C#_Project\AestheticsLink\WebAPI\ 
## 2024-08-13 20:58:29,973 [24] INFO  (null) CORS policy execution successful. 
## 2024-08-13 20:58:30,058 [24] INFO  (null) Received place order request: UID=string 
## 2024-08-13 20:58:30,998 [24] INFO  (null) Received error order request: UID=string 
