## 2024-07-30 15:05:38,701 [1] INFO  (null) Default Quartz.NET properties loaded from embedded resource file 
## 2024-07-30 15:05:38,779 [1] INFO  (null) Initialized Scheduler Signaller of type: Quartz.Core.SchedulerSignalerImpl 
## 2024-07-30 15:05:38,780 [1] INFO  (null) Quartz Scheduler created 
## 2024-07-30 15:05:38,781 [1] INFO  (null) RAMJobStore initialized. 
## 2024-07-30 15:05:38,782 [1] INFO  (null) Quartz Scheduler 3.11.0.0 - 'DefaultQuartzScheduler' with instanceId 'NON_CLUSTERED' initialized 
## 2024-07-30 15:05:38,783 [1] INFO  (null) Using thread pool 'Quartz.Simpl.DefaultThreadPool', size: 10 
## 2024-07-30 15:05:38,783 [1] INFO  (null) Using job store 'Quartz.Simpl.RAMJobStore', supports persistence: False, clustered: False 
## 2024-07-30 15:05:38,785 [1] INFO  (null) JobFactory set to: SingletonJobFactory 
## 2024-07-30 15:05:38,842 [1] INFO  (null) Scheduler DefaultQuartzScheduler_$_NON_CLUSTERED started. 
## 2024-07-30 15:05:39,204 [1] INFO  (null) Now listening on: http://192.168.1.110:5283 
## 2024-07-30 15:05:39,212 [1] INFO  (null) Application started. Press Ctrl+C to shut down. 
## 2024-07-30 15:05:39,214 [1] INFO  (null) Hosting environment: Development 
## 2024-07-30 15:05:39,216 [1] INFO  (null) Content root path: D:\database\AestheticsLink\AestheticsLink\WebAPI\ 
## 2024-07-30 15:05:51,872 [23] INFO  (null) CORS policy execution successful. 
## 2024-07-30 15:06:20,484 [1] INFO  (null) Default Quartz.NET properties loaded from embedded resource file 
## 2024-07-30 15:06:20,571 [1] INFO  (null) Initialized Scheduler Signaller of type: Quartz.Core.SchedulerSignalerImpl 
## 2024-07-30 15:06:20,572 [1] INFO  (null) Quartz Scheduler created 
## 2024-07-30 15:06:20,579 [1] INFO  (null) RAMJobStore initialized. 
## 2024-07-30 15:06:20,580 [1] INFO  (null) Quartz Scheduler 3.11.0.0 - 'DefaultQuartzScheduler' with instanceId 'NON_CLUSTERED' initialized 
## 2024-07-30 15:06:20,581 [1] INFO  (null) Using thread pool 'Quartz.Simpl.DefaultThreadPool', size: 10 
## 2024-07-30 15:06:20,582 [1] INFO  (null) Using job store 'Quartz.Simpl.RAMJobStore', supports persistence: False, clustered: False 
## 2024-07-30 15:06:20,583 [1] INFO  (null) JobFactory set to: SingletonJobFactory 
## 2024-07-30 15:06:20,632 [1] INFO  (null) Scheduler DefaultQuartzScheduler_$_NON_CLUSTERED started. 
## 2024-07-30 15:06:20,883 [1] INFO  (null) Now listening on: http://192.168.1.110:5283 
## 2024-07-30 15:06:20,897 [1] INFO  (null) Application started. Press Ctrl+C to shut down. 
## 2024-07-30 15:06:20,901 [1] INFO  (null) Hosting environment: Development 
## 2024-07-30 15:06:20,907 [1] INFO  (null) Content root path: D:\database\AestheticsLink\AestheticsLink\WebAPI\ 
## 2024-07-30 15:06:25,412 [19] INFO  (null) CORS policy execution successful. 
## 2024-07-30 15:34:20,310 [64] INFO  (null) CORS policy execution successful. 
## 2024-07-30 15:36:11,209 [68] INFO  (null) CORS policy execution successful. 
## 2024-07-30 15:36:29,055 [71] INFO  (null) CORS policy execution successful. 
## 2024-07-30 15:36:30,206 [69] INFO  (null) CORS policy execution successful. 
## 2024-07-30 15:36:34,442 [70] INFO  (null) CORS policy execution successful. 
## 2024-07-30 15:37:03,826 [1] INFO  (null) Default Quartz.NET properties loaded from embedded resource file 
## 2024-07-30 15:37:03,881 [1] INFO  (null) Initialized Scheduler Signaller of type: Quartz.Core.SchedulerSignalerImpl 
## 2024-07-30 15:37:03,884 [1] INFO  (null) Quartz Scheduler created 
## 2024-07-30 15:37:03,884 [1] INFO  (null) RAMJobStore initialized. 
## 2024-07-30 15:37:03,886 [1] INFO  (null) Quartz Scheduler 3.11.0.0 - 'DefaultQuartzScheduler' with instanceId 'NON_CLUSTERED' initialized 
## 2024-07-30 15:37:03,889 [1] INFO  (null) Using thread pool 'Quartz.Simpl.DefaultThreadPool', size: 10 
## 2024-07-30 15:37:03,890 [1] INFO  (null) Using job store 'Quartz.Simpl.RAMJobStore', supports persistence: False, clustered: False 
## 2024-07-30 15:37:03,891 [1] INFO  (null) JobFactory set to: SingletonJobFactory 
## 2024-07-30 15:37:03,920 [1] INFO  (null) Scheduler DefaultQuartzScheduler_$_NON_CLUSTERED started. 
## 2024-07-30 15:37:04,047 [1] INFO  (null) Now listening on: http://192.168.1.110:5283 
## 2024-07-30 15:37:04,050 [1] INFO  (null) Application started. Press Ctrl+C to shut down. 
## 2024-07-30 15:37:04,053 [1] INFO  (null) Hosting environment: Development 
## 2024-07-30 15:37:04,054 [1] INFO  (null) Content root path: D:\database\AestheticsLink\AestheticsLink\WebAPI\ 
## 2024-07-30 15:37:16,123 [1] INFO  (null) Default Quartz.NET properties loaded from embedded resource file 
## 2024-07-30 15:37:16,225 [1] INFO  (null) Initialized Scheduler Signaller of type: Quartz.Core.SchedulerSignalerImpl 
## 2024-07-30 15:37:16,226 [1] INFO  (null) Quartz Scheduler created 
## 2024-07-30 15:37:16,233 [1] INFO  (null) RAMJobStore initialized. 
## 2024-07-30 15:37:16,234 [1] INFO  (null) Quartz Scheduler 3.11.0.0 - 'DefaultQuartzScheduler' with instanceId 'NON_CLUSTERED' initialized 
## 2024-07-30 15:37:16,235 [1] INFO  (null) Using thread pool 'Quartz.Simpl.DefaultThreadPool', size: 10 
## 2024-07-30 15:37:16,236 [1] INFO  (null) Using job store 'Quartz.Simpl.RAMJobStore', supports persistence: False, clustered: False 
## 2024-07-30 15:37:16,237 [1] INFO  (null) JobFactory set to: SingletonJobFactory 
## 2024-07-30 15:37:16,286 [1] INFO  (null) Scheduler DefaultQuartzScheduler_$_NON_CLUSTERED started. 
## 2024-07-30 15:37:16,507 [1] INFO  (null) Now listening on: http://192.168.1.110:5283 
## 2024-07-30 15:37:16,514 [1] INFO  (null) Application started. Press Ctrl+C to shut down. 
## 2024-07-30 15:37:16,516 [1] INFO  (null) Hosting environment: Development 
## 2024-07-30 15:37:16,518 [1] INFO  (null) Content root path: D:\database\AestheticsLink\AestheticsLink\WebAPI\ 
## 2024-07-30 15:37:59,479 [17] INFO  (null) CORS policy execution successful. 
## 2024-07-30 15:38:34,375 [1] INFO  (null) Default Quartz.NET properties loaded from embedded resource file 
## 2024-07-30 15:38:34,512 [1] INFO  (null) Initialized Scheduler Signaller of type: Quartz.Core.SchedulerSignalerImpl 
## 2024-07-30 15:38:34,513 [1] INFO  (null) Quartz Scheduler created 
## 2024-07-30 15:38:34,520 [1] INFO  (null) RAMJobStore initialized. 
## 2024-07-30 15:38:34,521 [1] INFO  (null) Quartz Scheduler 3.11.0.0 - 'DefaultQuartzScheduler' with instanceId 'NON_CLUSTERED' initialized 
## 2024-07-30 15:38:34,522 [1] INFO  (null) Using thread pool 'Quartz.Simpl.DefaultThreadPool', size: 10 
## 2024-07-30 15:38:34,522 [1] INFO  (null) Using job store 'Quartz.Simpl.RAMJobStore', supports persistence: False, clustered: False 
## 2024-07-30 15:38:34,524 [1] INFO  (null) JobFactory set to: SingletonJobFactory 
## 2024-07-30 15:38:34,571 [1] INFO  (null) Scheduler DefaultQuartzScheduler_$_NON_CLUSTERED started. 
## 2024-07-30 15:38:34,790 [1] INFO  (null) Now listening on: http://192.168.1.110:5283 
## 2024-07-30 15:38:34,797 [1] INFO  (null) Application started. Press Ctrl+C to shut down. 
## 2024-07-30 15:38:34,801 [1] INFO  (null) Hosting environment: Development 
## 2024-07-30 15:38:34,803 [1] INFO  (null) Content root path: D:\database\AestheticsLink\AestheticsLink\WebAPI\ 
## 2024-07-30 15:38:41,117 [12] INFO  (null) CORS policy execution successful. 
