## 2024-08-03 12:32:37,740 [1] INFO  (null) Default Quartz.NET properties loaded from embedded resource file 
## 2024-08-03 12:32:37,872 [1] INFO  (null) Initialized Scheduler Signaller of type: Quartz.Core.SchedulerSignalerImpl 
## 2024-08-03 12:32:37,873 [1] INFO  (null) Quartz Scheduler created 
## 2024-08-03 12:32:37,875 [1] INFO  (null) RAMJobStore initialized. 
## 2024-08-03 12:32:37,876 [1] INFO  (null) Quartz Scheduler 3.11.0.0 - 'DefaultQuartzScheduler' with instanceId 'NON_CLUSTERED' initialized 
## 2024-08-03 12:32:37,886 [1] INFO  (null) Using thread pool 'Quartz.Simpl.DefaultThreadPool', size: 10 
## 2024-08-03 12:32:37,888 [1] INFO  (null) Using job store 'Quartz.Simpl.RAMJobStore', supports persistence: False, clustered: False 
## 2024-08-03 12:32:37,891 [1] INFO  (null) JobFactory set to: QuartzJobLibrary.SingletonJobFactory 
## 2024-08-03 12:48:11,131 [1] INFO  (null) Default Quartz.NET properties loaded from embedded resource file 
## 2024-08-03 12:48:11,277 [1] INFO  (null) Initialized Scheduler Signaller of type: Quartz.Core.SchedulerSignalerImpl 
## 2024-08-03 12:48:11,291 [1] INFO  (null) Quartz Scheduler created 
## 2024-08-03 12:48:11,294 [1] INFO  (null) RAMJobStore initialized. 
## 2024-08-03 12:48:11,296 [1] INFO  (null) Quartz Scheduler 3.11.0.0 - 'DefaultQuartzScheduler' with instanceId 'NON_CLUSTERED' initialized 
## 2024-08-03 12:48:11,298 [1] INFO  (null) Using thread pool 'Quartz.Simpl.DefaultThreadPool', size: 10 
## 2024-08-03 12:48:11,299 [1] INFO  (null) Using job store 'Quartz.Simpl.RAMJobStore', supports persistence: False, clustered: False 
## 2024-08-03 12:48:11,302 [1] INFO  (null) JobFactory set to: QuartzJobLibrary.SingletonJobFactory 
## 2024-08-03 12:48:11,403 [1] INFO  (null) Scheduler DefaultQuartzScheduler_$_NON_CLUSTERED started. 
## 2024-08-03 12:48:11,879 [1] INFO  (null) Now listening on: http://192.168.123.27:5283 
## 2024-08-03 12:48:11,894 [1] INFO  (null) Application started. Press Ctrl+C to shut down. 
## 2024-08-03 12:48:11,900 [1] INFO  (null) Hosting environment: Development 
## 2024-08-03 12:48:11,903 [1] INFO  (null) Content root path: D:\C#_Project\AestheticsLink\WebAPI\ 
## 2024-08-03 12:48:53,118 [34] INFO  (null) CORS policy execution successful. 
## 2024-08-03 12:50:19,831 [32] INFO  (null) CORS policy execution successful. 
## 2024-08-03 12:50:28,125 [32] INFO  (null) CORS policy execution successful. 
## 2024-08-03 15:46:51,792 [65] INFO  (null) CORS policy execution successful. 
## 2024-08-03 15:46:59,453 [58] INFO  (null) CORS policy execution successful. 
## 2024-08-03 15:47:32,168 [67] INFO  (null) CORS policy execution successful. 
## 2024-08-03 15:54:38,535 [1] INFO  (null) Default Quartz.NET properties loaded from embedded resource file 
## 2024-08-03 15:54:38,661 [1] INFO  (null) Initialized Scheduler Signaller of type: Quartz.Core.SchedulerSignalerImpl 
## 2024-08-03 15:54:38,662 [1] INFO  (null) Quartz Scheduler created 
## 2024-08-03 15:54:38,665 [1] INFO  (null) RAMJobStore initialized. 
## 2024-08-03 15:54:38,677 [1] INFO  (null) Quartz Scheduler 3.11.0.0 - 'DefaultQuartzScheduler' with instanceId 'NON_CLUSTERED' initialized 
## 2024-08-03 15:54:38,680 [1] INFO  (null) Using thread pool 'Quartz.Simpl.DefaultThreadPool', size: 10 
## 2024-08-03 15:54:38,682 [1] INFO  (null) Using job store 'Quartz.Simpl.RAMJobStore', supports persistence: False, clustered: False 
## 2024-08-03 15:54:38,685 [1] INFO  (null) JobFactory set to: QuartzJobLibrary.SingletonJobFactory 
## 2024-08-03 15:54:38,768 [1] INFO  (null) Scheduler DefaultQuartzScheduler_$_NON_CLUSTERED started. 
## 2024-08-03 15:54:39,097 [1] INFO  (null) Now listening on: http://192.168.123.27:5283 
## 2024-08-03 15:54:39,110 [1] INFO  (null) Application started. Press Ctrl+C to shut down. 
## 2024-08-03 15:54:39,115 [1] INFO  (null) Hosting environment: Development 
## 2024-08-03 15:54:39,120 [1] INFO  (null) Content root path: D:\C#_Project\AestheticsLink\WebAPI\ 
## 2024-08-03 15:55:20,084 [29] INFO  (null) CORS policy execution successful. 
## 2024-08-03 15:56:35,936 [29] INFO  (null) CORS policy execution successful. 
## 2024-08-03 15:56:47,599 [29] INFO  (null) CORS policy execution successful. 
## 2024-08-03 15:57:14,246 [29] INFO  (null) CORS policy execution successful. 
## 2024-08-03 15:57:14,891 [29] INFO  (null) Received login request: SER_ID=2253729 
