2024-08-02 20:05:29,759 [20] WARN  [Microsoft.AspNetCore.HttpsPolicy.HttpsRedirectionMiddleware] (null) - Failed to determine the https port for redirect.
2024-08-02 20:10:03,140 [20] WARN  [Microsoft.AspNetCore.HttpsPolicy.HttpsRedirectionMiddleware] (null) - Failed to determine the https port for redirect.
2024-08-02 20:11:00,777 [17] WARN  [Microsoft.AspNetCore.HttpsPolicy.HttpsRedirectionMiddleware] (null) - Failed to determine the https port for redirect.
2024-08-02 20:11:26,419 [10] ERROR [Microsoft.AspNetCore.Diagnostics.DeveloperExceptionPageMiddleware] (null) - An unhandled exception has occurred while executing the request.
Oracle.ManagedDataAccess.Client.OracleException (0x80004005): ORA-01843: 无效的月份
https://docs.oracle.com/error-help/db/ora-01843/
   at OracleInternal.ServiceObjects.OracleFailoverMgrImpl.OnError(OracleConnection connection, CallHistoryRecord chr, Object mi, Exception ex, Boolean bTopLevelCall, Boolean& bCanRecordNewCall)
   at Oracle.ManagedDataAccess.Client.OracleCommand.ExecuteDbDataReader(CommandBehavior behavior)
   at System.Data.Common.DbCommand.System.Data.IDbCommand.ExecuteReader(CommandBehavior behavior)
   at SqlSugar.AdoProvider.GetDataReader(String sql, SugarParameter[] parameters)
   at SqlSugar.AdoProvider.SqlQuery[T,T2,T3,T4,T5,T6,T7](String sql, Object parameters)
   at SqlSugar.AdoProvider.SqlQuery[T](String sql, SugarParameter[] parameters)
   at SqlSugar.AdoProvider.SqlQuery[T](String sql, Object parameters)
   at SqlSugar.AdoProvider.SqlQuerySingle[T](String sql, Object parameters)
   at WebAPI.Controllers.FinancialController.GetFinancial(FinancialDto financial) in D:\database\AestheticsLink\AestheticsLink\WebAPI\Controllers\FinancialController.cs:line 24
   at lambda_method10(Closure , Object , Object[] )
   at Microsoft.AspNetCore.Mvc.Infrastructure.ActionMethodExecutor.SyncActionResultExecutor.Execute(IActionResultTypeMapper mapper, ObjectMethodExecutor executor, Object controller, Object[] arguments)
   at Microsoft.AspNetCore.Mvc.Infrastructure.ControllerActionInvoker.InvokeActionMethodAsync()
   at Microsoft.AspNetCore.Mvc.Infrastructure.ControllerActionInvoker.Next(State& next, Scope& scope, Object& state, Boolean& isCompleted)
   at Microsoft.AspNetCore.Mvc.Infrastructure.ControllerActionInvoker.InvokeNextActionFilterAsync()
--- End of stack trace from previous location ---
   at Microsoft.AspNetCore.Mvc.Infrastructure.ControllerActionInvoker.Rethrow(ActionExecutedContextSealed context)
   at Microsoft.AspNetCore.Mvc.Infrastructure.ControllerActionInvoker.Next(State& next, Scope& scope, Object& state, Boolean& isCompleted)
   at Microsoft.AspNetCore.Mvc.Infrastructure.ControllerActionInvoker.InvokeInnerFilterAsync()
--- End of stack trace from previous location ---
   at Microsoft.AspNetCore.Mvc.Infrastructure.ResourceInvoker.<InvokeFilterPipelineAsync>g__Awaited|20_0(ResourceInvoker invoker, Task lastTask, State next, Scope scope, Object state, Boolean isCompleted)
   at Microsoft.AspNetCore.Mvc.Infrastructure.ResourceInvoker.<InvokeAsync>g__Awaited|17_0(ResourceInvoker invoker, Task task, IDisposable scope)
   at Microsoft.AspNetCore.Mvc.Infrastructure.ResourceInvoker.<InvokeAsync>g__Awaited|17_0(ResourceInvoker invoker, Task task, IDisposable scope)
   at Microsoft.AspNetCore.Routing.EndpointMiddleware.<Invoke>g__AwaitRequestTask|6_0(Endpoint endpoint, Task requestTask, ILogger logger)
   at Microsoft.AspNetCore.Authorization.AuthorizationMiddleware.Invoke(HttpContext context)
   at Microsoft.AspNetCore.Authentication.AuthenticationMiddleware.Invoke(HttpContext context)
   at Swashbuckle.AspNetCore.SwaggerUI.SwaggerUIMiddleware.Invoke(HttpContext httpContext)
   at Swashbuckle.AspNetCore.Swagger.SwaggerMiddleware.Invoke(HttpContext httpContext, ISwaggerProvider swaggerProvider)
   at Microsoft.AspNetCore.Diagnostics.DeveloperExceptionPageMiddleware.Invoke(HttpContext context)
2024-08-02 20:11:41,091 [9] ERROR [Microsoft.AspNetCore.Diagnostics.DeveloperExceptionPageMiddleware] (null) - An unhandled exception has occurred while executing the request.
System.FormatException: String '7-2024' was not recognized as a valid DateTime.
   at System.DateTime.ParseExact(String s, String format, IFormatProvider provider)
   at WebAPI.Controllers.FinancialController.GetFinancial(FinancialDto financial) in D:\database\AestheticsLink\AestheticsLink\WebAPI\Controllers\FinancialController.cs:line 23
   at lambda_method10(Closure , Object , Object[] )
   at Microsoft.AspNetCore.Mvc.Infrastructure.ActionMethodExecutor.SyncActionResultExecutor.Execute(IActionResultTypeMapper mapper, ObjectMethodExecutor executor, Object controller, Object[] arguments)
   at Microsoft.AspNetCore.Mvc.Infrastructure.ControllerActionInvoker.InvokeActionMethodAsync()
   at Microsoft.AspNetCore.Mvc.Infrastructure.ControllerActionInvoker.Next(State& next, Scope& scope, Object& state, Boolean& isCompleted)
   at Microsoft.AspNetCore.Mvc.Infrastructure.ControllerActionInvoker.InvokeNextActionFilterAsync()
--- End of stack trace from previous location ---
   at Microsoft.AspNetCore.Mvc.Infrastructure.ControllerActionInvoker.Rethrow(ActionExecutedContextSealed context)
   at Microsoft.AspNetCore.Mvc.Infrastructure.ControllerActionInvoker.Next(State& next, Scope& scope, Object& state, Boolean& isCompleted)
   at Microsoft.AspNetCore.Mvc.Infrastructure.ControllerActionInvoker.InvokeInnerFilterAsync()
--- End of stack trace from previous location ---
   at Microsoft.AspNetCore.Mvc.Infrastructure.ResourceInvoker.<InvokeFilterPipelineAsync>g__Awaited|20_0(ResourceInvoker invoker, Task lastTask, State next, Scope scope, Object state, Boolean isCompleted)
   at Microsoft.AspNetCore.Mvc.Infrastructure.ResourceInvoker.<InvokeAsync>g__Awaited|17_0(ResourceInvoker invoker, Task task, IDisposable scope)
   at Microsoft.AspNetCore.Mvc.Infrastructure.ResourceInvoker.<InvokeAsync>g__Awaited|17_0(ResourceInvoker invoker, Task task, IDisposable scope)
   at Microsoft.AspNetCore.Routing.EndpointMiddleware.<Invoke>g__AwaitRequestTask|6_0(Endpoint endpoint, Task requestTask, ILogger logger)
   at Microsoft.AspNetCore.Authorization.AuthorizationMiddleware.Invoke(HttpContext context)
   at Microsoft.AspNetCore.Authentication.AuthenticationMiddleware.Invoke(HttpContext context)
   at Swashbuckle.AspNetCore.SwaggerUI.SwaggerUIMiddleware.Invoke(HttpContext httpContext)
   at Swashbuckle.AspNetCore.Swagger.SwaggerMiddleware.Invoke(HttpContext httpContext, ISwaggerProvider swaggerProvider)
   at Microsoft.AspNetCore.Diagnostics.DeveloperExceptionPageMiddleware.Invoke(HttpContext context)
2024-08-02 20:13:45,847 [5] WARN  [Microsoft.AspNetCore.HttpsPolicy.HttpsRedirectionMiddleware] (null) - Failed to determine the https port for redirect.
2024-08-02 20:16:38,095 [13] WARN  [Microsoft.AspNetCore.HttpsPolicy.HttpsRedirectionMiddleware] (null) - Failed to determine the https port for redirect.
2024-08-02 20:19:00,492 [15] WARN  [Microsoft.AspNetCore.HttpsPolicy.HttpsRedirectionMiddleware] (null) - Failed to determine the https port for redirect.
2024-08-02 20:20:24,939 [8] WARN  [Microsoft.AspNetCore.HttpsPolicy.HttpsRedirectionMiddleware] (null) - Failed to determine the https port for redirect.
2024-08-02 20:32:04,947 [12] WARN  [Microsoft.AspNetCore.HttpsPolicy.HttpsRedirectionMiddleware] (null) - Failed to determine the https port for redirect.
2024-08-02 22:22:48,736 [16] WARN  [Microsoft.AspNetCore.HttpsPolicy.HttpsRedirectionMiddleware] (null) - Failed to determine the https port for redirect.
2024-08-02 22:23:45,133 [19] WARN  [Microsoft.AspNetCore.HttpsPolicy.HttpsRedirectionMiddleware] (null) - Failed to determine the https port for redirect.
2024-08-02 22:29:29,400 [11] WARN  [Microsoft.AspNetCore.HttpsPolicy.HttpsRedirectionMiddleware] (null) - Failed to determine the https port for redirect.
2024-08-02 22:35:16,686 [22] WARN  [Microsoft.AspNetCore.HttpsPolicy.HttpsRedirectionMiddleware] (null) - Failed to determine the https port for redirect.
